{"numFailedTestSuites":0,"numFailedTests":0,"numPassedTestSuites":1,"numPassedTests":64,"numPendingTestSuites":0,"numPendingTests":0,"numRuntimeErrorTestSuites":0,"numTodoTests":0,"numTotalTestSuites":1,"numTotalTests":64,"openHandles":[],"snapshot":{"added":0,"didUpdate":false,"failure":false,"filesAdded":0,"filesRemoved":0,"filesRemovedList":[],"filesUnmatched":0,"filesUpdated":0,"matched":0,"total":0,"unchecked":0,"uncheckedKeysByFile":[],"unmatched":0,"updated":0},"startTime":1761678134585,"success":true,"testResults":[{"assertionResults":[{"ancestorTitles":["processosService","getProcessoById"],"duration":4,"failureDetails":[],"failureMessages":[],"fullName":"processosService getProcessoById retorna null quando processo não encontrado","invocations":1,"location":null,"numPassingAsserts":3,"retryReasons":[],"status":"passed","title":"retorna null quando processo não encontrado"},{"ancestorTitles":["processosService","getProcessoById"],"duration":1,"failureDetails":[],"failureMessages":[],"fullName":"processosService getProcessoById retorna processo com partes","invocations":1,"location":null,"numPassingAsserts":4,"retryReasons":[],"status":"passed","title":"retorna processo com partes"},{"ancestorTitles":["processosService","createProcesso"],"duration":61,"failureDetails":[],"failureMessages":[],"fullName":"processosService createProcesso exige assunto obrigatório","invocations":1,"location":null,"numPassingAsserts":2,"retryReasons":[],"status":"passed","title":"exige assunto obrigatório"},{"ancestorTitles":["processosService","createProcesso"],"duration":1,"failureDetails":[],"failureMessages":[],"fullName":"processosService createProcesso exige base legal quando nivelAcesso não é Público","invocations":1,"location":null,"numPassingAsserts":2,"retryReasons":[],"status":"passed","title":"exige base legal quando nivelAcesso não é Público"},{"ancestorTitles":["processosService","createProcesso"],"duration":3,"failureDetails":[],"failureMessages":[],"fullName":"processosService createProcesso cria processo com defaults, insere partes e documentos, e retorna view","invocations":1,"location":null,"numPassingAsserts":33,"retryReasons":[],"status":"passed","title":"cria processo com defaults, insere partes e documentos, e retorna view"},{"ancestorTitles":["processosService","createProcesso"],"duration":1,"failureDetails":[],"failureMessages":[],"fullName":"processosService createProcesso retorna 404 quando partes inclui parteId inexistente","invocations":1,"location":null,"numPassingAsserts":6,"retryReasons":[],"status":"passed","title":"retorna 404 quando partes inclui parteId inexistente"},{"ancestorTitles":["processosService","createProcesso"],"duration":1,"failureDetails":[],"failureMessages":[],"fullName":"processosService createProcesso vincula parte existente via parteId sem criar cadastro","invocations":1,"location":null,"numPassingAsserts":6,"retryReasons":[],"status":"passed","title":"vincula parte existente via parteId sem criar cadastro"},{"ancestorTitles":["processosService","updateDados"],"duration":1,"failureDetails":[],"failureMessages":[],"fullName":"processosService updateDados retorna 404 quando processo não existe","invocations":1,"location":null,"numPassingAsserts":2,"retryReasons":[],"status":"passed","title":"retorna 404 quando processo não existe"},{"ancestorTitles":["processosService","updateDados"],"duration":1,"failureDetails":[],"failureMessages":[],"fullName":"processosService updateDados valida base legal quando nivelAcesso diferente de Público","invocations":1,"location":null,"numPassingAsserts":2,"retryReasons":[],"status":"passed","title":"valida base legal quando nivelAcesso diferente de Público"},{"ancestorTitles":["processosService","updateDados"],"duration":1,"failureDetails":[],"failureMessages":[],"fullName":"processosService updateDados atualiza dados e retorna o processo atualizado","invocations":1,"location":null,"numPassingAsserts":4,"retryReasons":[],"status":"passed","title":"atualiza dados e retorna o processo atualizado"},{"ancestorTitles":["processosService","atribuir"],"duration":1,"failureDetails":[],"failureMessages":[],"fullName":"processosService atribuir valida usuário e executor obrigatórios","invocations":1,"location":null,"numPassingAsserts":3,"retryReasons":[],"status":"passed","title":"valida usuário e executor obrigatórios"},{"ancestorTitles":["processosService","atribuir"],"duration":0,"failureDetails":[],"failureMessages":[],"fullName":"processosService atribuir retorna 404 quando processo não existe","invocations":1,"location":null,"numPassingAsserts":2,"retryReasons":[],"status":"passed","title":"retorna 404 quando processo não existe"},{"ancestorTitles":["processosService","atribuir"],"duration":0,"failureDetails":[],"failureMessages":[],"fullName":"processosService atribuir retorna 403 quando processo não está atribuído ao executor","invocations":1,"location":null,"numPassingAsserts":2,"retryReasons":[],"status":"passed","title":"retorna 403 quando processo não está atribuído ao executor"},{"ancestorTitles":["processosService","atribuir"],"duration":1,"failureDetails":[],"failureMessages":[],"fullName":"processosService atribuir retorna 400 quando usuário destino não existe","invocations":1,"location":null,"numPassingAsserts":2,"retryReasons":[],"status":"passed","title":"retorna 400 quando usuário destino não existe"},{"ancestorTitles":["processosService","atribuir"],"duration":0,"failureDetails":[],"failureMessages":[],"fullName":"processosService atribuir retorna 400 quando setor do usuário destino difere do setor atual","invocations":1,"location":null,"numPassingAsserts":2,"retryReasons":[],"status":"passed","title":"retorna 400 quando setor do usuário destino difere do setor atual"},{"ancestorTitles":["processosService","atribuir"],"duration":0,"failureDetails":[],"failureMessages":[],"fullName":"processosService atribuir atribui com sucesso e retorna processo e detalhes","invocations":1,"location":null,"numPassingAsserts":3,"retryReasons":[],"status":"passed","title":"atribui com sucesso e retorna processo e detalhes"},{"ancestorTitles":["processosService","atribuir"],"duration":0,"failureDetails":[],"failureMessages":[],"fullName":"processosService atribuir retorna 403 quando processo restrito e destino não possui acesso","invocations":1,"location":null,"numPassingAsserts":2,"retryReasons":[],"status":"passed","title":"retorna 403 quando processo restrito e destino não possui acesso"},{"ancestorTitles":["processosService","atribuir"],"duration":0,"failureDetails":[],"failureMessages":[],"fullName":"processosService atribuir retorna 404 quando UPDATE não afeta nenhuma linha","invocations":1,"location":null,"numPassingAsserts":2,"retryReasons":[],"status":"passed","title":"retorna 404 quando UPDATE não afeta nenhuma linha"},{"ancestorTitles":["processosService","consultarPublico"],"duration":0,"failureDetails":[],"failureMessages":[],"fullName":"processosService consultarPublico retorna 404 quando processo não encontrado pelo número","invocations":1,"location":null,"numPassingAsserts":4,"retryReasons":[],"status":"passed","title":"retorna 404 quando processo não encontrado pelo número"},{"ancestorTitles":["processosService","consultarPublico"],"duration":0,"failureDetails":[],"failureMessages":[],"fullName":"processosService consultarPublico retorna 403 quando restrito sem chave","invocations":1,"location":null,"numPassingAsserts":2,"retryReasons":[],"status":"passed","title":"retorna 403 quando restrito sem chave"},{"ancestorTitles":["processosService","consultarPublico"],"duration":1,"failureDetails":[],"failureMessages":[],"fullName":"processosService consultarPublico retorna dados públicos quando processo é público (por número)","invocations":1,"location":null,"numPassingAsserts":2,"retryReasons":[],"status":"passed","title":"retorna dados públicos quando processo é público (por número)"},{"ancestorTitles":["processosService","consultarPublico"],"duration":1,"failureDetails":[],"failureMessages":[],"fullName":"processosService consultarPublico busca por UUID quando valor é UUID","invocations":1,"location":null,"numPassingAsserts":3,"retryReasons":[],"status":"passed","title":"busca por UUID quando valor é UUID"},{"ancestorTitles":["processosService","tramitar"],"duration":1,"failureDetails":[],"failureMessages":[],"fullName":"processosService tramitar valida usuário executor obrigatório","invocations":1,"location":null,"numPassingAsserts":2,"retryReasons":[],"status":"passed","title":"valida usuário executor obrigatório"},{"ancestorTitles":["processosService","tramitar"],"duration":0,"failureDetails":[],"failureMessages":[],"fullName":"processosService tramitar retorna 404 quando processo não existe","invocations":1,"location":null,"numPassingAsserts":2,"retryReasons":[],"status":"passed","title":"retorna 404 quando processo não existe"},{"ancestorTitles":["processosService","tramitar"],"duration":0,"failureDetails":[],"failureMessages":[],"fullName":"processosService tramitar retorna 403 quando processo não está atribuído ao executor","invocations":1,"location":null,"numPassingAsserts":2,"retryReasons":[],"status":"passed","title":"retorna 403 quando processo não está atribuído ao executor"},{"ancestorTitles":["processosService","tramitar"],"duration":1,"failureDetails":[],"failureMessages":[],"fullName":"processosService tramitar tramita com sucesso e retorna processo e detalhes","invocations":1,"location":null,"numPassingAsserts":5,"retryReasons":[],"status":"passed","title":"tramita com sucesso e retorna processo e detalhes"},{"ancestorTitles":["processosService","tramitar"],"duration":1,"failureDetails":[],"failureMessages":[],"fullName":"processosService tramitar tramita alterando somente prazo e mantém prioridade original","invocations":1,"location":null,"numPassingAsserts":4,"retryReasons":[],"status":"passed","title":"tramita alterando somente prazo e mantém prioridade original"},{"ancestorTitles":["processosService","tramitar"],"duration":0,"failureDetails":[],"failureMessages":[],"fullName":"processosService tramitar tramita sem motivo e prazo, com prioridade definida","invocations":1,"location":null,"numPassingAsserts":8,"retryReasons":[],"status":"passed","title":"tramita sem motivo e prazo, com prioridade definida"},{"ancestorTitles":["processosService","listProcessos"],"duration":3,"failureDetails":[],"failureMessages":[],"fullName":"processosService listProcessos retorna total, page e items com paginação, sem filtros","invocations":1,"location":null,"numPassingAsserts":10,"retryReasons":[],"status":"passed","title":"retorna total, page e items com paginação, sem filtros"},{"ancestorTitles":["processosService","listProcessos"],"duration":1,"failureDetails":[],"failureMessages":[],"fullName":"processosService listProcessos aplica filtros de numero, assunto e interessado","invocations":1,"location":null,"numPassingAsserts":14,"retryReasons":[],"status":"passed","title":"aplica filtros de numero, assunto e interessado"},{"ancestorTitles":["processosService","listProcessos"],"duration":1,"failureDetails":[],"failureMessages":[],"fullName":"processosService listProcessos aplica filtros de status, prioridade, nivelAcesso e setor","invocations":1,"location":null,"numPassingAsserts":10,"retryReasons":[],"status":"passed","title":"aplica filtros de status, prioridade, nivelAcesso e setor"},{"ancestorTitles":["processosService","listProcessos"],"duration":0,"failureDetails":[],"failureMessages":[],"fullName":"processosService listProcessos aplica pendente, pendenteSetor e somenteMeus com usuario","invocations":1,"location":null,"numPassingAsserts":8,"retryReasons":[],"status":"passed","title":"aplica pendente, pendenteSetor e somenteMeus com usuario"},{"ancestorTitles":["processosService","addParte"],"duration":0,"failureDetails":[],"failureMessages":[],"fullName":"processosService addParte valida nome obrigatório","invocations":1,"location":null,"numPassingAsserts":2,"retryReasons":[],"status":"passed","title":"valida nome obrigatório"},{"ancestorTitles":["processosService","addParte"],"duration":1,"failureDetails":[],"failureMessages":[],"fullName":"processosService addParte retorna 404 quando processo não existe","invocations":1,"location":null,"numPassingAsserts":3,"retryReasons":[],"status":"passed","title":"retorna 404 quando processo não existe"},{"ancestorTitles":["processosService","addParte"],"duration":0,"failureDetails":[],"failureMessages":[],"fullName":"processosService addParte cria parte e retorna dados","invocations":1,"location":null,"numPassingAsserts":3,"retryReasons":[],"status":"passed","title":"cria parte e retorna dados"},{"ancestorTitles":["processosService","addParte"],"duration":0,"failureDetails":[],"failureMessages":[],"fullName":"processosService addParte retorna 404 quando parteId inexiste no cadastro","invocations":1,"location":null,"numPassingAsserts":2,"retryReasons":[],"status":"passed","title":"retorna 404 quando parteId inexiste no cadastro"},{"ancestorTitles":["processosService","addParte"],"duration":0,"failureDetails":[],"failureMessages":[],"fullName":"processosService addParte retorna 404 quando processo não existe via parteId","invocations":1,"location":null,"numPassingAsserts":2,"retryReasons":[],"status":"passed","title":"retorna 404 quando processo não existe via parteId"},{"ancestorTitles":["processosService","addParte"],"duration":1,"failureDetails":[],"failureMessages":[],"fullName":"processosService addParte vincula cadastro existente via parteId sem inserir novo cadastro","invocations":1,"location":null,"numPassingAsserts":3,"retryReasons":[],"status":"passed","title":"vincula cadastro existente via parteId sem inserir novo cadastro"},{"ancestorTitles":["processosService","addParte","deleteParte"],"duration":1,"failureDetails":[],"failureMessages":[],"fullName":"processosService addParte deleteParte retorna 404 quando parte não encontrada no processo","invocations":1,"location":null,"numPassingAsserts":3,"retryReasons":[],"status":"passed","title":"retorna 404 quando parte não encontrada no processo"},{"ancestorTitles":["processosService","addParte","deleteParte"],"duration":1,"failureDetails":[],"failureMessages":[],"fullName":"processosService addParte deleteParte deleta parte e retorna nome","invocations":1,"location":null,"numPassingAsserts":4,"retryReasons":[],"status":"passed","title":"deleta parte e retorna nome"},{"ancestorTitles":["processosService","consultarPublico"],"duration":1,"failureDetails":[],"failureMessages":[],"fullName":"processosService consultarPublico retorna 404 quando processo não encontrado pelo número","invocations":1,"location":null,"numPassingAsserts":4,"retryReasons":[],"status":"passed","title":"retorna 404 quando processo não encontrado pelo número"},{"ancestorTitles":["processosService","consultarPublico"],"duration":0,"failureDetails":[],"failureMessages":[],"fullName":"processosService consultarPublico retorna 403 quando restrito sem chave","invocations":1,"location":null,"numPassingAsserts":2,"retryReasons":[],"status":"passed","title":"retorna 403 quando restrito sem chave"},{"ancestorTitles":["processosService","consultarPublico"],"duration":0,"failureDetails":[],"failureMessages":[],"fullName":"processosService consultarPublico retorna 403 quando CPF/chave inválidos","invocations":1,"location":null,"numPassingAsserts":5,"retryReasons":[],"status":"passed","title":"retorna 403 quando CPF/chave inválidos"},{"ancestorTitles":["processosService","consultarPublico"],"duration":0,"failureDetails":[],"failureMessages":[],"fullName":"processosService consultarPublico retorna dados públicos quando restrito com chave válida","invocations":1,"location":null,"numPassingAsserts":5,"retryReasons":[],"status":"passed","title":"retorna dados públicos quando restrito com chave válida"},{"ancestorTitles":["processosService","consultarPublico"],"duration":0,"failureDetails":[],"failureMessages":[],"fullName":"processosService consultarPublico retorna dados públicos quando processo é público (por número)","invocations":1,"location":null,"numPassingAsserts":2,"retryReasons":[],"status":"passed","title":"retorna dados públicos quando processo é público (por número)"},{"ancestorTitles":["processosService","consultarPublico"],"duration":1,"failureDetails":[],"failureMessages":[],"fullName":"processosService consultarPublico busca por UUID quando valor é UUID","invocations":1,"location":null,"numPassingAsserts":3,"retryReasons":[],"status":"passed","title":"busca por UUID quando valor é UUID"},{"ancestorTitles":["processosService","listTramites"],"duration":0,"failureDetails":[],"failureMessages":[],"fullName":"processosService listTramites retorna lista de trâmites para um processo","invocations":1,"location":null,"numPassingAsserts":6,"retryReasons":[],"status":"passed","title":"retorna lista de trâmites para um processo"},{"ancestorTitles":["processosService","listTramites"],"duration":0,"failureDetails":[],"failureMessages":[],"fullName":"processosService listTramites retorna lista vazia quando não há trâmites","invocations":1,"location":null,"numPassingAsserts":2,"retryReasons":[],"status":"passed","title":"retorna lista vazia quando não há trâmites"},{"ancestorTitles":["processosService","priorizar"],"duration":1,"failureDetails":[],"failureMessages":[],"fullName":"processosService priorizar valida prioridade e executor obrigatórios","invocations":1,"location":null,"numPassingAsserts":3,"retryReasons":[],"status":"passed","title":"valida prioridade e executor obrigatórios"},{"ancestorTitles":["processosService","priorizar"],"duration":0,"failureDetails":[],"failureMessages":[],"fullName":"processosService priorizar retorna 404 quando processo não existe","invocations":1,"location":null,"numPassingAsserts":2,"retryReasons":[],"status":"passed","title":"retorna 404 quando processo não existe"},{"ancestorTitles":["processosService","priorizar"],"duration":0,"failureDetails":[],"failureMessages":[],"fullName":"processosService priorizar retorna 403 quando processo está atribuído a outro usuário","invocations":1,"location":null,"numPassingAsserts":2,"retryReasons":[],"status":"passed","title":"retorna 403 quando processo está atribuído a outro usuário"},{"ancestorTitles":["processosService","priorizar"],"duration":1,"failureDetails":[],"failureMessages":[],"fullName":"processosService priorizar prioriza com sucesso e retorna processo e detalhes","invocations":1,"location":null,"numPassingAsserts":3,"retryReasons":[],"status":"passed","title":"prioriza com sucesso e retorna processo e detalhes"},{"ancestorTitles":["processosService","aceitarPendencia"],"duration":0,"failureDetails":[],"failureMessages":[],"fullName":"processosService aceitarPendencia valida usuário obrigatório","invocations":1,"location":null,"numPassingAsserts":2,"retryReasons":[],"status":"passed","title":"valida usuário obrigatório"},{"ancestorTitles":["processosService","aceitarPendencia"],"duration":0,"failureDetails":[],"failureMessages":[],"fullName":"processosService aceitarPendencia retorna 404 quando processo não existe","invocations":1,"location":null,"numPassingAsserts":2,"retryReasons":[],"status":"passed","title":"retorna 404 quando processo não existe"},{"ancestorTitles":["processosService","aceitarPendencia"],"duration":1,"failureDetails":[],"failureMessages":[],"fullName":"processosService aceitarPendencia retorna 400 quando processo não está pendente","invocations":1,"location":null,"numPassingAsserts":2,"retryReasons":[],"status":"passed","title":"retorna 400 quando processo não está pendente"},{"ancestorTitles":["processosService","aceitarPendencia"],"duration":1,"failureDetails":[],"failureMessages":[],"fullName":"processosService aceitarPendencia retorna 400 quando usuário não encontrado","invocations":1,"location":null,"numPassingAsserts":2,"retryReasons":[],"status":"passed","title":"retorna 400 quando usuário não encontrado"},{"ancestorTitles":["processosService","aceitarPendencia"],"duration":1,"failureDetails":[],"failureMessages":[],"fullName":"processosService aceitarPendencia retorna 403 quando usuário não pertence ao setor destino","invocations":1,"location":null,"numPassingAsserts":2,"retryReasons":[],"status":"passed","title":"retorna 403 quando usuário não pertence ao setor destino"},{"ancestorTitles":["processosService","aceitarPendencia"],"duration":0,"failureDetails":[],"failureMessages":[],"fullName":"processosService aceitarPendencia aceita pendência com sucesso e retorna processo e detalhes","invocations":1,"location":null,"numPassingAsserts":5,"retryReasons":[],"status":"passed","title":"aceita pendência com sucesso e retorna processo e detalhes"},{"ancestorTitles":["processosService","recusarPendencia"],"duration":1,"failureDetails":[],"failureMessages":[],"fullName":"processosService recusarPendencia valida usuário e motivo obrigatórios","invocations":1,"location":null,"numPassingAsserts":3,"retryReasons":[],"status":"passed","title":"valida usuário e motivo obrigatórios"},{"ancestorTitles":["processosService","recusarPendencia"],"duration":1,"failureDetails":[],"failureMessages":[],"fullName":"processosService recusarPendencia retorna 404 quando processo não existe","invocations":1,"location":null,"numPassingAsserts":2,"retryReasons":[],"status":"passed","title":"retorna 404 quando processo não existe"},{"ancestorTitles":["processosService","recusarPendencia"],"duration":2,"failureDetails":[],"failureMessages":[],"fullName":"processosService recusarPendencia retorna 400 quando processo não está pendente","invocations":1,"location":null,"numPassingAsserts":2,"retryReasons":[],"status":"passed","title":"retorna 400 quando processo não está pendente"},{"ancestorTitles":["processosService","recusarPendencia"],"duration":1,"failureDetails":[],"failureMessages":[],"fullName":"processosService recusarPendencia retorna 400 quando usuário não encontrado","invocations":1,"location":null,"numPassingAsserts":2,"retryReasons":[],"status":"passed","title":"retorna 400 quando usuário não encontrado"},{"ancestorTitles":["processosService","recusarPendencia"],"duration":0,"failureDetails":[],"failureMessages":[],"fullName":"processosService recusarPendencia retorna 403 quando usuário não pertence ao setor destino","invocations":1,"location":null,"numPassingAsserts":2,"retryReasons":[],"status":"passed","title":"retorna 403 quando usuário não pertence ao setor destino"},{"ancestorTitles":["processosService","recusarPendencia"],"duration":0,"failureDetails":[],"failureMessages":[],"fullName":"processosService recusarPendencia recusa pendência com sucesso e retorna processo e detalhes","invocations":1,"location":null,"numPassingAsserts":8,"retryReasons":[],"status":"passed","title":"recusa pendência com sucesso e retorna processo e detalhes"}],"endTime":1761678135977,"message":"","name":"C:\\Users\\lcmuniz\\Documents\\spe-projects\\spe-api\\services\\__tests__\\processosService.test.js","startTime":1761678134791,"status":"passed","summary":""}],"wasInterrupted":false}
