<?xml version="1.0" encoding="UTF-8"?>
<coverage generated="1761346576476" clover="3.2.0">
  <project timestamp="1761346576477" name="All files">
    <metrics statements="824" coveredstatements="798" conditionals="625" coveredconditionals="531" methods="54" coveredmethods="54" elements="1503" coveredelements="1383" complexity="0" loc="824" ncloc="824" packages="1" files="9" classes="9"/>
    <file name="acessosService.js" path="C:\Users\lcmuniz\Documents\spe\api\services\acessosService.js">
      <metrics statements="40" coveredstatements="40" conditionals="21" coveredconditionals="21" methods="3" coveredmethods="3"/>
      <line num="1" count="1" type="stmt"/>
      <line num="2" count="1" type="stmt"/>
      <line num="5" count="1" type="stmt"/>
      <line num="20" count="1" type="stmt"/>
      <line num="24" count="13" type="cond" truecount="2" falsecount="0"/>
      <line num="25" count="13" type="cond" truecount="2" falsecount="0"/>
      <line num="26" count="3" type="stmt"/>
      <line num="27" count="3" type="stmt"/>
      <line num="28" count="3" type="stmt"/>
      <line num="30" count="10" type="cond" truecount="5" falsecount="0"/>
      <line num="31" count="2" type="stmt"/>
      <line num="32" count="2" type="stmt"/>
      <line num="33" count="2" type="stmt"/>
      <line num="35" count="8" type="cond" truecount="4" falsecount="0"/>
      <line num="36" count="1" type="stmt"/>
      <line num="37" count="1" type="stmt"/>
      <line num="38" count="1" type="stmt"/>
      <line num="41" count="7" type="stmt"/>
      <line num="42" count="7" type="cond" truecount="2" falsecount="0"/>
      <line num="43" count="2" type="stmt"/>
      <line num="44" count="2" type="stmt"/>
      <line num="45" count="2" type="stmt"/>
      <line num="48" count="5" type="stmt"/>
      <line num="50" count="5" type="cond" truecount="2" falsecount="0"/>
      <line num="51" count="2" type="stmt"/>
      <line num="57" count="2" type="cond" truecount="2" falsecount="0"/>
      <line num="58" count="1" type="stmt"/>
      <line num="59" count="1" type="stmt"/>
      <line num="60" count="1" type="stmt"/>
      <line num="62" count="1" type="stmt"/>
      <line num="67" count="1" type="stmt"/>
      <line num="70" count="3" type="stmt"/>
      <line num="76" count="3" type="stmt"/>
      <line num="80" count="2" type="stmt"/>
      <line num="84" count="2" type="cond" truecount="2" falsecount="0"/>
      <line num="85" count="1" type="stmt"/>
      <line num="86" count="1" type="stmt"/>
      <line num="87" count="1" type="stmt"/>
      <line num="89" count="1" type="stmt"/>
      <line num="92" count="1" type="stmt"/>
    </file>
    <file name="auditoriaService.js" path="C:\Users\lcmuniz\Documents\spe\api\services\auditoriaService.js">
      <metrics statements="16" coveredstatements="16" conditionals="25" coveredconditionals="20" methods="1" coveredmethods="1"/>
      <line num="1" count="1" type="stmt"/>
      <line num="2" count="1" type="stmt"/>
      <line num="5" count="3" type="stmt"/>
      <line num="6" count="3" type="stmt"/>
      <line num="7" count="3" type="cond" truecount="2" falsecount="1"/>
      <line num="8" count="3" type="cond" truecount="2" falsecount="0"/>
      <line num="9" count="3" type="cond" truecount="2" falsecount="0"/>
      <line num="11" count="3" type="stmt"/>
      <line num="12" count="3" type="cond" truecount="5" falsecount="0"/>
      <line num="13" count="2" type="stmt"/>
      <line num="14" count="2" type="cond" truecount="4" falsecount="1"/>
      <line num="15" count="2" type="stmt"/>
      <line num="17" count="2" type="stmt"/>
      <line num="20" count="3" type="stmt"/>
      <line num="36" count="1" type="stmt"/>
      <line num="40" count="1" type="stmt"/>
    </file>
    <file name="catalogService.js" path="C:\Users\lcmuniz\Documents\spe\api\services\catalogService.js">
      <metrics statements="8" coveredstatements="8" conditionals="0" coveredconditionals="0" methods="3" coveredmethods="3"/>
      <line num="1" count="1" type="stmt"/>
      <line num="4" count="1" type="stmt"/>
      <line num="7" count="1" type="stmt"/>
      <line num="11" count="1" type="stmt"/>
      <line num="12" count="1" type="stmt"/>
      <line num="16" count="1" type="stmt"/>
      <line num="17" count="1" type="stmt"/>
      <line num="20" count="1" type="stmt"/>
    </file>
    <file name="chavesService.js" path="C:\Users\lcmuniz\Documents\spe\api\services\chavesService.js">
      <metrics statements="29" coveredstatements="29" conditionals="8" coveredconditionals="8" methods="3" coveredmethods="3"/>
      <line num="1" count="1" type="stmt"/>
      <line num="2" count="1" type="stmt"/>
      <line num="5" count="1" type="stmt"/>
      <line num="12" count="1" type="stmt"/>
      <line num="16" count="4" type="cond" truecount="2" falsecount="0"/>
      <line num="17" count="1" type="stmt"/>
      <line num="18" count="1" type="stmt"/>
      <line num="19" count="1" type="stmt"/>
      <line num="22" count="3" type="stmt"/>
      <line num="23" count="3" type="cond" truecount="2" falsecount="0"/>
      <line num="24" count="1" type="stmt"/>
      <line num="25" count="1" type="stmt"/>
      <line num="26" count="1" type="stmt"/>
      <line num="29" count="2" type="stmt"/>
      <line num="33" count="2" type="cond" truecount="2" falsecount="0"/>
      <line num="34" count="1" type="stmt"/>
      <line num="35" count="1" type="stmt"/>
      <line num="36" count="1" type="stmt"/>
      <line num="39" count="1" type="stmt"/>
      <line num="40" count="1" type="stmt"/>
      <line num="41" count="1" type="stmt"/>
      <line num="47" count="1" type="stmt"/>
      <line num="51" count="2" type="stmt"/>
      <line num="55" count="2" type="cond" truecount="2" falsecount="0"/>
      <line num="56" count="1" type="stmt"/>
      <line num="57" count="1" type="stmt"/>
      <line num="58" count="1" type="stmt"/>
      <line num="60" count="1" type="stmt"/>
      <line num="63" count="1" type="stmt"/>
    </file>
    <file name="documentosService.js" path="C:\Users\lcmuniz\Documents\spe\api\services\documentosService.js">
      <metrics statements="284" coveredstatements="263" conditionals="220" coveredconditionals="183" methods="14" coveredmethods="14"/>
      <line num="1" count="1" type="stmt"/>
      <line num="2" count="1" type="stmt"/>
      <line num="5" count="3" type="cond" truecount="2" falsecount="0"/>
      <line num="6" count="3" type="stmt"/>
      <line num="9" count="3" type="cond" truecount="2" falsecount="0"/>
      <line num="10" count="1" type="stmt"/>
      <line num="11" count="1" type="stmt"/>
      <line num="12" count="1" type="stmt"/>
      <line num="15" count="2" type="cond" truecount="2" falsecount="0"/>
      <line num="18" count="2" type="cond" truecount="2" falsecount="0"/>
      <line num="20" count="2" type="stmt"/>
      <line num="43" count="2" type="stmt"/>
      <line num="47" count="4" type="cond" truecount="2" falsecount="0"/>
      <line num="48" count="1" type="stmt"/>
      <line num="49" count="1" type="stmt"/>
      <line num="50" count="1" type="stmt"/>
      <line num="52" count="3" type="stmt"/>
      <line num="53" count="3" type="cond" truecount="2" falsecount="0"/>
      <line num="54" count="1" type="stmt"/>
      <line num="55" count="1" type="stmt"/>
      <line num="56" count="1" type="stmt"/>
      <line num="58" count="2" type="stmt"/>
      <line num="59" count="2" type="cond" truecount="2" falsecount="0"/>
      <line num="60" count="1" type="stmt"/>
      <line num="61" count="1" type="stmt"/>
      <line num="62" count="1" type="stmt"/>
      <line num="64" count="1" type="stmt"/>
      <line num="68" count="1" type="stmt"/>
      <line num="72" count="5" type="cond" truecount="2" falsecount="0"/>
      <line num="73" count="1" type="stmt"/>
      <line num="74" count="1" type="stmt"/>
      <line num="75" count="1" type="stmt"/>
      <line num="77" count="4" type="stmt"/>
      <line num="78" count="4" type="stmt"/>
      <line num="82" count="4" type="stmt"/>
      <line num="90" count="4" type="stmt"/>
      <line num="94" count="15" type="stmt"/>
      <line num="102" count="15" type="cond" truecount="2" falsecount="0"/>
      <line num="103" count="1" type="stmt"/>
      <line num="104" count="1" type="stmt"/>
      <line num="105" count="1" type="stmt"/>
      <line num="107" count="14" type="stmt"/>
      <line num="108" count="14" type="cond" truecount="2" falsecount="0"/>
      <line num="109" count="14" type="cond" truecount="2" falsecount="0"/>
      <line num="110" count="8" type="cond" truecount="2" falsecount="0"/>
      <line num="111" count="1" type="stmt"/>
      <line num="112" count="1" type="stmt"/>
      <line num="113" count="1" type="stmt"/>
      <line num="115" count="7" type="cond" truecount="2" falsecount="0"/>
      <line num="116" count="1" type="stmt"/>
      <line num="117" count="1" type="stmt"/>
      <line num="118" count="1" type="stmt"/>
      <line num="121" count="12" type="stmt"/>
      <line num="122" count="12" type="cond" truecount="1" falsecount="1"/>
      <line num="123" count="12" type="stmt"/>
      <line num="132" count="16" type="stmt"/>
      <line num="133" count="12" type="stmt"/>
      <line num="134" count="12" type="stmt"/>
      <line num="135" count="17" type="stmt"/>
      <line num="136" count="17" type="cond" truecount="2" falsecount="0"/>
      <line num="140" count="2" type="stmt"/>
      <line num="143" count="12" type="stmt"/>
      <line num="144" count="12" type="cond" truecount="2" falsecount="0"/>
      <line num="145" count="1" type="stmt"/>
      <line num="146" count="1" type="stmt"/>
      <line num="147" count="1" type="stmt"/>
      <line num="149" count="11" type="stmt"/>
      <line num="153" count="7" type="stmt"/>
      <line num="157" count="7" type="cond" truecount="2" falsecount="0"/>
      <line num="158" count="1" type="stmt"/>
      <line num="159" count="1" type="stmt"/>
      <line num="160" count="1" type="stmt"/>
      <line num="162" count="6" type="cond" truecount="1" falsecount="1"/>
      <line num="163" count="6" type="cond" truecount="2" falsecount="0"/>
      <line num="164" count="6" type="cond" truecount="2" falsecount="0"/>
      <line num="165" count="4" type="cond" truecount="2" falsecount="0"/>
      <line num="166" count="1" type="stmt"/>
      <line num="167" count="1" type="stmt"/>
      <line num="168" count="1" type="stmt"/>
      <line num="170" count="3" type="stmt"/>
      <line num="172" count="4" type="cond" truecount="2" falsecount="0"/>
      <line num="173" count="2" type="cond" truecount="2" falsecount="0"/>
      <line num="174" count="1" type="stmt"/>
      <line num="175" count="1" type="stmt"/>
      <line num="176" count="1" type="stmt"/>
      <line num="178" count="1" type="stmt"/>
      <line num="186" count="3" type="cond" truecount="2" falsecount="0"/>
      <line num="190" count="3" type="stmt"/>
      <line num="196" count="3" type="cond" truecount="2" falsecount="0"/>
      <line num="197" count="1" type="stmt"/>
      <line num="198" count="1" type="stmt"/>
      <line num="199" count="1" type="stmt"/>
      <line num="201" count="2" type="stmt"/>
      <line num="205" count="11" type="stmt"/>
      <line num="209" count="11" type="cond" truecount="2" falsecount="0"/>
      <line num="210" count="1" type="stmt"/>
      <line num="211" count="1" type="stmt"/>
      <line num="212" count="1" type="stmt"/>
      <line num="214" count="10" type="cond" truecount="1" falsecount="1"/>
      <line num="215" count="10" type="cond" truecount="2" falsecount="0"/>
      <line num="217" count="10" type="cond" truecount="2" falsecount="0"/>
      <line num="218" count="5" type="cond" truecount="2" falsecount="0"/>
      <line num="219" count="1" type="stmt"/>
      <line num="220" count="1" type="stmt"/>
      <line num="221" count="1" type="stmt"/>
      <line num="223" count="4" type="stmt"/>
      <line num="225" count="9" type="cond" truecount="2" falsecount="0"/>
      <line num="226" count="5" type="cond" truecount="1" falsecount="1"/>
      <line num="227" count="0" type="stmt"/>
      <line num="228" count="0" type="stmt"/>
      <line num="229" count="0" type="stmt"/>
      <line num="231" count="5" type="cond" truecount="2" falsecount="0"/>
      <line num="232" count="1" type="stmt"/>
      <line num="233" count="1" type="stmt"/>
      <line num="234" count="1" type="stmt"/>
      <line num="236" count="4" type="stmt"/>
      <line num="239" count="5" type="stmt"/>
      <line num="243" count="5" type="cond" truecount="2" falsecount="0"/>
      <line num="244" count="1" type="stmt"/>
      <line num="245" count="1" type="stmt"/>
      <line num="246" count="1" type="stmt"/>
      <line num="248" count="4" type="stmt"/>
      <line num="252" count="4" type="stmt"/>
      <line num="276" count="4" type="cond" truecount="2" falsecount="0"/>
      <line num="280" count="8" type="cond" truecount="2" falsecount="0"/>
      <line num="281" count="1" type="stmt"/>
      <line num="282" count="1" type="stmt"/>
      <line num="283" count="1" type="stmt"/>
      <line num="285" count="7" type="stmt"/>
      <line num="289" count="7" type="cond" truecount="2" falsecount="0"/>
      <line num="290" count="1" type="stmt"/>
      <line num="291" count="1" type="stmt"/>
      <line num="292" count="1" type="stmt"/>
      <line num="294" count="6" type="cond" truecount="1" falsecount="1"/>
      <line num="295" count="6" type="cond" truecount="1" falsecount="1"/>
      <line num="296" count="6" type="cond" truecount="2" falsecount="0"/>
      <line num="297" count="6" type="cond" truecount="2" falsecount="0"/>
      <line num="299" count="6" type="stmt"/>
      <line num="300" count="6" type="stmt"/>
      <line num="301" count="6" type="cond" truecount="4" falsecount="0"/>
      <line num="302" count="1" type="stmt"/>
      <line num="303" count="1" type="stmt"/>
      <line num="304" count="1" type="stmt"/>
      <line num="306" count="5" type="cond" truecount="2" falsecount="0"/>
      <line num="307" count="3" type="cond" truecount="4" falsecount="0"/>
      <line num="308" count="1" type="stmt"/>
      <line num="309" count="1" type="stmt"/>
      <line num="310" count="1" type="stmt"/>
      <line num="312" count="2" type="cond" truecount="1" falsecount="1"/>
      <line num="313" count="2" type="stmt"/>
      <line num="314" count="2" type="cond" truecount="2" falsecount="0"/>
      <line num="315" count="1" type="stmt"/>
      <line num="316" count="1" type="stmt"/>
      <line num="317" count="1" type="stmt"/>
      <line num="320" count="3" type="cond" truecount="1" falsecount="1"/>
      <line num="321" count="0" type="stmt"/>
      <line num="322" count="0" type="stmt"/>
      <line num="323" count="0" type="stmt"/>
      <line num="325" count="3" type="stmt"/>
      <line num="327" count="3" type="stmt"/>
      <line num="335" count="3" type="cond" truecount="2" falsecount="0"/>
      <line num="336" count="1" type="stmt"/>
      <line num="337" count="1" type="stmt"/>
      <line num="338" count="1" type="stmt"/>
      <line num="340" count="2" type="stmt"/>
      <line num="341" count="2" type="stmt"/>
      <line num="345" count="3" type="cond" truecount="1" falsecount="1"/>
      <line num="346" count="0" type="stmt"/>
      <line num="347" count="0" type="stmt"/>
      <line num="348" count="0" type="stmt"/>
      <line num="350" count="3" type="stmt"/>
      <line num="353" count="3" type="cond" truecount="1" falsecount="1"/>
      <line num="354" count="0" type="stmt"/>
      <line num="355" count="0" type="stmt"/>
      <line num="356" count="0" type="stmt"/>
      <line num="358" count="3" type="cond" truecount="1" falsecount="1"/>
      <line num="359" count="3" type="cond" truecount="1" falsecount="1"/>
      <line num="360" count="3" type="cond" truecount="2" falsecount="0"/>
      <line num="361" count="1" type="stmt"/>
      <line num="362" count="1" type="stmt"/>
      <line num="363" count="1" type="stmt"/>
      <line num="365" count="2" type="cond" truecount="1" falsecount="1"/>
      <line num="366" count="0" type="stmt"/>
      <line num="367" count="0" type="stmt"/>
      <line num="368" count="0" type="stmt"/>
      <line num="370" count="2" type="cond" truecount="3" falsecount="1"/>
      <line num="371" count="0" type="stmt"/>
      <line num="372" count="0" type="stmt"/>
      <line num="373" count="0" type="stmt"/>
      <line num="375" count="2" type="stmt"/>
      <line num="383" count="2" type="cond" truecount="2" falsecount="0"/>
      <line num="384" count="1" type="stmt"/>
      <line num="385" count="1" type="stmt"/>
      <line num="386" count="1" type="stmt"/>
      <line num="388" count="1" type="stmt"/>
      <line num="389" count="1" type="cond" truecount="1" falsecount="1"/>
      <line num="390" count="0" type="stmt"/>
      <line num="391" count="0" type="stmt"/>
      <line num="392" count="0" type="stmt"/>
      <line num="394" count="1" type="stmt"/>
      <line num="398" count="16" type="stmt"/>
      <line num="408" count="16" type="cond" truecount="2" falsecount="0"/>
      <line num="409" count="1" type="stmt"/>
      <line num="410" count="1" type="stmt"/>
      <line num="411" count="1" type="stmt"/>
      <line num="413" count="15" type="stmt"/>
      <line num="414" count="15" type="cond" truecount="3" falsecount="1"/>
      <line num="415" count="1" type="stmt"/>
      <line num="416" count="1" type="stmt"/>
      <line num="417" count="1" type="stmt"/>
      <line num="419" count="14" type="cond" truecount="3" falsecount="1"/>
      <line num="420" count="2" type="cond" truecount="2" falsecount="0"/>
      <line num="421" count="2" type="cond" truecount="4" falsecount="0"/>
      <line num="422" count="1" type="stmt"/>
      <line num="423" count="1" type="stmt"/>
      <line num="424" count="1" type="stmt"/>
      <line num="426" count="1" type="stmt"/>
      <line num="437" count="1" type="cond" truecount="1" falsecount="1"/>
      <line num="438" count="1" type="stmt"/>
      <line num="439" count="1" type="stmt"/>
      <line num="440" count="1" type="stmt"/>
      <line num="444" count="12" type="cond" truecount="1" falsecount="1"/>
      <line num="445" count="12" type="cond" truecount="1" falsecount="1"/>
      <line num="446" count="12" type="stmt"/>
      <line num="447" count="12" type="stmt"/>
      <line num="448" count="12" type="cond" truecount="2" falsecount="0"/>
      <line num="449" count="4" type="cond" truecount="2" falsecount="0"/>
      <line num="450" count="4" type="stmt"/>
      <line num="452" count="4" type="cond" truecount="2" falsecount="0"/>
      <line num="453" count="1" type="stmt"/>
      <line num="454" count="3" type="cond" truecount="2" falsecount="0"/>
      <line num="455" count="1" type="stmt"/>
      <line num="457" count="3" type="stmt"/>
      <line num="458" count="2" type="stmt"/>
      <line num="460" count="4" type="stmt"/>
      <line num="461" count="4" type="stmt"/>
      <line num="462" count="4" type="stmt"/>
      <line num="463" count="4" type="stmt"/>
      <line num="464" count="4" type="stmt"/>
      <line num="465" count="4" type="stmt"/>
      <line num="466" count="4" type="stmt"/>
      <line num="467" count="4" type="stmt"/>
      <line num="468" count="8" type="cond" truecount="2" falsecount="0"/>
      <line num="469" count="7" type="cond" truecount="2" falsecount="1"/>
      <line num="470" count="7" type="cond" truecount="2" falsecount="2"/>
      <line num="471" count="7" type="cond" truecount="2" falsecount="0"/>
      <line num="472" count="1" type="stmt"/>
      <line num="473" count="1" type="stmt"/>
      <line num="474" count="1" type="stmt"/>
      <line num="476" count="6" type="cond" truecount="1" falsecount="1"/>
      <line num="477" count="6" type="stmt"/>
      <line num="478" count="6" type="cond" truecount="2" falsecount="0"/>
      <line num="479" count="1" type="stmt"/>
      <line num="480" count="1" type="stmt"/>
      <line num="481" count="1" type="stmt"/>
      <line num="483" count="5" type="stmt"/>
      <line num="484" count="5" type="cond" truecount="2" falsecount="0"/>
      <line num="486" count="2" type="cond" truecount="2" falsecount="0"/>
      <line num="487" count="3" type="stmt"/>
      <line num="488" count="1" type="stmt"/>
      <line num="491" count="5" type="stmt"/>
      <line num="493" count="1" type="stmt"/>
      <line num="494" count="1" type="stmt"/>
      <line num="495" count="1" type="stmt"/>
      <line num="499" count="9" type="cond" truecount="3" falsecount="0"/>
      <line num="500" count="9" type="cond" truecount="4" falsecount="0"/>
      <line num="504" count="9" type="stmt"/>
      <line num="509" count="5" type="stmt"/>
      <line num="513" count="5" type="cond" truecount="2" falsecount="0"/>
      <line num="514" count="1" type="stmt"/>
      <line num="515" count="1" type="stmt"/>
      <line num="516" count="1" type="stmt"/>
      <line num="520" count="4" type="stmt"/>
      <line num="524" count="4" type="cond" truecount="2" falsecount="0"/>
      <line num="525" count="1" type="stmt"/>
      <line num="528" count="3" type="cond" truecount="1" falsecount="1"/>
      <line num="529" count="3" type="cond" truecount="4" falsecount="0"/>
      <line num="531" count="3" type="cond" truecount="2" falsecount="0"/>
      <line num="533" count="1" type="stmt"/>
      <line num="537" count="1" type="cond" truecount="1" falsecount="1"/>
      <line num="541" count="3" type="stmt"/>
      <line num="549" count="3" type="stmt"/>
      <line num="554" count="3" type="stmt"/>
      <line num="557" count="1" type="stmt"/>
    </file>
    <file name="partesCadastroService.js" path="C:\Users\lcmuniz\Documents\spe\api\services\partesCadastroService.js">
      <metrics statements="51" coveredstatements="49" conditionals="54" coveredconditionals="41" methods="8" coveredmethods="8"/>
      <line num="1" count="1" type="stmt"/>
      <line num="2" count="1" type="stmt"/>
      <line num="4" count="1" type="stmt"/>
      <line num="7" count="2" type="cond" truecount="1" falsecount="1"/>
      <line num="10" count="2" type="cond" truecount="1" falsecount="1"/>
      <line num="11" count="2" type="stmt"/>
      <line num="15" count="2" type="stmt"/>
      <line num="33" count="2" type="stmt"/>
      <line num="34" count="2" type="stmt"/>
      <line num="35" count="2" type="cond" truecount="2" falsecount="0"/>
      <line num="36" count="1" type="stmt"/>
      <line num="37" count="1" type="stmt"/>
      <line num="39" count="2" type="stmt"/>
      <line num="40" count="2" type="stmt"/>
      <line num="41" count="2" type="stmt"/>
      <line num="42" count="2" type="stmt"/>
      <line num="43" count="2" type="stmt"/>
      <line num="44" count="2" type="stmt"/>
      <line num="45" count="2" type="cond" truecount="1" falsecount="1"/>
      <line num="49" count="1" type="stmt"/>
      <line num="50" count="1" type="cond" truecount="1" falsecount="1"/>
      <line num="54" count="1" type="stmt"/>
      <line num="55" count="1" type="cond" truecount="2" falsecount="0"/>
      <line num="56" count="1" type="stmt"/>
      <line num="57" count="1" type="stmt"/>
      <line num="68" count="1" type="stmt"/>
      <line num="84" count="1" type="stmt"/>
      <line num="85" count="1" type="cond" truecount="1" falsecount="1"/>
      <line num="89" count="1" type="stmt"/>
      <line num="90" count="1" type="stmt"/>
      <line num="104" count="1" type="stmt"/>
      <line num="105" count="1" type="stmt"/>
      <line num="106" count="1" type="stmt"/>
      <line num="107" count="12" type="cond" truecount="1" falsecount="1"/>
      <line num="108" count="12" type="stmt"/>
      <line num="109" count="12" type="stmt"/>
      <line num="112" count="1" type="cond" truecount="1" falsecount="1"/>
      <line num="113" count="0" type="stmt"/>
      <line num="114" count="0" type="stmt"/>
      <line num="116" count="1" type="stmt"/>
      <line num="117" count="1" type="stmt"/>
      <line num="118" count="1" type="stmt"/>
      <line num="119" count="1" type="cond" truecount="1" falsecount="1"/>
      <line num="124" count="3" type="stmt"/>
      <line num="125" count="3" type="cond" truecount="4" falsecount="0"/>
      <line num="126" count="1" type="stmt"/>
      <line num="127" count="1" type="stmt"/>
      <line num="128" count="1" type="stmt"/>
      <line num="130" count="2" type="stmt"/>
      <line num="131" count="2" type="stmt"/>
      <line num="134" count="1" type="stmt"/>
    </file>
    <file name="processosService.js" path="C:\Users\lcmuniz\Documents\spe\api\services\processosService.js">
      <metrics statements="351" coveredstatements="348" conditionals="263" coveredconditionals="224" methods="16" coveredmethods="16"/>
      <line num="1" count="2" type="stmt"/>
      <line num="2" count="2" type="stmt"/>
      <line num="3" count="2" type="stmt"/>
      <line num="6" count="3" type="stmt"/>
      <line num="7" count="18" type="cond" truecount="1" falsecount="0"/>
      <line num="8" count="3" type="stmt"/>
      <line num="12" count="2" type="stmt"/>
      <line num="17" count="2" type="cond" truecount="2" falsecount="0"/>
      <line num="18" count="1" type="stmt"/>
      <line num="31" count="1" type="stmt"/>
      <line num="45" count="5" type="cond" truecount="2" falsecount="0"/>
      <line num="46" count="4" type="cond" truecount="5" falsecount="0"/>
      <line num="47" count="1" type="stmt"/>
      <line num="48" count="1" type="stmt"/>
      <line num="49" count="1" type="stmt"/>
      <line num="51" count="3" type="stmt"/>
      <line num="52" count="3" type="stmt"/>
      <line num="53" count="3" type="cond" truecount="1" falsecount="2"/>
      <line num="55" count="3" type="stmt"/>
      <line num="56" count="3" type="stmt"/>
      <line num="71" count="3" type="stmt"/>
      <line num="72" count="4" type="stmt"/>
      <line num="73" count="4" type="cond" truecount="2" falsecount="0"/>
      <line num="75" count="2" type="stmt"/>
      <line num="76" count="2" type="cond" truecount="2" falsecount="0"/>
      <line num="77" count="1" type="stmt"/>
      <line num="78" count="1" type="stmt"/>
      <line num="79" count="1" type="stmt"/>
      <line num="81" count="1" type="stmt"/>
      <line num="93" count="2" type="stmt"/>
      <line num="94" count="2" type="stmt"/>
      <line num="99" count="2" type="stmt"/>
      <line num="111" count="2" type="stmt"/>
      <line num="112" count="2" type="stmt"/>
      <line num="119" count="2" type="stmt"/>
      <line num="123" count="2" type="cond" truecount="1" falsecount="1"/>
      <line num="124" count="2" type="stmt"/>
      <line num="125" count="2" type="stmt"/>
      <line num="140" count="2" type="stmt"/>
      <line num="142" count="2" type="stmt"/>
      <line num="151" count="2" type="stmt"/>
      <line num="166" count="2" type="stmt"/>
      <line num="170" count="3" type="stmt"/>
      <line num="174" count="3" type="cond" truecount="2" falsecount="0"/>
      <line num="175" count="1" type="stmt"/>
      <line num="176" count="1" type="stmt"/>
      <line num="177" count="1" type="stmt"/>
      <line num="179" count="2" type="stmt"/>
      <line num="180" count="2" type="stmt"/>
      <line num="181" count="2" type="cond" truecount="1" falsecount="1"/>
      <line num="182" count="2" type="cond" truecount="2" falsecount="0"/>
      <line num="184" count="2" type="cond" truecount="4" falsecount="0"/>
      <line num="185" count="1" type="stmt"/>
      <line num="186" count="1" type="stmt"/>
      <line num="187" count="1" type="stmt"/>
      <line num="189" count="1" type="stmt"/>
      <line num="198" count="1" type="stmt"/>
      <line num="202" count="1" type="stmt"/>
      <line num="206" count="9" type="cond" truecount="2" falsecount="0"/>
      <line num="207" count="1" type="stmt"/>
      <line num="208" count="1" type="stmt"/>
      <line num="209" count="1" type="stmt"/>
      <line num="211" count="8" type="cond" truecount="2" falsecount="0"/>
      <line num="212" count="1" type="stmt"/>
      <line num="213" count="1" type="stmt"/>
      <line num="214" count="1" type="stmt"/>
      <line num="216" count="7" type="stmt"/>
      <line num="219" count="7" type="cond" truecount="2" falsecount="0"/>
      <line num="220" count="1" type="stmt"/>
      <line num="221" count="1" type="stmt"/>
      <line num="222" count="1" type="stmt"/>
      <line num="224" count="6" type="cond" truecount="1" falsecount="1"/>
      <line num="225" count="6" type="cond" truecount="1" falsecount="1"/>
      <line num="226" count="6" type="cond" truecount="4" falsecount="0"/>
      <line num="227" count="1" type="stmt"/>
      <line num="228" count="1" type="stmt"/>
      <line num="229" count="1" type="stmt"/>
      <line num="231" count="5" type="stmt"/>
      <line num="232" count="5" type="cond" truecount="2" falsecount="0"/>
      <line num="233" count="1" type="stmt"/>
      <line num="234" count="1" type="stmt"/>
      <line num="235" count="1" type="stmt"/>
      <line num="237" count="4" type="cond" truecount="1" falsecount="1"/>
      <line num="238" count="4" type="cond" truecount="2" falsecount="0"/>
      <line num="239" count="1" type="stmt"/>
      <line num="240" count="1" type="stmt"/>
      <line num="241" count="1" type="stmt"/>
      <line num="245" count="3" type="cond" truecount="2" falsecount="0"/>
      <line num="246" count="3" type="cond" truecount="4" falsecount="0"/>
      <line num="247" count="1" type="stmt"/>
      <line num="257" count="1" type="cond" truecount="1" falsecount="1"/>
      <line num="258" count="1" type="stmt"/>
      <line num="259" count="1" type="stmt"/>
      <line num="260" count="1" type="stmt"/>
      <line num="264" count="2" type="stmt"/>
      <line num="268" count="2" type="cond" truecount="2" falsecount="0"/>
      <line num="269" count="1" type="stmt"/>
      <line num="270" count="1" type="stmt"/>
      <line num="271" count="1" type="stmt"/>
      <line num="273" count="1" type="stmt"/>
      <line num="277" count="1" type="cond" truecount="1" falsecount="1"/>
      <line num="281" count="5" type="stmt"/>
      <line num="282" count="5" type="cond" truecount="4" falsecount="0"/>
      <line num="283" count="1" type="stmt"/>
      <line num="284" count="1" type="stmt"/>
      <line num="285" count="1" type="stmt"/>
      <line num="287" count="4" type="cond" truecount="2" falsecount="0"/>
      <line num="288" count="1" type="stmt"/>
      <line num="289" count="1" type="stmt"/>
      <line num="290" count="1" type="stmt"/>
      <line num="293" count="3" type="stmt"/>
      <line num="296" count="3" type="cond" truecount="2" falsecount="0"/>
      <line num="297" count="1" type="stmt"/>
      <line num="298" count="1" type="stmt"/>
      <line num="299" count="1" type="stmt"/>
      <line num="301" count="2" type="cond" truecount="1" falsecount="1"/>
      <line num="302" count="2" type="cond" truecount="4" falsecount="0"/>
      <line num="303" count="1" type="stmt"/>
      <line num="306" count="1" type="stmt"/>
      <line num="307" count="1" type="stmt"/>
      <line num="310" count="1" type="stmt"/>
      <line num="314" count="1" type="cond" truecount="1" falsecount="1"/>
      <line num="315" count="0" type="stmt"/>
      <line num="316" count="0" type="stmt"/>
      <line num="317" count="0" type="stmt"/>
      <line num="320" count="1" type="stmt"/>
      <line num="324" count="1" type="stmt"/>
      <line num="328" count="6" type="cond" truecount="2" falsecount="0"/>
      <line num="329" count="1" type="stmt"/>
      <line num="330" count="1" type="stmt"/>
      <line num="331" count="1" type="stmt"/>
      <line num="333" count="5" type="stmt"/>
      <line num="337" count="5" type="cond" truecount="2" falsecount="0"/>
      <line num="338" count="1" type="stmt"/>
      <line num="339" count="1" type="stmt"/>
      <line num="340" count="1" type="stmt"/>
      <line num="342" count="4" type="stmt"/>
      <line num="343" count="4" type="stmt"/>
      <line num="344" count="4" type="cond" truecount="3" falsecount="1"/>
      <line num="345" count="1" type="stmt"/>
      <line num="346" count="1" type="stmt"/>
      <line num="347" count="1" type="stmt"/>
      <line num="349" count="3" type="stmt"/>
      <line num="350" count="3" type="stmt"/>
      <line num="351" count="3" type="stmt"/>
      <line num="365" count="3" type="stmt"/>
      <line num="377" count="3" type="stmt"/>
      <line num="378" count="3" type="stmt"/>
      <line num="382" count="3" type="stmt"/>
      <line num="396" count="4" type="stmt"/>
      <line num="397" count="4" type="stmt"/>
      <line num="399" count="4" type="cond" truecount="2" falsecount="0"/>
      <line num="400" count="1" type="stmt"/>
      <line num="401" count="1" type="stmt"/>
      <line num="403" count="4" type="cond" truecount="2" falsecount="0"/>
      <line num="404" count="1" type="stmt"/>
      <line num="405" count="1" type="stmt"/>
      <line num="407" count="4" type="cond" truecount="2" falsecount="0"/>
      <line num="408" count="1" type="stmt"/>
      <line num="409" count="1" type="stmt"/>
      <line num="418" count="4" type="cond" truecount="2" falsecount="0"/>
      <line num="419" count="1" type="stmt"/>
      <line num="420" count="1" type="stmt"/>
      <line num="422" count="4" type="cond" truecount="2" falsecount="0"/>
      <line num="423" count="1" type="stmt"/>
      <line num="424" count="1" type="stmt"/>
      <line num="426" count="4" type="cond" truecount="2" falsecount="0"/>
      <line num="427" count="1" type="stmt"/>
      <line num="428" count="1" type="stmt"/>
      <line num="430" count="4" type="cond" truecount="2" falsecount="0"/>
      <line num="431" count="1" type="stmt"/>
      <line num="432" count="1" type="stmt"/>
      <line num="434" count="4" type="cond" truecount="2" falsecount="0"/>
      <line num="435" count="1" type="stmt"/>
      <line num="437" count="4" type="cond" truecount="2" falsecount="0"/>
      <line num="438" count="1" type="stmt"/>
      <line num="439" count="1" type="stmt"/>
      <line num="441" count="4" type="cond" truecount="4" falsecount="0"/>
      <line num="442" count="1" type="stmt"/>
      <line num="443" count="1" type="stmt"/>
      <line num="446" count="4" type="cond" truecount="1" falsecount="1"/>
      <line num="447" count="4" type="cond" truecount="1" falsecount="1"/>
      <line num="448" count="4" type="stmt"/>
      <line num="450" count="4" type="cond" truecount="2" falsecount="0"/>
      <line num="451" count="4" type="stmt"/>
      <line num="452" count="4" type="cond" truecount="1" falsecount="1"/>
      <line num="454" count="4" type="stmt"/>
      <line num="486" count="4" type="stmt"/>
      <line num="488" count="4" type="stmt"/>
      <line num="492" count="6" type="cond" truecount="2" falsecount="0"/>
      <line num="493" count="3" type="stmt"/>
      <line num="494" count="3" type="cond" truecount="2" falsecount="0"/>
      <line num="495" count="1" type="stmt"/>
      <line num="496" count="1" type="stmt"/>
      <line num="497" count="1" type="stmt"/>
      <line num="499" count="2" type="stmt"/>
      <line num="500" count="2" type="cond" truecount="2" falsecount="0"/>
      <line num="501" count="1" type="stmt"/>
      <line num="502" count="1" type="stmt"/>
      <line num="503" count="1" type="stmt"/>
      <line num="505" count="1" type="stmt"/>
      <line num="506" count="1" type="stmt"/>
      <line num="507" count="1" type="stmt"/>
      <line num="512" count="1" type="stmt"/>
      <line num="524" count="1" type="stmt"/>
      <line num="528" count="3" type="cond" truecount="2" falsecount="0"/>
      <line num="529" count="1" type="stmt"/>
      <line num="530" count="1" type="stmt"/>
      <line num="531" count="1" type="stmt"/>
      <line num="533" count="2" type="stmt"/>
      <line num="534" count="2" type="cond" truecount="2" falsecount="0"/>
      <line num="535" count="1" type="stmt"/>
      <line num="536" count="1" type="stmt"/>
      <line num="537" count="1" type="stmt"/>
      <line num="539" count="1" type="stmt"/>
      <line num="540" count="1" type="stmt"/>
      <line num="541" count="1" type="stmt"/>
      <line num="546" count="1" type="stmt"/>
      <line num="551" count="1" type="stmt"/>
      <line num="563" count="1" type="stmt"/>
      <line num="566" count="2" type="stmt"/>
      <line num="573" count="2" type="cond" truecount="2" falsecount="0"/>
      <line num="574" count="1" type="stmt"/>
      <line num="575" count="1" type="stmt"/>
      <line num="576" count="1" type="stmt"/>
      <line num="578" count="1" type="stmt"/>
      <line num="579" count="1" type="stmt"/>
      <line num="582" count="2" type="stmt"/>
      <line num="596" count="2" type="stmt"/>
      <line num="599" count="10" type="cond" truecount="1" falsecount="1"/>
      <line num="600" count="10" type="stmt"/>
      <line num="603" count="10" type="cond" truecount="2" falsecount="0"/>
      <line num="604" count="8" type="stmt"/>
      <line num="610" count="8" type="stmt"/>
      <line num="612" count="2" type="stmt"/>
      <line num="618" count="2" type="stmt"/>
      <line num="621" count="10" type="cond" truecount="2" falsecount="0"/>
      <line num="622" count="2" type="stmt"/>
      <line num="623" count="2" type="stmt"/>
      <line num="624" count="2" type="stmt"/>
      <line num="627" count="8" type="cond" truecount="1" falsecount="1"/>
      <line num="628" count="8" type="cond" truecount="4" falsecount="0"/>
      <line num="630" count="4" type="cond" truecount="4" falsecount="0"/>
      <line num="631" count="2" type="stmt"/>
      <line num="632" count="2" type="stmt"/>
      <line num="633" count="2" type="stmt"/>
      <line num="635" count="2" type="stmt"/>
      <line num="646" count="2" type="cond" truecount="2" falsecount="0"/>
      <line num="647" count="1" type="stmt"/>
      <line num="648" count="1" type="stmt"/>
      <line num="649" count="1" type="stmt"/>
      <line num="653" count="5" type="stmt"/>
      <line num="655" count="5" type="stmt"/>
      <line num="675" count="5" type="stmt"/>
      <line num="690" count="5" type="stmt"/>
      <line num="702" count="5" type="stmt"/>
      <line num="715" count="6" type="cond" truecount="2" falsecount="0"/>
      <line num="716" count="1" type="stmt"/>
      <line num="717" count="1" type="stmt"/>
      <line num="718" count="1" type="stmt"/>
      <line num="721" count="5" type="stmt"/>
      <line num="725" count="5" type="cond" truecount="2" falsecount="0"/>
      <line num="726" count="1" type="stmt"/>
      <line num="727" count="1" type="stmt"/>
      <line num="728" count="1" type="stmt"/>
      <line num="730" count="4" type="stmt"/>
      <line num="731" count="4" type="stmt"/>
      <line num="732" count="4" type="cond" truecount="4" falsecount="0"/>
      <line num="733" count="1" type="stmt"/>
      <line num="734" count="1" type="stmt"/>
      <line num="735" count="1" type="stmt"/>
      <line num="738" count="3" type="stmt"/>
      <line num="739" count="3" type="cond" truecount="2" falsecount="0"/>
      <line num="740" count="1" type="stmt"/>
      <line num="741" count="1" type="stmt"/>
      <line num="742" count="1" type="stmt"/>
      <line num="744" count="2" type="cond" truecount="1" falsecount="1"/>
      <line num="745" count="2" type="cond" truecount="2" falsecount="0"/>
      <line num="746" count="1" type="stmt"/>
      <line num="747" count="1" type="stmt"/>
      <line num="748" count="1" type="stmt"/>
      <line num="752" count="1" type="stmt"/>
      <line num="753" count="1" type="stmt"/>
      <line num="755" count="1" type="stmt"/>
      <line num="756" count="1" type="stmt"/>
      <line num="767" count="1" type="stmt"/>
      <line num="769" count="1" type="stmt"/>
      <line num="773" count="1" type="stmt"/>
      <line num="776" count="7" type="cond" truecount="2" falsecount="0"/>
      <line num="777" count="1" type="stmt"/>
      <line num="778" count="1" type="stmt"/>
      <line num="779" count="1" type="stmt"/>
      <line num="781" count="6" type="cond" truecount="2" falsecount="0"/>
      <line num="782" count="1" type="stmt"/>
      <line num="783" count="1" type="stmt"/>
      <line num="784" count="1" type="stmt"/>
      <line num="787" count="5" type="stmt"/>
      <line num="791" count="5" type="cond" truecount="2" falsecount="0"/>
      <line num="792" count="1" type="stmt"/>
      <line num="793" count="1" type="stmt"/>
      <line num="794" count="1" type="stmt"/>
      <line num="796" count="4" type="stmt"/>
      <line num="797" count="4" type="stmt"/>
      <line num="798" count="4" type="stmt"/>
      <line num="799" count="4" type="cond" truecount="5" falsecount="0"/>
      <line num="800" count="1" type="stmt"/>
      <line num="801" count="1" type="stmt"/>
      <line num="802" count="1" type="stmt"/>
      <line num="805" count="3" type="stmt"/>
      <line num="806" count="3" type="cond" truecount="2" falsecount="0"/>
      <line num="807" count="1" type="stmt"/>
      <line num="808" count="1" type="stmt"/>
      <line num="809" count="1" type="stmt"/>
      <line num="811" count="2" type="cond" truecount="1" falsecount="1"/>
      <line num="812" count="2" type="cond" truecount="2" falsecount="0"/>
      <line num="813" count="1" type="stmt"/>
      <line num="814" count="1" type="stmt"/>
      <line num="815" count="1" type="stmt"/>
      <line num="818" count="1" type="stmt"/>
      <line num="819" count="1" type="stmt"/>
      <line num="820" count="1" type="stmt"/>
      <line num="825" count="1" type="stmt"/>
      <line num="835" count="1" type="stmt"/>
      <line num="837" count="1" type="stmt"/>
      <line num="842" count="1" type="stmt"/>
      <line num="845" count="6" type="cond" truecount="2" falsecount="0"/>
      <line num="846" count="1" type="stmt"/>
      <line num="847" count="1" type="stmt"/>
      <line num="848" count="1" type="stmt"/>
      <line num="850" count="5" type="stmt"/>
      <line num="854" count="5" type="cond" truecount="2" falsecount="0"/>
      <line num="855" count="1" type="stmt"/>
      <line num="856" count="1" type="stmt"/>
      <line num="857" count="1" type="stmt"/>
      <line num="859" count="4" type="stmt"/>
      <line num="860" count="4" type="cond" truecount="2" falsecount="0"/>
      <line num="861" count="1" type="stmt"/>
      <line num="862" count="1" type="stmt"/>
      <line num="863" count="1" type="stmt"/>
      <line num="865" count="3" type="cond" truecount="3" falsecount="1"/>
      <line num="866" count="1" type="stmt"/>
      <line num="867" count="1" type="stmt"/>
      <line num="868" count="1" type="stmt"/>
      <line num="870" count="2" type="cond" truecount="3" falsecount="1"/>
      <line num="871" count="1" type="stmt"/>
      <line num="872" count="1" type="stmt"/>
      <line num="873" count="1" type="stmt"/>
      <line num="876" count="1" type="stmt"/>
      <line num="879" count="1" type="stmt"/>
      <line num="883" count="1" type="stmt"/>
      <line num="885" count="2" type="stmt"/>
    </file>
    <file name="transacoesService.js" path="C:\Users\lcmuniz\Documents\spe\api\services\transacoesService.js">
      <metrics statements="6" coveredstatements="6" conditionals="0" coveredconditionals="0" methods="3" coveredmethods="3"/>
      <line num="1" count="3" type="stmt"/>
      <line num="4" count="2" type="stmt"/>
      <line num="5" count="2" type="stmt"/>
      <line num="12" count="9" type="stmt"/>
      <line num="16" count="8" type="stmt"/>
      <line num="19" count="3" type="stmt"/>
    </file>
    <file name="usuariosService.js" path="C:\Users\lcmuniz\Documents\spe\api\services\usuariosService.js">
      <metrics statements="39" coveredstatements="39" conditionals="34" coveredconditionals="34" methods="3" coveredmethods="3"/>
      <line num="1" count="1" type="stmt"/>
      <line num="2" count="1" type="stmt"/>
      <line num="5" count="6" type="cond" truecount="2" falsecount="0"/>
      <line num="6" count="2" type="stmt"/>
      <line num="19" count="2" type="cond" truecount="2" falsecount="0"/>
      <line num="22" count="4" type="stmt"/>
      <line num="23" count="4" type="stmt"/>
      <line num="24" count="4" type="cond" truecount="2" falsecount="0"/>
      <line num="25" count="2" type="stmt"/>
      <line num="26" count="2" type="stmt"/>
      <line num="28" count="4" type="stmt"/>
      <line num="42" count="4" type="stmt"/>
      <line num="46" count="7" type="cond" truecount="4" falsecount="0"/>
      <line num="47" count="1" type="stmt"/>
      <line num="48" count="1" type="stmt"/>
      <line num="49" count="1" type="stmt"/>
      <line num="52" count="6" type="stmt"/>
      <line num="53" count="6" type="cond" truecount="2" falsecount="0"/>
      <line num="54" count="6" type="stmt"/>
      <line num="56" count="6" type="cond" truecount="2" falsecount="0"/>
      <line num="57" count="4" type="cond" truecount="4" falsecount="0"/>
      <line num="58" count="1" type="stmt"/>
      <line num="62" count="3" type="cond" truecount="4" falsecount="0"/>
      <line num="63" count="1" type="stmt"/>
      <line num="67" count="2" type="cond" truecount="4" falsecount="0"/>
      <line num="68" count="1" type="stmt"/>
      <line num="73" count="1" type="stmt"/>
      <line num="78" count="4" type="stmt"/>
      <line num="91" count="4" type="stmt"/>
      <line num="94" count="2" type="cond" truecount="2" falsecount="0"/>
      <line num="95" count="2" type="cond" truecount="2" falsecount="0"/>
      <line num="96" count="2" type="stmt"/>
      <line num="101" count="2" type="stmt"/>
      <line num="114" count="2" type="stmt"/>
      <line num="118" count="4" type="cond" truecount="2" falsecount="0"/>
      <line num="119" count="4" type="cond" truecount="2" falsecount="0"/>
      <line num="120" count="2" type="stmt"/>
      <line num="134" count="2" type="stmt"/>
      <line num="137" count="1" type="stmt"/>
    </file>
  </project>
</coverage>
