<?xml version="1.0" encoding="UTF-8"?>
<coverage generated="1761678830876" clover="3.2.0">
  <project timestamp="1761678830877" name="All files">
    <metrics statements="1046" coveredstatements="987" conditionals="840" coveredconditionals="697" methods="78" coveredmethods="76" elements="1964" coveredelements="1760" complexity="0" loc="1046" ncloc="1046" packages="1" files="12" classes="12"/>
    <file name="acessosService.js" path="C:\Users\lcmuniz\Documents\spe-projects\spe-api\services\acessosService.js">
      <metrics statements="40" coveredstatements="40" conditionals="21" coveredconditionals="21" methods="3" coveredmethods="3"/>
      <line num="1" count="1" type="stmt"/>
      <line num="2" count="1" type="stmt"/>
      <line num="5" count="1" type="stmt"/>
      <line num="20" count="1" type="stmt"/>
      <line num="24" count="13" type="cond" truecount="2" falsecount="0"/>
      <line num="25" count="13" type="cond" truecount="2" falsecount="0"/>
      <line num="26" count="3" type="stmt"/>
      <line num="27" count="3" type="stmt"/>
      <line num="28" count="3" type="stmt"/>
      <line num="30" count="10" type="cond" truecount="5" falsecount="0"/>
      <line num="31" count="2" type="stmt"/>
      <line num="32" count="2" type="stmt"/>
      <line num="33" count="2" type="stmt"/>
      <line num="35" count="8" type="cond" truecount="4" falsecount="0"/>
      <line num="36" count="1" type="stmt"/>
      <line num="37" count="1" type="stmt"/>
      <line num="38" count="1" type="stmt"/>
      <line num="41" count="7" type="stmt"/>
      <line num="42" count="7" type="cond" truecount="2" falsecount="0"/>
      <line num="43" count="2" type="stmt"/>
      <line num="44" count="2" type="stmt"/>
      <line num="45" count="2" type="stmt"/>
      <line num="48" count="5" type="stmt"/>
      <line num="50" count="5" type="cond" truecount="2" falsecount="0"/>
      <line num="51" count="2" type="stmt"/>
      <line num="57" count="2" type="cond" truecount="2" falsecount="0"/>
      <line num="58" count="1" type="stmt"/>
      <line num="59" count="1" type="stmt"/>
      <line num="60" count="1" type="stmt"/>
      <line num="62" count="1" type="stmt"/>
      <line num="67" count="1" type="stmt"/>
      <line num="70" count="3" type="stmt"/>
      <line num="76" count="3" type="stmt"/>
      <line num="80" count="2" type="stmt"/>
      <line num="84" count="2" type="cond" truecount="2" falsecount="0"/>
      <line num="85" count="1" type="stmt"/>
      <line num="86" count="1" type="stmt"/>
      <line num="87" count="1" type="stmt"/>
      <line num="89" count="1" type="stmt"/>
      <line num="92" count="1" type="stmt"/>
    </file>
    <file name="auditoriaService.js" path="C:\Users\lcmuniz\Documents\spe-projects\spe-api\services\auditoriaService.js">
      <metrics statements="16" coveredstatements="16" conditionals="25" coveredconditionals="20" methods="1" coveredmethods="1"/>
      <line num="1" count="1" type="stmt"/>
      <line num="2" count="1" type="stmt"/>
      <line num="5" count="3" type="stmt"/>
      <line num="6" count="3" type="stmt"/>
      <line num="7" count="3" type="cond" truecount="2" falsecount="1"/>
      <line num="8" count="3" type="cond" truecount="2" falsecount="0"/>
      <line num="9" count="3" type="cond" truecount="2" falsecount="0"/>
      <line num="11" count="3" type="stmt"/>
      <line num="12" count="3" type="cond" truecount="5" falsecount="0"/>
      <line num="13" count="2" type="stmt"/>
      <line num="14" count="2" type="cond" truecount="4" falsecount="1"/>
      <line num="15" count="2" type="stmt"/>
      <line num="17" count="2" type="stmt"/>
      <line num="20" count="3" type="stmt"/>
      <line num="36" count="1" type="stmt"/>
      <line num="40" count="1" type="stmt"/>
    </file>
    <file name="catalogService.js" path="C:\Users\lcmuniz\Documents\spe-projects\spe-api\services\catalogService.js">
      <metrics statements="10" coveredstatements="8" conditionals="0" coveredconditionals="0" methods="4" coveredmethods="3"/>
      <line num="1" count="1" type="stmt"/>
      <line num="4" count="1" type="stmt"/>
      <line num="7" count="1" type="stmt"/>
      <line num="11" count="1" type="stmt"/>
      <line num="12" count="1" type="stmt"/>
      <line num="16" count="1" type="stmt"/>
      <line num="17" count="1" type="stmt"/>
      <line num="21" count="0" type="stmt"/>
      <line num="22" count="0" type="stmt"/>
      <line num="25" count="1" type="stmt"/>
    </file>
    <file name="chavesService.js" path="C:\Users\lcmuniz\Documents\spe-projects\spe-api\services\chavesService.js">
      <metrics statements="29" coveredstatements="29" conditionals="8" coveredconditionals="8" methods="3" coveredmethods="3"/>
      <line num="1" count="1" type="stmt"/>
      <line num="2" count="1" type="stmt"/>
      <line num="5" count="1" type="stmt"/>
      <line num="12" count="1" type="stmt"/>
      <line num="16" count="4" type="cond" truecount="2" falsecount="0"/>
      <line num="17" count="1" type="stmt"/>
      <line num="18" count="1" type="stmt"/>
      <line num="19" count="1" type="stmt"/>
      <line num="22" count="3" type="stmt"/>
      <line num="23" count="3" type="cond" truecount="2" falsecount="0"/>
      <line num="24" count="1" type="stmt"/>
      <line num="25" count="1" type="stmt"/>
      <line num="26" count="1" type="stmt"/>
      <line num="29" count="2" type="stmt"/>
      <line num="33" count="2" type="cond" truecount="2" falsecount="0"/>
      <line num="34" count="1" type="stmt"/>
      <line num="35" count="1" type="stmt"/>
      <line num="36" count="1" type="stmt"/>
      <line num="39" count="1" type="stmt"/>
      <line num="40" count="1" type="stmt"/>
      <line num="41" count="1" type="stmt"/>
      <line num="47" count="1" type="stmt"/>
      <line num="51" count="2" type="stmt"/>
      <line num="55" count="2" type="cond" truecount="2" falsecount="0"/>
      <line num="56" count="1" type="stmt"/>
      <line num="57" count="1" type="stmt"/>
      <line num="58" count="1" type="stmt"/>
      <line num="60" count="1" type="stmt"/>
      <line num="63" count="1" type="stmt"/>
    </file>
    <file name="documentosModelosService.js" path="C:\Users\lcmuniz\Documents\spe-projects\spe-api\services\documentosModelosService.js">
      <metrics statements="11" coveredstatements="11" conditionals="5" coveredconditionals="5" methods="2" coveredmethods="2"/>
      <line num="1" count="1" type="stmt"/>
      <line num="4" count="2" type="stmt"/>
      <line num="5" count="2" type="stmt"/>
      <line num="6" count="2" type="cond" truecount="2" falsecount="0"/>
      <line num="7" count="1" type="stmt"/>
      <line num="8" count="1" type="stmt"/>
      <line num="10" count="2" type="stmt"/>
      <line num="23" count="2" type="stmt"/>
      <line num="27" count="2" type="stmt"/>
      <line num="39" count="2" type="cond" truecount="2" falsecount="0"/>
      <line num="42" count="1" type="stmt"/>
    </file>
    <file name="documentosService.js" path="C:\Users\lcmuniz\Documents\spe-projects\spe-api\services\documentosService.js">
      <metrics statements="306" coveredstatements="263" conditionals="240" coveredconditionals="183" methods="15" coveredmethods="14"/>
      <line num="1" count="1" type="stmt"/>
      <line num="2" count="1" type="stmt"/>
      <line num="5" count="3" type="cond" truecount="2" falsecount="0"/>
      <line num="6" count="3" type="stmt"/>
      <line num="9" count="3" type="cond" truecount="2" falsecount="0"/>
      <line num="10" count="1" type="stmt"/>
      <line num="11" count="1" type="stmt"/>
      <line num="12" count="1" type="stmt"/>
      <line num="15" count="2" type="cond" truecount="2" falsecount="0"/>
      <line num="18" count="2" type="cond" truecount="2" falsecount="0"/>
      <line num="20" count="2" type="stmt"/>
      <line num="45" count="2" type="stmt"/>
      <line num="49" count="4" type="cond" truecount="2" falsecount="0"/>
      <line num="50" count="1" type="stmt"/>
      <line num="51" count="1" type="stmt"/>
      <line num="52" count="1" type="stmt"/>
      <line num="54" count="3" type="stmt"/>
      <line num="55" count="3" type="cond" truecount="2" falsecount="0"/>
      <line num="56" count="1" type="stmt"/>
      <line num="57" count="1" type="stmt"/>
      <line num="58" count="1" type="stmt"/>
      <line num="60" count="2" type="stmt"/>
      <line num="61" count="2" type="cond" truecount="2" falsecount="0"/>
      <line num="62" count="1" type="stmt"/>
      <line num="63" count="1" type="stmt"/>
      <line num="64" count="1" type="stmt"/>
      <line num="66" count="1" type="stmt"/>
      <line num="70" count="1" type="stmt"/>
      <line num="74" count="5" type="cond" truecount="2" falsecount="0"/>
      <line num="75" count="1" type="stmt"/>
      <line num="76" count="1" type="stmt"/>
      <line num="77" count="1" type="stmt"/>
      <line num="79" count="4" type="stmt"/>
      <line num="80" count="4" type="stmt"/>
      <line num="84" count="4" type="stmt"/>
      <line num="101" count="4" type="stmt"/>
      <line num="105" count="15" type="stmt"/>
      <line num="113" count="15" type="cond" truecount="2" falsecount="0"/>
      <line num="114" count="1" type="stmt"/>
      <line num="115" count="1" type="stmt"/>
      <line num="116" count="1" type="stmt"/>
      <line num="118" count="14" type="stmt"/>
      <line num="119" count="14" type="cond" truecount="2" falsecount="0"/>
      <line num="120" count="14" type="cond" truecount="2" falsecount="0"/>
      <line num="121" count="8" type="cond" truecount="2" falsecount="0"/>
      <line num="122" count="1" type="stmt"/>
      <line num="123" count="1" type="stmt"/>
      <line num="124" count="1" type="stmt"/>
      <line num="126" count="7" type="cond" truecount="2" falsecount="0"/>
      <line num="127" count="1" type="stmt"/>
      <line num="128" count="1" type="stmt"/>
      <line num="129" count="1" type="stmt"/>
      <line num="132" count="12" type="stmt"/>
      <line num="133" count="12" type="cond" truecount="1" falsecount="1"/>
      <line num="134" count="12" type="stmt"/>
      <line num="143" count="16" type="stmt"/>
      <line num="144" count="12" type="stmt"/>
      <line num="145" count="12" type="stmt"/>
      <line num="146" count="17" type="stmt"/>
      <line num="147" count="17" type="cond" truecount="2" falsecount="0"/>
      <line num="151" count="2" type="stmt"/>
      <line num="154" count="12" type="stmt"/>
      <line num="155" count="12" type="cond" truecount="2" falsecount="0"/>
      <line num="156" count="1" type="stmt"/>
      <line num="157" count="1" type="stmt"/>
      <line num="158" count="1" type="stmt"/>
      <line num="160" count="11" type="stmt"/>
      <line num="164" count="7" type="stmt"/>
      <line num="168" count="7" type="cond" truecount="2" falsecount="0"/>
      <line num="169" count="1" type="stmt"/>
      <line num="170" count="1" type="stmt"/>
      <line num="171" count="1" type="stmt"/>
      <line num="173" count="6" type="cond" truecount="1" falsecount="1"/>
      <line num="174" count="6" type="cond" truecount="2" falsecount="0"/>
      <line num="175" count="6" type="cond" truecount="2" falsecount="0"/>
      <line num="176" count="4" type="cond" truecount="2" falsecount="0"/>
      <line num="177" count="1" type="stmt"/>
      <line num="178" count="1" type="stmt"/>
      <line num="179" count="1" type="stmt"/>
      <line num="181" count="3" type="stmt"/>
      <line num="183" count="4" type="cond" truecount="2" falsecount="0"/>
      <line num="184" count="2" type="cond" truecount="2" falsecount="0"/>
      <line num="185" count="1" type="stmt"/>
      <line num="186" count="1" type="stmt"/>
      <line num="187" count="1" type="stmt"/>
      <line num="189" count="1" type="stmt"/>
      <line num="197" count="3" type="cond" truecount="2" falsecount="0"/>
      <line num="201" count="3" type="stmt"/>
      <line num="207" count="3" type="cond" truecount="2" falsecount="0"/>
      <line num="208" count="1" type="stmt"/>
      <line num="209" count="1" type="stmt"/>
      <line num="210" count="1" type="stmt"/>
      <line num="212" count="2" type="stmt"/>
      <line num="216" count="11" type="stmt"/>
      <line num="220" count="11" type="cond" truecount="2" falsecount="0"/>
      <line num="221" count="1" type="stmt"/>
      <line num="222" count="1" type="stmt"/>
      <line num="223" count="1" type="stmt"/>
      <line num="225" count="10" type="cond" truecount="1" falsecount="1"/>
      <line num="226" count="10" type="cond" truecount="2" falsecount="0"/>
      <line num="228" count="10" type="cond" truecount="2" falsecount="0"/>
      <line num="229" count="5" type="cond" truecount="2" falsecount="0"/>
      <line num="230" count="1" type="stmt"/>
      <line num="231" count="1" type="stmt"/>
      <line num="232" count="1" type="stmt"/>
      <line num="234" count="4" type="stmt"/>
      <line num="236" count="9" type="cond" truecount="2" falsecount="0"/>
      <line num="237" count="5" type="cond" truecount="1" falsecount="1"/>
      <line num="238" count="0" type="stmt"/>
      <line num="239" count="0" type="stmt"/>
      <line num="240" count="0" type="stmt"/>
      <line num="242" count="5" type="cond" truecount="2" falsecount="0"/>
      <line num="243" count="1" type="stmt"/>
      <line num="244" count="1" type="stmt"/>
      <line num="245" count="1" type="stmt"/>
      <line num="247" count="4" type="stmt"/>
      <line num="250" count="5" type="stmt"/>
      <line num="254" count="5" type="cond" truecount="2" falsecount="0"/>
      <line num="255" count="1" type="stmt"/>
      <line num="256" count="1" type="stmt"/>
      <line num="257" count="1" type="stmt"/>
      <line num="259" count="4" type="stmt"/>
      <line num="263" count="0" type="stmt"/>
      <line num="267" count="0" type="cond" truecount="0" falsecount="2"/>
      <line num="268" count="0" type="stmt"/>
      <line num="269" count="0" type="stmt"/>
      <line num="270" count="0" type="stmt"/>
      <line num="272" count="0" type="cond" truecount="0" falsecount="2"/>
      <line num="273" count="0" type="stmt"/>
      <line num="274" count="0" type="stmt"/>
      <line num="275" count="0" type="stmt"/>
      <line num="277" count="0" type="cond" truecount="0" falsecount="2"/>
      <line num="278" count="0" type="cond" truecount="0" falsecount="2"/>
      <line num="280" count="0" type="cond" truecount="0" falsecount="2"/>
      <line num="281" count="0" type="stmt"/>
      <line num="282" count="0" type="cond" truecount="0" falsecount="2"/>
      <line num="283" count="0" type="stmt"/>
      <line num="287" count="0" type="cond" truecount="0" falsecount="2"/>
      <line num="300" count="0" type="cond" truecount="0" falsecount="4"/>
      <line num="301" count="0" type="cond" truecount="0" falsecount="2"/>
      <line num="302" count="0" type="stmt"/>
      <line num="303" count="0" type="stmt"/>
      <line num="304" count="0" type="stmt"/>
      <line num="306" count="0" type="stmt"/>
      <line num="310" count="4" type="stmt"/>
      <line num="336" count="4" type="cond" truecount="2" falsecount="0"/>
      <line num="340" count="8" type="cond" truecount="2" falsecount="0"/>
      <line num="341" count="1" type="stmt"/>
      <line num="342" count="1" type="stmt"/>
      <line num="343" count="1" type="stmt"/>
      <line num="345" count="7" type="stmt"/>
      <line num="349" count="7" type="cond" truecount="2" falsecount="0"/>
      <line num="350" count="1" type="stmt"/>
      <line num="351" count="1" type="stmt"/>
      <line num="352" count="1" type="stmt"/>
      <line num="354" count="6" type="cond" truecount="1" falsecount="1"/>
      <line num="355" count="6" type="cond" truecount="1" falsecount="1"/>
      <line num="356" count="6" type="cond" truecount="2" falsecount="0"/>
      <line num="357" count="6" type="cond" truecount="2" falsecount="0"/>
      <line num="359" count="6" type="stmt"/>
      <line num="360" count="6" type="stmt"/>
      <line num="361" count="6" type="cond" truecount="4" falsecount="0"/>
      <line num="362" count="1" type="stmt"/>
      <line num="363" count="1" type="stmt"/>
      <line num="364" count="1" type="stmt"/>
      <line num="366" count="5" type="cond" truecount="2" falsecount="0"/>
      <line num="367" count="3" type="cond" truecount="4" falsecount="0"/>
      <line num="368" count="1" type="stmt"/>
      <line num="369" count="1" type="stmt"/>
      <line num="370" count="1" type="stmt"/>
      <line num="372" count="2" type="cond" truecount="1" falsecount="1"/>
      <line num="373" count="2" type="stmt"/>
      <line num="374" count="2" type="cond" truecount="2" falsecount="0"/>
      <line num="375" count="1" type="stmt"/>
      <line num="376" count="1" type="stmt"/>
      <line num="377" count="1" type="stmt"/>
      <line num="380" count="3" type="cond" truecount="1" falsecount="1"/>
      <line num="381" count="0" type="stmt"/>
      <line num="382" count="0" type="stmt"/>
      <line num="383" count="0" type="stmt"/>
      <line num="385" count="3" type="stmt"/>
      <line num="387" count="3" type="stmt"/>
      <line num="395" count="3" type="cond" truecount="2" falsecount="0"/>
      <line num="396" count="1" type="stmt"/>
      <line num="397" count="1" type="stmt"/>
      <line num="398" count="1" type="stmt"/>
      <line num="400" count="2" type="stmt"/>
      <line num="401" count="2" type="stmt"/>
      <line num="405" count="3" type="cond" truecount="1" falsecount="1"/>
      <line num="406" count="0" type="stmt"/>
      <line num="407" count="0" type="stmt"/>
      <line num="408" count="0" type="stmt"/>
      <line num="410" count="3" type="stmt"/>
      <line num="413" count="3" type="cond" truecount="1" falsecount="1"/>
      <line num="414" count="0" type="stmt"/>
      <line num="415" count="0" type="stmt"/>
      <line num="416" count="0" type="stmt"/>
      <line num="418" count="3" type="cond" truecount="1" falsecount="1"/>
      <line num="419" count="3" type="cond" truecount="1" falsecount="1"/>
      <line num="420" count="3" type="cond" truecount="2" falsecount="0"/>
      <line num="421" count="1" type="stmt"/>
      <line num="422" count="1" type="stmt"/>
      <line num="423" count="1" type="stmt"/>
      <line num="425" count="2" type="cond" truecount="1" falsecount="1"/>
      <line num="426" count="0" type="stmt"/>
      <line num="427" count="0" type="stmt"/>
      <line num="428" count="0" type="stmt"/>
      <line num="430" count="2" type="cond" truecount="3" falsecount="1"/>
      <line num="431" count="0" type="stmt"/>
      <line num="432" count="0" type="stmt"/>
      <line num="433" count="0" type="stmt"/>
      <line num="435" count="2" type="stmt"/>
      <line num="443" count="2" type="cond" truecount="2" falsecount="0"/>
      <line num="444" count="1" type="stmt"/>
      <line num="445" count="1" type="stmt"/>
      <line num="446" count="1" type="stmt"/>
      <line num="448" count="1" type="stmt"/>
      <line num="449" count="1" type="cond" truecount="1" falsecount="1"/>
      <line num="450" count="0" type="stmt"/>
      <line num="451" count="0" type="stmt"/>
      <line num="452" count="0" type="stmt"/>
      <line num="454" count="1" type="stmt"/>
      <line num="458" count="16" type="stmt"/>
      <line num="468" count="16" type="cond" truecount="2" falsecount="0"/>
      <line num="469" count="1" type="stmt"/>
      <line num="470" count="1" type="stmt"/>
      <line num="471" count="1" type="stmt"/>
      <line num="473" count="15" type="stmt"/>
      <line num="474" count="15" type="cond" truecount="3" falsecount="1"/>
      <line num="475" count="1" type="stmt"/>
      <line num="476" count="1" type="stmt"/>
      <line num="477" count="1" type="stmt"/>
      <line num="479" count="14" type="cond" truecount="3" falsecount="1"/>
      <line num="480" count="2" type="cond" truecount="2" falsecount="0"/>
      <line num="481" count="2" type="cond" truecount="4" falsecount="0"/>
      <line num="482" count="1" type="stmt"/>
      <line num="483" count="1" type="stmt"/>
      <line num="484" count="1" type="stmt"/>
      <line num="486" count="1" type="stmt"/>
      <line num="497" count="1" type="cond" truecount="1" falsecount="1"/>
      <line num="498" count="1" type="stmt"/>
      <line num="499" count="1" type="stmt"/>
      <line num="500" count="1" type="stmt"/>
      <line num="504" count="12" type="cond" truecount="1" falsecount="1"/>
      <line num="505" count="12" type="cond" truecount="1" falsecount="1"/>
      <line num="506" count="12" type="stmt"/>
      <line num="507" count="12" type="stmt"/>
      <line num="508" count="12" type="cond" truecount="2" falsecount="0"/>
      <line num="509" count="4" type="cond" truecount="2" falsecount="0"/>
      <line num="510" count="4" type="stmt"/>
      <line num="512" count="4" type="cond" truecount="2" falsecount="0"/>
      <line num="513" count="1" type="stmt"/>
      <line num="514" count="3" type="cond" truecount="2" falsecount="0"/>
      <line num="515" count="1" type="stmt"/>
      <line num="517" count="3" type="stmt"/>
      <line num="518" count="2" type="stmt"/>
      <line num="520" count="4" type="stmt"/>
      <line num="521" count="4" type="stmt"/>
      <line num="522" count="4" type="stmt"/>
      <line num="523" count="4" type="stmt"/>
      <line num="524" count="4" type="stmt"/>
      <line num="525" count="4" type="stmt"/>
      <line num="526" count="4" type="stmt"/>
      <line num="527" count="4" type="stmt"/>
      <line num="528" count="8" type="cond" truecount="2" falsecount="0"/>
      <line num="529" count="7" type="cond" truecount="2" falsecount="1"/>
      <line num="530" count="7" type="cond" truecount="2" falsecount="2"/>
      <line num="531" count="7" type="cond" truecount="2" falsecount="0"/>
      <line num="532" count="1" type="stmt"/>
      <line num="533" count="1" type="stmt"/>
      <line num="534" count="1" type="stmt"/>
      <line num="536" count="6" type="cond" truecount="1" falsecount="1"/>
      <line num="537" count="6" type="stmt"/>
      <line num="538" count="6" type="cond" truecount="2" falsecount="0"/>
      <line num="539" count="1" type="stmt"/>
      <line num="540" count="1" type="stmt"/>
      <line num="541" count="1" type="stmt"/>
      <line num="543" count="5" type="stmt"/>
      <line num="544" count="5" type="cond" truecount="2" falsecount="0"/>
      <line num="546" count="2" type="cond" truecount="2" falsecount="0"/>
      <line num="547" count="3" type="stmt"/>
      <line num="548" count="1" type="stmt"/>
      <line num="551" count="5" type="stmt"/>
      <line num="553" count="1" type="stmt"/>
      <line num="554" count="1" type="stmt"/>
      <line num="555" count="1" type="stmt"/>
      <line num="559" count="9" type="cond" truecount="3" falsecount="0"/>
      <line num="560" count="9" type="cond" truecount="4" falsecount="0"/>
      <line num="564" count="9" type="stmt"/>
      <line num="569" count="5" type="stmt"/>
      <line num="573" count="5" type="cond" truecount="2" falsecount="0"/>
      <line num="574" count="1" type="stmt"/>
      <line num="575" count="1" type="stmt"/>
      <line num="576" count="1" type="stmt"/>
      <line num="580" count="4" type="stmt"/>
      <line num="584" count="4" type="cond" truecount="2" falsecount="0"/>
      <line num="585" count="1" type="stmt"/>
      <line num="588" count="3" type="cond" truecount="1" falsecount="1"/>
      <line num="589" count="3" type="cond" truecount="4" falsecount="0"/>
      <line num="591" count="3" type="cond" truecount="2" falsecount="0"/>
      <line num="593" count="1" type="stmt"/>
      <line num="597" count="1" type="cond" truecount="1" falsecount="1"/>
      <line num="601" count="3" type="stmt"/>
      <line num="609" count="3" type="stmt"/>
      <line num="614" count="3" type="stmt"/>
      <line num="617" count="1" type="stmt"/>
    </file>
    <file name="emailService.js" path="C:\Users\lcmuniz\Documents\spe-projects\spe-api\services\emailService.js">
      <metrics statements="82" coveredstatements="82" conditionals="104" coveredconditionals="89" methods="10" coveredmethods="10"/>
      <line num="1" count="19" type="stmt"/>
      <line num="2" count="19" type="stmt"/>
      <line num="3" count="19" type="stmt"/>
      <line num="4" count="19" type="stmt"/>
      <line num="6" count="19" type="cond" truecount="2" falsecount="0"/>
      <line num="7" count="19" type="cond" truecount="2" falsecount="0"/>
      <line num="8" count="1" type="stmt"/>
      <line num="13" count="14" type="cond" truecount="2" falsecount="0"/>
      <line num="14" count="13" type="stmt"/>
      <line num="16" count="14" type="stmt"/>
      <line num="20" count="14" type="cond" truecount="5" falsecount="0"/>
      <line num="21" count="14" type="cond" truecount="5" falsecount="0"/>
      <line num="22" count="14" type="stmt"/>
      <line num="26" count="22" type="cond" truecount="2" falsecount="0"/>
      <line num="27" count="22" type="stmt"/>
      <line num="30" count="25" type="cond" truecount="2" falsecount="0"/>
      <line num="31" count="24" type="cond" truecount="2" falsecount="0"/>
      <line num="32" count="6" type="cond" truecount="3" falsecount="1"/>
      <line num="33" count="1" type="stmt"/>
      <line num="38" count="14" type="cond" truecount="4" falsecount="0"/>
      <line num="39" count="2" type="stmt"/>
      <line num="40" count="3" type="cond" truecount="1" falsecount="1"/>
      <line num="41" count="3" type="cond" truecount="3" falsecount="1"/>
      <line num="42" count="2" type="cond" truecount="2" falsecount="0"/>
      <line num="43" count="1" type="stmt"/>
      <line num="44" count="1" type="cond" truecount="1" falsecount="1"/>
      <line num="46" count="1" type="stmt"/>
      <line num="51" count="19" type="stmt"/>
      <line num="52" count="18" type="cond" truecount="2" falsecount="0"/>
      <line num="53" count="1" type="stmt"/>
      <line num="54" count="1" type="stmt"/>
      <line num="55" count="1" type="stmt"/>
      <line num="57" count="17" type="cond" truecount="2" falsecount="0"/>
      <line num="58" count="1" type="stmt"/>
      <line num="59" count="1" type="stmt"/>
      <line num="60" count="1" type="stmt"/>
      <line num="62" count="16" type="cond" truecount="4" falsecount="0"/>
      <line num="63" count="1" type="stmt"/>
      <line num="64" count="1" type="stmt"/>
      <line num="65" count="1" type="stmt"/>
      <line num="67" count="15" type="cond" truecount="2" falsecount="0"/>
      <line num="68" count="1" type="stmt"/>
      <line num="69" count="1" type="stmt"/>
      <line num="70" count="1" type="stmt"/>
      <line num="73" count="14" type="stmt"/>
      <line num="74" count="14" type="stmt"/>
      <line num="75" count="14" type="stmt"/>
      <line num="80" count="14" type="cond" truecount="2" falsecount="0"/>
      <line num="81" count="1" type="cond" truecount="1" falsecount="1"/>
      <line num="82" count="1" type="stmt"/>
      <line num="83" count="1" type="stmt"/>
      <line num="85" count="14" type="cond" truecount="4" falsecount="0"/>
      <line num="86" count="14" type="cond" truecount="4" falsecount="0"/>
      <line num="87" count="14" type="cond" truecount="2" falsecount="0"/>
      <line num="88" count="14" type="cond" truecount="2" falsecount="0"/>
      <line num="89" count="14" type="stmt"/>
      <line num="90" count="13" type="cond" truecount="2" falsecount="0"/>
      <line num="92" count="13" type="stmt"/>
      <line num="93" count="13" type="stmt"/>
      <line num="94" count="9" type="stmt"/>
      <line num="96" count="4" type="cond" truecount="7" falsecount="0"/>
      <line num="97" count="4" type="cond" truecount="3" falsecount="5"/>
      <line num="99" count="4" type="stmt"/>
      <line num="100" count="4" type="cond" truecount="2" falsecount="0"/>
      <line num="102" count="1" type="stmt"/>
      <line num="104" count="4" type="cond" truecount="4" falsecount="0"/>
      <line num="105" count="4" type="cond" truecount="2" falsecount="0"/>
      <line num="106" count="4" type="stmt"/>
      <line num="107" count="4" type="cond" truecount="2" falsecount="0"/>
      <line num="108" count="4" type="stmt"/>
      <line num="109" count="4" type="stmt"/>
      <line num="114" count="3" type="cond" truecount="2" falsecount="0"/>
      <line num="115" count="3" type="cond" truecount="2" falsecount="0"/>
      <line num="116" count="1" type="stmt"/>
      <line num="117" count="1" type="stmt"/>
      <line num="118" count="1" type="stmt"/>
      <line num="120" count="2" type="cond" truecount="1" falsecount="1"/>
      <line num="122" count="3" type="stmt"/>
      <line num="126" count="2" type="stmt"/>
      <line num="130" count="1" type="cond" truecount="1" falsecount="1"/>
      <line num="131" count="1" type="stmt"/>
      <line num="134" count="19" type="stmt"/>
    </file>
    <file name="externoService.js" path="C:\Users\lcmuniz\Documents\spe-projects\spe-api\services\externoService.js">
      <metrics statements="105" coveredstatements="96" conditionals="85" coveredconditionals="71" methods="9" coveredmethods="9"/>
      <line num="1" count="1" type="stmt"/>
      <line num="2" count="1" type="stmt"/>
      <line num="3" count="1" type="stmt"/>
      <line num="6" count="2" type="cond" truecount="2" falsecount="0"/>
      <line num="7" count="2" type="cond" truecount="2" falsecount="0"/>
      <line num="8" count="2" type="cond" truecount="4" falsecount="0"/>
      <line num="9" count="1" type="stmt"/>
      <line num="10" count="1" type="stmt"/>
      <line num="11" count="1" type="stmt"/>
      <line num="14" count="1" type="stmt"/>
      <line num="38" count="1" type="stmt"/>
      <line num="42" count="3" type="cond" truecount="1" falsecount="1"/>
      <line num="43" count="3" type="cond" truecount="1" falsecount="1"/>
      <line num="44" count="3" type="cond" truecount="1" falsecount="1"/>
      <line num="45" count="3" type="cond" truecount="4" falsecount="1"/>
      <line num="46" count="0" type="stmt"/>
      <line num="47" count="0" type="stmt"/>
      <line num="48" count="0" type="stmt"/>
      <line num="50" count="3" type="stmt"/>
      <line num="62" count="3" type="cond" truecount="1" falsecount="1"/>
      <line num="63" count="0" type="stmt"/>
      <line num="64" count="0" type="stmt"/>
      <line num="65" count="0" type="stmt"/>
      <line num="67" count="3" type="stmt"/>
      <line num="71" count="1" type="stmt"/>
      <line num="72" count="1" type="stmt"/>
      <line num="85" count="1" type="stmt"/>
      <line num="89" count="2" type="stmt"/>
      <line num="90" count="2" type="cond" truecount="2" falsecount="0"/>
      <line num="91" count="2" type="cond" truecount="2" falsecount="0"/>
      <line num="92" count="2" type="cond" truecount="4" falsecount="0"/>
      <line num="93" count="1" type="stmt"/>
      <line num="94" count="1" type="stmt"/>
      <line num="95" count="1" type="stmt"/>
      <line num="97" count="1" type="stmt"/>
      <line num="98" count="1" type="stmt"/>
      <line num="103" count="1" type="stmt"/>
      <line num="114" count="1" type="stmt"/>
      <line num="118" count="3" type="cond" truecount="2" falsecount="0"/>
      <line num="119" count="3" type="cond" truecount="2" falsecount="0"/>
      <line num="120" count="1" type="stmt"/>
      <line num="121" count="1" type="stmt"/>
      <line num="122" count="1" type="stmt"/>
      <line num="124" count="2" type="stmt"/>
      <line num="125" count="2" type="cond" truecount="2" falsecount="0"/>
      <line num="126" count="2" type="cond" truecount="2" falsecount="0"/>
      <line num="127" count="2" type="cond" truecount="2" falsecount="0"/>
      <line num="128" count="2" type="stmt"/>
      <line num="144" count="2" type="stmt"/>
      <line num="149" count="8" type="cond" truecount="2" falsecount="0"/>
      <line num="150" count="8" type="cond" truecount="2" falsecount="0"/>
      <line num="151" count="8" type="cond" truecount="4" falsecount="0"/>
      <line num="152" count="1" type="stmt"/>
      <line num="153" count="1" type="stmt"/>
      <line num="154" count="1" type="stmt"/>
      <line num="156" count="7" type="stmt"/>
      <line num="174" count="7" type="cond" truecount="2" falsecount="0"/>
      <line num="175" count="1" type="stmt"/>
      <line num="176" count="1" type="stmt"/>
      <line num="177" count="1" type="stmt"/>
      <line num="179" count="6" type="stmt"/>
      <line num="184" count="2" type="stmt"/>
      <line num="185" count="2" type="cond" truecount="1" falsecount="1"/>
      <line num="186" count="2" type="cond" truecount="2" falsecount="0"/>
      <line num="187" count="1" type="stmt"/>
      <line num="188" count="1" type="stmt"/>
      <line num="189" count="1" type="stmt"/>
      <line num="191" count="1" type="stmt"/>
      <line num="193" count="1" type="stmt"/>
      <line num="206" count="1" type="stmt"/>
      <line num="211" count="1" type="stmt"/>
      <line num="215" count="1" type="stmt"/>
      <line num="220" count="3" type="stmt"/>
      <line num="221" count="3" type="cond" truecount="1" falsecount="1"/>
      <line num="222" count="3" type="cond" truecount="2" falsecount="0"/>
      <line num="223" count="1" type="stmt"/>
      <line num="224" count="1" type="stmt"/>
      <line num="225" count="1" type="stmt"/>
      <line num="227" count="2" type="cond" truecount="2" falsecount="0"/>
      <line num="228" count="2" type="cond" truecount="2" falsecount="0"/>
      <line num="229" count="1" type="stmt"/>
      <line num="230" count="1" type="stmt"/>
      <line num="231" count="1" type="stmt"/>
      <line num="233" count="1" type="stmt"/>
      <line num="237" count="1" type="stmt"/>
      <line num="241" count="3" type="cond" truecount="2" falsecount="0"/>
      <line num="242" count="3" type="cond" truecount="2" falsecount="0"/>
      <line num="243" count="3" type="cond" truecount="4" falsecount="0"/>
      <line num="244" count="1" type="stmt"/>
      <line num="245" count="1" type="stmt"/>
      <line num="246" count="1" type="stmt"/>
      <line num="248" count="2" type="cond" truecount="1" falsecount="1"/>
      <line num="249" count="0" type="stmt"/>
      <line num="250" count="0" type="stmt"/>
      <line num="251" count="0" type="stmt"/>
      <line num="254" count="2" type="stmt"/>
      <line num="258" count="2" type="cond" truecount="2" falsecount="0"/>
      <line num="259" count="1" type="stmt"/>
      <line num="260" count="1" type="stmt"/>
      <line num="261" count="1" type="stmt"/>
      <line num="263" count="1" type="stmt"/>
      <line num="265" count="1" type="stmt"/>
      <line num="278" count="1" type="stmt"/>
      <line num="290" count="1" type="stmt"/>
      <line num="292" count="1" type="stmt"/>
    </file>
    <file name="partesCadastroService.js" path="C:\Users\lcmuniz\Documents\spe-projects\spe-api\services\partesCadastroService.js">
      <metrics statements="51" coveredstatements="49" conditionals="54" coveredconditionals="41" methods="8" coveredmethods="8"/>
      <line num="1" count="1" type="stmt"/>
      <line num="2" count="1" type="stmt"/>
      <line num="4" count="1" type="stmt"/>
      <line num="7" count="2" type="cond" truecount="1" falsecount="1"/>
      <line num="10" count="2" type="cond" truecount="1" falsecount="1"/>
      <line num="11" count="2" type="stmt"/>
      <line num="15" count="2" type="stmt"/>
      <line num="33" count="2" type="stmt"/>
      <line num="34" count="2" type="stmt"/>
      <line num="35" count="2" type="cond" truecount="2" falsecount="0"/>
      <line num="36" count="1" type="stmt"/>
      <line num="37" count="1" type="stmt"/>
      <line num="39" count="2" type="stmt"/>
      <line num="40" count="2" type="stmt"/>
      <line num="41" count="2" type="stmt"/>
      <line num="42" count="2" type="stmt"/>
      <line num="43" count="2" type="stmt"/>
      <line num="44" count="2" type="stmt"/>
      <line num="45" count="2" type="cond" truecount="1" falsecount="1"/>
      <line num="49" count="1" type="stmt"/>
      <line num="50" count="1" type="cond" truecount="1" falsecount="1"/>
      <line num="54" count="1" type="stmt"/>
      <line num="55" count="1" type="cond" truecount="2" falsecount="0"/>
      <line num="56" count="1" type="stmt"/>
      <line num="57" count="1" type="stmt"/>
      <line num="68" count="1" type="stmt"/>
      <line num="84" count="1" type="stmt"/>
      <line num="85" count="1" type="cond" truecount="1" falsecount="1"/>
      <line num="89" count="1" type="stmt"/>
      <line num="90" count="1" type="stmt"/>
      <line num="104" count="1" type="stmt"/>
      <line num="105" count="1" type="stmt"/>
      <line num="106" count="1" type="stmt"/>
      <line num="107" count="12" type="cond" truecount="1" falsecount="1"/>
      <line num="108" count="12" type="stmt"/>
      <line num="109" count="12" type="stmt"/>
      <line num="112" count="1" type="cond" truecount="1" falsecount="1"/>
      <line num="113" count="0" type="stmt"/>
      <line num="114" count="0" type="stmt"/>
      <line num="116" count="1" type="stmt"/>
      <line num="117" count="1" type="stmt"/>
      <line num="118" count="1" type="stmt"/>
      <line num="119" count="1" type="cond" truecount="1" falsecount="1"/>
      <line num="124" count="3" type="stmt"/>
      <line num="125" count="3" type="cond" truecount="4" falsecount="0"/>
      <line num="126" count="1" type="stmt"/>
      <line num="127" count="1" type="stmt"/>
      <line num="128" count="1" type="stmt"/>
      <line num="130" count="2" type="stmt"/>
      <line num="131" count="2" type="stmt"/>
      <line num="134" count="1" type="stmt"/>
    </file>
    <file name="processosService.js" path="C:\Users\lcmuniz\Documents\spe-projects\spe-api\services\processosService.js">
      <metrics statements="351" coveredstatements="348" conditionals="264" coveredconditionals="225" methods="17" coveredmethods="17"/>
      <line num="1" count="2" type="stmt"/>
      <line num="2" count="2" type="stmt"/>
      <line num="3" count="2" type="stmt"/>
      <line num="6" count="3" type="stmt"/>
      <line num="7" count="18" type="cond" truecount="1" falsecount="0"/>
      <line num="8" count="3" type="stmt"/>
      <line num="12" count="3" type="stmt"/>
      <line num="25" count="3" type="stmt"/>
      <line num="29" count="5" type="stmt"/>
      <line num="49" count="5" type="stmt"/>
      <line num="50" count="5" type="cond" truecount="2" falsecount="0"/>
      <line num="51" count="3" type="stmt"/>
      <line num="52" count="3" type="stmt"/>
      <line num="67" count="5" type="cond" truecount="2" falsecount="0"/>
      <line num="68" count="4" type="cond" truecount="5" falsecount="0"/>
      <line num="69" count="1" type="stmt"/>
      <line num="70" count="1" type="stmt"/>
      <line num="71" count="1" type="stmt"/>
      <line num="73" count="3" type="stmt"/>
      <line num="74" count="3" type="stmt"/>
      <line num="75" count="3" type="cond" truecount="1" falsecount="2"/>
      <line num="77" count="3" type="stmt"/>
      <line num="78" count="3" type="stmt"/>
      <line num="93" count="3" type="stmt"/>
      <line num="94" count="4" type="stmt"/>
      <line num="95" count="4" type="cond" truecount="2" falsecount="0"/>
      <line num="97" count="2" type="stmt"/>
      <line num="98" count="2" type="cond" truecount="2" falsecount="0"/>
      <line num="99" count="1" type="stmt"/>
      <line num="100" count="1" type="stmt"/>
      <line num="101" count="1" type="stmt"/>
      <line num="103" count="1" type="stmt"/>
      <line num="110" count="2" type="stmt"/>
      <line num="111" count="2" type="stmt"/>
      <line num="116" count="2" type="stmt"/>
      <line num="123" count="2" type="stmt"/>
      <line num="124" count="2" type="stmt"/>
      <line num="131" count="2" type="stmt"/>
      <line num="132" count="2" type="cond" truecount="1" falsecount="1"/>
      <line num="133" count="2" type="stmt"/>
      <line num="134" count="2" type="stmt"/>
      <line num="140" count="2" type="stmt"/>
      <line num="142" count="2" type="stmt"/>
      <line num="151" count="2" type="stmt"/>
      <line num="166" count="2" type="stmt"/>
      <line num="170" count="3" type="stmt"/>
      <line num="171" count="3" type="cond" truecount="2" falsecount="0"/>
      <line num="172" count="1" type="stmt"/>
      <line num="173" count="1" type="stmt"/>
      <line num="174" count="1" type="stmt"/>
      <line num="177" count="2" type="cond" truecount="5" falsecount="0"/>
      <line num="178" count="1" type="stmt"/>
      <line num="179" count="1" type="stmt"/>
      <line num="180" count="1" type="stmt"/>
      <line num="183" count="1" type="cond" truecount="1" falsecount="1"/>
      <line num="185" count="1" type="stmt"/>
      <line num="203" count="1" type="stmt"/>
      <line num="225" count="1" type="stmt"/>
      <line num="229" count="9" type="cond" truecount="2" falsecount="0"/>
      <line num="230" count="1" type="stmt"/>
      <line num="231" count="1" type="stmt"/>
      <line num="232" count="1" type="stmt"/>
      <line num="234" count="8" type="cond" truecount="2" falsecount="0"/>
      <line num="235" count="1" type="stmt"/>
      <line num="236" count="1" type="stmt"/>
      <line num="237" count="1" type="stmt"/>
      <line num="239" count="7" type="stmt"/>
      <line num="243" count="7" type="cond" truecount="2" falsecount="0"/>
      <line num="244" count="1" type="stmt"/>
      <line num="245" count="1" type="stmt"/>
      <line num="246" count="1" type="stmt"/>
      <line num="248" count="6" type="cond" truecount="1" falsecount="1"/>
      <line num="249" count="6" type="cond" truecount="1" falsecount="1"/>
      <line num="250" count="6" type="cond" truecount="4" falsecount="0"/>
      <line num="251" count="1" type="stmt"/>
      <line num="252" count="1" type="stmt"/>
      <line num="253" count="1" type="stmt"/>
      <line num="255" count="5" type="stmt"/>
      <line num="256" count="5" type="cond" truecount="2" falsecount="0"/>
      <line num="257" count="1" type="stmt"/>
      <line num="258" count="1" type="stmt"/>
      <line num="259" count="1" type="stmt"/>
      <line num="261" count="4" type="cond" truecount="1" falsecount="1"/>
      <line num="262" count="4" type="cond" truecount="2" falsecount="0"/>
      <line num="263" count="1" type="stmt"/>
      <line num="264" count="1" type="stmt"/>
      <line num="265" count="1" type="stmt"/>
      <line num="269" count="3" type="cond" truecount="2" falsecount="0"/>
      <line num="270" count="3" type="cond" truecount="4" falsecount="0"/>
      <line num="271" count="1" type="stmt"/>
      <line num="281" count="1" type="cond" truecount="1" falsecount="1"/>
      <line num="282" count="1" type="stmt"/>
      <line num="283" count="1" type="stmt"/>
      <line num="284" count="1" type="stmt"/>
      <line num="288" count="2" type="stmt"/>
      <line num="292" count="2" type="cond" truecount="2" falsecount="0"/>
      <line num="293" count="1" type="stmt"/>
      <line num="294" count="1" type="stmt"/>
      <line num="295" count="1" type="stmt"/>
      <line num="297" count="1" type="stmt"/>
      <line num="301" count="1" type="cond" truecount="1" falsecount="1"/>
      <line num="305" count="5" type="stmt"/>
      <line num="306" count="5" type="cond" truecount="4" falsecount="0"/>
      <line num="307" count="1" type="stmt"/>
      <line num="308" count="1" type="stmt"/>
      <line num="309" count="1" type="stmt"/>
      <line num="311" count="4" type="cond" truecount="2" falsecount="0"/>
      <line num="312" count="1" type="stmt"/>
      <line num="313" count="1" type="stmt"/>
      <line num="314" count="1" type="stmt"/>
      <line num="317" count="3" type="stmt"/>
      <line num="320" count="3" type="cond" truecount="2" falsecount="0"/>
      <line num="321" count="1" type="stmt"/>
      <line num="322" count="1" type="stmt"/>
      <line num="323" count="1" type="stmt"/>
      <line num="325" count="2" type="cond" truecount="1" falsecount="1"/>
      <line num="326" count="2" type="cond" truecount="4" falsecount="0"/>
      <line num="327" count="1" type="stmt"/>
      <line num="330" count="1" type="stmt"/>
      <line num="331" count="1" type="stmt"/>
      <line num="334" count="1" type="stmt"/>
      <line num="338" count="1" type="cond" truecount="1" falsecount="1"/>
      <line num="339" count="0" type="stmt"/>
      <line num="340" count="0" type="stmt"/>
      <line num="341" count="0" type="stmt"/>
      <line num="344" count="1" type="stmt"/>
      <line num="348" count="1" type="stmt"/>
      <line num="352" count="6" type="cond" truecount="2" falsecount="0"/>
      <line num="353" count="1" type="stmt"/>
      <line num="354" count="1" type="stmt"/>
      <line num="355" count="1" type="stmt"/>
      <line num="357" count="5" type="stmt"/>
      <line num="361" count="5" type="cond" truecount="2" falsecount="0"/>
      <line num="362" count="1" type="stmt"/>
      <line num="363" count="1" type="stmt"/>
      <line num="364" count="1" type="stmt"/>
      <line num="366" count="4" type="stmt"/>
      <line num="367" count="4" type="stmt"/>
      <line num="368" count="4" type="cond" truecount="3" falsecount="1"/>
      <line num="369" count="1" type="stmt"/>
      <line num="370" count="1" type="stmt"/>
      <line num="371" count="1" type="stmt"/>
      <line num="373" count="3" type="stmt"/>
      <line num="374" count="3" type="stmt"/>
      <line num="375" count="3" type="stmt"/>
      <line num="389" count="3" type="stmt"/>
      <line num="401" count="3" type="stmt"/>
      <line num="402" count="3" type="stmt"/>
      <line num="406" count="3" type="stmt"/>
      <line num="420" count="4" type="stmt"/>
      <line num="421" count="4" type="stmt"/>
      <line num="423" count="4" type="cond" truecount="2" falsecount="0"/>
      <line num="424" count="1" type="stmt"/>
      <line num="425" count="1" type="stmt"/>
      <line num="427" count="4" type="cond" truecount="2" falsecount="0"/>
      <line num="428" count="1" type="stmt"/>
      <line num="429" count="1" type="stmt"/>
      <line num="431" count="4" type="cond" truecount="2" falsecount="0"/>
      <line num="432" count="1" type="stmt"/>
      <line num="433" count="1" type="stmt"/>
      <line num="442" count="4" type="cond" truecount="2" falsecount="0"/>
      <line num="443" count="1" type="stmt"/>
      <line num="444" count="1" type="stmt"/>
      <line num="446" count="4" type="cond" truecount="2" falsecount="0"/>
      <line num="447" count="1" type="stmt"/>
      <line num="448" count="1" type="stmt"/>
      <line num="450" count="4" type="cond" truecount="2" falsecount="0"/>
      <line num="451" count="1" type="stmt"/>
      <line num="452" count="1" type="stmt"/>
      <line num="454" count="4" type="cond" truecount="2" falsecount="0"/>
      <line num="455" count="1" type="stmt"/>
      <line num="456" count="1" type="stmt"/>
      <line num="458" count="4" type="cond" truecount="2" falsecount="0"/>
      <line num="459" count="1" type="stmt"/>
      <line num="461" count="4" type="cond" truecount="2" falsecount="0"/>
      <line num="462" count="1" type="stmt"/>
      <line num="463" count="1" type="stmt"/>
      <line num="465" count="4" type="cond" truecount="4" falsecount="0"/>
      <line num="466" count="1" type="stmt"/>
      <line num="467" count="1" type="stmt"/>
      <line num="470" count="4" type="cond" truecount="1" falsecount="1"/>
      <line num="471" count="4" type="cond" truecount="1" falsecount="1"/>
      <line num="472" count="4" type="stmt"/>
      <line num="474" count="4" type="cond" truecount="2" falsecount="0"/>
      <line num="475" count="4" type="stmt"/>
      <line num="476" count="4" type="cond" truecount="1" falsecount="1"/>
      <line num="478" count="4" type="stmt"/>
      <line num="511" count="4" type="stmt"/>
      <line num="513" count="4" type="stmt"/>
      <line num="517" count="6" type="cond" truecount="2" falsecount="0"/>
      <line num="518" count="3" type="stmt"/>
      <line num="519" count="3" type="cond" truecount="2" falsecount="0"/>
      <line num="520" count="1" type="stmt"/>
      <line num="521" count="1" type="stmt"/>
      <line num="522" count="1" type="stmt"/>
      <line num="524" count="2" type="stmt"/>
      <line num="527" count="2" type="cond" truecount="2" falsecount="0"/>
      <line num="528" count="1" type="stmt"/>
      <line num="529" count="1" type="stmt"/>
      <line num="530" count="1" type="stmt"/>
      <line num="532" count="1" type="stmt"/>
      <line num="533" count="1" type="stmt"/>
      <line num="534" count="1" type="stmt"/>
      <line num="539" count="1" type="stmt"/>
      <line num="551" count="1" type="stmt"/>
      <line num="555" count="3" type="cond" truecount="2" falsecount="0"/>
      <line num="556" count="1" type="stmt"/>
      <line num="557" count="1" type="stmt"/>
      <line num="558" count="1" type="stmt"/>
      <line num="560" count="2" type="stmt"/>
      <line num="561" count="2" type="cond" truecount="2" falsecount="0"/>
      <line num="562" count="1" type="stmt"/>
      <line num="563" count="1" type="stmt"/>
      <line num="564" count="1" type="stmt"/>
      <line num="566" count="1" type="stmt"/>
      <line num="567" count="1" type="stmt"/>
      <line num="568" count="1" type="stmt"/>
      <line num="573" count="1" type="stmt"/>
      <line num="578" count="1" type="stmt"/>
      <line num="590" count="1" type="stmt"/>
      <line num="593" count="2" type="stmt"/>
      <line num="600" count="2" type="cond" truecount="2" falsecount="0"/>
      <line num="601" count="1" type="stmt"/>
      <line num="602" count="1" type="stmt"/>
      <line num="603" count="1" type="stmt"/>
      <line num="605" count="1" type="stmt"/>
      <line num="606" count="1" type="stmt"/>
      <line num="609" count="2" type="stmt"/>
      <line num="623" count="2" type="stmt"/>
      <line num="626" count="10" type="cond" truecount="1" falsecount="1"/>
      <line num="627" count="10" type="stmt"/>
      <line num="630" count="10" type="cond" truecount="2" falsecount="0"/>
      <line num="631" count="8" type="stmt"/>
      <line num="639" count="8" type="stmt"/>
      <line num="641" count="2" type="stmt"/>
      <line num="649" count="2" type="stmt"/>
      <line num="652" count="10" type="cond" truecount="2" falsecount="0"/>
      <line num="653" count="2" type="stmt"/>
      <line num="654" count="2" type="stmt"/>
      <line num="655" count="2" type="stmt"/>
      <line num="658" count="8" type="cond" truecount="1" falsecount="1"/>
      <line num="659" count="8" type="cond" truecount="4" falsecount="0"/>
      <line num="661" count="4" type="cond" truecount="4" falsecount="0"/>
      <line num="662" count="2" type="stmt"/>
      <line num="663" count="2" type="stmt"/>
      <line num="664" count="2" type="stmt"/>
      <line num="666" count="2" type="stmt"/>
      <line num="677" count="2" type="cond" truecount="2" falsecount="0"/>
      <line num="678" count="1" type="stmt"/>
      <line num="679" count="1" type="stmt"/>
      <line num="680" count="1" type="stmt"/>
      <line num="684" count="5" type="stmt"/>
      <line num="686" count="5" type="stmt"/>
      <line num="708" count="5" type="stmt"/>
      <line num="723" count="5" type="stmt"/>
      <line num="735" count="5" type="stmt"/>
      <line num="748" count="6" type="cond" truecount="2" falsecount="0"/>
      <line num="749" count="1" type="stmt"/>
      <line num="750" count="1" type="stmt"/>
      <line num="751" count="1" type="stmt"/>
      <line num="754" count="5" type="stmt"/>
      <line num="758" count="5" type="cond" truecount="2" falsecount="0"/>
      <line num="759" count="1" type="stmt"/>
      <line num="760" count="1" type="stmt"/>
      <line num="761" count="1" type="stmt"/>
      <line num="763" count="4" type="stmt"/>
      <line num="764" count="4" type="stmt"/>
      <line num="765" count="4" type="cond" truecount="4" falsecount="0"/>
      <line num="766" count="1" type="stmt"/>
      <line num="767" count="1" type="stmt"/>
      <line num="768" count="1" type="stmt"/>
      <line num="771" count="3" type="stmt"/>
      <line num="772" count="3" type="cond" truecount="2" falsecount="0"/>
      <line num="773" count="1" type="stmt"/>
      <line num="774" count="1" type="stmt"/>
      <line num="775" count="1" type="stmt"/>
      <line num="777" count="2" type="cond" truecount="1" falsecount="1"/>
      <line num="778" count="2" type="cond" truecount="2" falsecount="0"/>
      <line num="779" count="1" type="stmt"/>
      <line num="780" count="1" type="stmt"/>
      <line num="781" count="1" type="stmt"/>
      <line num="785" count="1" type="stmt"/>
      <line num="786" count="1" type="stmt"/>
      <line num="788" count="1" type="stmt"/>
      <line num="789" count="1" type="stmt"/>
      <line num="800" count="1" type="stmt"/>
      <line num="802" count="1" type="stmt"/>
      <line num="806" count="1" type="stmt"/>
      <line num="809" count="7" type="cond" truecount="2" falsecount="0"/>
      <line num="810" count="1" type="stmt"/>
      <line num="811" count="1" type="stmt"/>
      <line num="812" count="1" type="stmt"/>
      <line num="814" count="6" type="cond" truecount="2" falsecount="0"/>
      <line num="815" count="1" type="stmt"/>
      <line num="816" count="1" type="stmt"/>
      <line num="817" count="1" type="stmt"/>
      <line num="820" count="5" type="stmt"/>
      <line num="824" count="5" type="cond" truecount="2" falsecount="0"/>
      <line num="825" count="1" type="stmt"/>
      <line num="826" count="1" type="stmt"/>
      <line num="827" count="1" type="stmt"/>
      <line num="829" count="4" type="stmt"/>
      <line num="830" count="4" type="stmt"/>
      <line num="831" count="4" type="stmt"/>
      <line num="832" count="4" type="cond" truecount="5" falsecount="0"/>
      <line num="833" count="1" type="stmt"/>
      <line num="834" count="1" type="stmt"/>
      <line num="835" count="1" type="stmt"/>
      <line num="838" count="3" type="stmt"/>
      <line num="839" count="3" type="cond" truecount="2" falsecount="0"/>
      <line num="840" count="1" type="stmt"/>
      <line num="841" count="1" type="stmt"/>
      <line num="842" count="1" type="stmt"/>
      <line num="844" count="2" type="cond" truecount="1" falsecount="1"/>
      <line num="845" count="2" type="cond" truecount="2" falsecount="0"/>
      <line num="846" count="1" type="stmt"/>
      <line num="847" count="1" type="stmt"/>
      <line num="848" count="1" type="stmt"/>
      <line num="851" count="1" type="stmt"/>
      <line num="852" count="1" type="stmt"/>
      <line num="853" count="1" type="stmt"/>
      <line num="858" count="1" type="stmt"/>
      <line num="868" count="1" type="stmt"/>
      <line num="870" count="1" type="stmt"/>
      <line num="875" count="1" type="stmt"/>
      <line num="878" count="6" type="cond" truecount="2" falsecount="0"/>
      <line num="879" count="1" type="stmt"/>
      <line num="880" count="1" type="stmt"/>
      <line num="881" count="1" type="stmt"/>
      <line num="883" count="5" type="stmt"/>
      <line num="887" count="5" type="cond" truecount="2" falsecount="0"/>
      <line num="888" count="1" type="stmt"/>
      <line num="889" count="1" type="stmt"/>
      <line num="890" count="1" type="stmt"/>
      <line num="892" count="4" type="stmt"/>
      <line num="893" count="4" type="cond" truecount="2" falsecount="0"/>
      <line num="894" count="1" type="stmt"/>
      <line num="895" count="1" type="stmt"/>
      <line num="896" count="1" type="stmt"/>
      <line num="898" count="3" type="cond" truecount="3" falsecount="1"/>
      <line num="899" count="1" type="stmt"/>
      <line num="900" count="1" type="stmt"/>
      <line num="901" count="1" type="stmt"/>
      <line num="903" count="2" type="cond" truecount="3" falsecount="1"/>
      <line num="904" count="1" type="stmt"/>
      <line num="905" count="1" type="stmt"/>
      <line num="906" count="1" type="stmt"/>
      <line num="909" count="1" type="stmt"/>
      <line num="912" count="1" type="stmt"/>
      <line num="916" count="1" type="stmt"/>
      <line num="918" count="2" type="stmt"/>
    </file>
    <file name="transacoesService.js" path="C:\Users\lcmuniz\Documents\spe-projects\spe-api\services\transacoesService.js">
      <metrics statements="6" coveredstatements="6" conditionals="0" coveredconditionals="0" methods="3" coveredmethods="3"/>
      <line num="1" count="3" type="stmt"/>
      <line num="4" count="2" type="stmt"/>
      <line num="5" count="2" type="stmt"/>
      <line num="12" count="9" type="stmt"/>
      <line num="16" count="8" type="stmt"/>
      <line num="19" count="3" type="stmt"/>
    </file>
    <file name="usuariosService.js" path="C:\Users\lcmuniz\Documents\spe-projects\spe-api\services\usuariosService.js">
      <metrics statements="39" coveredstatements="39" conditionals="34" coveredconditionals="34" methods="3" coveredmethods="3"/>
      <line num="1" count="1" type="stmt"/>
      <line num="2" count="1" type="stmt"/>
      <line num="5" count="6" type="cond" truecount="2" falsecount="0"/>
      <line num="6" count="2" type="stmt"/>
      <line num="19" count="2" type="cond" truecount="2" falsecount="0"/>
      <line num="22" count="4" type="stmt"/>
      <line num="23" count="4" type="stmt"/>
      <line num="24" count="4" type="cond" truecount="2" falsecount="0"/>
      <line num="25" count="2" type="stmt"/>
      <line num="26" count="2" type="stmt"/>
      <line num="28" count="4" type="stmt"/>
      <line num="42" count="4" type="stmt"/>
      <line num="46" count="7" type="cond" truecount="4" falsecount="0"/>
      <line num="47" count="1" type="stmt"/>
      <line num="48" count="1" type="stmt"/>
      <line num="49" count="1" type="stmt"/>
      <line num="52" count="6" type="stmt"/>
      <line num="53" count="6" type="cond" truecount="2" falsecount="0"/>
      <line num="54" count="6" type="stmt"/>
      <line num="56" count="6" type="cond" truecount="2" falsecount="0"/>
      <line num="57" count="4" type="cond" truecount="4" falsecount="0"/>
      <line num="58" count="1" type="stmt"/>
      <line num="62" count="3" type="cond" truecount="4" falsecount="0"/>
      <line num="63" count="1" type="stmt"/>
      <line num="67" count="2" type="cond" truecount="4" falsecount="0"/>
      <line num="68" count="1" type="stmt"/>
      <line num="73" count="1" type="stmt"/>
      <line num="78" count="4" type="stmt"/>
      <line num="91" count="4" type="stmt"/>
      <line num="94" count="2" type="cond" truecount="2" falsecount="0"/>
      <line num="95" count="2" type="cond" truecount="2" falsecount="0"/>
      <line num="96" count="2" type="stmt"/>
      <line num="101" count="2" type="stmt"/>
      <line num="114" count="2" type="stmt"/>
      <line num="118" count="4" type="cond" truecount="2" falsecount="0"/>
      <line num="119" count="4" type="cond" truecount="2" falsecount="0"/>
      <line num="120" count="2" type="stmt"/>
      <line num="134" count="2" type="stmt"/>
      <line num="137" count="1" type="stmt"/>
    </file>
  </project>
</coverage>
