{"C:\\Users\\lcmuniz\\Documents\\spe\\api\\services\\acessosService.js": {"path":"C:\\Users\\lcmuniz\\Documents\\spe\\api\\services\\acessosService.js","statementMap":{"0":{"start":{"line":1,"column":23},"end":{"line":1,"column":38}},"1":{"start":{"line":2,"column":18},"end":{"line":2,"column":34}},"2":{"start":{"line":5,"column":19},"end":{"line":19,"column":3}},"3":{"start":{"line":20,"column":2},"end":{"line":20,"column":13}},"4":{"start":{"line":24,"column":12},"end":{"line":24,"column":44}},"5":{"start":{"line":25,"column":2},"end":{"line":29,"column":3}},"6":{"start":{"line":26,"column":16},"end":{"line":26,"column":42}},"7":{"start":{"line":27,"column":4},"end":{"line":27,"column":18}},"8":{"start":{"line":28,"column":4},"end":{"line":28,"column":13}},"9":{"start":{"line":30,"column":2},"end":{"line":34,"column":3}},"10":{"start":{"line":31,"column":16},"end":{"line":31,"column":48}},"11":{"start":{"line":32,"column":4},"end":{"line":32,"column":18}},"12":{"start":{"line":33,"column":4},"end":{"line":33,"column":13}},"13":{"start":{"line":35,"column":2},"end":{"line":39,"column":3}},"14":{"start":{"line":36,"column":16},"end":{"line":36,"column":66}},"15":{"start":{"line":37,"column":4},"end":{"line":37,"column":18}},"16":{"start":{"line":38,"column":4},"end":{"line":38,"column":13}},"17":{"start":{"line":41,"column":15},"end":{"line":41,"column":82}},"18":{"start":{"line":42,"column":2},"end":{"line":46,"column":3}},"19":{"start":{"line":43,"column":16},"end":{"line":43,"column":52}},"20":{"start":{"line":44,"column":4},"end":{"line":44,"column":18}},"21":{"start":{"line":45,"column":4},"end":{"line":45,"column":13}},"22":{"start":{"line":48,"column":19},"end":{"line":48,"column":27}},"23":{"start":{"line":50,"column":2},"end":{"line":68,"column":3}},"24":{"start":{"line":51,"column":31},"end":{"line":56,"column":5}},"25":{"start":{"line":57,"column":4},"end":{"line":61,"column":5}},"26":{"start":{"line":58,"column":18},"end":{"line":58,"column":63}},"27":{"start":{"line":59,"column":6},"end":{"line":59,"column":20}},"28":{"start":{"line":60,"column":6},"end":{"line":60,"column":15}},"29":{"start":{"line":62,"column":4},"end":{"line":66,"column":5}},"30":{"start":{"line":67,"column":4},"end":{"line":67,"column":27}},"31":{"start":{"line":70,"column":2},"end":{"line":74,"column":3}},"32":{"start":{"line":76,"column":2},"end":{"line":76,"column":25}},"33":{"start":{"line":80,"column":23},"end":{"line":83,"column":3}},"34":{"start":{"line":84,"column":2},"end":{"line":88,"column":3}},"35":{"start":{"line":85,"column":16},"end":{"line":85,"column":50}},"36":{"start":{"line":86,"column":4},"end":{"line":86,"column":18}},"37":{"start":{"line":87,"column":4},"end":{"line":87,"column":13}},"38":{"start":{"line":89,"column":2},"end":{"line":89,"column":21}},"39":{"start":{"line":92,"column":0},"end":{"line":96,"column":1}}},"fnMap":{"0":{"name":"listAcessos","decl":{"start":{"line":4,"column":15},"end":{"line":4,"column":26}},"loc":{"start":{"line":4,"column":39},"end":{"line":21,"column":1}},"line":4},"1":{"name":"addAcesso","decl":{"start":{"line":23,"column":15},"end":{"line":23,"column":24}},"loc":{"start":{"line":23,"column":63},"end":{"line":77,"column":1}},"line":23},"2":{"name":"removeAcesso","decl":{"start":{"line":79,"column":15},"end":{"line":79,"column":27}},"loc":{"start":{"line":79,"column":50},"end":{"line":90,"column":1}},"line":79}},"branchMap":{"0":{"loc":{"start":{"line":24,"column":19},"end":{"line":24,"column":29}},"type":"binary-expr","locations":[{"start":{"line":24,"column":19},"end":{"line":24,"column":23}},{"start":{"line":24,"column":27},"end":{"line":24,"column":29}}],"line":24},"1":{"loc":{"start":{"line":25,"column":2},"end":{"line":29,"column":3}},"type":"if","locations":[{"start":{"line":25,"column":2},"end":{"line":29,"column":3}},{"start":{},"end":{}}],"line":25},"2":{"loc":{"start":{"line":30,"column":2},"end":{"line":34,"column":3}},"type":"if","locations":[{"start":{"line":30,"column":2},"end":{"line":34,"column":3}},{"start":{},"end":{}}],"line":30},"3":{"loc":{"start":{"line":30,"column":6},"end":{"line":30,"column":50}},"type":"binary-expr","locations":[{"start":{"line":30,"column":7},"end":{"line":30,"column":20}},{"start":{"line":30,"column":24},"end":{"line":30,"column":39}},{"start":{"line":30,"column":44},"end":{"line":30,"column":50}}],"line":30},"4":{"loc":{"start":{"line":35,"column":2},"end":{"line":39,"column":3}},"type":"if","locations":[{"start":{"line":35,"column":2},"end":{"line":39,"column":3}},{"start":{},"end":{}}],"line":35},"5":{"loc":{"start":{"line":35,"column":6},"end":{"line":35,"column":31}},"type":"binary-expr","locations":[{"start":{"line":35,"column":6},"end":{"line":35,"column":19}},{"start":{"line":35,"column":23},"end":{"line":35,"column":31}}],"line":35},"6":{"loc":{"start":{"line":42,"column":2},"end":{"line":46,"column":3}},"type":"if","locations":[{"start":{"line":42,"column":2},"end":{"line":46,"column":3}},{"start":{},"end":{}}],"line":42},"7":{"loc":{"start":{"line":50,"column":2},"end":{"line":68,"column":3}},"type":"if","locations":[{"start":{"line":50,"column":2},"end":{"line":68,"column":3}},{"start":{},"end":{}}],"line":50},"8":{"loc":{"start":{"line":57,"column":4},"end":{"line":61,"column":5}},"type":"if","locations":[{"start":{"line":57,"column":4},"end":{"line":61,"column":5}},{"start":{},"end":{}}],"line":57},"9":{"loc":{"start":{"line":84,"column":2},"end":{"line":88,"column":3}},"type":"if","locations":[{"start":{"line":84,"column":2},"end":{"line":88,"column":3}},{"start":{},"end":{}}],"line":84}},"s":{"0":1,"1":1,"2":1,"3":1,"4":13,"5":13,"6":3,"7":3,"8":3,"9":10,"10":2,"11":2,"12":2,"13":8,"14":1,"15":1,"16":1,"17":7,"18":7,"19":2,"20":2,"21":2,"22":5,"23":5,"24":2,"25":2,"26":1,"27":1,"28":1,"29":1,"30":1,"31":3,"32":3,"33":2,"34":2,"35":1,"36":1,"37":1,"38":1,"39":1},"f":{"0":1,"1":13,"2":2},"b":{"0":[13,2],"1":[3,10],"2":[2,8],"3":[10,8,6],"4":[1,7],"5":[8,4],"6":[2,5],"7":[2,3],"8":[1,1],"9":[1,1]},"_coverageSchema":"1a1c01bbd47fc00a2c39e90264f33305004495a9","hash":"2f8c9794a2f6e07acbfc1fc14eb1edb112b0867e"}
,"C:\\Users\\lcmuniz\\Documents\\spe\\api\\services\\auditoriaService.js": {"path":"C:\\Users\\lcmuniz\\Documents\\spe\\api\\services\\auditoriaService.js","statementMap":{"0":{"start":{"line":1,"column":23},"end":{"line":1,"column":38}},"1":{"start":{"line":2,"column":18},"end":{"line":2,"column":34}},"2":{"start":{"line":5,"column":2},"end":{"line":37,"column":3}},"3":{"start":{"line":6,"column":15},"end":{"line":6,"column":23}},"4":{"start":{"line":7,"column":15},"end":{"line":7,"column":96}},"5":{"start":{"line":8,"column":23},"end":{"line":8,"column":67}},"6":{"start":{"line":9,"column":17},"end":{"line":9,"column":43}},"7":{"start":{"line":11,"column":22},"end":{"line":11,"column":30}},"8":{"start":{"line":12,"column":4},"end":{"line":18,"column":5}},"9":{"start":{"line":13,"column":16},"end":{"line":13,"column":31}},"10":{"start":{"line":14,"column":6},"end":{"line":16,"column":7}},"11":{"start":{"line":15,"column":8},"end":{"line":15,"column":22}},"12":{"start":{"line":17,"column":6},"end":{"line":17,"column":21}},"13":{"start":{"line":20,"column":4},"end":{"line":34,"column":5}},"14":{"start":{"line":36,"column":4},"end":{"line":36,"column":53}},"15":{"start":{"line":40,"column":0},"end":{"line":40,"column":29}}},"fnMap":{"0":{"name":"auditLog","decl":{"start":{"line":4,"column":15},"end":{"line":4,"column":23}},"loc":{"start":{"line":4,"column":85},"end":{"line":38,"column":1}},"line":4}},"branchMap":{"0":{"loc":{"start":{"line":7,"column":16},"end":{"line":7,"column":84}},"type":"binary-expr","locations":[{"start":{"line":7,"column":16},"end":{"line":7,"column":46}},{"start":{"line":7,"column":50},"end":{"line":7,"column":78}},{"start":{"line":7,"column":82},"end":{"line":7,"column":84}}],"line":7},"1":{"loc":{"start":{"line":8,"column":24},"end":{"line":8,"column":55}},"type":"binary-expr","locations":[{"start":{"line":8,"column":24},"end":{"line":8,"column":49}},{"start":{"line":8,"column":53},"end":{"line":8,"column":55}}],"line":8},"2":{"loc":{"start":{"line":9,"column":17},"end":{"line":9,"column":43}},"type":"binary-expr","locations":[{"start":{"line":9,"column":17},"end":{"line":9,"column":32}},{"start":{"line":9,"column":36},"end":{"line":9,"column":43}}],"line":9},"3":{"loc":{"start":{"line":12,"column":4},"end":{"line":18,"column":5}},"type":"if","locations":[{"start":{"line":12,"column":4},"end":{"line":18,"column":5}},{"start":{},"end":{}}],"line":12},"4":{"loc":{"start":{"line":12,"column":8},"end":{"line":12,"column":76}},"type":"binary-expr","locations":[{"start":{"line":12,"column":8},"end":{"line":12,"column":16}},{"start":{"line":12,"column":20},"end":{"line":12,"column":48}},{"start":{"line":12,"column":52},"end":{"line":12,"column":76}}],"line":12},"5":{"loc":{"start":{"line":14,"column":6},"end":{"line":16,"column":7}},"type":"if","locations":[{"start":{"line":14,"column":6},"end":{"line":16,"column":7}},{"start":{},"end":{}}],"line":14},"6":{"loc":{"start":{"line":14,"column":10},"end":{"line":14,"column":69}},"type":"binary-expr","locations":[{"start":{"line":14,"column":10},"end":{"line":14,"column":26}},{"start":{"line":14,"column":30},"end":{"line":14,"column":51}},{"start":{"line":14,"column":55},"end":{"line":14,"column":69}}],"line":14},"7":{"loc":{"start":{"line":26,"column":8},"end":{"line":26,"column":28}},"type":"binary-expr","locations":[{"start":{"line":26,"column":8},"end":{"line":26,"column":20}},{"start":{"line":26,"column":24},"end":{"line":26,"column":28}}],"line":26},"8":{"loc":{"start":{"line":27,"column":8},"end":{"line":27,"column":24}},"type":"binary-expr","locations":[{"start":{"line":27,"column":8},"end":{"line":27,"column":16}},{"start":{"line":27,"column":20},"end":{"line":27,"column":24}}],"line":27},"9":{"loc":{"start":{"line":28,"column":8},"end":{"line":28,"column":26}},"type":"binary-expr","locations":[{"start":{"line":28,"column":8},"end":{"line":28,"column":18}},{"start":{"line":28,"column":22},"end":{"line":28,"column":26}}],"line":28},"10":{"loc":{"start":{"line":29,"column":8},"end":{"line":29,"column":27}},"type":"binary-expr","locations":[{"start":{"line":29,"column":8},"end":{"line":29,"column":19}},{"start":{"line":29,"column":23},"end":{"line":29,"column":27}}],"line":29}},"s":{"0":1,"1":1,"2":3,"3":3,"4":3,"5":3,"6":3,"7":3,"8":3,"9":2,"10":2,"11":2,"12":2,"13":3,"14":1,"15":1},"f":{"0":3},"b":{"0":[3,1,0],"1":[3,2],"2":[3,2],"3":[2,1],"4":[3,3,2],"5":[2,0],"6":[2,2,1],"7":[3,1],"8":[3,0],"9":[3,0],"10":[3,0]},"_coverageSchema":"1a1c01bbd47fc00a2c39e90264f33305004495a9","hash":"17f6ede7351887e0000f0e5aac619fbfb86ae0dd"}
,"C:\\Users\\lcmuniz\\Documents\\spe\\api\\services\\catalogService.js": {"path":"C:\\Users\\lcmuniz\\Documents\\spe\\api\\services\\catalogService.js","statementMap":{"0":{"start":{"line":1,"column":18},"end":{"line":1,"column":34}},"1":{"start":{"line":4,"column":19},"end":{"line":6,"column":3}},"2":{"start":{"line":7,"column":2},"end":{"line":7,"column":13}},"3":{"start":{"line":11,"column":19},"end":{"line":11,"column":75}},"4":{"start":{"line":12,"column":2},"end":{"line":12,"column":13}},"5":{"start":{"line":16,"column":19},"end":{"line":16,"column":81}},"6":{"start":{"line":17,"column":2},"end":{"line":17,"column":13}},"7":{"start":{"line":20,"column":0},"end":{"line":20,"column":65}}},"fnMap":{"0":{"name":"listSetores","decl":{"start":{"line":3,"column":15},"end":{"line":3,"column":26}},"loc":{"start":{"line":3,"column":29},"end":{"line":8,"column":1}},"line":3},"1":{"name":"listAssuntos","decl":{"start":{"line":10,"column":15},"end":{"line":10,"column":27}},"loc":{"start":{"line":10,"column":30},"end":{"line":13,"column":1}},"line":10},"2":{"name":"listTiposProcesso","decl":{"start":{"line":15,"column":15},"end":{"line":15,"column":32}},"loc":{"start":{"line":15,"column":35},"end":{"line":18,"column":1}},"line":15}},"branchMap":{},"s":{"0":1,"1":1,"2":1,"3":1,"4":1,"5":1,"6":1,"7":1},"f":{"0":1,"1":1,"2":1},"b":{},"_coverageSchema":"1a1c01bbd47fc00a2c39e90264f33305004495a9","hash":"b6a845fbcf0383539503407462f3b136c7a38fa6"}
,"C:\\Users\\lcmuniz\\Documents\\spe\\api\\services\\chavesService.js": {"path":"C:\\Users\\lcmuniz\\Documents\\spe\\api\\services\\chavesService.js","statementMap":{"0":{"start":{"line":1,"column":23},"end":{"line":1,"column":38}},"1":{"start":{"line":2,"column":18},"end":{"line":2,"column":34}},"2":{"start":{"line":5,"column":19},"end":{"line":11,"column":3}},"3":{"start":{"line":12,"column":2},"end":{"line":12,"column":13}},"4":{"start":{"line":16,"column":2},"end":{"line":20,"column":3}},"5":{"start":{"line":17,"column":16},"end":{"line":17,"column":50}},"6":{"start":{"line":18,"column":4},"end":{"line":18,"column":18}},"7":{"start":{"line":19,"column":4},"end":{"line":19,"column":13}},"8":{"start":{"line":22,"column":15},"end":{"line":22,"column":82}},"9":{"start":{"line":23,"column":2},"end":{"line":27,"column":3}},"10":{"start":{"line":24,"column":16},"end":{"line":24,"column":52}},"11":{"start":{"line":25,"column":4},"end":{"line":25,"column":18}},"12":{"start":{"line":26,"column":4},"end":{"line":26,"column":13}},"13":{"start":{"line":29,"column":16},"end":{"line":32,"column":3}},"14":{"start":{"line":33,"column":2},"end":{"line":37,"column":3}},"15":{"start":{"line":34,"column":16},"end":{"line":34,"column":49}},"16":{"start":{"line":35,"column":4},"end":{"line":35,"column":18}},"17":{"start":{"line":36,"column":4},"end":{"line":36,"column":13}},"18":{"start":{"line":39,"column":18},"end":{"line":39,"column":26}},"19":{"start":{"line":40,"column":16},"end":{"line":40,"column":24}},"20":{"start":{"line":41,"column":2},"end":{"line":45,"column":3}},"21":{"start":{"line":47,"column":2},"end":{"line":47,"column":31}},"22":{"start":{"line":51,"column":23},"end":{"line":54,"column":3}},"23":{"start":{"line":55,"column":2},"end":{"line":59,"column":3}},"24":{"start":{"line":56,"column":16},"end":{"line":56,"column":49}},"25":{"start":{"line":57,"column":4},"end":{"line":57,"column":18}},"26":{"start":{"line":58,"column":4},"end":{"line":58,"column":13}},"27":{"start":{"line":60,"column":2},"end":{"line":60,"column":21}},"28":{"start":{"line":63,"column":0},"end":{"line":67,"column":1}}},"fnMap":{"0":{"name":"listChaves","decl":{"start":{"line":4,"column":15},"end":{"line":4,"column":25}},"loc":{"start":{"line":4,"column":38},"end":{"line":13,"column":1}},"line":4},"1":{"name":"createChave","decl":{"start":{"line":15,"column":15},"end":{"line":15,"column":26}},"loc":{"start":{"line":15,"column":52},"end":{"line":48,"column":1}},"line":15},"2":{"name":"revokeChave","decl":{"start":{"line":50,"column":15},"end":{"line":50,"column":26}},"loc":{"start":{"line":50,"column":52},"end":{"line":61,"column":1}},"line":50}},"branchMap":{"0":{"loc":{"start":{"line":16,"column":2},"end":{"line":20,"column":3}},"type":"if","locations":[{"start":{"line":16,"column":2},"end":{"line":20,"column":3}},{"start":{},"end":{}}],"line":16},"1":{"loc":{"start":{"line":23,"column":2},"end":{"line":27,"column":3}},"type":"if","locations":[{"start":{"line":23,"column":2},"end":{"line":27,"column":3}},{"start":{},"end":{}}],"line":23},"2":{"loc":{"start":{"line":33,"column":2},"end":{"line":37,"column":3}},"type":"if","locations":[{"start":{"line":33,"column":2},"end":{"line":37,"column":3}},{"start":{},"end":{}}],"line":33},"3":{"loc":{"start":{"line":55,"column":2},"end":{"line":59,"column":3}},"type":"if","locations":[{"start":{"line":55,"column":2},"end":{"line":59,"column":3}},{"start":{},"end":{}}],"line":55}},"s":{"0":1,"1":1,"2":1,"3":1,"4":4,"5":1,"6":1,"7":1,"8":3,"9":3,"10":1,"11":1,"12":1,"13":2,"14":2,"15":1,"16":1,"17":1,"18":1,"19":1,"20":1,"21":1,"22":2,"23":2,"24":1,"25":1,"26":1,"27":1,"28":1},"f":{"0":1,"1":4,"2":2},"b":{"0":[1,3],"1":[1,2],"2":[1,1],"3":[1,1]},"_coverageSchema":"1a1c01bbd47fc00a2c39e90264f33305004495a9","hash":"ce4843955650d43f3580bb7c261739a9453f74ef"}
,"C:\\Users\\lcmuniz\\Documents\\spe\\api\\services\\documentosService.js": {"path":"C:\\Users\\lcmuniz\\Documents\\spe\\api\\services\\documentosService.js","statementMap":{"0":{"start":{"line":1,"column":23},"end":{"line":1,"column":38}},"1":{"start":{"line":2,"column":18},"end":{"line":2,"column":34}},"2":{"start":{"line":5,"column":22},"end":{"line":5,"column":64}},"3":{"start":{"line":6,"column":29},"end":{"line":8,"column":4}},"4":{"start":{"line":9,"column":2},"end":{"line":13,"column":3}},"5":{"start":{"line":10,"column":16},"end":{"line":10,"column":52}},"6":{"start":{"line":11,"column":4},"end":{"line":11,"column":18}},"7":{"start":{"line":12,"column":4},"end":{"line":12,"column":13}},"8":{"start":{"line":15,"column":25},"end":{"line":17,"column":40}},"9":{"start":{"line":18,"column":17},"end":{"line":18,"column":71}},"10":{"start":{"line":20,"column":19},"end":{"line":42,"column":3}},"11":{"start":{"line":43,"column":2},"end":{"line":43,"column":13}},"12":{"start":{"line":47,"column":2},"end":{"line":51,"column":3}},"13":{"start":{"line":48,"column":16},"end":{"line":48,"column":54}},"14":{"start":{"line":49,"column":4},"end":{"line":49,"column":18}},"15":{"start":{"line":50,"column":4},"end":{"line":50,"column":13}},"16":{"start":{"line":52,"column":15},"end":{"line":52,"column":82}},"17":{"start":{"line":53,"column":2},"end":{"line":57,"column":3}},"18":{"start":{"line":54,"column":16},"end":{"line":54,"column":52}},"19":{"start":{"line":55,"column":4},"end":{"line":55,"column":18}},"20":{"start":{"line":56,"column":4},"end":{"line":56,"column":13}},"21":{"start":{"line":58,"column":14},"end":{"line":58,"column":83}},"22":{"start":{"line":59,"column":2},"end":{"line":63,"column":3}},"23":{"start":{"line":60,"column":16},"end":{"line":60,"column":53}},"24":{"start":{"line":61,"column":4},"end":{"line":61,"column":18}},"25":{"start":{"line":62,"column":4},"end":{"line":62,"column":13}},"26":{"start":{"line":64,"column":2},"end":{"line":67,"column":3}},"27":{"start":{"line":68,"column":2},"end":{"line":68,"column":21}},"28":{"start":{"line":72,"column":2},"end":{"line":76,"column":3}},"29":{"start":{"line":73,"column":16},"end":{"line":73,"column":49}},"30":{"start":{"line":74,"column":4},"end":{"line":74,"column":18}},"31":{"start":{"line":75,"column":4},"end":{"line":75,"column":13}},"32":{"start":{"line":77,"column":13},"end":{"line":77,"column":21}},"33":{"start":{"line":78,"column":2},"end":{"line":81,"column":3}},"34":{"start":{"line":82,"column":19},"end":{"line":89,"column":3}},"35":{"start":{"line":90,"column":2},"end":{"line":90,"column":16}},"36":{"start":{"line":94,"column":26},"end":{"line":101,"column":3}},"37":{"start":{"line":102,"column":2},"end":{"line":106,"column":3}},"38":{"start":{"line":103,"column":16},"end":{"line":103,"column":71}},"39":{"start":{"line":104,"column":4},"end":{"line":104,"column":18}},"40":{"start":{"line":105,"column":4},"end":{"line":105,"column":13}},"41":{"start":{"line":107,"column":21},"end":{"line":107,"column":40}},"42":{"start":{"line":108,"column":27},"end":{"line":108,"column":66}},"43":{"start":{"line":109,"column":2},"end":{"line":120,"column":3}},"44":{"start":{"line":110,"column":4},"end":{"line":114,"column":5}},"45":{"start":{"line":111,"column":18},"end":{"line":111,"column":75}},"46":{"start":{"line":112,"column":6},"end":{"line":112,"column":20}},"47":{"start":{"line":113,"column":6},"end":{"line":113,"column":15}},"48":{"start":{"line":115,"column":4},"end":{"line":119,"column":5}},"49":{"start":{"line":116,"column":18},"end":{"line":116,"column":90}},"50":{"start":{"line":117,"column":6},"end":{"line":117,"column":20}},"51":{"start":{"line":118,"column":6},"end":{"line":118,"column":15}},"52":{"start":{"line":121,"column":26},"end":{"line":121,"column":100}},"53":{"start":{"line":122,"column":22},"end":{"line":122,"column":65}},"54":{"start":{"line":123,"column":29},"end":{"line":131,"column":3}},"55":{"start":{"line":132,"column":19},"end":{"line":132,"column":82}},"56":{"start":{"line":132,"column":45},"end":{"line":132,"column":81}},"57":{"start":{"line":133,"column":23},"end":{"line":133,"column":25}},"58":{"start":{"line":134,"column":2},"end":{"line":142,"column":3}},"59":{"start":{"line":134,"column":15},"end":{"line":134,"column":16}},"60":{"start":{"line":135,"column":14},"end":{"line":135,"column":25}},"61":{"start":{"line":136,"column":4},"end":{"line":141,"column":5}},"62":{"start":{"line":140,"column":6},"end":{"line":140,"column":24}},"63":{"start":{"line":143,"column":19},"end":{"line":143,"column":37}},"64":{"start":{"line":144,"column":2},"end":{"line":148,"column":3}},"65":{"start":{"line":145,"column":16},"end":{"line":145,"column":95}},"66":{"start":{"line":146,"column":4},"end":{"line":146,"column":18}},"67":{"start":{"line":147,"column":4},"end":{"line":147,"column":13}},"68":{"start":{"line":149,"column":2},"end":{"line":149,"column":23}},"69":{"start":{"line":153,"column":26},"end":{"line":156,"column":3}},"70":{"start":{"line":157,"column":2},"end":{"line":161,"column":3}},"71":{"start":{"line":158,"column":16},"end":{"line":158,"column":53}},"72":{"start":{"line":159,"column":4},"end":{"line":159,"column":18}},"73":{"start":{"line":160,"column":4},"end":{"line":160,"column":13}},"74":{"start":{"line":162,"column":22},"end":{"line":162,"column":65}},"75":{"start":{"line":163,"column":20},"end":{"line":163,"column":49}},"76":{"start":{"line":164,"column":2},"end":{"line":171,"column":3}},"77":{"start":{"line":165,"column":4},"end":{"line":169,"column":5}},"78":{"start":{"line":166,"column":18},"end":{"line":166,"column":82}},"79":{"start":{"line":167,"column":6},"end":{"line":167,"column":20}},"80":{"start":{"line":168,"column":6},"end":{"line":168,"column":15}},"81":{"start":{"line":170,"column":4},"end":{"line":170,"column":93}},"82":{"start":{"line":172,"column":2},"end":{"line":183,"column":3}},"83":{"start":{"line":173,"column":4},"end":{"line":177,"column":5}},"84":{"start":{"line":174,"column":18},"end":{"line":174,"column":92}},"85":{"start":{"line":175,"column":6},"end":{"line":175,"column":20}},"86":{"start":{"line":176,"column":6},"end":{"line":176,"column":15}},"87":{"start":{"line":178,"column":4},"end":{"line":182,"column":6}},"88":{"start":{"line":186,"column":4},"end":{"line":188,"column":127}},"89":{"start":{"line":190,"column":23},"end":{"line":195,"column":4}},"90":{"start":{"line":196,"column":2},"end":{"line":200,"column":3}},"91":{"start":{"line":197,"column":16},"end":{"line":197,"column":53}},"92":{"start":{"line":198,"column":4},"end":{"line":198,"column":18}},"93":{"start":{"line":199,"column":4},"end":{"line":199,"column":13}},"94":{"start":{"line":201,"column":2},"end":{"line":201,"column":61}},"95":{"start":{"line":205,"column":26},"end":{"line":208,"column":3}},"96":{"start":{"line":209,"column":2},"end":{"line":213,"column":3}},"97":{"start":{"line":210,"column":16},"end":{"line":210,"column":53}},"98":{"start":{"line":211,"column":4},"end":{"line":211,"column":18}},"99":{"start":{"line":212,"column":4},"end":{"line":212,"column":13}},"100":{"start":{"line":214,"column":22},"end":{"line":214,"column":65}},"101":{"start":{"line":215,"column":20},"end":{"line":215,"column":49}},"102":{"start":{"line":217,"column":2},"end":{"line":224,"column":3}},"103":{"start":{"line":218,"column":4},"end":{"line":222,"column":5}},"104":{"start":{"line":219,"column":18},"end":{"line":219,"column":82}},"105":{"start":{"line":220,"column":6},"end":{"line":220,"column":20}},"106":{"start":{"line":221,"column":6},"end":{"line":221,"column":15}},"107":{"start":{"line":223,"column":4},"end":{"line":223,"column":93}},"108":{"start":{"line":225,"column":2},"end":{"line":237,"column":3}},"109":{"start":{"line":226,"column":4},"end":{"line":230,"column":5}},"110":{"start":{"line":227,"column":18},"end":{"line":227,"column":92}},"111":{"start":{"line":228,"column":6},"end":{"line":228,"column":20}},"112":{"start":{"line":229,"column":6},"end":{"line":229,"column":15}},"113":{"start":{"line":231,"column":4},"end":{"line":235,"column":5}},"114":{"start":{"line":232,"column":18},"end":{"line":232,"column":80}},"115":{"start":{"line":233,"column":6},"end":{"line":233,"column":20}},"116":{"start":{"line":234,"column":6},"end":{"line":234,"column":15}},"117":{"start":{"line":236,"column":4},"end":{"line":236,"column":92}},"118":{"start":{"line":239,"column":23},"end":{"line":242,"column":3}},"119":{"start":{"line":243,"column":2},"end":{"line":247,"column":3}},"120":{"start":{"line":244,"column":16},"end":{"line":244,"column":53}},"121":{"start":{"line":245,"column":4},"end":{"line":245,"column":18}},"122":{"start":{"line":246,"column":4},"end":{"line":246,"column":13}},"123":{"start":{"line":248,"column":2},"end":{"line":248,"column":61}},"124":{"start":{"line":252,"column":19},"end":{"line":275,"column":3}},"125":{"start":{"line":276,"column":2},"end":{"line":276,"column":37}},"126":{"start":{"line":280,"column":2},"end":{"line":284,"column":3}},"127":{"start":{"line":281,"column":16},"end":{"line":281,"column":72}},"128":{"start":{"line":282,"column":4},"end":{"line":282,"column":18}},"129":{"start":{"line":283,"column":4},"end":{"line":283,"column":13}},"130":{"start":{"line":285,"column":26},"end":{"line":288,"column":3}},"131":{"start":{"line":289,"column":2},"end":{"line":293,"column":3}},"132":{"start":{"line":290,"column":16},"end":{"line":290,"column":53}},"133":{"start":{"line":291,"column":4},"end":{"line":291,"column":18}},"134":{"start":{"line":292,"column":4},"end":{"line":292,"column":13}},"135":{"start":{"line":294,"column":22},"end":{"line":294,"column":65}},"136":{"start":{"line":295,"column":15},"end":{"line":295,"column":42}},"137":{"start":{"line":296,"column":19},"end":{"line":296,"column":51}},"138":{"start":{"line":297,"column":24},"end":{"line":297,"column":55}},"139":{"start":{"line":299,"column":19},"end":{"line":299,"column":50}},"140":{"start":{"line":300,"column":19},"end":{"line":300,"column":50}},"141":{"start":{"line":301,"column":2},"end":{"line":305,"column":3}},"142":{"start":{"line":302,"column":16},"end":{"line":302,"column":86}},"143":{"start":{"line":303,"column":4},"end":{"line":303,"column":18}},"144":{"start":{"line":304,"column":4},"end":{"line":304,"column":13}},"145":{"start":{"line":306,"column":2},"end":{"line":319,"column":3}},"146":{"start":{"line":307,"column":4},"end":{"line":311,"column":5}},"147":{"start":{"line":308,"column":18},"end":{"line":308,"column":79}},"148":{"start":{"line":309,"column":6},"end":{"line":309,"column":20}},"149":{"start":{"line":310,"column":6},"end":{"line":310,"column":15}},"150":{"start":{"line":312,"column":16},"end":{"line":312,"column":63}},"151":{"start":{"line":313,"column":20},"end":{"line":313,"column":56}},"152":{"start":{"line":314,"column":4},"end":{"line":318,"column":5}},"153":{"start":{"line":315,"column":18},"end":{"line":315,"column":72}},"154":{"start":{"line":316,"column":6},"end":{"line":316,"column":20}},"155":{"start":{"line":317,"column":6},"end":{"line":317,"column":15}},"156":{"start":{"line":320,"column":2},"end":{"line":324,"column":3}},"157":{"start":{"line":321,"column":16},"end":{"line":321,"column":59}},"158":{"start":{"line":322,"column":4},"end":{"line":322,"column":18}},"159":{"start":{"line":323,"column":4},"end":{"line":323,"column":13}},"160":{"start":{"line":325,"column":2},"end":{"line":325,"column":90}},"161":{"start":{"line":327,"column":23},"end":{"line":334,"column":3}},"162":{"start":{"line":335,"column":2},"end":{"line":339,"column":3}},"163":{"start":{"line":336,"column":16},"end":{"line":336,"column":53}},"164":{"start":{"line":337,"column":4},"end":{"line":337,"column":18}},"165":{"start":{"line":338,"column":4},"end":{"line":338,"column":13}},"166":{"start":{"line":340,"column":14},"end":{"line":340,"column":40}},"167":{"start":{"line":341,"column":2},"end":{"line":341,"column":37}},"168":{"start":{"line":345,"column":2},"end":{"line":349,"column":3}},"169":{"start":{"line":346,"column":16},"end":{"line":346,"column":59}},"170":{"start":{"line":347,"column":4},"end":{"line":347,"column":18}},"171":{"start":{"line":348,"column":4},"end":{"line":348,"column":13}},"172":{"start":{"line":350,"column":26},"end":{"line":352,"column":4}},"173":{"start":{"line":353,"column":2},"end":{"line":357,"column":3}},"174":{"start":{"line":354,"column":16},"end":{"line":354,"column":53}},"175":{"start":{"line":355,"column":4},"end":{"line":355,"column":18}},"176":{"start":{"line":356,"column":4},"end":{"line":356,"column":13}},"177":{"start":{"line":358,"column":22},"end":{"line":358,"column":65}},"178":{"start":{"line":359,"column":21},"end":{"line":359,"column":43}},"179":{"start":{"line":360,"column":2},"end":{"line":364,"column":3}},"180":{"start":{"line":361,"column":16},"end":{"line":361,"column":69}},"181":{"start":{"line":362,"column":4},"end":{"line":362,"column":18}},"182":{"start":{"line":363,"column":4},"end":{"line":363,"column":13}},"183":{"start":{"line":365,"column":2},"end":{"line":369,"column":3}},"184":{"start":{"line":366,"column":16},"end":{"line":366,"column":59}},"185":{"start":{"line":367,"column":4},"end":{"line":367,"column":18}},"186":{"start":{"line":368,"column":4},"end":{"line":368,"column":13}},"187":{"start":{"line":370,"column":2},"end":{"line":374,"column":3}},"188":{"start":{"line":371,"column":16},"end":{"line":371,"column":77}},"189":{"start":{"line":372,"column":4},"end":{"line":372,"column":18}},"190":{"start":{"line":373,"column":4},"end":{"line":373,"column":13}},"191":{"start":{"line":375,"column":26},"end":{"line":382,"column":3}},"192":{"start":{"line":383,"column":2},"end":{"line":387,"column":3}},"193":{"start":{"line":384,"column":16},"end":{"line":384,"column":71}},"194":{"start":{"line":385,"column":4},"end":{"line":385,"column":18}},"195":{"start":{"line":386,"column":4},"end":{"line":386,"column":13}},"196":{"start":{"line":388,"column":23},"end":{"line":388,"column":80}},"197":{"start":{"line":389,"column":2},"end":{"line":393,"column":3}},"198":{"start":{"line":390,"column":16},"end":{"line":390,"column":53}},"199":{"start":{"line":391,"column":4},"end":{"line":391,"column":18}},"200":{"start":{"line":392,"column":4},"end":{"line":392,"column":13}},"201":{"start":{"line":394,"column":2},"end":{"line":394,"column":62}},"202":{"start":{"line":398,"column":19},"end":{"line":407,"column":3}},"203":{"start":{"line":408,"column":2},"end":{"line":412,"column":3}},"204":{"start":{"line":409,"column":16},"end":{"line":409,"column":53}},"205":{"start":{"line":410,"column":4},"end":{"line":410,"column":18}},"206":{"start":{"line":411,"column":4},"end":{"line":411,"column":13}},"207":{"start":{"line":413,"column":12},"end":{"line":413,"column":19}},"208":{"start":{"line":414,"column":2},"end":{"line":418,"column":3}},"209":{"start":{"line":415,"column":16},"end":{"line":415,"column":51}},"210":{"start":{"line":416,"column":4},"end":{"line":416,"column":18}},"211":{"start":{"line":417,"column":4},"end":{"line":417,"column":13}},"212":{"start":{"line":419,"column":2},"end":{"line":442,"column":3}},"213":{"start":{"line":420,"column":18},"end":{"line":420,"column":40}},"214":{"start":{"line":421,"column":4},"end":{"line":425,"column":5}},"215":{"start":{"line":422,"column":18},"end":{"line":422,"column":102}},"216":{"start":{"line":423,"column":6},"end":{"line":423,"column":20}},"217":{"start":{"line":424,"column":6},"end":{"line":424,"column":15}},"218":{"start":{"line":426,"column":27},"end":{"line":436,"column":5}},"219":{"start":{"line":437,"column":4},"end":{"line":441,"column":5}},"220":{"start":{"line":438,"column":18},"end":{"line":438,"column":77}},"221":{"start":{"line":439,"column":6},"end":{"line":439,"column":20}},"222":{"start":{"line":440,"column":6},"end":{"line":440,"column":15}},"223":{"start":{"line":444,"column":15},"end":{"line":444,"column":49}},"224":{"start":{"line":445,"column":17},"end":{"line":445,"column":40}},"225":{"start":{"line":446,"column":20},"end":{"line":446,"column":59}},"226":{"start":{"line":447,"column":18},"end":{"line":447,"column":22}},"227":{"start":{"line":448,"column":2},"end":{"line":496,"column":3}},"228":{"start":{"line":449,"column":20},"end":{"line":449,"column":36}},"229":{"start":{"line":450,"column":22},"end":{"line":450,"column":50}},"230":{"start":{"line":452,"column":4},"end":{"line":459,"column":5}},"231":{"start":{"line":453,"column":6},"end":{"line":453,"column":59}},"232":{"start":{"line":454,"column":11},"end":{"line":459,"column":5}},"233":{"start":{"line":455,"column":6},"end":{"line":455,"column":24}},"234":{"start":{"line":457,"column":19},"end":{"line":457,"column":100}},"235":{"start":{"line":457,"column":53},"end":{"line":457,"column":98}},"236":{"start":{"line":458,"column":6},"end":{"line":458,"column":37}},"237":{"start":{"line":460,"column":17},"end":{"line":460,"column":118}},"238":{"start":{"line":461,"column":22},"end":{"line":461,"column":42}},"239":{"start":{"line":462,"column":20},"end":{"line":462,"column":44}},"240":{"start":{"line":463,"column":17},"end":{"line":463,"column":40}},"241":{"start":{"line":464,"column":4},"end":{"line":464,"column":31}},"242":{"start":{"line":465,"column":22},"end":{"line":465,"column":38}},"243":{"start":{"line":466,"column":4},"end":{"line":466,"column":25}},"244":{"start":{"line":467,"column":4},"end":{"line":467,"column":57}},"245":{"start":{"line":468,"column":9},"end":{"line":496,"column":3}},"246":{"start":{"line":469,"column":21},"end":{"line":469,"column":60}},"247":{"start":{"line":470,"column":23},"end":{"line":470,"column":117}},"248":{"start":{"line":471,"column":4},"end":{"line":475,"column":5}},"249":{"start":{"line":472,"column":18},"end":{"line":472,"column":70}},"250":{"start":{"line":473,"column":6},"end":{"line":473,"column":20}},"251":{"start":{"line":474,"column":6},"end":{"line":474,"column":15}},"252":{"start":{"line":476,"column":16},"end":{"line":476,"column":63}},"253":{"start":{"line":477,"column":20},"end":{"line":477,"column":71}},"254":{"start":{"line":478,"column":4},"end":{"line":482,"column":5}},"255":{"start":{"line":479,"column":18},"end":{"line":479,"column":79}},"256":{"start":{"line":480,"column":6},"end":{"line":480,"column":20}},"257":{"start":{"line":481,"column":6},"end":{"line":481,"column":15}},"258":{"start":{"line":483,"column":17},"end":{"line":483,"column":26}},"259":{"start":{"line":484,"column":4},"end":{"line":490,"column":5}},"260":{"start":{"line":486,"column":6},"end":{"line":489,"column":7}},"261":{"start":{"line":487,"column":22},"end":{"line":487,"column":77}},"262":{"start":{"line":487,"column":54},"end":{"line":487,"column":76}},"263":{"start":{"line":488,"column":8},"end":{"line":488,"column":54}},"264":{"start":{"line":491,"column":4},"end":{"line":491,"column":22}},"265":{"start":{"line":493,"column":16},"end":{"line":493,"column":77}},"266":{"start":{"line":494,"column":4},"end":{"line":494,"column":18}},"267":{"start":{"line":495,"column":4},"end":{"line":495,"column":13}},"268":{"start":{"line":499,"column":19},"end":{"line":499,"column":58}},"269":{"start":{"line":500,"column":25},"end":{"line":502,"column":24}},"270":{"start":{"line":504,"column":2},"end":{"line":504,"column":63}},"271":{"start":{"line":509,"column":29},"end":{"line":512,"column":3}},"272":{"start":{"line":513,"column":2},"end":{"line":517,"column":3}},"273":{"start":{"line":514,"column":16},"end":{"line":514,"column":52}},"274":{"start":{"line":515,"column":4},"end":{"line":515,"column":18}},"275":{"start":{"line":516,"column":4},"end":{"line":516,"column":13}},"276":{"start":{"line":520,"column":33},"end":{"line":523,"column":3}},"277":{"start":{"line":524,"column":2},"end":{"line":526,"column":3}},"278":{"start":{"line":525,"column":4},"end":{"line":525,"column":38}},"279":{"start":{"line":528,"column":21},"end":{"line":528,"column":71}},"280":{"start":{"line":529,"column":22},"end":{"line":529,"column":87}},"281":{"start":{"line":531,"column":2},"end":{"line":538,"column":3}},"282":{"start":{"line":533,"column":28},"end":{"line":536,"column":5}},"283":{"start":{"line":537,"column":4},"end":{"line":537,"column":49}},"284":{"start":{"line":541,"column":18},"end":{"line":546,"column":4}},"285":{"start":{"line":549,"column":2},"end":{"line":552,"column":3}},"286":{"start":{"line":554,"column":2},"end":{"line":554,"column":60}},"287":{"start":{"line":557,"column":0},"end":{"line":568,"column":1}}},"fnMap":{"0":{"name":"listByProcesso","decl":{"start":{"line":4,"column":15},"end":{"line":4,"column":29}},"loc":{"start":{"line":4,"column":58},"end":{"line":44,"column":1}},"line":4},"1":{"name":"linkDocumento","decl":{"start":{"line":46,"column":15},"end":{"line":46,"column":28}},"loc":{"start":{"line":46,"column":54},"end":{"line":69,"column":1}},"line":46},"2":{"name":"createDocumento","decl":{"start":{"line":71,"column":15},"end":{"line":71,"column":30}},"loc":{"start":{"line":71,"column":74},"end":{"line":91,"column":1}},"line":71},"3":{"name":"_validarPosicaoFimArvore","decl":{"start":{"line":93,"column":15},"end":{"line":93,"column":39}},"loc":{"start":{"line":93,"column":88},"end":{"line":150,"column":1}},"line":93},"4":{"name":"(anonymous_4)","decl":{"start":{"line":132,"column":38},"end":{"line":132,"column":39}},"loc":{"start":{"line":132,"column":45},"end":{"line":132,"column":81}},"line":132},"5":{"name":"uploadConteudo","decl":{"start":{"line":152,"column":15},"end":{"line":152,"column":29}},"loc":{"start":{"line":152,"column":96},"end":{"line":202,"column":1}},"line":152},"6":{"name":"editorConteudo","decl":{"start":{"line":204,"column":15},"end":{"line":204,"column":29}},"loc":{"start":{"line":204,"column":81},"end":{"line":249,"column":1}},"line":204},"7":{"name":"getDocumentoById","decl":{"start":{"line":251,"column":15},"end":{"line":251,"column":31}},"loc":{"start":{"line":251,"column":36},"end":{"line":277,"column":1}},"line":251},"8":{"name":"assinar","decl":{"start":{"line":279,"column":15},"end":{"line":279,"column":22}},"loc":{"start":{"line":279,"column":45},"end":{"line":342,"column":1}},"line":279},"9":{"name":"deletarRascunho","decl":{"start":{"line":344,"column":15},"end":{"line":344,"column":30}},"loc":{"start":{"line":344,"column":53},"end":{"line":395,"column":1}},"line":344},"10":{"name":"gerarPdfPublico","decl":{"start":{"line":397,"column":15},"end":{"line":397,"column":30}},"loc":{"start":{"line":397,"column":50},"end":{"line":505,"column":1}},"line":397},"11":{"name":"(anonymous_11)","decl":{"start":{"line":457,"column":45},"end":{"line":457,"column":46}},"loc":{"start":{"line":457,"column":53},"end":{"line":457,"column":98}},"line":457},"12":{"name":"(anonymous_12)","decl":{"start":{"line":487,"column":47},"end":{"line":487,"column":48}},"loc":{"start":{"line":487,"column":54},"end":{"line":487,"column":76}},"line":487},"13":{"name":"seedByProcesso","decl":{"start":{"line":507,"column":15},"end":{"line":507,"column":29}},"loc":{"start":{"line":507,"column":70},"end":{"line":555,"column":1}},"line":507}},"branchMap":{"0":{"loc":{"start":{"line":5,"column":29},"end":{"line":5,"column":49}},"type":"binary-expr","locations":[{"start":{"line":5,"column":29},"end":{"line":5,"column":43}},{"start":{"line":5,"column":47},"end":{"line":5,"column":49}}],"line":5},"1":{"loc":{"start":{"line":9,"column":2},"end":{"line":13,"column":3}},"type":"if","locations":[{"start":{"line":9,"column":2},"end":{"line":13,"column":3}},{"start":{},"end":{}}],"line":9},"2":{"loc":{"start":{"line":15,"column":25},"end":{"line":17,"column":40}},"type":"cond-expr","locations":[{"start":{"line":16,"column":6},"end":{"line":16,"column":101}},{"start":{"line":17,"column":6},"end":{"line":17,"column":40}}],"line":15},"3":{"loc":{"start":{"line":18,"column":17},"end":{"line":18,"column":71}},"type":"cond-expr","locations":[{"start":{"line":18,"column":31},"end":{"line":18,"column":56}},{"start":{"line":18,"column":59},"end":{"line":18,"column":71}}],"line":18},"4":{"loc":{"start":{"line":47,"column":2},"end":{"line":51,"column":3}},"type":"if","locations":[{"start":{"line":47,"column":2},"end":{"line":51,"column":3}},{"start":{},"end":{}}],"line":47},"5":{"loc":{"start":{"line":53,"column":2},"end":{"line":57,"column":3}},"type":"if","locations":[{"start":{"line":53,"column":2},"end":{"line":57,"column":3}},{"start":{},"end":{}}],"line":53},"6":{"loc":{"start":{"line":59,"column":2},"end":{"line":63,"column":3}},"type":"if","locations":[{"start":{"line":59,"column":2},"end":{"line":63,"column":3}},{"start":{},"end":{}}],"line":59},"7":{"loc":{"start":{"line":72,"column":2},"end":{"line":76,"column":3}},"type":"if","locations":[{"start":{"line":72,"column":2},"end":{"line":76,"column":3}},{"start":{},"end":{}}],"line":72},"8":{"loc":{"start":{"line":80,"column":17},"end":{"line":80,"column":36}},"type":"binary-expr","locations":[{"start":{"line":80,"column":17},"end":{"line":80,"column":21}},{"start":{"line":80,"column":25},"end":{"line":80,"column":36}}],"line":80},"9":{"loc":{"start":{"line":80,"column":38},"end":{"line":80,"column":54}},"type":"binary-expr","locations":[{"start":{"line":80,"column":38},"end":{"line":80,"column":42}},{"start":{"line":80,"column":46},"end":{"line":80,"column":54}}],"line":80},"10":{"loc":{"start":{"line":80,"column":68},"end":{"line":80,"column":95}},"type":"binary-expr","locations":[{"start":{"line":80,"column":68},"end":{"line":80,"column":73}},{"start":{"line":80,"column":77},"end":{"line":80,"column":87}},{"start":{"line":80,"column":91},"end":{"line":80,"column":95}}],"line":80},"11":{"loc":{"start":{"line":102,"column":2},"end":{"line":106,"column":3}},"type":"if","locations":[{"start":{"line":102,"column":2},"end":{"line":106,"column":3}},{"start":{},"end":{}}],"line":102},"12":{"loc":{"start":{"line":108,"column":34},"end":{"line":108,"column":65}},"type":"binary-expr","locations":[{"start":{"line":108,"column":34},"end":{"line":108,"column":59}},{"start":{"line":108,"column":63},"end":{"line":108,"column":65}}],"line":108},"13":{"loc":{"start":{"line":109,"column":2},"end":{"line":120,"column":3}},"type":"if","locations":[{"start":{"line":109,"column":2},"end":{"line":120,"column":3}},{"start":{},"end":{}}],"line":109},"14":{"loc":{"start":{"line":110,"column":4},"end":{"line":114,"column":5}},"type":"if","locations":[{"start":{"line":110,"column":4},"end":{"line":114,"column":5}},{"start":{},"end":{}}],"line":110},"15":{"loc":{"start":{"line":115,"column":4},"end":{"line":119,"column":5}},"type":"if","locations":[{"start":{"line":115,"column":4},"end":{"line":119,"column":5}},{"start":{},"end":{}}],"line":115},"16":{"loc":{"start":{"line":122,"column":29},"end":{"line":122,"column":50}},"type":"binary-expr","locations":[{"start":{"line":122,"column":29},"end":{"line":122,"column":44}},{"start":{"line":122,"column":48},"end":{"line":122,"column":50}}],"line":122},"17":{"loc":{"start":{"line":136,"column":4},"end":{"line":141,"column":5}},"type":"if","locations":[{"start":{"line":136,"column":4},"end":{"line":141,"column":5}},{"start":{},"end":{}}],"line":136},"18":{"loc":{"start":{"line":137,"column":6},"end":{"line":138,"column":66}},"type":"binary-expr","locations":[{"start":{"line":137,"column":6},"end":{"line":137,"column":57}},{"start":{"line":138,"column":6},"end":{"line":138,"column":66}}],"line":137},"19":{"loc":{"start":{"line":137,"column":13},"end":{"line":137,"column":27}},"type":"binary-expr","locations":[{"start":{"line":137,"column":13},"end":{"line":137,"column":21}},{"start":{"line":137,"column":25},"end":{"line":137,"column":27}}],"line":137},"20":{"loc":{"start":{"line":138,"column":13},"end":{"line":138,"column":35}},"type":"binary-expr","locations":[{"start":{"line":138,"column":13},"end":{"line":138,"column":29}},{"start":{"line":138,"column":33},"end":{"line":138,"column":35}}],"line":138},"21":{"loc":{"start":{"line":144,"column":2},"end":{"line":148,"column":3}},"type":"if","locations":[{"start":{"line":144,"column":2},"end":{"line":148,"column":3}},{"start":{},"end":{}}],"line":144},"22":{"loc":{"start":{"line":157,"column":2},"end":{"line":161,"column":3}},"type":"if","locations":[{"start":{"line":157,"column":2},"end":{"line":161,"column":3}},{"start":{},"end":{}}],"line":157},"23":{"loc":{"start":{"line":162,"column":29},"end":{"line":162,"column":50}},"type":"binary-expr","locations":[{"start":{"line":162,"column":29},"end":{"line":162,"column":44}},{"start":{"line":162,"column":48},"end":{"line":162,"column":50}}],"line":162},"24":{"loc":{"start":{"line":163,"column":20},"end":{"line":163,"column":49}},"type":"binary-expr","locations":[{"start":{"line":163,"column":20},"end":{"line":163,"column":41}},{"start":{"line":163,"column":45},"end":{"line":163,"column":49}}],"line":163},"25":{"loc":{"start":{"line":164,"column":2},"end":{"line":171,"column":3}},"type":"if","locations":[{"start":{"line":164,"column":2},"end":{"line":171,"column":3}},{"start":{},"end":{}}],"line":164},"26":{"loc":{"start":{"line":165,"column":4},"end":{"line":169,"column":5}},"type":"if","locations":[{"start":{"line":165,"column":4},"end":{"line":169,"column":5}},{"start":{},"end":{}}],"line":165},"27":{"loc":{"start":{"line":172,"column":2},"end":{"line":183,"column":3}},"type":"if","locations":[{"start":{"line":172,"column":2},"end":{"line":183,"column":3}},{"start":{},"end":{}}],"line":172},"28":{"loc":{"start":{"line":173,"column":4},"end":{"line":177,"column":5}},"type":"if","locations":[{"start":{"line":173,"column":4},"end":{"line":177,"column":5}},{"start":{},"end":{}}],"line":173},"29":{"loc":{"start":{"line":186,"column":4},"end":{"line":188,"column":127}},"type":"cond-expr","locations":[{"start":{"line":187,"column":8},"end":{"line":187,"column":189}},{"start":{"line":188,"column":8},"end":{"line":188,"column":127}}],"line":186},"30":{"loc":{"start":{"line":191,"column":4},"end":{"line":191,"column":29}},"type":"binary-expr","locations":[{"start":{"line":191,"column":4},"end":{"line":191,"column":12}},{"start":{"line":191,"column":16},"end":{"line":191,"column":29}}],"line":191},"31":{"loc":{"start":{"line":192,"column":4},"end":{"line":192,"column":25}},"type":"binary-expr","locations":[{"start":{"line":192,"column":4},"end":{"line":192,"column":17}},{"start":{"line":192,"column":21},"end":{"line":192,"column":25}}],"line":192},"32":{"loc":{"start":{"line":193,"column":4},"end":{"line":193,"column":47}},"type":"binary-expr","locations":[{"start":{"line":193,"column":4},"end":{"line":193,"column":16}},{"start":{"line":193,"column":20},"end":{"line":193,"column":25}},{"start":{"line":193,"column":29},"end":{"line":193,"column":39}},{"start":{"line":193,"column":43},"end":{"line":193,"column":47}}],"line":193},"33":{"loc":{"start":{"line":196,"column":2},"end":{"line":200,"column":3}},"type":"if","locations":[{"start":{"line":196,"column":2},"end":{"line":200,"column":3}},{"start":{},"end":{}}],"line":196},"34":{"loc":{"start":{"line":209,"column":2},"end":{"line":213,"column":3}},"type":"if","locations":[{"start":{"line":209,"column":2},"end":{"line":213,"column":3}},{"start":{},"end":{}}],"line":209},"35":{"loc":{"start":{"line":214,"column":29},"end":{"line":214,"column":50}},"type":"binary-expr","locations":[{"start":{"line":214,"column":29},"end":{"line":214,"column":44}},{"start":{"line":214,"column":48},"end":{"line":214,"column":50}}],"line":214},"36":{"loc":{"start":{"line":215,"column":20},"end":{"line":215,"column":49}},"type":"binary-expr","locations":[{"start":{"line":215,"column":20},"end":{"line":215,"column":41}},{"start":{"line":215,"column":45},"end":{"line":215,"column":49}}],"line":215},"37":{"loc":{"start":{"line":217,"column":2},"end":{"line":224,"column":3}},"type":"if","locations":[{"start":{"line":217,"column":2},"end":{"line":224,"column":3}},{"start":{},"end":{}}],"line":217},"38":{"loc":{"start":{"line":218,"column":4},"end":{"line":222,"column":5}},"type":"if","locations":[{"start":{"line":218,"column":4},"end":{"line":222,"column":5}},{"start":{},"end":{}}],"line":218},"39":{"loc":{"start":{"line":225,"column":2},"end":{"line":237,"column":3}},"type":"if","locations":[{"start":{"line":225,"column":2},"end":{"line":237,"column":3}},{"start":{},"end":{}}],"line":225},"40":{"loc":{"start":{"line":226,"column":4},"end":{"line":230,"column":5}},"type":"if","locations":[{"start":{"line":226,"column":4},"end":{"line":230,"column":5}},{"start":{},"end":{}}],"line":226},"41":{"loc":{"start":{"line":231,"column":4},"end":{"line":235,"column":5}},"type":"if","locations":[{"start":{"line":231,"column":4},"end":{"line":235,"column":5}},{"start":{},"end":{}}],"line":231},"42":{"loc":{"start":{"line":241,"column":5},"end":{"line":241,"column":21}},"type":"binary-expr","locations":[{"start":{"line":241,"column":5},"end":{"line":241,"column":13}},{"start":{"line":241,"column":17},"end":{"line":241,"column":21}}],"line":241},"43":{"loc":{"start":{"line":241,"column":23},"end":{"line":241,"column":66}},"type":"binary-expr","locations":[{"start":{"line":241,"column":23},"end":{"line":241,"column":35}},{"start":{"line":241,"column":39},"end":{"line":241,"column":44}},{"start":{"line":241,"column":48},"end":{"line":241,"column":58}},{"start":{"line":241,"column":62},"end":{"line":241,"column":66}}],"line":241},"44":{"loc":{"start":{"line":243,"column":2},"end":{"line":247,"column":3}},"type":"if","locations":[{"start":{"line":243,"column":2},"end":{"line":247,"column":3}},{"start":{},"end":{}}],"line":243},"45":{"loc":{"start":{"line":276,"column":9},"end":{"line":276,"column":37}},"type":"cond-expr","locations":[{"start":{"line":276,"column":23},"end":{"line":276,"column":30}},{"start":{"line":276,"column":33},"end":{"line":276,"column":37}}],"line":276},"46":{"loc":{"start":{"line":280,"column":2},"end":{"line":284,"column":3}},"type":"if","locations":[{"start":{"line":280,"column":2},"end":{"line":284,"column":3}},{"start":{},"end":{}}],"line":280},"47":{"loc":{"start":{"line":289,"column":2},"end":{"line":293,"column":3}},"type":"if","locations":[{"start":{"line":289,"column":2},"end":{"line":293,"column":3}},{"start":{},"end":{}}],"line":289},"48":{"loc":{"start":{"line":294,"column":29},"end":{"line":294,"column":50}},"type":"binary-expr","locations":[{"start":{"line":294,"column":29},"end":{"line":294,"column":44}},{"start":{"line":294,"column":48},"end":{"line":294,"column":50}}],"line":294},"49":{"loc":{"start":{"line":295,"column":22},"end":{"line":295,"column":41}},"type":"binary-expr","locations":[{"start":{"line":295,"column":22},"end":{"line":295,"column":35}},{"start":{"line":295,"column":39},"end":{"line":295,"column":41}}],"line":295},"50":{"loc":{"start":{"line":296,"column":26},"end":{"line":296,"column":50}},"type":"binary-expr","locations":[{"start":{"line":296,"column":26},"end":{"line":296,"column":44}},{"start":{"line":296,"column":48},"end":{"line":296,"column":50}}],"line":296},"51":{"loc":{"start":{"line":297,"column":24},"end":{"line":297,"column":55}},"type":"binary-expr","locations":[{"start":{"line":297,"column":24},"end":{"line":297,"column":47}},{"start":{"line":297,"column":51},"end":{"line":297,"column":55}}],"line":297},"52":{"loc":{"start":{"line":301,"column":2},"end":{"line":305,"column":3}},"type":"if","locations":[{"start":{"line":301,"column":2},"end":{"line":305,"column":3}},{"start":{},"end":{}}],"line":301},"53":{"loc":{"start":{"line":301,"column":6},"end":{"line":301,"column":28}},"type":"binary-expr","locations":[{"start":{"line":301,"column":6},"end":{"line":301,"column":15}},{"start":{"line":301,"column":19},"end":{"line":301,"column":28}}],"line":301},"54":{"loc":{"start":{"line":306,"column":2},"end":{"line":319,"column":3}},"type":"if","locations":[{"start":{"line":306,"column":2},"end":{"line":319,"column":3}},{"start":{},"end":{}}],"line":306},"55":{"loc":{"start":{"line":307,"column":4},"end":{"line":311,"column":5}},"type":"if","locations":[{"start":{"line":307,"column":4},"end":{"line":311,"column":5}},{"start":{},"end":{}}],"line":307},"56":{"loc":{"start":{"line":307,"column":8},"end":{"line":307,"column":35}},"type":"binary-expr","locations":[{"start":{"line":307,"column":8},"end":{"line":307,"column":17}},{"start":{"line":307,"column":21},"end":{"line":307,"column":35}}],"line":307},"57":{"loc":{"start":{"line":312,"column":17},"end":{"line":312,"column":48}},"type":"binary-expr","locations":[{"start":{"line":312,"column":17},"end":{"line":312,"column":42}},{"start":{"line":312,"column":46},"end":{"line":312,"column":48}}],"line":312},"58":{"loc":{"start":{"line":314,"column":4},"end":{"line":318,"column":5}},"type":"if","locations":[{"start":{"line":314,"column":4},"end":{"line":318,"column":5}},{"start":{},"end":{}}],"line":314},"59":{"loc":{"start":{"line":320,"column":2},"end":{"line":324,"column":3}},"type":"if","locations":[{"start":{"line":320,"column":2},"end":{"line":324,"column":3}},{"start":{},"end":{}}],"line":320},"60":{"loc":{"start":{"line":335,"column":2},"end":{"line":339,"column":3}},"type":"if","locations":[{"start":{"line":335,"column":2},"end":{"line":339,"column":3}},{"start":{},"end":{}}],"line":335},"61":{"loc":{"start":{"line":345,"column":2},"end":{"line":349,"column":3}},"type":"if","locations":[{"start":{"line":345,"column":2},"end":{"line":349,"column":3}},{"start":{},"end":{}}],"line":345},"62":{"loc":{"start":{"line":353,"column":2},"end":{"line":357,"column":3}},"type":"if","locations":[{"start":{"line":353,"column":2},"end":{"line":357,"column":3}},{"start":{},"end":{}}],"line":353},"63":{"loc":{"start":{"line":358,"column":29},"end":{"line":358,"column":50}},"type":"binary-expr","locations":[{"start":{"line":358,"column":29},"end":{"line":358,"column":44}},{"start":{"line":358,"column":48},"end":{"line":358,"column":50}}],"line":358},"64":{"loc":{"start":{"line":359,"column":21},"end":{"line":359,"column":43}},"type":"binary-expr","locations":[{"start":{"line":359,"column":21},"end":{"line":359,"column":35}},{"start":{"line":359,"column":39},"end":{"line":359,"column":43}}],"line":359},"65":{"loc":{"start":{"line":360,"column":2},"end":{"line":364,"column":3}},"type":"if","locations":[{"start":{"line":360,"column":2},"end":{"line":364,"column":3}},{"start":{},"end":{}}],"line":360},"66":{"loc":{"start":{"line":365,"column":2},"end":{"line":369,"column":3}},"type":"if","locations":[{"start":{"line":365,"column":2},"end":{"line":369,"column":3}},{"start":{},"end":{}}],"line":365},"67":{"loc":{"start":{"line":370,"column":2},"end":{"line":374,"column":3}},"type":"if","locations":[{"start":{"line":370,"column":2},"end":{"line":374,"column":3}},{"start":{},"end":{}}],"line":370},"68":{"loc":{"start":{"line":370,"column":6},"end":{"line":370,"column":48}},"type":"binary-expr","locations":[{"start":{"line":370,"column":6},"end":{"line":370,"column":17}},{"start":{"line":370,"column":21},"end":{"line":370,"column":48}}],"line":370},"69":{"loc":{"start":{"line":383,"column":2},"end":{"line":387,"column":3}},"type":"if","locations":[{"start":{"line":383,"column":2},"end":{"line":387,"column":3}},{"start":{},"end":{}}],"line":383},"70":{"loc":{"start":{"line":389,"column":2},"end":{"line":393,"column":3}},"type":"if","locations":[{"start":{"line":389,"column":2},"end":{"line":393,"column":3}},{"start":{},"end":{}}],"line":389},"71":{"loc":{"start":{"line":408,"column":2},"end":{"line":412,"column":3}},"type":"if","locations":[{"start":{"line":408,"column":2},"end":{"line":412,"column":3}},{"start":{},"end":{}}],"line":408},"72":{"loc":{"start":{"line":414,"column":2},"end":{"line":418,"column":3}},"type":"if","locations":[{"start":{"line":414,"column":2},"end":{"line":418,"column":3}},{"start":{},"end":{}}],"line":414},"73":{"loc":{"start":{"line":414,"column":13},"end":{"line":414,"column":27}},"type":"binary-expr","locations":[{"start":{"line":414,"column":13},"end":{"line":414,"column":21}},{"start":{"line":414,"column":25},"end":{"line":414,"column":27}}],"line":414},"74":{"loc":{"start":{"line":419,"column":2},"end":{"line":442,"column":3}},"type":"if","locations":[{"start":{"line":419,"column":2},"end":{"line":442,"column":3}},{"start":{},"end":{}}],"line":419},"75":{"loc":{"start":{"line":419,"column":13},"end":{"line":419,"column":32}},"type":"binary-expr","locations":[{"start":{"line":419,"column":13},"end":{"line":419,"column":26}},{"start":{"line":419,"column":30},"end":{"line":419,"column":32}}],"line":419},"76":{"loc":{"start":{"line":420,"column":25},"end":{"line":420,"column":39}},"type":"binary-expr","locations":[{"start":{"line":420,"column":25},"end":{"line":420,"column":33}},{"start":{"line":420,"column":37},"end":{"line":420,"column":39}}],"line":420},"77":{"loc":{"start":{"line":421,"column":4},"end":{"line":425,"column":5}},"type":"if","locations":[{"start":{"line":421,"column":4},"end":{"line":425,"column":5}},{"start":{},"end":{}}],"line":421},"78":{"loc":{"start":{"line":421,"column":8},"end":{"line":421,"column":22}},"type":"binary-expr","locations":[{"start":{"line":421,"column":8},"end":{"line":421,"column":12}},{"start":{"line":421,"column":16},"end":{"line":421,"column":22}}],"line":421},"79":{"loc":{"start":{"line":437,"column":4},"end":{"line":441,"column":5}},"type":"if","locations":[{"start":{"line":437,"column":4},"end":{"line":441,"column":5}},{"start":{},"end":{}}],"line":437},"80":{"loc":{"start":{"line":444,"column":22},"end":{"line":444,"column":34}},"type":"binary-expr","locations":[{"start":{"line":444,"column":22},"end":{"line":444,"column":28}},{"start":{"line":444,"column":32},"end":{"line":444,"column":34}}],"line":444},"81":{"loc":{"start":{"line":445,"column":17},"end":{"line":445,"column":40}},"type":"binary-expr","locations":[{"start":{"line":445,"column":17},"end":{"line":445,"column":25}},{"start":{"line":445,"column":29},"end":{"line":445,"column":40}}],"line":445},"82":{"loc":{"start":{"line":448,"column":2},"end":{"line":496,"column":3}},"type":"if","locations":[{"start":{"line":448,"column":2},"end":{"line":496,"column":3}},{"start":{"line":468,"column":9},"end":{"line":496,"column":3}}],"line":448},"83":{"loc":{"start":{"line":449,"column":20},"end":{"line":449,"column":36}},"type":"binary-expr","locations":[{"start":{"line":449,"column":20},"end":{"line":449,"column":30}},{"start":{"line":449,"column":34},"end":{"line":449,"column":36}}],"line":449},"84":{"loc":{"start":{"line":452,"column":4},"end":{"line":459,"column":5}},"type":"if","locations":[{"start":{"line":452,"column":4},"end":{"line":459,"column":5}},{"start":{"line":454,"column":11},"end":{"line":459,"column":5}}],"line":452},"85":{"loc":{"start":{"line":454,"column":11},"end":{"line":459,"column":5}},"type":"if","locations":[{"start":{"line":454,"column":11},"end":{"line":459,"column":5}},{"start":{"line":456,"column":11},"end":{"line":459,"column":5}}],"line":454},"86":{"loc":{"start":{"line":468,"column":9},"end":{"line":496,"column":3}},"type":"if","locations":[{"start":{"line":468,"column":9},"end":{"line":496,"column":3}},{"start":{"line":492,"column":9},"end":{"line":496,"column":3}}],"line":468},"87":{"loc":{"start":{"line":469,"column":28},"end":{"line":469,"column":59}},"type":"binary-expr","locations":[{"start":{"line":469,"column":28},"end":{"line":469,"column":38}},{"start":{"line":469,"column":42},"end":{"line":469,"column":53}},{"start":{"line":469,"column":57},"end":{"line":469,"column":59}}],"line":469},"88":{"loc":{"start":{"line":470,"column":23},"end":{"line":470,"column":117}},"type":"cond-expr","locations":[{"start":{"line":470,"column":49},"end":{"line":470,"column":64}},{"start":{"line":470,"column":68},"end":{"line":470,"column":116}}],"line":470},"89":{"loc":{"start":{"line":470,"column":68},"end":{"line":470,"column":116}},"type":"cond-expr","locations":[{"start":{"line":470,"column":95},"end":{"line":470,"column":111}},{"start":{"line":470,"column":114},"end":{"line":470,"column":116}}],"line":470},"90":{"loc":{"start":{"line":471,"column":4},"end":{"line":475,"column":5}},"type":"if","locations":[{"start":{"line":471,"column":4},"end":{"line":475,"column":5}},{"start":{},"end":{}}],"line":471},"91":{"loc":{"start":{"line":476,"column":17},"end":{"line":476,"column":48}},"type":"binary-expr","locations":[{"start":{"line":476,"column":17},"end":{"line":476,"column":42}},{"start":{"line":476,"column":46},"end":{"line":476,"column":48}}],"line":476},"92":{"loc":{"start":{"line":478,"column":4},"end":{"line":482,"column":5}},"type":"if","locations":[{"start":{"line":478,"column":4},"end":{"line":482,"column":5}},{"start":{},"end":{}}],"line":478},"93":{"loc":{"start":{"line":484,"column":4},"end":{"line":490,"column":5}},"type":"if","locations":[{"start":{"line":484,"column":4},"end":{"line":490,"column":5}},{"start":{},"end":{}}],"line":484},"94":{"loc":{"start":{"line":486,"column":6},"end":{"line":489,"column":7}},"type":"if","locations":[{"start":{"line":486,"column":6},"end":{"line":489,"column":7}},{"start":{},"end":{}}],"line":486},"95":{"loc":{"start":{"line":499,"column":26},"end":{"line":499,"column":57}},"type":"binary-expr","locations":[{"start":{"line":499,"column":26},"end":{"line":499,"column":36}},{"start":{"line":499,"column":40},"end":{"line":499,"column":51}},{"start":{"line":499,"column":55},"end":{"line":499,"column":57}}],"line":499},"96":{"loc":{"start":{"line":500,"column":25},"end":{"line":502,"column":24}},"type":"cond-expr","locations":[{"start":{"line":501,"column":6},"end":{"line":501,"column":14}},{"start":{"line":502,"column":6},"end":{"line":502,"column":24}}],"line":500},"97":{"loc":{"start":{"line":500,"column":26},"end":{"line":500,"column":86}},"type":"binary-expr","locations":[{"start":{"line":500,"column":26},"end":{"line":500,"column":43}},{"start":{"line":500,"column":47},"end":{"line":500,"column":86}}],"line":500},"98":{"loc":{"start":{"line":507,"column":42},"end":{"line":507,"column":68}},"type":"default-arg","locations":[{"start":{"line":507,"column":66},"end":{"line":507,"column":68}}],"line":507},"99":{"loc":{"start":{"line":513,"column":2},"end":{"line":517,"column":3}},"type":"if","locations":[{"start":{"line":513,"column":2},"end":{"line":517,"column":3}},{"start":{},"end":{}}],"line":513},"100":{"loc":{"start":{"line":524,"column":2},"end":{"line":526,"column":3}},"type":"if","locations":[{"start":{"line":524,"column":2},"end":{"line":526,"column":3}},{"start":{},"end":{}}],"line":524},"101":{"loc":{"start":{"line":528,"column":28},"end":{"line":528,"column":56}},"type":"binary-expr","locations":[{"start":{"line":528,"column":28},"end":{"line":528,"column":50}},{"start":{"line":528,"column":54},"end":{"line":528,"column":56}}],"line":528},"102":{"loc":{"start":{"line":529,"column":29},"end":{"line":529,"column":86}},"type":"binary-expr","locations":[{"start":{"line":529,"column":29},"end":{"line":529,"column":34}},{"start":{"line":529,"column":38},"end":{"line":529,"column":48}},{"start":{"line":529,"column":52},"end":{"line":529,"column":80}},{"start":{"line":529,"column":84},"end":{"line":529,"column":86}}],"line":529},"103":{"loc":{"start":{"line":531,"column":2},"end":{"line":538,"column":3}},"type":"if","locations":[{"start":{"line":531,"column":2},"end":{"line":538,"column":3}},{"start":{},"end":{}}],"line":531},"104":{"loc":{"start":{"line":537,"column":27},"end":{"line":537,"column":48}},"type":"binary-expr","locations":[{"start":{"line":537,"column":27},"end":{"line":537,"column":42}},{"start":{"line":537,"column":46},"end":{"line":537,"column":48}}],"line":537},"105":{"loc":{"start":{"line":545,"column":11},"end":{"line":545,"column":32}},"type":"binary-expr","locations":[{"start":{"line":545,"column":11},"end":{"line":545,"column":24}},{"start":{"line":545,"column":28},"end":{"line":545,"column":32}}],"line":545}},"s":{"0":1,"1":1,"2":3,"3":3,"4":3,"5":1,"6":1,"7":1,"8":2,"9":2,"10":2,"11":2,"12":4,"13":1,"14":1,"15":1,"16":3,"17":3,"18":1,"19":1,"20":1,"21":2,"22":2,"23":1,"24":1,"25":1,"26":1,"27":1,"28":5,"29":1,"30":1,"31":1,"32":4,"33":4,"34":4,"35":4,"36":15,"37":15,"38":1,"39":1,"40":1,"41":14,"42":14,"43":14,"44":8,"45":1,"46":1,"47":1,"48":7,"49":1,"50":1,"51":1,"52":12,"53":12,"54":12,"55":12,"56":16,"57":12,"58":12,"59":12,"60":17,"61":17,"62":2,"63":12,"64":12,"65":1,"66":1,"67":1,"68":11,"69":7,"70":7,"71":1,"72":1,"73":1,"74":6,"75":6,"76":6,"77":4,"78":1,"79":1,"80":1,"81":3,"82":4,"83":2,"84":1,"85":1,"86":1,"87":1,"88":3,"89":3,"90":3,"91":1,"92":1,"93":1,"94":2,"95":11,"96":11,"97":1,"98":1,"99":1,"100":10,"101":10,"102":10,"103":5,"104":1,"105":1,"106":1,"107":4,"108":9,"109":5,"110":0,"111":0,"112":0,"113":5,"114":1,"115":1,"116":1,"117":4,"118":5,"119":5,"120":1,"121":1,"122":1,"123":4,"124":4,"125":4,"126":8,"127":1,"128":1,"129":1,"130":7,"131":7,"132":1,"133":1,"134":1,"135":6,"136":6,"137":6,"138":6,"139":6,"140":6,"141":6,"142":1,"143":1,"144":1,"145":5,"146":3,"147":1,"148":1,"149":1,"150":2,"151":2,"152":2,"153":1,"154":1,"155":1,"156":3,"157":0,"158":0,"159":0,"160":3,"161":3,"162":3,"163":1,"164":1,"165":1,"166":2,"167":2,"168":3,"169":0,"170":0,"171":0,"172":3,"173":3,"174":0,"175":0,"176":0,"177":3,"178":3,"179":3,"180":1,"181":1,"182":1,"183":2,"184":0,"185":0,"186":0,"187":2,"188":0,"189":0,"190":0,"191":2,"192":2,"193":1,"194":1,"195":1,"196":1,"197":1,"198":0,"199":0,"200":0,"201":1,"202":16,"203":16,"204":1,"205":1,"206":1,"207":15,"208":15,"209":1,"210":1,"211":1,"212":14,"213":2,"214":2,"215":1,"216":1,"217":1,"218":1,"219":1,"220":1,"221":1,"222":1,"223":12,"224":12,"225":12,"226":12,"227":12,"228":4,"229":4,"230":4,"231":1,"232":3,"233":1,"234":2,"235":3,"236":2,"237":4,"238":4,"239":4,"240":4,"241":4,"242":4,"243":4,"244":4,"245":8,"246":7,"247":7,"248":7,"249":1,"250":1,"251":1,"252":6,"253":6,"254":6,"255":1,"256":1,"257":1,"258":5,"259":5,"260":2,"261":1,"262":3,"263":1,"264":5,"265":1,"266":1,"267":1,"268":9,"269":9,"270":9,"271":5,"272":5,"273":1,"274":1,"275":1,"276":4,"277":4,"278":1,"279":3,"280":3,"281":3,"282":1,"283":1,"284":3,"285":3,"286":3,"287":1},"f":{"0":3,"1":4,"2":5,"3":15,"4":16,"5":7,"6":11,"7":4,"8":8,"9":3,"10":16,"11":3,"12":3,"13":5},"b":{"0":[3,2],"1":[1,2],"2":[1,1],"3":[1,1],"4":[1,3],"5":[1,2],"6":[1,1],"7":[1,4],"8":[4,1],"9":[4,1],"10":[4,1,0],"11":[1,14],"12":[14,7],"13":[8,6],"14":[1,7],"15":[1,6],"16":[12,0],"17":[2,15],"18":[17,7],"19":[17,0],"20":[7,0],"21":[1,11],"22":[1,6],"23":[6,0],"24":[6,4],"25":[4,2],"26":[1,3],"27":[2,2],"28":[1,1],"29":[1,2],"30":[3,1],"31":[3,1],"32":[3,0,0,0],"33":[1,2],"34":[1,10],"35":[10,0],"36":[10,5],"37":[5,5],"38":[1,4],"39":[5,4],"40":[0,5],"41":[1,4],"42":[5,0],"43":[5,0,0,0],"44":[1,4],"45":[3,1],"46":[1,7],"47":[1,6],"48":[6,0],"49":[6,0],"50":[6,4],"51":[6,4],"52":[1,5],"53":[6,4],"54":[3,2],"55":[1,2],"56":[3,2],"57":[2,0],"58":[1,1],"59":[0,3],"60":[1,2],"61":[0,3],"62":[0,3],"63":[3,0],"64":[3,0],"65":[1,2],"66":[0,2],"67":[0,2],"68":[2,2],"69":[1,1],"70":[0,1],"71":[1,15],"72":[1,14],"73":[15,0],"74":[2,12],"75":[14,0],"76":[2,1],"77":[1,1],"78":[2,1],"79":[1,0],"80":[12,0],"81":[12,0],"82":[4,8],"83":[4,1],"84":[1,3],"85":[1,2],"86":[7,1],"87":[7,7,0],"88":[0,7],"89":[7,0],"90":[1,6],"91":[6,0],"92":[1,5],"93":[2,3],"94":[1,1],"95":[9,9,4],"96":[2,7],"97":[9,5],"98":[4],"99":[1,4],"100":[1,3],"101":[3,0],"102":[3,3,2,1],"103":[1,2],"104":[1,0],"105":[3,0]},"_coverageSchema":"1a1c01bbd47fc00a2c39e90264f33305004495a9","hash":"cde9fb505e2ff38ecbf538026b565f331d801c77"}
,"C:\\Users\\lcmuniz\\Documents\\spe\\api\\services\\partesCadastroService.js": {"path":"C:\\Users\\lcmuniz\\Documents\\spe\\api\\services\\partesCadastroService.js","statementMap":{"0":{"start":{"line":1,"column":18},"end":{"line":1,"column":34}},"1":{"start":{"line":2,"column":23},"end":{"line":2,"column":40}},"2":{"start":{"line":4,"column":14},"end":{"line":4,"column":31}},"3":{"start":{"line":7,"column":12},"end":{"line":9,"column":18}},"4":{"start":{"line":10,"column":2},"end":{"line":10,"column":21}},"5":{"start":{"line":10,"column":10},"end":{"line":10,"column":21}},"6":{"start":{"line":11,"column":2},"end":{"line":11,"column":22}},"7":{"start":{"line":15,"column":2},"end":{"line":29,"column":3}},"8":{"start":{"line":33,"column":17},"end":{"line":33,"column":19}},"9":{"start":{"line":34,"column":14},"end":{"line":34,"column":16}},"10":{"start":{"line":35,"column":2},"end":{"line":38,"column":3}},"11":{"start":{"line":36,"column":4},"end":{"line":36,"column":25}},"12":{"start":{"line":37,"column":4},"end":{"line":37,"column":55}},"13":{"start":{"line":39,"column":19},"end":{"line":39,"column":36}},"14":{"start":{"line":40,"column":20},"end":{"line":40,"column":37}},"15":{"start":{"line":41,"column":14},"end":{"line":41,"column":105}},"16":{"start":{"line":42,"column":2},"end":{"line":42,"column":20}},"17":{"start":{"line":43,"column":2},"end":{"line":43,"column":21}},"18":{"start":{"line":44,"column":19},"end":{"line":44,"column":43}},"19":{"start":{"line":45,"column":2},"end":{"line":45,"column":19}},"20":{"start":{"line":49,"column":19},"end":{"line":49,"column":76}},"21":{"start":{"line":50,"column":2},"end":{"line":50,"column":26}},"22":{"start":{"line":54,"column":15},"end":{"line":54,"column":32}},"23":{"start":{"line":55,"column":13},"end":{"line":55,"column":36}},"24":{"start":{"line":56,"column":16},"end":{"line":56,"column":28}},"25":{"start":{"line":57,"column":14},"end":{"line":67,"column":3}},"26":{"start":{"line":68,"column":17},"end":{"line":83,"column":3}},"27":{"start":{"line":84,"column":19},"end":{"line":84,"column":43}},"28":{"start":{"line":85,"column":2},"end":{"line":85,"column":26}},"29":{"start":{"line":89,"column":15},"end":{"line":89,"column":32}},"30":{"start":{"line":90,"column":17},"end":{"line":103,"column":3}},"31":{"start":{"line":104,"column":19},"end":{"line":104,"column":21}},"32":{"start":{"line":105,"column":17},"end":{"line":105,"column":19}},"33":{"start":{"line":106,"column":2},"end":{"line":111,"column":4}},"34":{"start":{"line":107,"column":4},"end":{"line":110,"column":5}},"35":{"start":{"line":108,"column":6},"end":{"line":108,"column":41}},"36":{"start":{"line":109,"column":6},"end":{"line":109,"column":26}},"37":{"start":{"line":112,"column":2},"end":{"line":115,"column":3}},"38":{"start":{"line":113,"column":20},"end":{"line":113,"column":48}},"39":{"start":{"line":114,"column":4},"end":{"line":114,"column":18}},"40":{"start":{"line":116,"column":2},"end":{"line":116,"column":17}},"41":{"start":{"line":117,"column":14},"end":{"line":117,"column":99}},"42":{"start":{"line":118,"column":19},"end":{"line":118,"column":43}},"43":{"start":{"line":119,"column":2},"end":{"line":119,"column":26}},"44":{"start":{"line":124,"column":16},"end":{"line":124,"column":103}},"45":{"start":{"line":125,"column":2},"end":{"line":129,"column":3}},"46":{"start":{"line":126,"column":16},"end":{"line":126,"column":85}},"47":{"start":{"line":127,"column":4},"end":{"line":127,"column":18}},"48":{"start":{"line":128,"column":4},"end":{"line":128,"column":13}},"49":{"start":{"line":130,"column":2},"end":{"line":130,"column":57}},"50":{"start":{"line":131,"column":2},"end":{"line":131,"column":21}},"51":{"start":{"line":134,"column":0},"end":{"line":140,"column":1}}},"fnMap":{"0":{"name":"normalizeEstado","decl":{"start":{"line":6,"column":9},"end":{"line":6,"column":24}},"loc":{"start":{"line":6,"column":29},"end":{"line":12,"column":1}},"line":6},"1":{"name":"sanitize","decl":{"start":{"line":14,"column":9},"end":{"line":14,"column":17}},"loc":{"start":{"line":14,"column":29},"end":{"line":30,"column":1}},"line":14},"2":{"name":"listarPartesCadastro","decl":{"start":{"line":32,"column":15},"end":{"line":32,"column":35}},"loc":{"start":{"line":32,"column":72},"end":{"line":46,"column":1}},"line":32},"3":{"name":"obterParteCadastro","decl":{"start":{"line":48,"column":15},"end":{"line":48,"column":33}},"loc":{"start":{"line":48,"column":38},"end":{"line":51,"column":1}},"line":48},"4":{"name":"criarParteCadastro","decl":{"start":{"line":53,"column":15},"end":{"line":53,"column":33}},"loc":{"start":{"line":53,"column":48},"end":{"line":86,"column":1}},"line":53},"5":{"name":"atualizarParteCadastro","decl":{"start":{"line":88,"column":15},"end":{"line":88,"column":37}},"loc":{"start":{"line":88,"column":56},"end":{"line":120,"column":1}},"line":88},"6":{"name":"(anonymous_6)","decl":{"start":{"line":106,"column":17},"end":{"line":106,"column":18}},"loc":{"start":{"line":106,"column":29},"end":{"line":111,"column":3}},"line":106},"7":{"name":"removerParteCadastro","decl":{"start":{"line":122,"column":15},"end":{"line":122,"column":35}},"loc":{"start":{"line":122,"column":40},"end":{"line":132,"column":1}},"line":122}},"branchMap":{"0":{"loc":{"start":{"line":7,"column":19},"end":{"line":7,"column":27}},"type":"binary-expr","locations":[{"start":{"line":7,"column":19},"end":{"line":7,"column":21}},{"start":{"line":7,"column":25},"end":{"line":7,"column":27}}],"line":7},"1":{"loc":{"start":{"line":10,"column":2},"end":{"line":10,"column":21}},"type":"if","locations":[{"start":{"line":10,"column":2},"end":{"line":10,"column":21}},{"start":{},"end":{}}],"line":10},"2":{"loc":{"start":{"line":14,"column":18},"end":{"line":14,"column":27}},"type":"default-arg","locations":[{"start":{"line":14,"column":25},"end":{"line":14,"column":27}}],"line":14},"3":{"loc":{"start":{"line":16,"column":8},"end":{"line":16,"column":23}},"type":"binary-expr","locations":[{"start":{"line":16,"column":8},"end":{"line":16,"column":15}},{"start":{"line":16,"column":19},"end":{"line":16,"column":23}}],"line":16},"4":{"loc":{"start":{"line":17,"column":10},"end":{"line":17,"column":27}},"type":"binary-expr","locations":[{"start":{"line":17,"column":10},"end":{"line":17,"column":19}},{"start":{"line":17,"column":23},"end":{"line":17,"column":27}}],"line":17},"5":{"loc":{"start":{"line":18,"column":10},"end":{"line":18,"column":27}},"type":"binary-expr","locations":[{"start":{"line":18,"column":10},"end":{"line":18,"column":19}},{"start":{"line":18,"column":23},"end":{"line":18,"column":27}}],"line":18},"6":{"loc":{"start":{"line":19,"column":15},"end":{"line":19,"column":37}},"type":"binary-expr","locations":[{"start":{"line":19,"column":15},"end":{"line":19,"column":29}},{"start":{"line":19,"column":33},"end":{"line":19,"column":37}}],"line":19},"7":{"loc":{"start":{"line":20,"column":11},"end":{"line":20,"column":29}},"type":"binary-expr","locations":[{"start":{"line":20,"column":11},"end":{"line":20,"column":21}},{"start":{"line":20,"column":25},"end":{"line":20,"column":29}}],"line":20},"8":{"loc":{"start":{"line":21,"column":14},"end":{"line":21,"column":35}},"type":"binary-expr","locations":[{"start":{"line":21,"column":14},"end":{"line":21,"column":27}},{"start":{"line":21,"column":31},"end":{"line":21,"column":35}}],"line":21},"9":{"loc":{"start":{"line":22,"column":25},"end":{"line":22,"column":57}},"type":"binary-expr","locations":[{"start":{"line":22,"column":25},"end":{"line":22,"column":49}},{"start":{"line":22,"column":53},"end":{"line":22,"column":57}}],"line":22},"10":{"loc":{"start":{"line":23,"column":21},"end":{"line":23,"column":49}},"type":"binary-expr","locations":[{"start":{"line":23,"column":21},"end":{"line":23,"column":41}},{"start":{"line":23,"column":45},"end":{"line":23,"column":49}}],"line":23},"11":{"loc":{"start":{"line":24,"column":26},"end":{"line":24,"column":59}},"type":"binary-expr","locations":[{"start":{"line":24,"column":26},"end":{"line":24,"column":51}},{"start":{"line":24,"column":55},"end":{"line":24,"column":59}}],"line":24},"12":{"loc":{"start":{"line":25,"column":21},"end":{"line":25,"column":49}},"type":"binary-expr","locations":[{"start":{"line":25,"column":21},"end":{"line":25,"column":41}},{"start":{"line":25,"column":45},"end":{"line":25,"column":49}}],"line":25},"13":{"loc":{"start":{"line":26,"column":21},"end":{"line":26,"column":49}},"type":"binary-expr","locations":[{"start":{"line":26,"column":21},"end":{"line":26,"column":41}},{"start":{"line":26,"column":45},"end":{"line":26,"column":49}}],"line":26},"14":{"loc":{"start":{"line":28,"column":18},"end":{"line":28,"column":43}},"type":"binary-expr","locations":[{"start":{"line":28,"column":18},"end":{"line":28,"column":35}},{"start":{"line":28,"column":39},"end":{"line":28,"column":43}}],"line":28},"15":{"loc":{"start":{"line":32,"column":36},"end":{"line":32,"column":70}},"type":"default-arg","locations":[{"start":{"line":32,"column":68},"end":{"line":32,"column":70}}],"line":32},"16":{"loc":{"start":{"line":32,"column":41},"end":{"line":32,"column":51}},"type":"default-arg","locations":[{"start":{"line":32,"column":49},"end":{"line":32,"column":51}}],"line":32},"17":{"loc":{"start":{"line":32,"column":53},"end":{"line":32,"column":63}},"type":"default-arg","locations":[{"start":{"line":32,"column":62},"end":{"line":32,"column":63}}],"line":32},"18":{"loc":{"start":{"line":35,"column":2},"end":{"line":38,"column":3}},"type":"if","locations":[{"start":{"line":35,"column":2},"end":{"line":38,"column":3}},{"start":{},"end":{}}],"line":35},"19":{"loc":{"start":{"line":45,"column":9},"end":{"line":45,"column":19}},"type":"binary-expr","locations":[{"start":{"line":45,"column":9},"end":{"line":45,"column":13}},{"start":{"line":45,"column":17},"end":{"line":45,"column":19}}],"line":45},"20":{"loc":{"start":{"line":50,"column":9},"end":{"line":50,"column":26}},"type":"binary-expr","locations":[{"start":{"line":50,"column":9},"end":{"line":50,"column":18}},{"start":{"line":50,"column":22},"end":{"line":50,"column":26}}],"line":50},"21":{"loc":{"start":{"line":53,"column":34},"end":{"line":53,"column":46}},"type":"default-arg","locations":[{"start":{"line":53,"column":44},"end":{"line":53,"column":46}}],"line":53},"22":{"loc":{"start":{"line":55,"column":13},"end":{"line":55,"column":36}},"type":"binary-expr","locations":[{"start":{"line":55,"column":13},"end":{"line":55,"column":20}},{"start":{"line":55,"column":24},"end":{"line":55,"column":36}}],"line":55},"23":{"loc":{"start":{"line":85,"column":9},"end":{"line":85,"column":26}},"type":"binary-expr","locations":[{"start":{"line":85,"column":9},"end":{"line":85,"column":18}},{"start":{"line":85,"column":22},"end":{"line":85,"column":26}}],"line":85},"24":{"loc":{"start":{"line":88,"column":42},"end":{"line":88,"column":54}},"type":"default-arg","locations":[{"start":{"line":88,"column":52},"end":{"line":88,"column":54}}],"line":88},"25":{"loc":{"start":{"line":107,"column":4},"end":{"line":110,"column":5}},"type":"if","locations":[{"start":{"line":107,"column":4},"end":{"line":110,"column":5}},{"start":{},"end":{}}],"line":107},"26":{"loc":{"start":{"line":112,"column":2},"end":{"line":115,"column":3}},"type":"if","locations":[{"start":{"line":112,"column":2},"end":{"line":115,"column":3}},{"start":{},"end":{}}],"line":112},"27":{"loc":{"start":{"line":119,"column":9},"end":{"line":119,"column":26}},"type":"binary-expr","locations":[{"start":{"line":119,"column":9},"end":{"line":119,"column":18}},{"start":{"line":119,"column":22},"end":{"line":119,"column":26}}],"line":119},"28":{"loc":{"start":{"line":125,"column":2},"end":{"line":129,"column":3}},"type":"if","locations":[{"start":{"line":125,"column":2},"end":{"line":129,"column":3}},{"start":{},"end":{}}],"line":125},"29":{"loc":{"start":{"line":125,"column":6},"end":{"line":125,"column":37}},"type":"binary-expr","locations":[{"start":{"line":125,"column":6},"end":{"line":125,"column":16}},{"start":{"line":125,"column":20},"end":{"line":125,"column":37}}],"line":125}},"s":{"0":1,"1":1,"2":1,"3":2,"4":2,"5":0,"6":2,"7":2,"8":2,"9":2,"10":2,"11":1,"12":1,"13":2,"14":2,"15":2,"16":2,"17":2,"18":2,"19":2,"20":1,"21":1,"22":1,"23":1,"24":1,"25":1,"26":1,"27":1,"28":1,"29":1,"30":1,"31":1,"32":1,"33":1,"34":12,"35":12,"36":12,"37":1,"38":0,"39":0,"40":1,"41":1,"42":1,"43":1,"44":3,"45":3,"46":1,"47":1,"48":1,"49":2,"50":2,"51":1},"f":{"0":2,"1":2,"2":2,"3":1,"4":1,"5":1,"6":12,"7":3},"b":{"0":[2,0],"1":[0,2],"2":[0],"3":[2,2],"4":[2,0],"5":[2,0],"6":[2,1],"7":[2
[...]
d":{"line":625,"column":3}},{"start":{},"end":{}}],"line":621},"104":{"loc":{"start":{"line":627,"column":23},"end":{"line":627,"column":49}},"type":"binary-expr","locations":[{"start":{"line":627,"column":23},"end":{"line":627,"column":43}},{"start":{"line":627,"column":47},"end":{"line":627,"column":49}}],"line":627},"105":{"loc":{"start":{"line":628,"column":2},"end":{"line":651,"column":3}},"type":"if","locations":[{"start":{"line":628,"column":2},"end":{"line":651,"column":3}},{"start":{},"end":{}}],"line":628},"106":{"loc":{"start":{"line":628,"column":8},"end":{"line":628,"column":50}},"type":"binary-expr","locations":[{"start":{"line":628,"column":8},"end":{"line":628,"column":27}},{"start":{"line":628,"column":31},"end":{"line":628,"column":50}}],"line":628},"107":{"loc":{"start":{"line":630,"column":4},"end":{"line":634,"column":5}},"type":"if","locations":[{"start":{"line":630,"column":4},"end":{"line":634,"column":5}},{"start":{},"end":{}}],"line":630},"108":{"loc":{"start":{"line":630,"column":8},"end":{"line":630,"column":22}},"type":"binary-expr","locations":[{"start":{"line":630,"column":8},"end":{"line":630,"column":12}},{"start":{"line":630,"column":16},"end":{"line":630,"column":22}}],"line":630},"109":{"loc":{"start":{"line":646,"column":4},"end":{"line":650,"column":5}},"type":"if","locations":[{"start":{"line":646,"column":4},"end":{"line":650,"column":5}},{"start":{},"end":{}}],"line":646},"110":{"loc":{"start":{"line":715,"column":2},"end":{"line":719,"column":3}},"type":"if","locations":[{"start":{"line":715,"column":2},"end":{"line":719,"column":3}},{"start":{},"end":{}}],"line":715},"111":{"loc":{"start":{"line":725,"column":2},"end":{"line":729,"column":3}},"type":"if","locations":[{"start":{"line":725,"column":2},"end":{"line":729,"column":3}},{"start":{},"end":{}}],"line":725},"112":{"loc":{"start":{"line":732,"column":2},"end":{"line":736,"column":3}},"type":"if","locations":[{"start":{"line":732,"column":2},"end":{"line":736,"column":3}},{"start":{},"end":{}}],"line":732},"113":{"loc":{"start":{"line":732,"column":6},"end":{"line":732,"column":27}},"type":"binary-expr","locations":[{"start":{"line":732,"column":6},"end":{"line":732,"column":15}},{"start":{"line":732,"column":19},"end":{"line":732,"column":27}}],"line":732},"114":{"loc":{"start":{"line":739,"column":2},"end":{"line":743,"column":3}},"type":"if","locations":[{"start":{"line":739,"column":2},"end":{"line":743,"column":3}},{"start":{},"end":{}}],"line":739},"115":{"loc":{"start":{"line":744,"column":30},"end":{"line":744,"column":50}},"type":"binary-expr","locations":[{"start":{"line":744,"column":30},"end":{"line":744,"column":44}},{"start":{"line":744,"column":48},"end":{"line":744,"column":50}}],"line":744},"116":{"loc":{"start":{"line":745,"column":2},"end":{"line":749,"column":3}},"type":"if","locations":[{"start":{"line":745,"column":2},"end":{"line":749,"column":3}},{"start":{},"end":{}}],"line":745},"117":{"loc":{"start":{"line":776,"column":2},"end":{"line":780,"column":3}},"type":"if","locations":[{"start":{"line":776,"column":2},"end":{"line":780,"column":3}},{"start":{},"end":{}}],"line":776},"118":{"loc":{"start":{"line":781,"column":2},"end":{"line":785,"column":3}},"type":"if","locations":[{"start":{"line":781,"column":2},"end":{"line":785,"column":3}},{"start":{},"end":{}}],"line":781},"119":{"loc":{"start":{"line":791,"column":2},"end":{"line":795,"column":3}},"type":"if","locations":[{"start":{"line":791,"column":2},"end":{"line":795,"column":3}},{"start":{},"end":{}}],"line":791},"120":{"loc":{"start":{"line":799,"column":2},"end":{"line":803,"column":3}},"type":"if","locations":[{"start":{"line":799,"column":2},"end":{"line":803,"column":3}},{"start":{},"end":{}}],"line":799},"121":{"loc":{"start":{"line":799,"column":6},"end":{"line":799,"column":38}},"type":"binary-expr","locations":[{"start":{"line":799,"column":6},"end":{"line":799,"column":15}},{"start":{"line":799,"column":19},"end":{"line":799,"column":27}},{"start":{"line":799,"column":31},"end":{"line":799,"column":38}}],"line":799},"122":{"loc":{"start":{"line":806,"column":2},"end":{"line":810,"column":3}},"type":"if","locations":[{"start":{"line":806,"column":2},"end":{"line":810,"column":3}},{"start":{},"end":{}}],"line":806},"123":{"loc":{"start":{"line":811,"column":30},"end":{"line":811,"column":50}},"type":"binary-expr","locations":[{"start":{"line":811,"column":30},"end":{"line":811,"column":44}},{"start":{"line":811,"column":48},"end":{"line":811,"column":50}}],"line":811},"124":{"loc":{"start":{"line":812,"column":2},"end":{"line":816,"column":3}},"type":"if","locations":[{"start":{"line":812,"column":2},"end":{"line":816,"column":3}},{"start":{},"end":{}}],"line":812},"125":{"loc":{"start":{"line":845,"column":2},"end":{"line":849,"column":3}},"type":"if","locations":[{"start":{"line":845,"column":2},"end":{"line":849,"column":3}},{"start":{},"end":{}}],"line":845},"126":{"loc":{"start":{"line":854,"column":2},"end":{"line":858,"column":3}},"type":"if","locations":[{"start":{"line":854,"column":2},"end":{"line":858,"column":3}},{"start":{},"end":{}}],"line":854},"127":{"loc":{"start":{"line":860,"column":2},"end":{"line":864,"column":3}},"type":"if","locations":[{"start":{"line":860,"column":2},"end":{"line":864,"column":3}},{"start":{},"end":{}}],"line":860},"128":{"loc":{"start":{"line":865,"column":2},"end":{"line":869,"column":3}},"type":"if","locations":[{"start":{"line":865,"column":2},"end":{"line":869,"column":3}},{"start":{},"end":{}}],"line":865},"129":{"loc":{"start":{"line":865,"column":13},"end":{"line":865,"column":27}},"type":"binary-expr","locations":[{"start":{"line":865,"column":13},"end":{"line":865,"column":21}},{"start":{"line":865,"column":25},"end":{"line":865,"column":27}}],"line":865},"130":{"loc":{"start":{"line":870,"column":2},"end":{"line":874,"column":3}},"type":"if","locations":[{"start":{"line":870,"column":2},"end":{"line":874,"column":3}},{"start":{},"end":{}}],"line":870},"131":{"loc":{"start":{"line":870,"column":13},"end":{"line":870,"column":38}},"type":"binary-expr","locations":[{"start":{"line":870,"column":13},"end":{"line":870,"column":32}},{"start":{"line":870,"column":36},"end":{"line":870,"column":38}}],"line":870}},"s":{"0":2,"1":2,"2":2,"3":3,"4":3,"5":18,"6":3,"7":2,"8":2,"9":1,"10":1,"11":1,"12":5,"13":1,"14":4,"15":1,"16":1,"17":1,"18":3,"19":3,"20":3,"21":3,"22":3,"23":3,"24":4,"25":4,"26":2,"27":2,"28":1,"29":1,"30":1,"31":1,"32":2,"33":2,"34":2,"35":2,"36":2,"37":2,"38":2,"39":2,"40":2,"41":2,"42":2,"43":2,"44":2,"45":3,"46":3,"47":1,"48":1,"49":1,"50":2,"51":2,"52":2,"53":2,"54":2,"55":1,"56":1,"57":1,"58":1,"59":1,"60":1,"61":9,"62":1,"63":1,"64":1,"65":8,"66":1,"67":1,"68":1,"69":7,"70":7,"71":1,"72":1,"73":1,"74":6,"75":6,"76":6,"77":1,"78":1,"79":1,"80":5,"81":5,"82":1,"83":1,"84":1,"85":4,"86":4,"87":1,"88":1,"89":1,"90":3,"91":3,"92":1,"93":1,"94":1,"95":1,"96":1,"97":2,"98":2,"99":1,"100":1,"101":1,"102":1,"103":1,"104":5,"105":5,"106":1,"107":1,"108":1,"109":4,"110":1,"111":1,"112":1,"113":3,"114":3,"115":1,"116":1,"117":1,"118":2,"119":2,"120":1,"121":1,"122":1,"123":1,"124":1,"125":0,"126":0,"127":0,"128":1,"129":1,"130":6,"131":1,"132":1,"133":1,"134":5,"135":5,"136":1,"137":1,"138":1,"139":4,"140":4,"141":4,"142":1,"143":1,"144":1,"145":3,"146":3,"147":3,"148":3,"149":3,"150":3,"151":3,"152":4,"153":4,"154":4,"155":1,"156":1,"157":4,"158":1,"159":1,"160":4,"161":1,"162":1,"163":4,"164":1,"165":1,"166":4,"167":1,"168":1,"169":4,"170":1,"171":1,"172":4,"173":1,"174":1,"175":4,"176":1,"177":4,"178":1,"179":1,"180":4,"181":1,"182":1,"183":4,"184":4,"185":4,"186":4,"187":4,"188":4,"189":4,"190":4,"191":4,"192":6,"193":3,"194":3,"195":1,"196":1,"197":1,"198":2,"199":2,"200":1,"201":1,"202":1,"203":1,"204":1,"205":1,"206":1,"207":1,"208":3,"209":1,"210":1,"211":1,"212":2,"213":2,"214":1,"215":1,"216":1,"217":1,"218":1,"219":1,"220":1,"221":1,"222":1,"223":2,"224":2,"225":1,"226":1,"227":1,"228":1,"229":1,"230":2,"231":2,"232":10,"233":10,"234":10,"235":8,"236":8,"237":2,"238":2,"239":10,"240":2,"241":2,"242":2,"243":8,"244":8,"245":4,"246":2,"247":2,"248":2,"249":2,"250":2,"251":1,"252":1,"253":1,"254":5,"255":5,"256":5,"257":5,"258":5,"259":6,"260":1,"261":1,"262":1,"263":5,"264":5,"265":1,"266":1,"267":1,"268":4,"269":4,"270":4,"271":1,"272":1,"273":1,"274":3,"275":3,"276":1,"277":1,"278":1,"279":2,"280":2,"281":1,"282":1,"283":1,"284":1,"285":1,"286":1,"287":1,"288":1,"289":1,"290":1,"291":7,"292":1,"293":1,"294":1,"295":6,"296":1,"297":1,"298":1,"299":5,"300":5,"301":1,"302":1,"303":1,"304":4,"305":4,"306":4,"307":4,"308":1,"309":1,"310":1,"311":3,"312":3,"313":1,"314":1,"315":1,"316":2,"317":2,"318":1,"319":1,"320":1,"321":1,"322":1,"323":1,"324":1,"325":1,"326":1,"327":1,"328":6,"329":1,"330":1,"331":1,"332":5,"333":5,"334":1,"335":1,"336":1,"337":4,"338":4,"339":1,"340":1,"341":1,"342":3,"343":1,"344":1,"345":1,"346":2,"347":1,"348":1,"349":1,"350":1,"351":1,"352":1,"353":2},"f":{"0":3,"1":18,"2":2,"3":5,"4":3,"5":9,"6":5,"7":6,"8":4,"9":6,"10":2,"11":2,"12":10,"13":6,"14":7,"15":6},"b":{"0":[15],"1":[1,1],"2":[2],"3":[3],"4":[1,4],"5":[1,3],"6":[4,3,1],"7":[3,0,0],"8":[3,2],"9":[3,1],"10":[3,3],"11":[3,3],"12":[3,0],"13":[2,2],"14":[1,1],"15":[1,0],"16":[2,0],"17":[2,0],"18":[2,0],"19":[2,0],"20":[2,0],"21":[2,0],"22":[2,1],"23":[2,1],"24":[2,2],"25":[2,2],"26":[2,0],"27":[2,0],"28":[1,2],"29":[2,0],"30":[1,1],"31":[1,1],"32":[2,1],"33":[1,0],"34":[1,0],"35":[1,0],"36":[1,1],"37":[1,8],"38":[1,7],"39":[1,6],"40":[6,0],"41":[6,0],"42":[1,5],"43":[6,6],"44":[1,4],"45":[4,0],"46":[1,3],"47":[3,1],"48":[1,2],"49":[3,2],"50":[1,0],"51":[2,0],"52":[1,1],"53":[1,0],"54":[1,4],"55":[5,5],"56":[1,3],"57":[1,2],"58":[2,0],"59":[1,1],"60":[2,2],"61":[0,1],"62":[1,5],"63":[1,4],"64":[1,3],"65":[4,0],"66":[3,1],"67":[3,1],"68":[3,1],"69":[3,1],"70":[3,1],"71":[3,1],"72":[3,1],"73":[3,1],"74":[0],"75":[1,3],"76":[1,3],"77":[1,3],"78":[1,3],"79":[1,3],"80":[1,3],"81":[1,3],"82":[1,3],"83":[1,3],"84":[1,3],"85":[4,1],"86":[4,0],"87":[4,0],"88":[3,1],"89":[4,0],"90":[3,1],"91":[3,3],"92":[1,2],"93":[1,1],"94":[1,0],"95":[1,2],"96":[1,1],"97":[1,0],"98":[1,0],"99":[1,0],"100":[1,1],"101":[10,0],"102":[8,2],"103":[2,8],"104":[8,0],"105":[4,4],"106":[8,4],"107":[2,2],"108":[4,2],"109":[1,1],"110":[1,5],"111":[1,4],"112":[1,3],"113":[4,3],"114":[1,2],"115":[2,0],"116":[1,1],"117":[1,6],"118":[1,5],"119":[1,4],"120":[1,3],"121":[4,3,3],"122":[1,2],"123":[2,0],"124":[1,1],"125":[1,5],"126":[1,4],"127":[1,3],"128":[1,2],"129":[3,0],"130":[1,1],"131":[2,0]},"_coverageSchema":"1a1c01bbd47fc00a2c39e90264f33305004495a9","hash":"655f55dd40eddfe2e00f6b1fa1e1f47e0f8c2809"}
,"C:\\Users\\lcmuniz\\Documents\\spe\\api\\services\\transacoesService.js": {"path":"C:\\Users\\lcmuniz\\Documents\\spe\\api\\services\\transacoesService.js","statementMap":{"0":{"start":{"line":1,"column":18},"end":{"line":1,"column":34}},"1":{"start":{"line":4,"column":2},"end":{"line":8,"column":3}},"2":{"start":{"line":5,"column":4},"end":{"line":5,"column":27}},"3":{"start":{"line":12,"column":2},"end":{"line":12,"column":22}},"4":{"start":{"line":16,"column":2},"end":{"line":16,"column":23}},"5":{"start":{"line":19,"column":0},"end":{"line":19,"column":66}}},"fnMap":{"0":{"name":"rollback","decl":{"start":{"line":3,"column":15},"end":{"line":3,"column":23}},"loc":{"start":{"line":3,"column":26},"end":{"line":9,"column":1}},"line":3},"1":{"name":"beginTransaction","decl":{"start":{"line":11,"column":15},"end":{"line":11,"column":31}},"loc":{"start":{"line":11,"column":34},"end":{"line":13,"column":1}},"line":11},"2":{"name":"commitTransaction","decl":{"start":{"line":15,"column":15},"end":{"line":15,"column":32}},"loc":{"start":{"line":15,"column":35},"end":{"line":17,"column":1}},"line":15}},"branchMap":{},"s":{"0":3,"1":2,"2":2,"3":9,"4":8,"5":3},"f":{"0":2,"1":9,"2":8},"b":{},"_coverageSchema":"1a1c01bbd47fc00a2c39e90264f33305004495a9","hash":"8ce3670eba76b006a155b3403f8a59829aec6362"}
,"C:\\Users\\lcmuniz\\Documents\\spe\\api\\services\\usuariosService.js": {"path":"C:\\Users\\lcmuniz\\Documents\\spe\\api\\services\\usuariosService.js","statementMap":{"0":{"start":{"line":1,"column":23},"end":{"line":1,"column":38}},"1":{"start":{"line":2,"column":18},"end":{"line":2,"column":34}},"2":{"start":{"line":5,"column":2},"end":{"line":20,"column":3}},"3":{"start":{"line":6,"column":21},"end":{"line":18,"column":5}},"4":{"start":{"line":19,"column":4},"end":{"line":19,"column":39}},"5":{"start":{"line":22,"column":17},"end":{"line":22,"column":19}},"6":{"start":{"line":23,"column":14},"end":{"line":23,"column":16}},"7":{"start":{"line":24,"column":2},"end":{"line":27,"column":3}},"8":{"start":{"line":25,"column":4},"end":{"line":25,"column":22}},"9":{"start":{"line":26,"column":4},"end":{"line":26,"column":32}},"10":{"start":{"line":28,"column":19},"end":{"line":41,"column":3}},"11":{"start":{"line":42,"column":2},"end":{"line":42,"column":13}},"12":{"start":{"line":46,"column":2},"end":{"line":50,"column":3}},"13":{"start":{"line":47,"column":16},"end":{"line":47,"column":58}},"14":{"start":{"line":48,"column":4},"end":{"line":48,"column":18}},"15":{"start":{"line":49,"column":4},"end":{"line":49,"column":13}},"16":{"start":{"line":52,"column":33},"end":{"line":52,"column":100}},"17":{"start":{"line":53,"column":19},"end":{"line":53,"column":59}},"18":{"start":{"line":54,"column":19},"end":{"line":54,"column":38}},"19":{"start":{"line":56,"column":2},"end":{"line":92,"column":3}},"20":{"start":{"line":57,"column":4},"end":{"line":77,"column":5}},"21":{"start":{"line":58,"column":6},"end":{"line":61,"column":7}},"22":{"start":{"line":62,"column":11},"end":{"line":77,"column":5}},"23":{"start":{"line":63,"column":6},"end":{"line":66,"column":7}},"24":{"start":{"line":67,"column":11},"end":{"line":77,"column":5}},"25":{"start":{"line":68,"column":6},"end":{"line":71,"column":7}},"26":{"start":{"line":73,"column":6},"end":{"line":76,"column":7}},"27":{"start":{"line":78,"column":21},"end":{"line":90,"column":5}},"28":{"start":{"line":91,"column":4},"end":{"line":91,"column":55}},"29":{"start":{"line":94,"column":21},"end":{"line":94,"column":51}},"30":{"start":{"line":95,"column":21},"end":{"line":95,"column":44}},"31":{"start":{"line":96,"column":2},"end":{"line":100,"column":3}},"32":{"start":{"line":101,"column":19},"end":{"line":113,"column":3}},"33":{"start":{"line":114,"column":2},"end":{"line":114,"column":52}},"34":{"start":{"line":118,"column":16},"end":{"line":118,"column":57}},"35":{"start":{"line":119,"column":2},"end":{"line":119,"column":23}},"36":{"start":{"line":119,"column":14},"end":{"line":119,"column":23}},"37":{"start":{"line":120,"column":19},"end":{"line":133,"column":3}},"38":{"start":{"line":134,"column":2},"end":{"line":134,"column":13}},"39":{"start":{"line":137,"column":0},"end":{"line":137,"column":68}}},"fnMap":{"0":{"name":"getUsuarios","decl":{"start":{"line":4,"column":15},"end":{"line":4,"column":26}},"loc":{"start":{"line":4,"column":45},"end":{"line":43,"column":1}},"line":4},"1":{"name":"upsertUsuario","decl":{"start":{"line":45,"column":15},"end":{"line":45,"column":28}},"loc":{"start":{"line":45,"column":60},"end":{"line":115,"column":1}},"line":45},"2":{"name":"getUsuariosPorSigla","decl":{"start":{"line":117,"column":15},"end":{"line":117,"column":34}},"loc":{"start":{"line":117,"column":50},"end":{"line":135,"column":1}},"line":117}},"branchMap":{"0":{"loc":{"start":{"line":5,"column":2},"end":{"line":20,"column":3}},"type":"if","locations":[{"start":{"line":5,"column":2},"end":{"line":20,"column":3}},{"start":{},"end":{}}],"line":5},"1":{"loc":{"start":{"line":19,"column":11},"end":{"line":19,"column":39}},"type":"cond-expr","locations":[{"start":{"line":19,"column":25},"end":{"line":19,"column":32}},{"start":{"line":19,"column":35},"end":{"line":19,"column":39}}],"line":19},"2":{"loc":{"start":{"line":24,"column":2},"end":{"line":27,"column":3}},"type":"if","locations":[{"start":{"line":24,"column":2},"end":{"line":27,"column":3}},{"start":{},"end":{}}],"line":24},"3":{"loc":{"start":{"line":46,"column":2},"end":{"line":50,"column":3}},"type":"if","locations":[{"start":{"line":46,"column":2},"end":{"line":50,"column":3}},{"start":{},"end":{}}],"line":46},"4":{"loc":{"start":{"line":46,"column":6},"end":{"line":46,"column":21}},"type":"binary-expr","locations":[{"start":{"line":46,"column":6},"end":{"line":46,"column":12}},{"start":{"line":46,"column":16},"end":{"line":46,"column":21}}],"line":46},"5":{"loc":{"start":{"line":53,"column":22},"end":{"line":53,"column":58}},"type":"binary-expr","locations":[{"start":{"line":53,"column":22},"end":{"line":53,"column":27}},{"start":{"line":53,"column":31},"end":{"line":53,"column":58}}],"line":53},"6":{"loc":{"start":{"line":56,"column":2},"end":{"line":92,"column":3}},"type":"if","locations":[{"start":{"line":56,"column":2},"end":{"line":92,"column":3}},{"start":{},"end":{}}],"line":56},"7":{"loc":{"start":{"line":57,"column":4},"end":{"line":77,"column":5}},"type":"if","locations":[{"start":{"line":57,"column":4},"end":{"line":77,"column":5}},{"start":{"line":62,"column":11},"end":{"line":77,"column":5}}],"line":57},"8":{"loc":{"start":{"line":57,"column":8},"end":{"line":57,"column":28}},"type":"binary-expr","locations":[{"start":{"line":57,"column":8},"end":{"line":57,"column":16}},{"start":{"line":57,"column":20},"end":{"line":57,"column":28}}],"line":57},"9":{"loc":{"start":{"line":62,"column":11},"end":{"line":77,"column":5}},"type":"if","locations":[{"start":{"line":62,"column":11},"end":{"line":77,"column":5}},{"start":{"line":67,"column":11},"end":{"line":77,"column":5}}],"line":62},"10":{"loc":{"start":{"line":62,"column":15},"end":{"line":62,"column":36}},"type":"binary-expr","locations":[{"start":{"line":62,"column":15},"end":{"line":62,"column":23}},{"start":{"line":62,"column":27},"end":{"line":62,"column":36}}],"line":62},"11":{"loc":{"start":{"line":67,"column":11},"end":{"line":77,"column":5}},"type":"if","locations":[{"start":{"line":67,"column":11},"end":{"line":77,"column":5}},{"start":{"line":72,"column":11},"end":{"line":77,"column":5}}],"line":67},"12":{"loc":{"start":{"line":67,"column":15},"end":{"line":67,"column":36}},"type":"binary-expr","locations":[{"start":{"line":67,"column":15},"end":{"line":67,"column":24}},{"start":{"line":67,"column":28},"end":{"line":67,"column":36}}],"line":67},"13":{"loc":{"start":{"line":94,"column":21},"end":{"line":94,"column":51}},"type":"cond-expr","locations":[{"start":{"line":94,"column":32},"end":{"line":94,"column":37}},{"start":{"line":94,"column":40},"end":{"line":94,"column":51}}],"line":94},"14":{"loc":{"start":{"line":95,"column":21},"end":{"line":95,"column":44}},"type":"cond-expr","locations":[{"start":{"line":95,"column":32},"end":{"line":95,"column":37}},{"start":{"line":95,"column":40},"end":{"line":95,"column":44}}],"line":95},"15":{"loc":{"start":{"line":118,"column":23},"end":{"line":118,"column":42}},"type":"binary-expr","locations":[{"start":{"line":118,"column":23},"end":{"line":118,"column":36}},{"start":{"line":118,"column":40},"end":{"line":118,"column":42}}],"line":118},"16":{"loc":{"start":{"line":119,"column":2},"end":{"line":119,"column":23}},"type":"if","locations":[{"start":{"line":119,"column":2},"end":{"line":119,"column":23}},{"start":{},"end":{}}],"line":119}},"s":{"0":1,"1":1,"2":6,"3":2,"4":2,"5":4,"6":4,"7":4,"8":2,"9":2,"10":4,"11":4,"12":7,"13":1,"14":1,"15":1,"16":6,"17":6,"18":6,"19":6,"20":4,"21":1,"22":3,"23":1,"24":2,"25":1,"26":1,"27":4,"28":4,"29":2,"30":2,"31":2,"32":2,"33":2,"34":4,"35":4,"36":2,"37":2,"38":2,"39":1},"f":{"0":6,"1":7,"2":4},"b":{"0":[2,4],"1":[1,1],"2":[2,2],"3":[1,6],"4":[7,6],"5":[6,3],"6":[4,2],"7":[1,3],"8":[4,2],"9":[1,2],"10":[3,1],"11":[1,1],"12":[2,2],"13":[1,1],"14":[1,1],"15":[4,2],"16":[2,2]},"_coverageSchema":"1a1c01bbd47fc00a2c39e90264f33305004495a9","hash":"079da8905576027e7521ba29d52980f602b8e82d"}
}
