{"C:\\Users\\lcmuniz\\Documents\\spe-projects\\spe-api\\services\\acessosService.js": {"path":"C:\\Users\\lcmuniz\\Documents\\spe-projects\\spe-api\\services\\acessosService.js","statementMap":{"0":{"start":{"line":1,"column":23},"end":{"line":1,"column":38}},"1":{"start":{"line":2,"column":18},"end":{"line":2,"column":34}},"2":{"start":{"line":5,"column":19},"end":{"line":19,"column":3}},"3":{"start":{"line":20,"column":2},"end":{"line":20,"column":13}},"4":{"start":{"line":24,"column":12},"end":{"line":24,"column":44}},"5":{"start":{"line":25,"column":2},"end":{"line":29,"column":3}},"6":{"start":{"line":26,"column":16},"end":{"line":26,"column":42}},"7":{"start":{"line":27,"column":4},"end":{"line":27,"column":18}},"8":{"start":{"line":28,"column":4},"end":{"line":28,"column":13}},"9":{"start":{"line":30,"column":2},"end":{"line":34,"column":3}},"10":{"start":{"line":31,"column":16},"end":{"line":31,"column":48}},"11":{"start":{"line":32,"column":4},"end":{"line":32,"column":18}},"12":{"start":{"line":33,"column":4},"end":{"line":33,"column":13}},"13":{"start":{"line":35,"column":2},"end":{"line":39,"column":3}},"14":{"start":{"line":36,"column":16},"end":{"line":36,"column":66}},"15":{"start":{"line":37,"column":4},"end":{"line":37,"column":18}},"16":{"start":{"line":38,"column":4},"end":{"line":38,"column":13}},"17":{"start":{"line":41,"column":15},"end":{"line":41,"column":82}},"18":{"start":{"line":42,"column":2},"end":{"line":46,"column":3}},"19":{"start":{"line":43,"column":16},"end":{"line":43,"column":52}},"20":{"start":{"line":44,"column":4},"end":{"line":44,"column":18}},"21":{"start":{"line":45,"column":4},"end":{"line":45,"column":13}},"22":{"start":{"line":48,"column":19},"end":{"line":48,"column":27}},"23":{"start":{"line":50,"column":2},"end":{"line":68,"column":3}},"24":{"start":{"line":51,"column":31},"end":{"line":56,"column":5}},"25":{"start":{"line":57,"column":4},"end":{"line":61,"column":5}},"26":{"start":{"line":58,"column":18},"end":{"line":58,"column":63}},"27":{"start":{"line":59,"column":6},"end":{"line":59,"column":20}},"28":{"start":{"line":60,"column":6},"end":{"line":60,"column":15}},"29":{"start":{"line":62,"column":4},"end":{"line":66,"column":5}},"30":{"start":{"line":67,"column":4},"end":{"line":67,"column":27}},"31":{"start":{"line":70,"column":2},"end":{"line":74,"column":3}},"32":{"start":{"line":76,"column":2},"end":{"line":76,"column":25}},"33":{"start":{"line":80,"column":23},"end":{"line":83,"column":3}},"34":{"start":{"line":84,"column":2},"end":{"line":88,"column":3}},"35":{"start":{"line":85,"column":16},"end":{"line":85,"column":50}},"36":{"start":{"line":86,"column":4},"end":{"line":86,"column":18}},"37":{"start":{"line":87,"column":4},"end":{"line":87,"column":13}},"38":{"start":{"line":89,"column":2},"end":{"line":89,"column":21}},"39":{"start":{"line":92,"column":0},"end":{"line":96,"column":1}}},"fnMap":{"0":{"name":"listAcessos","decl":{"start":{"line":4,"column":15},"end":{"line":4,"column":26}},"loc":{"start":{"line":4,"column":39},"end":{"line":21,"column":1}},"line":4},"1":{"name":"addAcesso","decl":{"start":{"line":23,"column":15},"end":{"line":23,"column":24}},"loc":{"start":{"line":23,"column":63},"end":{"line":77,"column":1}},"line":23},"2":{"name":"removeAcesso","decl":{"start":{"line":79,"column":15},"end":{"line":79,"column":27}},"loc":{"start":{"line":79,"column":50},"end":{"line":90,"column":1}},"line":79}},"branchMap":{"0":{"loc":{"start":{"line":24,"column":19},"end":{"line":24,"column":29}},"type":"binary-expr","locations":[{"start":{"line":24,"column":19},"end":{"line":24,"column":23}},{"start":{"line":24,"column":27},"end":{"line":24,"column":29}}],"line":24},"1":{"loc":{"start":{"line":25,"column":2},"end":{"line":29,"column":3}},"type":"if","locations":[{"start":{"line":25,"column":2},"end":{"line":29,"column":3}},{"start":{},"end":{}}],"line":25},"2":{"loc":{"start":{"line":30,"column":2},"end":{"line":34,"column":3}},"type":"if","locations":[{"start":{"line":30,"column":2},"end":{"line":34,"column":3}},{"start":{},"end":{}}],"line":30},"3":{"loc":{"start":{"line":30,"column":6},"end":{"line":30,"column":50}},"type":"binary-expr","locations":[{"start":{"line":30,"column":7},"end":{"line":30,"column":20}},{"start":{"line":30,"column":24},"end":{"line":30,"column":39}},{"start":{"line":30,"column":44},"end":{"line":30,"column":50}}],"line":30},"4":{"loc":{"start":{"line":35,"column":2},"end":{"line":39,"column":3}},"type":"if","locations":[{"start":{"line":35,"column":2},"end":{"line":39,"column":3}},{"start":{},"end":{}}],"line":35},"5":{"loc":{"start":{"line":35,"column":6},"end":{"line":35,"column":31}},"type":"binary-expr","locations":[{"start":{"line":35,"column":6},"end":{"line":35,"column":19}},{"start":{"line":35,"column":23},"end":{"line":35,"column":31}}],"line":35},"6":{"loc":{"start":{"line":42,"column":2},"end":{"line":46,"column":3}},"type":"if","locations":[{"start":{"line":42,"column":2},"end":{"line":46,"column":3}},{"start":{},"end":{}}],"line":42},"7":{"loc":{"start":{"line":50,"column":2},"end":{"line":68,"column":3}},"type":"if","locations":[{"start":{"line":50,"column":2},"end":{"line":68,"column":3}},{"start":{},"end":{}}],"line":50},"8":{"loc":{"start":{"line":57,"column":4},"end":{"line":61,"column":5}},"type":"if","locations":[{"start":{"line":57,"column":4},"end":{"line":61,"column":5}},{"start":{},"end":{}}],"line":57},"9":{"loc":{"start":{"line":84,"column":2},"end":{"line":88,"column":3}},"type":"if","locations":[{"start":{"line":84,"column":2},"end":{"line":88,"column":3}},{"start":{},"end":{}}],"line":84}},"s":{"0":1,"1":1,"2":1,"3":1,"4":13,"5":13,"6":3,"7":3,"8":3,"9":10,"10":2,"11":2,"12":2,"13":8,"14":1,"15":1,"16":1,"17":7,"18":7,"19":2,"20":2,"21":2,"22":5,"23":5,"24":2,"25":2,"26":1,"27":1,"28":1,"29":1,"30":1,"31":3,"32":3,"33":2,"34":2,"35":1,"36":1,"37":1,"38":1,"39":1},"f":{"0":1,"1":13,"2":2},"b":{"0":[13,2],"1":[3,10],"2":[2,8],"3":[10,8,6],"4":[1,7],"5":[8,4],"6":[2,5],"7":[2,3],"8":[1,1],"9":[1,1]},"_coverageSchema":"1a1c01bbd47fc00a2c39e90264f33305004495a9","hash":"b80daa4b9dc9acedfe148aa9d6afe62fe0337434"}
,"C:\\Users\\lcmuniz\\Documents\\spe-projects\\spe-api\\services\\auditoriaService.js": {"path":"C:\\Users\\lcmuniz\\Documents\\spe-projects\\spe-api\\services\\auditoriaService.js","statementMap":{"0":{"start":{"line":1,"column":23},"end":{"line":1,"column":38}},"1":{"start":{"line":2,"column":18},"end":{"line":2,"column":34}},"2":{"start":{"line":5,"column":2},"end":{"line":37,"column":3}},"3":{"start":{"line":6,"column":15},"end":{"line":6,"column":23}},"4":{"start":{"line":7,"column":15},"end":{"line":7,"column":96}},"5":{"start":{"line":8,"column":23},"end":{"line":8,"column":67}},"6":{"start":{"line":9,"column":17},"end":{"line":9,"column":43}},"7":{"start":{"line":11,"column":22},"end":{"line":11,"column":30}},"8":{"start":{"line":12,"column":4},"end":{"line":18,"column":5}},"9":{"start":{"line":13,"column":16},"end":{"line":13,"column":31}},"10":{"start":{"line":14,"column":6},"end":{"line":16,"column":7}},"11":{"start":{"line":15,"column":8},"end":{"line":15,"column":22}},"12":{"start":{"line":17,"column":6},"end":{"line":17,"column":21}},"13":{"start":{"line":20,"column":4},"end":{"line":34,"column":5}},"14":{"start":{"line":36,"column":4},"end":{"line":36,"column":53}},"15":{"start":{"line":40,"column":0},"end":{"line":40,"column":29}}},"fnMap":{"0":{"name":"auditLog","decl":{"start":{"line":4,"column":15},"end":{"line":4,"column":23}},"loc":{"start":{"line":4,"column":85},"end":{"line":38,"column":1}},"line":4}},"branchMap":{"0":{"loc":{"start":{"line":7,"column":16},"end":{"line":7,"column":84}},"type":"binary-expr","locations":[{"start":{"line":7,"column":16},"end":{"line":7,"column":46}},{"start":{"line":7,"column":50},"end":{"line":7,"column":78}},{"start":{"line":7,"column":82},"end":{"line":7,"column":84}}],"line":7},"1":{"loc":{"start":{"line":8,"column":24},"end":{"line":8,"column":55}},"type":"binary-expr","locations":[{"start":{"line":8,"column":24},"end":{"line":8,"column":49}},{"start":{"line":8,"column":53},"end":{"line":8,"column":55}}],"line":8},"2":{"loc":{"start":{"line":9,"column":17},"end":{"line":9,"column":43}},"type":"binary-expr","locations":[{"start":{"line":9,"column":17},"end":{"line":9,"column":32}},{"start":{"line":9,"column":36},"end":{"line":9,"column":43}}],"line":9},"3":{"loc":{"start":{"line":12,"column":4},"end":{"line":18,"column":5}},"type":"if","locations":[{"start":{"line":12,"column":4},"end":{"line":18,"column":5}},{"start":{},"end":{}}],"line":12},"4":{"loc":{"start":{"line":12,"column":8},"end":{"line":12,"column":76}},"type":"binary-expr","locations":[{"start":{"line":12,"column":8},"end":{"line":12,"column":16}},{"start":{"line":12,"column":20},"end":{"line":12,"column":48}},{"start":{"line":12,"column":52},"end":{"line":12,"column":76}}],"line":12},"5":{"loc":{"start":{"line":14,"column":6},"end":{"line":16,"column":7}},"type":"if","locations":[{"start":{"line":14,"column":6},"end":{"line":16,"column":7}},{"start":{},"end":{}}],"line":14},"6":{"loc":{"start":{"line":14,"column":10},"end":{"line":14,"column":69}},"type":"binary-expr","locations":[{"start":{"line":14,"column":10},"end":{"line":14,"column":26}},{"start":{"line":14,"column":30},"end":{"line":14,"column":51}},{"start":{"line":14,"column":55},"end":{"line":14,"column":69}}],"line":14},"7":{"loc":{"start":{"line":26,"column":8},"end":{"line":26,"column":28}},"type":"binary-expr","locations":[{"start":{"line":26,"column":8},"end":{"line":26,"column":20}},{"start":{"line":26,"column":24},"end":{"line":26,"column":28}}],"line":26},"8":{"loc":{"start":{"line":27,"column":8},"end":{"line":27,"column":24}},"type":"binary-expr","locations":[{"start":{"line":27,"column":8},"end":{"line":27,"column":16}},{"start":{"line":27,"column":20},"end":{"line":27,"column":24}}],"line":27},"9":{"loc":{"start":{"line":28,"column":8},"end":{"line":28,"column":26}},"type":"binary-expr","locations":[{"start":{"line":28,"column":8},"end":{"line":28,"column":18}},{"start":{"line":28,"column":22},"end":{"line":28,"column":26}}],"line":28},"10":{"loc":{"start":{"line":29,"column":8},"end":{"line":29,"column":27}},"type":"binary-expr","locations":[{"start":{"line":29,"column":8},"end":{"line":29,"column":19}},{"start":{"line":29,"column":23},"end":{"line":29,"column":27}}],"line":29}},"s":{"0":1,"1":1,"2":3,"3":3,"4":3,"5":3,"6":3,"7":3,"8":3,"9":2,"10":2,"11":2,"12":2,"13":3,"14":1,"15":1},"f":{"0":3},"b":{"0":[3,1,0],"1":[3,2],"2":[3,2],"3":[2,1],"4":[3,3,2],"5":[2,0],"6":[2,2,1],"7":[3,1],"8":[3,0],"9":[3,0],"10":[3,0]},"_coverageSchema":"1a1c01bbd47fc00a2c39e90264f33305004495a9","hash":"0b658fa008eaa7dddb0b174b96b2f8ec76721a7c"}
,"C:\\Users\\lcmuniz\\Documents\\spe-projects\\spe-api\\services\\catalogService.js": {"path":"C:\\Users\\lcmuniz\\Documents\\spe-projects\\spe-api\\services\\catalogService.js","statementMap":{"0":{"start":{"line":1,"column":18},"end":{"line":1,"column":34}},"1":{"start":{"line":4,"column":19},"end":{"line":6,"column":3}},"2":{"start":{"line":7,"column":2},"end":{"line":7,"column":13}},"3":{"start":{"line":11,"column":19},"end":{"line":11,"column":75}},"4":{"start":{"line":12,"column":2},"end":{"line":12,"column":13}},"5":{"start":{"line":16,"column":19},"end":{"line":16,"column":81}},"6":{"start":{"line":17,"column":2},"end":{"line":17,"column":13}},"7":{"start":{"line":21,"column":19},"end":{"line":21,"column":82}},"8":{"start":{"line":22,"column":2},"end":{"line":22,"column":13}},"9":{"start":{"line":25,"column":0},"end":{"line":25,"column":85}}},"fnMap":{"0":{"name":"listSetores","decl":{"start":{"line":3,"column":15},"end":{"line":3,"column":26}},"loc":{"start":{"line":3,"column":29},"end":{"line":8,"column":1}},"line":3},"1":{"name":"listAssuntos","decl":{"start":{"line":10,"column":15},"end":{"line":10,"column":27}},"loc":{"start":{"line":10,"column":30},"end":{"line":13,"column":1}},"line":10},"2":{"name":"listTiposProcesso","decl":{"start":{"line":15,"column":15},"end":{"line":15,"column":32}},"loc":{"start":{"line":15,"column":35},"end":{"line":18,"column":1}},"line":15},"3":{"name":"listTiposDocumento","decl":{"start":{"line":20,"column":15},"end":{"line":20,"column":33}},"loc":{"start":{"line":20,"column":36},"end":{"line":23,"column":1}},"line":20}},"branchMap":{},"s":{"0":1,"1":1,"2":1,"3":1,"4":1,"5":1,"6":1,"7":0,"8":0,"9":1},"f":{"0":1,"1":1,"2":1,"3":0},"b":{},"_coverageSchema":"1a1c01bbd47fc00a2c39e90264f33305004495a9","hash":"e382a2e2a029a774e962f0159c0d6513f6155757"}
,"C:\\Users\\lcmuniz\\Documents\\spe-projects\\spe-api\\services\\chavesService.js": {"path":"C:\\Users\\lcmuniz\\Documents\\spe-projects\\spe-api\\services\\chavesService.js","statementMap":{"0":{"start":{"line":1,"column":23},"end":{"line":1,"column":38}},"1":{"start":{"line":2,"column":18},"end":{"line":2,"column":34}},"2":{"start":{"line":5,"column":19},"end":{"line":11,"column":3}},"3":{"start":{"line":12,"column":2},"end":{"line":12,"column":13}},"4":{"start":{"line":16,"column":2},"end":{"line":20,"column":3}},"5":{"start":{"line":17,"column":16},"end":{"line":17,"column":50}},"6":{"start":{"line":18,"column":4},"end":{"line":18,"column":18}},"7":{"start":{"line":19,"column":4},"end":{"line":19,"column":13}},"8":{"start":{"line":22,"column":15},"end":{"line":22,"column":82}},"9":{"start":{"line":23,"column":2},"end":{"line":27,"column":3}},"10":{"start":{"line":24,"column":16},"end":{"line":24,"column":52}},"11":{"start":{"line":25,"column":4},"end":{"line":25,"column":18}},"12":{"start":{"line":26,"column":4},"end":{"line":26,"column":13}},"13":{"start":{"line":29,"column":16},"end":{"line":32,"column":3}},"14":{"start":{"line":33,"column":2},"end":{"line":37,"column":3}},"15":{"start":{"line":34,"column":16},"end":{"line":34,"column":49}},"16":{"start":{"line":35,"column":4},"end":{"line":35,"column":18}},"17":{"start":{"line":36,"column":4},"end":{"line":36,"column":13}},"18":{"start":{"line":39,"column":18},"end":{"line":39,"column":26}},"19":{"start":{"line":40,"column":16},"end":{"line":40,"column":24}},"20":{"start":{"line":41,"column":2},"end":{"line":45,"column":3}},"21":{"start":{"line":47,"column":2},"end":{"line":47,"column":31}},"22":{"start":{"line":51,"column":23},"end":{"line":54,"column":3}},"23":{"start":{"line":55,"column":2},"end":{"line":59,"column":3}},"24":{"start":{"line":56,"column":16},"end":{"line":56,"column":49}},"25":{"start":{"line":57,"column":4},"end":{"line":57,"column":18}},"26":{"start":{"line":58,"column":4},"end":{"line":58,"column":13}},"27":{"start":{"line":60,"column":2},"end":{"line":60,"column":21}},"28":{"start":{"line":63,"column":0},"end":{"line":67,"column":1}}},"fnMap":{"0":{"name":"listChaves","decl":{"start":{"line":4,"column":15},"end":{"line":4,"column":25}},"loc":{"start":{"line":4,"column":38},"end":{"line":13,"column":1}},"line":4},"1":{"name":"createChave","decl":{"start":{"line":15,"column":15},"end":{"line":15,"column":26}},"loc":{"start":{"line":15,"column":52},"end":{"line":48,"column":1}},"line":15},"2":{"name":"revokeChave","decl":{"start":{"line":50,"column":15},"end":{"line":50,"column":26}},"loc":{"start":{"line":50,"column":52},"end":{"line":61,"column":1}},"line":50}},"branchMap":{"0":{"loc":{"start":{"line":16,"column":2},"end":{"line":20,"column":3}},"type":"if","locations":[{"start":{"line":16,"column":2},"end":{"line":20,"column":3}},{"start":{},"end":{}}],"line":16},"1":{"loc":{"start":{"line":23,"column":2},"end":{"line":27,"column":3}},"type":"if","locations":[{"start":{"line":23,"column":2},"end":{"line":27,"column":3}},{"start":{},"end":{}}],"line":23},"2":{"loc":{"start":{"line":33,"column":2},"end":{"line":37,"column":3}},"type":"if","locations":[{"start":{"line":33,"column":2},"end":{"line":37,"column":3}},{"start":{},"end":{}}],"line":33},"3":{"loc":{"start":{"line":55,"column":2},"end":{"line":59,"column":3}},"type":"if","locations":[{"start":{"line":55,"column":2},"end":{"line":59,"column":3}},{"start":{},"end":{}}],"line":55}},"s":{"0":1,"1":1,"2":1,"3":1,"4":4,"5":1,"6":1,"7":1,"8":3,"9":3,"10":1,"11":1,"12":1,"13":2,"14":2,"15":1,"16":1,"17":1,"18":1,"19":1,"20":1,"21":1,"22":2,"23":2,"24":1,"25":1,"26":1,"27":1,"28":1},"f":{"0":1,"1":4,"2":2},"b":{"0":[1,3],"1":[1,2],"2":[1,1],"3":[1,1]},"_coverageSchema":"1a1c01bbd47fc00a2c39e90264f33305004495a9","hash":"016d3021b020cc32f612761ba9fe2e5424c8172f"}
,"C:\\Users\\lcmuniz\\Documents\\spe-projects\\spe-api\\services\\documentosModelosService.js": {"path":"C:\\Users\\lcmuniz\\Documents\\spe-projects\\spe-api\\services\\documentosModelosService.js","statementMap":{"0":{"start":{"line":1,"column":18},"end":{"line":1,"column":34}},"1":{"start":{"line":4,"column":17},"end":{"line":4,"column":19}},"2":{"start":{"line":5,"column":14},"end":{"line":5,"column":16}},"3":{"start":{"line":6,"column":2},"end":{"line":9,"column":3}},"4":{"start":{"line":7,"column":4},"end":{"line":7,"column":23}},"5":{"start":{"line":8,"column":4},"end":{"line":8,"column":35}},"6":{"start":{"line":10,"column":19},"end":{"line":22,"column":3}},"7":{"start":{"line":23,"column":2},"end":{"line":23,"column":13}},"8":{"start":{"line":27,"column":19},"end":{"line":38,"column":3}},"9":{"start":{"line":39,"column":2},"end":{"line":39,"column":37}},"10":{"start":{"line":42,"column":0},"end":{"line":42,"column":47}}},"fnMap":{"0":{"name":"listModelos","decl":{"start":{"line":3,"column":15},"end":{"line":3,"column":26}},"loc":{"start":{"line":3,"column":44},"end":{"line":24,"column":1}},"line":3},"1":{"name":"getModeloById","decl":{"start":{"line":26,"column":15},"end":{"line":26,"column":28}},"loc":{"start":{"line":26,"column":33},"end":{"line":40,"column":1}},"line":26}},"branchMap":{"0":{"loc":{"start":{"line":3,"column":27},"end":{"line":3,"column":42}},"type":"default-arg","locations":[{"start":{"line":3,"column":40},"end":{"line":3,"column":42}}],"line":3},"1":{"loc":{"start":{"line":6,"column":2},"end":{"line":9,"column":3}},"type":"if","locations":[{"start":{"line":6,"column":2},"end":{"line":9,"column":3}},{"start":{},"end":{}}],"line":6},"2":{"loc":{"start":{"line":39,"column":9},"end":{"line":39,"column":37}},"type":"cond-expr","locations":[{"start":{"line":39,"column":23},"end":{"line":39,"column":30}},{"start":{"line":39,"column":33},"end":{"line":39,"column":37}}],"line":39}},"s":{"0":1,"1":2,"2":2,"3":2,"4":1,"5":1,"6":2,"7":2,"8":2,"9":2,"10":1},"f":{"0":2,"1":2},"b":{"0":[1],"1":[1,1],"2":[1,1]},"_coverageSchema":"1a1c01bbd47fc00a2c39e90264f33305004495a9","hash":"243f85e595cd793f08b9aa3cd799359661f93dbc"}
,"C:\\Users\\lcmuniz\\Documents\\spe-projects\\spe-api\\services\\documentosService.js": {"path":"C:\\Users\\lcmuniz\\Documents\\spe-projects\\spe-api\\services\\documentosService.js","statementMap":{"0":{"start":{"line":1,"column":23},"end":{"line":1,"column":38}},"1":{"start":{"line":2,"column":18},"end":{"line":2,"column":34}},"2":{"start":{"line":5,"column":22},"end":{"line":5,"column":64}},"3":{"start":{"line":6,"column":29},"end":{"line":8,"column":4}},"4":{"start":{"line":9,"column":2},"end":{"line":13,"column":3}},"5":{"start":{"line":10,"column":16},"end":{"line":10,"column":52}},"6":{"start":{"line":11,"column":4},"end":{"line":11,"column":18}},"7":{"start":{"line":12,"column":4},"end":{"line":12,"column":13}},"8":{"start":{"line":15,"column":25},"end":{"line":17,"column":40}},"9":{"start":{"line":18,"column":17},"end":{"line":18,"column":71}},"10":{"start":{"line":20,"column":19},"end":{"line":44,"column":3}},"11":{"start":{"line":45,"column":2},"end":{"line":45,"column":13}},"12":{"start":{"line":49,"column":2},"end":{"line":53,"column":3}},"13":{"start":{"line":50,"column":16},"end":{"line":50,"column":54}},"14":{"start":{"line":51,"column":4},"end":{"line":51,"column":18}},"15":{"start":{"line":52,"column":4},"end":{"line":52,"column":13}},"16":{"start":{"line":54,"column":15},"end":{"line":54,"column":82}},"17":{"start":{"line":55,"column":2},"end":{"line":59,"column":3}},"18":{"start":{"line":56,"column":16},"end":{"line":56,"column":52}},"19":{"start":{"line":57,"column":4},"end":{"line":57,"column":18}},"20":{"start":{"line":58,"column":4},"end":{"line":58,"column":13}},"21":{"start":{"line":60,"column":14},"end":{"line":60,"column":83}},"22":{"start":{"line":61,"column":2},"end":{"line":65,"column":3}},"23":{"start":{"line":62,"column":16},"end":{"line":62,"column":53}},"24":{"start":{"line":63,"column":4},"end":{"line":63,"column":18}},"25":{"start":{"line":64,"column":4},"end":{"line":64,"column":13}},"26":{"start":{"line":66,"column":2},"end":{"line":69,"column":3}},"27":{"start":{"line":70,"column":2},"end":{"line":70,"column":21}},"28":{"start":{"line":74,"column":2},"end":{"line":78,"column":3}},"29":{"start":{"line":75,"column":16},"end":{"line":75,"column":49}},"30":{"start":{"line":76,"column":4},"end":{"line":76,"column":18}},"31":{"start":{"line":77,"column":4},"end":{"line":77,"column":13}},"32":{"start":{"line":79,"column":13},"end":{"line":79,"column":21}},"33":{"start":{"line":80,"column":2},"end":{"line":83,"column":3}},"34":{"start":{"line":84,"column":19},"end":{"line":100,"column":3}},"35":{"start":{"line":101,"column":2},"end":{"line":101,"column":16}},"36":{"start":{"line":105,"column":26},"end":{"line":112,"column":3}},"37":{"start":{"line":113,"column":2},"end":{"line":117,"column":3}},"38":{"start":{"line":114,"column":16},"end":{"line":114,"column":71}},"39":{"start":{"line":115,"column":4},"end":{"line":115,"column":18}},"40":{"start":{"line":116,"column":4},"end":{"line":116,"column":13}},"41":{"start":{"line":118,"column":21},"end":{"line":118,"column":40}},"42":{"start":{"line":119,"column":27},"end":{"line":119,"column":66}},"43":{"start":{"line":120,"column":2},"end":{"line":131,"column":3}},"44":{"start":{"line":121,"column":4},"end":{"line":125,"column":5}},"45":{"start":{"line":122,"column":18},"end":{"line":122,"column":75}},"46":{"start":{"line":123,"column":6},"end":{"line":123,"column":20}},"47":{"start":{"line":124,"column":6},"end":{"line":124,"column":15}},"48":{"start":{"line":126,"column":4},"end":{"line":130,"column":5}},"49":{"start":{"line":127,"column":18},"end":{"line":127,"column":90}},"50":{"start":{"line":128,"column":6},"end":{"line":128,"column":20}},"51":{"start":{"line":129,"column":6},"end":{"line":129,"column":15}},"52":{"start":{"line":132,"column":26},"end":{"line":132,"column":100}},"53":{"start":{"line":133,"column":22},"end":{"line":133,"column":65}},"54":{"start":{"line":134,"column":29},"end":{"line":142,"column":3}},"55":{"start":{"line":143,"column":19},"end":{"line":143,"column":82}},"56":{"start":{"line":143,"column":45},"end":{"line":143,"column":81}},"57":{"start":{"line":144,"column":23},"end":{"line":144,"column":25}},"58":{"start":{"line":145,"column":2},"end":{"line":153,"column":3}},"59":{"start":{"line":145,"column":15},"end":{"line":145,"column":16}},"60":{"start":{"line":146,"column":14},"end":{"line":146,"column":25}},"61":{"start":{"line":147,"column":4},"end":{"line":152,"column":5}},"62":{"start":{"line":151,"column":6},"end":{"line":151,"column":24}},"63":{"start":{"line":154,"column":19},"end":{"line":154,"column":37}},"64":{"start":{"line":155,"column":2},"end":{"line":159,"column":3}},"65":{"start":{"line":156,"column":16},"end":{"line":156,"column":95}},"66":{"start":{"line":157,"column":4},"end":{"line":157,"column":18}},"67":{"start":{"line":158,"column":4},"end":{"line":158,"column":13}},"68":{"start":{"line":160,"column":2},"end":{"line":160,"column":23}},"69":{"start":{"line":164,"column":26},"end":{"line":167,"column":3}},"70":{"start":{"line":168,"column":2},"end":{"line":172,"column":3}},"71":{"start":{"line":169,"column":16},"end":{"line":169,"column":53}},"72":{"start":{"line":170,"column":4},"end":{"line":170,"column":18}},"73":{"start":{"line":171,"column":4},"end":{"line":171,"column":13}},"74":{"start":{"line":173,"column":22},"end":{"line":173,"column":65}},"75":{"start":{"line":174,"column":20},"end":{"line":174,"column":49}},"76":{"start":{"line":175,"column":2},"end":{"line":182,"column":3}},"77":{"start":{"line":176,"column":4},"end":{"line":180,"column":5}},"78":{"start":{"line":177,"column":18},"end":{"line":177,"column":82}},"79":{"start":{"line":178,"column":6},"end":{"line":178,"column":20}},"80":{"start":{"line":179,"column":6},"end":{"line":179,"column":15}},"81":{"start":{"line":181,"column":4},"end":{"line":181,"column":93}},"82":{"start":{"line":183,"column":2},"end":{"line":194,"column":3}},"83":{"start":{"line":184,"column":4},"end":{"line":188,"column":5}},"84":{"start":{"line":185,"column":18},"end":{"line":185,"column":92}},"85":{"start":{"line":186,"column":6},"end":{"line":186,"column":20}},"86":{"start":{"line":187,"column":6},"end":{"line":187,"column":15}},"87":{"start":{"line":189,"column":4},"end":{"line":193,"column":6}},"88":{"start":{"line":197,"column":4},"end":{"line":199,"column":127}},"89":{"start":{"line":201,"column":23},"end":{"line":206,"column":4}},"90":{"start":{"line":207,"column":2},"end":{"line":211,"column":3}},"91":{"start":{"line":208,"column":16},"end":{"line":208,"column":53}},"92":{"start":{"line":209,"column":4},"end":{"line":209,"column":18}},"93":{"start":{"line":210,"column":4},"end":{"line":210,"column":13}},"94":{"start":{"line":212,"column":2},"end":{"line":212,"column":61}},"95":{"start":{"line":216,"column":26},"end":{"line":219,"column":3}},"96":{"start":{"line":220,"column":2},"end":{"line":224,"column":3}},"97":{"start":{"line":221,"column":16},"end":{"line":221,"column":53}},"98":{"start":{"line":222,"column":4},"end":{"line":222,"column":18}},"99":{"start":{"line":223,"column":4},"end":{"line":223,"column":13}},"100":{"start":{"line":225,"column":22},"end":{"line":225,"column":65}},"101":{"start":{"line":226,"column":20},"end":{"line":226,"column":49}},"102":{"start":{"line":228,"column":2},"end":{"line":235,"column":3}},"103":{"start":{"line":229,"column":4},"end":{"line":233,"column":5}},"104":{"start":{"line":230,"column":18},"end":{"line":230,"column":82}},"105":{"start":{"line":231,"column":6},"end":{"line":231,"column":20}},"106":{"start":{"line":232,"column":6},"end":{"line":232,"column":15}},"107":{"start":{"line":234,"column":4},"end":{"line":234,"column":93}},"108":{"start":{"line":236,"column":2},"end":{"line":248,"column":3}},"109":{"start":{"line":237,"column":4},"end":{"line":241,"column":5}},"110":{"start":{"line":238,"column":18},"end":{"line":238,"column":92}},"111":{"start":{"line":239,"column":6},"end":{"line":239,"column":20}},"112":{"start":{"line":240,"column":6},"end":{"line":240,"column":15}},"113":{"start":{"line":242,"column":4},"end":{"line":246,"column":5}},"114":{"start":{"line":243,"column":18},"end":{"line":243,"column":80}},"115":{"start":{"line":244,"column":6},"end":{"line":244,"column":20}},"116":{"start":{"line":245,"column":6},"end":{"line":245,"column":15}},"117":{"start":{"line":247,"column":4},"end":{"line":247,"column":92}},"118":{"start":{"line":250,"column":23},"end":{"line":253,"column":3}},"119":{"start":{"line":254,"column":2},"end":{"line":258,"column":3}},"120":{"start":{"line":255,"column":16},"end":{"line":255,"column":53}},"121":{"start":{"line":256,"column":4},"end":{"line":256,"column":18}},"122":{"start":{"line":257,"column":4},"end":{"line":257,"column":13}},"123":{"start":{"line":259,"column":2},"end":{"line":259,"column":61}},"124":{"start":{"line":263,"column":26},"end":{"line":266,"column":3}},"125":{"start":{"line":267,"column":2},"end":{"line":271,"column":3}},"126":{"start":{"line":268,"column":16},"end":{"line":268,"column":53}},"127":{"start":{"line":269,"column":4},"end":{"line":269,"column":18}},"128":{"start":{"line":270,"column":4},"end":{"line":270,"column":13}},"129":{"start":{"line":272,"column":2},"end":{"line":276,"column":3}},"130":{"start":{"line":273,"column":16},"end":{"line":273,"column":77}},"131":{"start":{"line":274,"column":4},"end":{"line":274,"column":18}},"132":{"start":{"line":275,"column":4},"end":{"line":275,"column":13}},"133":{"start":{"line":277,"column":22},"end":{"line":277,"column":65}},"134":{"start":{"line":278,"column":20},"end":{"line":278,"column":49}},"135":{"start":{"line":280,"column":2},"end":{"line":284,"column":3}},"136":{"start":{"line":281,"column":4},"end":{"line":281,"column":93}},"137":{"start":{"line":282,"column":9},"end":{"line":284,"column":3}},"138":{"start":{"line":283,"column":4},"end":{"line":283,"column":92}},"139":{"start":{"line":287,"column":4},"end":{"line":298,"column":24}},"140":{"start":{"line":300,"column":23},"end":{"line":300,"column":77}},"141":{"start":{"line":301,"column":2},"end":{"line":305,"column":3}},"142":{"start":{"line":302,"column":16},"end":{"line":302,"column":53}},"143":{"start":{"line":303,"column":4},"end":{"line":303,"column":18}},"144":{"start":{"line":304,"column":4},"end":{"line":304,"column":13}},"145":{"start":{"line":306,"column":2},"end":{"line":306,"column":61}},"146":{"start":{"line":310,"column":19},"end":{"line":335,"column":3}},"147":{"start":{"line":336,"column":2},"end":{"line":336,"column":37}},"148":{"start":{"line":340,"column":2},"end":{"line":344,"column":3}},"149":{"start":{"line":341,"column":16},"end":{"line":341,"column":72}},"150":{"start":{"line":342,"column":4},"end":{"line":342,"column":18}},"151":{"start":{"line":343,"column":4},"end":{"line":343,"column":13}},"152":{"start":{"line":345,"column":26},"end":{"line":348,"column":3}},"153":{"start":{"line":349,"column":2},"end":{"line":353,"column":3}},"154":{"start":{"line":350,"column":16},"end":{"line":350,"column":53}},"155":{"start":{"line":351,"column":4},"end":{"line":351,"column":18}},"156":{"start":{"line":352,"column":4},"end":{"line":352,"column":13}},"157":{"start":{"line":354,"column":22},"end":{"line":354,"column":65}},"158":{"start":{"line":355,"column":15},"end":{"line":355,"column":42}},"159":{"start":{"line":356,"column":19},"end":{"line":356,"column":51}},"160":{"start":{"line":357,"column":24},"end":{"line":357,"column":55}},"161":{"start":{"line":359,"column":19},"end":{"line":359,"column":50}},"162":{"start":{"line":360,"column":19},"end":{"line":360,"column":50}},"163":{"start":{"line":361,"column":2},"end":{"line":365,"column":3}},"164":{"start":{"line":362,"column":16},"end":{"line":362,"column":86}},"165":{"start":{"line":363,"column":4},"end":{"line":363,"column":18}},"166":{"start":{"line":364,"column":4},"end":{"line":364,"column":13}},"167":{"start":{"line":366,"column":2},"end":{"line":379,"column":3}},"168":{"start":{"line":367,"column":4},"end":{"line":371,"column":5}},"169":{"start":{"line":368,"column":18},"end":{"line":368,"column":79}},"170":{"start":{"line":369,"column":6},"end":{"line":369,"column":20}},"171":{"start":{"line":370,"column":6},"end":{"line":370,"column":15}},"172":{"start":{"line":372,"column":16},"end":{"line":372,"column":63}},"173":{"start":{"line":373,"column":20},"end":{"line":373,"column":56}},"174":{"start":{"line":374,"column":4},"end":{"line":378,"column":5}},"175":{"start":{"line":375,"column":18},"end":{"line":375,"column":72}},"176":{"start":{"line":376,"column":6},"end":{"line":376,"column":20}},"177":{"start":{"line":377,"column":6},"end":{"line":377,"column":15}},"178":{"start":{"line":380,"column":2},"end":{"line":384,"column":3}},"179":{"start":{"line":381,"column":16},"end":{"line":381,"column":59}},"180":{"start":{"line":382,"column":4},"end":{"line":382,"column":18}},"181":{"start":{"line":383,"column":4},"end":{"line":383,"column":13}},"182":{"start":{"line":385,"column":2},"end":{"line":385,"column":90}},"183":{"start":{"line":387,"column":23},"end":{"line":394,"column":3}},"184":{"start":{"line":395,"column":2},"end":{"line":399,"column":3}},"185":{"start":{"line":396,"column":16},"end":{"line":396,"column":53}},"186":{"start":{"line":397,"column":4},"end":{"line":397,"column":18}},"187":{"start":{"line":398,"column":4},"end":{"line":398,"column":13}},"188":{"start":{"line":400,"column":14},"end":{"line":400,"column":40}},"189":{"start":{"line":401,"column":2},"end":{"line":401,"column":37}},"190":{"start":{"line":405,"column":2},"end":{"line":409,"column":3}},"191":{"start":{"line":406,"column":16},"end":{"line":406,"column":59}},"192":{"start":{"line":407,"column":4},"end":{"line":407,"column":18}},"193":{"start":{"line":408,"column":4},"end":{"line":408,"column":13}},"194":{"start":{"line":410,"column":26},"end":{"line":412,"column":4}},"195":{"start":{"line":413,"column":2},"end":{"line":417,"column":3}},"196":{"start":{"line":414,"column":16},"end":{"line":414,"column":53}},"197":{"start":{"line":415,"column":4},"end":{"line":415,"column":18}},"198":{"start":{"line":416,"column":4},"end":{"line":416,"column":13}},"199":{"start":{"line":418,"column":22},"end":{"line":418,"column":65}},"200":{"start":{"line":419,"column":21},"end":{"line":419,"column":43}},"201":{"start":{"line":420,"column":2},"end":{"line":424,"column":3}},"202":{"start":{"line":421,"column":16},"end":{"line":421,"column":69}},"203":{"start":{"line":422,"column":4},"end":{"line":422,"column":18}},"204":{"start":{"line":423,"column":4},"end":{"line":423,"column":13}},"205":{"start":{"line":425,"column":2},"end":{"line":429,"column":3}},"206":{"start":{"line":426,"column":16},"end":{"line":426,"column":59}},"207":{"start":{"line":427,"column":4},"end":{"line":427,"column":18}},"208":{"start":{"line":428,"column":4},"end":{"line":428,"column":13}},"209":{"start":{"line":430,"column":2},"end":{"line":434,"column":3}},"210":{"start":{"line":431,"column":16},"end":{"line":431,"column":77}},"211":{"start":{"line":432,"column":4},"end":{"line":432,"column":18}},"212":{"start":{"line":433,"column":4},"end":{"line":433,"column":13}},"213":{"start":{"line":435,"column":26},"end":{"line":442,"column":3}},"214":{"start":{"line":443,"column":2},"end":{"line":447,"column":3}},"215":{"start":{"line":444,"column":16},"end":{"line":444,"column":71}},"216":{"start":{"line":445,"column":4},"end":{"line":445,"column":18}},"217":{"start":{"line":446,"column":4},"end":{"line":446,"column":13}},"218":{"start":{"line":448,"column":23},"end":{"line":448,"column":80}},"219":{"start":{"line":449,"column":2},"end":{"line":453,"column":3}},"220":{"start":{"line":450,"column":16},"end":{"line":450,"column":53}},"221":{"start":{"line":451,"column":4},"end":{"line":451,"column":18}},"222":{"start":{"line":452,"column":4},"end":{"line":452,"column":13}},"223":{"start":{"line":454,"column":2},"end":{"line":454,"column":62}},"224":{"start":{"line":458,"column":19},"end":{"line":467,"column":3}},"225":{"start":{"line":468,"column":2},"end":{"line":472,"column":3}},"226":{"start":{"line":469,"column":16},"end":{"line":469,"column":53}},"227":{"start":{"line":470,"column":4},"end":{"line":470,"column":18}},"228":{"start":{"line":471,"column":4},"end":{"line":471,"column":13}},"229":{"start":{"line":473,"column":12},"end":{"line":473,"column":19}},"230":{"start":{"line":474,"column":2},"end":{"line":478,"column":3}},"231":{"start":{"line":475,"column":16},"end":{"line":475,"column":51}},"232":{"start":{"line":476,"column":4},"end":{"line":476,"column":18}},"233":{"start":{"line":477,"column":4},"end":{"line":477,"column":13}},"234":{"start":{"line":479,"column":2},"end":{"line":502,"column":3}},"235":{"start":{"line":480,"column":18},"end":{"line":480,"column":40}},"236":{"start":{"line":481,"column":4},"end":{"line":485,"column":5}},"237":{"start":{"line":482,"column":18},"end":{"line":482,"column":102}},"238":{"start":{"line":483,"column":6},"end":{"line":483,"column":20}},"239":{"start":{"line":484,"column":6},"end":{"line":484,"column":15}},"240":{"start":{"line":486,"column":27},"end":{"line":496,"column":5}},"241":{"start":{"line":497,"column":4},"end":{"line":501,"column":5}},"242":{"start":{"line":498,"column":18},"end":{"line":498,"column":77}},"243":{"start":{"line":499,"column":6},"end":{"line":499,"column":20}},"244":{"start":{"line":500,"column":6},"end":{"line":500,"column":15}},"245":{"start":{"line":504,"column":15},"end":{"line":504,"column":49}},"246":{"start":{"line":505,"column":17},"end":{"line":505,"column":40}},"247":{"start":{"line":506,"column":20},"end":{"line":506,"column":59}},"248":{"start":{"line":507,"column":18},"end":{"line":507,"column":22}},"249":{"start":{"line":508,"column":2},"end":{"line":556,"column":3}},"250":{"start":{"line":509,"column":20},"end":{"line":509,"column":36}},"251":{"start":{"line":510,"column":22},"end":{"line":510,"column":50}},"252":{"start":{"line":512,"column":4},"end":{"line":519,"column":5}},"253":{"start":{"line":513,"column":6},"end":{"line":513,"column":59}},"254":{"start":{"line":514,"column":11},"end":{"line":519,"column":5}},"255":{"start":{"line":515,"column":6},"end":{"line":515,"column":24}},"256":{"start":{"line":517,"column":19},"end":{"line":517,"column":100}},"257":{"start":{"line":517,"column":53},"end":{"line":517,"column":98}},"258":{"start":{"line":518,"column":6},"end":{"line":518,"column":37}},"259":{"start":{"line":520,"column":17},"end":{"line":520,"column":118}},"260":{"start":{"line":521,"column":22},"end":{"line":521,"column":42}},"261":{"start":{"line":522,"column":20},"end":{"line":522,"column":44}},"262":{"start":{"line":523,"column":17},"end":{"line":523,"column":40}},"263":{"start":{"line":524,"column":4},"end":{"line":524,"column":31}},"264":{"start":{"line":525,"column":22},"end":{"line":525,"column":38}},"265":{"start":{"line":526,"column":4},"end":{"line":526,"column":25}},"266":{"start":{"line":527,"column":4},"end":{"line":527,"column":57}},"267":{"start":{"line":528,"column":9},"end":{"line":556,"column":3}},"268":{"start":{"line":529,"column":21},"end":{"line":529,"column":60}},"269":{"start":{"line":530,"column":23},"end":{"line":530,"column":117}},"270":{"start":{"line":531,"column":4},"end":{"line":535,"column":5}},"271":{"start":{"line":532,"column":18},"end":{"line":532,"column":70}},"272":{"start":{"line":533,"column":6},"end":{"line":533,"column":20}},"273":{"start":{"line":534,"column":6},"end":{"line":534,"column":15}},"274":{"start":{"line":536,"column":16},"end":{"line":536,"column":63}},"275":{"start":{"line":537,"column":20},"end":{"line":537,"column":71}},"276":{"start":{"line":538,"column":4},"end":{"line":542,"column":5}},"277":{"start":{"line":539,"column":18},"end":{"line":539,"column":79}},"278":{"start":{"line":540,"column":6},"end":{"line":540,"column":20}},"279":{"start":{"line":541,"column":6},"end":{"line":541,"column":15}},"280":{"start":{"line":543,"column":17},"end":{"line":543,"column":26}},"281":{"start":{"line":544,"column":4},"end":{"line":550,"column":5}},"282":{"start":{"line":546,"column":6},"end":{"line":549,"column":7}},"283":{"start":{"line":547,"column":22},"end":{"line":547,"column":77}},"284":{"start":{"line":547,"column":54},"end":{"line":547,"column":76}},"285":{"start":{"line":548,"column":8},"end":{"line":548,"column":54}},"286":{"start":{"line":551,"column":4},"end":{"line":551,"column":22}},"287":{"start":{"line":553,"column":16},"end":{"line":553,"column":77}},"288":{"start":{"line":554,"column":4},"end":{"line":554,"column":18}},"289":{"start":{"line":555,"column":4},"end":{"line":555,"column":13}},"290":{"start":{"line":559,"column":19},"end":{"line":559,"column":58}},"291":{"start":{"line":560,"column":25},"end":{"line":562,"column":24}},"292":{"start":{"line":564,"column":2},"end":{"line":564,"column":63}},"293":{"start":{"line":569,"column":29},"end":{"line":572,"column":3}},"294":{"start":{"line":573,"column":2},"end":{"line":577,"column":3}},"295":{"start":{"line":574,"column":16},"end":{"line":574,"column":52}},"296":{"start":{"line":575,"column":4},"end":{"line":575,"column":18}},"297":{"start":{"line":576,"column":4},"end":{"line":576,"column":13}},"298":{"start":{"line":580,"column":33},"end":{"line":583,"column":3}},"299":{"start":{"line":584,"column":2},"end":{"line":586,"column":3}},"300":{"start":{"line":585,"column":4},"end":{"line":585,"column":38}},"301":{"start":{"line":588,"column":21},"end":{"line":588,"column":71}},"302":{"start":{"line":589,"column":22},"end":{"line":589,"column":87}},"303":{"start":{"line":591,"column":2},"end":{"line":598,"column":3}},"304":{"start":{"line":593,"column":28},"end":{"line":596,"column":5}},"305":{"start":{"line":597,"column":4},"end":{"line":597,"column":49}},"306":{"start":{"line":601,"column":18},"end":{"line":606,"column":4}},"307":{"start":{"line":609,"column":2},"end":{"line":612,"column":3}},"308":{"start":{"line":614,"column":2},"end":{"line":614,"column":60}},"309":{"start":{"line":617,"column":0},"end":{"line":629,"column":1}}},"fnMap":{"0":{"name":"listByProcesso","decl":{"start":{"line":4,"column":15},"end":{"line":4,"column":29}},"loc":{"start":{"line":4,"column":58},"end":{"line":46,"column":1}},"line":4},"1":{"name":"linkDocumento","decl":{"start":{"line":48,"column":15},"end":{"line":48,"column":28}},"loc":{"start":{"line":48,"column":54},"end":{"line":71,"column":1}},"line":48},"2":{"name":"createDocumento","decl":{"start":{"line":73,"column":15},"end":{"line":73,"column":30}},"loc":{"start":{"line":73,"column":76},"end":{"line":102,"column":1}},"line":73},"3":{"name":"_validarPosicaoFimArvore","decl":{"start":{"line":104,"column":15},"end":{"line":104,"column":39}},"loc":{"start":{"line":104,"column":88},"end":{"line":161,"column":1}},"line":104},"4":{"name":"(anonymous_4)","decl":{"start":{"line":143,"column":38},"end":{"line":143,"column":39}},"loc":{"start":{"line":143,"column":45},"end":{"line":143,"column":81}},"line":143},"5":{"name":"uploadConteudo","decl":{"start":{"line":163,"column":15},"end":{"line":163,"column":29}},"loc":{"start":{"line":163,"column":96},"end":{"line":213,"column":1}},"line":163},"6":{"name":"editorConteudo","decl":{"start":{"line":215,"column":15},"end":{"line":215,"column":29}},"loc":{"start":{"line":215,"column":81},"end":{"line":260,"column":1}},"line":215},"7":{"name":"editarDados","decl":{"start":{"line":262,"column":15},"end":{"line":262,"column":26}},"loc":{"start":{"line":262,"column":65},"end":{"line":307,"column":1}},"line":262},"8":{"name":"getDocumentoById","decl":{"start":{"line":309,"column":15},"end":{"line":309,"column":31}},"loc":{"start":{"line":309,"column":36},"end":{"line":337,"column":1}},"line":309},"9":{"name":"assinar","decl":{"start":{"line":339,"column":15},"end":{"line":339,"column":22}},"loc":{"start":{"line":339,"column":45},"end":{"line":402,"column":1}},"line":339},"10":{"name":"deletarRascunho","decl":{"start":{"line":404,"column":15},"end":{"line":404,"column":30}},"loc":{"start":{"line":404,"column":53},"end":{"line":455,"column":1}},"line":404},"11":{"name":"gerarPdfPublico","decl":{"start":{"line":457,"column":15},"end":{"line":457,"column":30}},"loc":{"start":{"line":457,"column":50},"end":{"line":565,"column":1}},"line":457},"12":{"name":"(anonymous_12)","decl":{"start":{"line":517,"column":45},"end":{"line":517,"column":46}},"loc":{"start":{"line":517,"column":53},"end":{"line":517,"column":98}},"line":517},"13":{"name":"(anonymous_13)","decl":{"start":{"line":547,"column":47},"end":{"line":547,"column":48}},"loc":{"start":{"line":547,"column":54},"end":{"line":547,"column":76}},"line":547},"14":{"name":"seedByProcesso","decl":{"start":{"line":567,"column":15},"end":{"line":567,"column":29}},"loc":{"start":{"line":567,"column":70},"end":{"line":615,"column":1}},"line":567}},"branchMap":{"0":{"loc":{"start":{"line":5,"column":29},"end":{"line":5,"column":49}},"type":"binary-expr","locations":[{"start":{"line":5,"column":29},"end":{"line":5,"column":43}},{"start":{"line":5,"column":47},"end":{"line":5,"column":49}}],"line":5},"1":{"loc":{"start":{"line":9,"column":2},"end":{"line":13,"column":3}},"type":"if","locations":[{"start":{"line":9,"column":2},"end":{"line":13,"column":3}},{"start":{},"end":{}}],"line":9},"2":{"loc":{"start":{"line":15,"column":25},"end":{"line":17,"column":40}},"type":"cond-expr","locations":[{"start":{"line":16,"column":6},"end":{"line":16,"column":101}},{"start":{"line":17,"column":6},"end":{"line":17,"column":40}}],"line":15},"3":{"loc":{"start":{"line":18,"column":17},"end":{"line":18,"column":71}},"type":"cond-expr","locations":[{"start":{"line":18,"column":31},"end":{"line":18,"column":56}},{"start":{"line":18,"column":59},"end":{"line":18,"column":71}}],"line":18},"4":{"loc":{"start":{"line":49,"column":2},"end":{"line":53,"column":3}},"type":"if","locations":[{"start":{"line":49,"column":2},"end":{"line":53,"column":3}},{"start":{},"end":{}}],"line":49},"5":{"loc":{"start":{"line":55,"column":2},"end":{"line":59,"column":3}},"type":"if","locations":[{"start":{"line":55,"column":2},"end":{"line":59,"column":3}},{"start":{},"end":{}}],"line":55},"6":{"loc":{"start":{"line":61,"column":2},"end":{"line":65,"column":3}},"type":"if","locations":[{"start":{"line":61,"column":2},"end":{"line":65,"column":3}},{"start":{},"end":{}}],"line":61},"7":{"loc":{"start":{"line":74,"column":2},"end":{"line":78,"column":3}},"type":"if","locations":[{"start":{"line":74,"column":2},"end":{"line":78,"column":3}},{"start":{},"end":{}}],"line":74},"8":{"loc":{"start":{"line":82,"column":17},"end":{"line":82,"column":31}},"type":"binary-expr","locations":[{"start":{"line":82,"column":17},"end":{"line":82,"column":23}},{"start":{"line":82,"column":27},"end":{"line":82,"column":31}}],"line":82},"9":{"loc":{"start":{"line":82,"column":33},"end":{"line":82,"column":49}},"type":"binary-expr","locations":[{"start":{"line":82,"column":33},"end":{"line":82,"column":37}},{"start":{"line":82,"column":41},"end":{"line":82,"column":49}}],"line":82},"10":{"loc":{"start":{"line":82,"column":63},"end":{"line":82,"column":90}},"type":"binary-expr","locations":[{"start":{"line":82,"column":63},"end":{"line":82,"column":68}},{"start":{"line":82,"column":72},"end":{"line":82,"column":82}},{"start":{"line":82,"column":86},"end":{"line":82,"column":90}}],"line":82},"11":{"loc":{"start":{"line":113,"column":2},"end":{"line":117,"column":3}},"type":"if","locations":[{"start":{"line":113,"column":2},"end":{"line":117,"column":3}},{"start":{},"end":{}}],"line":113},"12":{"loc":{"start":{"line":119,"column":34},"end":{"line":119,"column":65}},"type":"binary-expr","locations":[{"start":{"line":119,"column":34},"end":{"line":119,"column":59}},{"start":{"line":119,"column":63},"end":{"line":119,"column":65}}],"line":119},"13":{"loc":{"start":{"line":120,"column":2},"end":{"line":131,"column":3}},"type":"if","locations":[{"start":{"line":120,"column":2},"end":{"line":131,"column":3}},{"start":{},"end":{}}],"line":120},"14":{"loc":{"start":{"line":121,"column":4},"end":{"line":125,"column":5}},"type":"if","locations":[{"start":{"line":121,"column":4},"end":{"line":125,"column":5}},{"start":{},"end":{}}],"line":121},"15":{"loc":{"start":{"line":126,"column":4},"end":{"line":130,"column":5}},"type":"if","locations":[{"start":{"line":126,"column":4},"end":{"line":130,"column":5}},{"start":{},"end":{}}],"line":126},"16":{"loc":{"start":{"line":133,"column":29},"end":{"line":133,"column":50}},"type":"binary-expr","locations":[{"start":{"line":133,"column":29},"end":{"line":133,"column":44}},{"start":{"line":133,"column":48},"end":{"line":133,"column":50}}],"line":133},"17":{"loc":{"start":{"line":147,"column":4},"end":{"line":152,"column":5}},"type":"if","locations":[{"start":{"line":147,"column":4},"end":{"line":152,"column":5}},{"start":{},"end":{}}],"line":147},"18":{"loc":{"start":{"line":148,"column":6},"end":{"line":149,"column":66}},"type":"binary-expr","locations":[{"start":{"line":148,"column":6},"end":{"line":148,"column":57}},{"start":{"line":149,"column":6},"end":{"line":149,"column":66}}],"line":148},"19":{"loc":{"start":{"line":148,"column":13},"end":{"line":148,"column":27}},"type":"binary-expr","locations":[{"start":{"line":148,"column":13},"end":{"line":148,"column":21}},{"start":{"line":148,"column":25},"end":{"line":148,"column":27}}],"line":148},"20":{"loc":{"start":{"line":149,"column":13},"end":{"line":149,"column":35}},"type":"binary-expr","locations":[{"start":{"line":149,"column":13},"end":{"line":149,"column":29}},{"start":{"line":149,"column":33},"end":{"line":149,"column":35}}],"line":149},"21":{"loc":{"start":{"line":155,"column":2},"end":{"line":159,"column":3}},"type":"if","locations":[{"start":{"line":155,"column":2},"end":{"line":159,"column":3}},{"start":{},"end":{}}],"line":155},"22":{"loc":{"start":{"line":168,"column":2},"end":{"line":172,"column":3}},"type":"if","locations":[{"start":{"line":168,"column":2},"end":{"line":172,"column":3}},{"start":{},"end":{}}],"line":168},"23":{"loc":{"start":{"line":173,"column":29},"end":{"line":173,"column":50}},"type":"binary-expr","locations":[{"start":{"line":173,"column":29},"end":{"line":173,"column":44}},{"start":{"line":173,"column":48},"end":{"line":173,"column":50}}],"line":173},"24":{"loc":{"start":{"line":174,"column":20},"end":{"line":174,"column":49}},"type":"binary-expr","locations":[{"start":{"line":174,"column":20},"end":{"line":174,"column":41}},{"start":{"line":174,"column":45},"end":{"line":174,"column":49}}],"line":174},"25":{"loc":{"start":{"line":175,"column":2},"end":{"line":182,"column":3}},"type":"if","locations":[{"start":{"line":175,"column":2},"end":{"line":182,"column":3}},{"start":{},"end":{}}],"line":175},"26":{"loc":{"start":{"line":176,"column":4},"end":{"line":180,"column":5}},"type":"if","locations":[{"start":{"line":176,"column":4},"end":{"line":180,"column":5}},{"start":{},"end":{}}],"line":176},"27":{"loc":{"start":{"line":183,"column":2},"end":{"line":194,"column":3}},"type":"if","locations":[{"start":{"line":183,"column":2},"end":{"line":194,"column":3}},{"start":{},"end":{}}],"line":183},"28":{"loc":{"start":{"line":184,"column":4},"end":{"line":188,"column":5}},"type":"if","locations":[{"start":{"line":184,"column":4},"end":{"line":188,"column":5}},{"start":{},"end":{}}],"line":184},"29":{"loc":{"start":{"line":197,"column":4},"end":{"line":199,"column":127}},"type":"cond-expr","locations":[{"start":{"line":198,"column":8},"end":{"line":198,"column":189}},{"start":{"line":199,"column":8},"end":{"line":199,"column":127}}],"line":197},"30":{"loc":{"start":{"line":202,"column":4},"end":{"line":202,"column":29}},"type":"binary-expr","locations":[{"start":{"line":202,"column":4},"end":{"line":202,"column":12}},{"start":{"line":202,"column":16},"end":{"line":202,"column":29}}],"line":202},"31":{"loc":{"start":{"line":203,"column":4},"end":{"line":203,"column":25}},"type":"binary-expr","locations":[{"start":{"line":203,"column":4},"end":{"line":203,"column":17}},{"start":{"line":203,"column":21},"end":{"line":203,"column":25}}],"line":203},"32":{"loc":{"start":{"line":204,"column":4},"end":{"line":204,"column":47}},"type":"binary-expr","locations":[{"start":{"line":204,"column":4},"end":{"line":204,"column":16}},{"start":{"line":204,"column":20},"end":{"line":204,"column":25}},{"start":{"line":204,"column":29},"end":{"line":204,"column":39}},{"start":{"line":204,"column":43},"end":{"line":204,"column":47}}],"line":204},"33":{"loc":{"start":{"line":207,"column":2},"end":{"line":211,"column":3}},"type":"if","locations":[{"start":{"line":207,"column":2},"end":{"line":211,"column":3}},{"start":{},"end":{}}],"line":207},"34":{"loc":{"start":{"line":220,"column":2},"end":{"line":224,"column":3}},"type":"if","locations":[{"start":{"line":220,"column":2},"end":{"line":224,"column":3}},{"start":{},"end":{}}],"line":220},"35":{"loc":{"start":{"line":225,"column":29},"end":{"line":225,"column":50}},"type":"binary-expr","locations":[{"start":{"line":225,"column":29},"end":{"line":225,"column":44}},{"start":{"line":225,"column":48},"end":{"line":225,"column":50}}],"line":225},"36":{"loc":{"start":{"line":226,"column":20},"end":{"line":226,"column":49}},"type":"binary-expr","locations":[{"start":{"line":226,"column":20},"end":{"line":226,"column":41}},{"start":{"line":226,"column":45},"end":{"line":226,"column":49}}],"line":226},"37":{"loc":{"start":{"line":228,"column":2},"end":{"line":235,"column":3}},"type":"if","locations":[{"start":{"line":228,"column":2},"end":{"line":235,"column":3}},{"start":{},"end":{}}],"line":228},"38":{"loc":{"start":{"line":229,"column":4},"end":{"line":233,"column":5}},"type":"if","locations":[{"start":{"line":229,"column":4},"end":{"line":233,"column":5}},{"start":{},"end":{}}],"line":229},"39":{"loc":{"start":{"line":236,"column":2},"end":{"line":248,"column":3}},"type":"if","locations":[{"start":{"line":236,"column":2},"end":{"line":248,"column":3}},{"start":{},"end":{}}],"line":236},"40":{"loc":{"start":{"line":237,"column":4},"end":{"line":241,"column":5}},"type":"if","locations":[{"start":{"line":237,"column":4},"end":{"line":241,"column":5}},{"start":{},"end":{}}],"line":237},"41":{"loc":{"start":{"line":242,"column":4},"end":{"line":246,"column":5}},"type":"if","locations":[{"start":{"line":242,"column":4},"end":{"line":246,"column":5}},{"start":{},"end":{}}],"line":242},"42":{"loc":{"start":{"line":252,"column":5},"end":{"line":252,"column":21}},"type":"binary-expr","locations":[{"start":{"line":252,"column":5},"end":{"line":252,"column":13}},{"start":{"line":252,"column":17},"end":{"line":252,"column":21}}],"line":252},"43":{"loc":{"start":{"line":252,"column":23},"end":{"line":252,"column":66}},"type":"binary-expr","locations":[{"start":{"line":252,"column":23},"end":{"line":252,"column":35}},{"start":{"line":252,"column":39},"end":{"line":252,"column":44}},{"start":{"line":252,"column":48},"end":{"line":252,"column":58}},{"start":{"line":252,"column":62},"end":{"line":252,"column":66}}],"line":252},"44":{"loc":{"start":{"line":254,"column":2},"end":{"line":258,"column":3}},"type":"if","locations":[{"start":{"line":254,"column":2},"end":{"line":258,"column":3}},{"start":{},"end":{}}],"line":254},"45":{"loc":{"start":{"line":267,"column":2},"end":{"line":271,"column":3}},"type":"if","locations":[{"start":{"line":267,"column":2},"end":{"line":271,"column":3}},{"start":{},"end":{}}],"line":267},"46":{"loc":{"start":{"line":272,"column":2},"end":{"line":276,"column":3}},"type":"if","locations":[{"start":{"line":272,"column":2},"end":{"line":276,"column":3}},{"start":{},"end":{}}],"line":272},"47":{"loc":{"start":{"line":277,"column":29},"end":{"line":277,"column":50}},"type":"binary-expr","locations":[{"start":{"line":277,"column":29},"end":{"line":277,"column":44}},{"start":{"line":277,"column":48},"end":{"line":277,"column":50}}],"line":277},"48":{"loc":{"start":{"line":278,"column":20},"end":{"line":278,"column":49}},"type":"binary-expr","locations":[{"start":{"line":278,"column":20},"end":{"line":278,"column":41}},{"start":{"line":278,"column":45},"end":{"line":278,"column":49}}],"line":278},"49":{"loc":{"start":{"line":280,"column":2},"end":{"line":284,"column":3}},"type":"if","locations":[{"start":{"line":280,"column":2},"end":{"line":284,"column":3}},{"start":{"line":282,"column":9},"end":{"line":284,"column":3}}],"line":280},"50":{"loc":{"start":{"line":282,"column":9},"end":{"line":284,"column":3}},"type":"if","locations":[{"start":{"line":282,"column":9},"end":{"line":284,"column":3}},{"start":{},"end":{}}],"line":282},"51":{"loc":{"start":{"line":287,"column":4},"end":{"line":298,"column":24}},"type":"cond-expr","locations":[{"start":{"line":288,"column":8},"end":{"line":294,"column":24}},{"start":{"line":295,"column":8},"end":{"line":298,"column":24}}],"line":287},"52":{"loc":{"start":{"line":300,"column":45},"end":{"line":300,"column":59}},"type":"binary-expr","locations":[{"start":{"line":300,"column":45},"end":{"line":300,"column":51}},{"start":{"line":300,"column":55},"end":{"line":300,"column":59}}],"line":300},"53":{"loc":{"start":{"line":300,"column":61},"end":{"line":300,"column":75}},"type":"binary-expr","locations":[{"start":{"line":300,"column":61},"end":{"line":300,"column":67}},{"start":{"line":300,"column":71},"end":{"line":300,"column":75}}],"line":300},"54":{"loc":{"start":{"line":301,"column":2},"end":{"line":305,"column":3}},"type":"if","locations":[{"start":{"line":301,"column":2},"end":{"line":305,"column":3}},{"start":{},"end":{}}],"line":301},"55":{"loc":{"start":{"line":336,"column":9},"end":{"line":336,"column":37}},"type":"cond-expr","locations":[{"start":{"line":336,"column":23},"end":{"line":336,"column":30}},{"start":{"line":336,"column":33},"end":{"line":336,"column":37}}],"line":336},"56":{"loc":{"start":{"line":340,"column":2},"end":{"line":344,"column":3}},"type":"if","locations":[{"start":{"line":340,"column":2},"end":{"line":344,"column":3}},{"start":{},"end":{}}],"line":340},"57":{"loc":{"start":{"line":349,"column":2},"end":{"line":353,"column":3}},"type":"if","locations":[{"start":{"line":349,"column":2},"end":{"line":353,"column":3}},{"start":{},"end":{}}],"line":349},"58":{"loc":{"start":{"line":354,"column":29},"end":{"line":354,"column":50}},"type":"binary-expr","locations":[{"start":{"line":354,"column":29},"end":{"line":354,"column":44}},{"start":{"line":354,"column":48},"end":{"line":354,"column":50}}],"line":354},"59":{"loc":{"start":{"line":355,"column":22},"end":{"line":355,"column":41}},"type":"binary-expr","locations":[{"start":{"line":355,"column":22},"end":{"line":355,"column":35}},{"start":{"line":355,"column":39},"end":{"line":355,"column":41}}],"line":355},"60":{"loc":{"start":{"line":356,"column":26},"end":{"line":356,"column":50}},"type":"binary-expr","locations":[{"start":{"line":356,"column":26},"end":{"line":356,"column":44}},{"start":{"line":356,"column":48},"end":{"line":356,"column":50}}],"line":356},"61":{"loc":{"start":{"line":357,"column":24},"end":{"line":357,"column":55}},"type":"binary-expr","locations":[{"start":{"line":357,"column":24},"end":{"line":357,"column":47}},{"start":{"line":357,"column":51},"end":{"line":357,"column":55}}],"line":357},"62":{"loc":{"start":{"line":361,"column":2},"end":{"line":365,"column":3}},"type":"if","locations":[{"start":{"line":361,"column":2},"end":{"line":365,"column":3}},{"start":{},"end":{}}],"line":361},"63":{"loc":{"start":{"line":361,"column":6},"end":{"line":361,"column":28}},"type":"binary-expr","locations":[{"start":{"line":361,"column":6},"end":{"line":361,"column":15}},{"start":{"line":361,"column":19},"end":{"line":361,"column":28}}],"line":361},"64":{"loc":{"start":{"line":366,"column":2},"end":{"line":379,"column":3}},"type":"if","locations":[{"start":{"line":366,"column":2},"end":{"line":379,"column":3}},{"start":{},"end":{}}],"line":366},"65":{"loc":{"start":{"line":367,"column":4},"end":{"line":371,"column":5}},"type":"if","locations":[{"start":{"line":367,"column":4},"end":{"line":371,"column":5}},{"start":{},"end":{}}],"line":367},"66":{"loc":{"start":{"line":367,"column":8},"end":{"line":367,"column":35}},"type":"binary-expr","locations":[{"start":{"line":367,"column":8},"end":{"line":367,"column":17}},{"start":{"line":367,"column":21},"end":{"line":367,"column":35}}],"line":367},"67":{"loc":{"start":{"line":372,"column":17},"end":{"line":372,"column":48}},"type":"binary-expr","locations":[{"start":{"line":372,"column":17},"end":{"line":372,"column":42}},{"start":{"line":372,"column":46},"end":{"line":372,"column":48}}],"line":372},"68":{"loc":{"start":{"line":374,"column":4},"end":{"line":378,"column":5}},"type":"if","locations":[{"start":{"line":374,"column":4},"end":{"line":378,"column":5}},{"start":{},"end":{}}],"line":374},"69":{"loc":{"start":{"line":380,"column":2},"end":{"line":384,"column":3}},"type":"if","locations":[{"start":{"line":380,"column":2},"end":{"line":384,"column":3}},{"start":{},"end":{}}],"line":380},"70":{"loc":{"start":{"line":395,"column":2},"end":{"line":399,"column":3}},"type":"if","locations":[{"start":{"line":395,"column":2},"end":{"line":399,"column":3}},{"start":{},"end":{}}],"line":395},"71":{"loc":{"start":{"line":405,"column":2},"end":{"line":409,"column":3}},"type":"if","locations":[{"start":{"line":405,"column":2},"end":{"line":409,"column":3}},{"start":{},"end":{}}],"line":405},"72":{"loc":{"start":{"line":413,"column":2},"end":{"line":417,"column":3}},"type":"if","locations":[{"start":{"line":413,"column":2},"end":{"line":417,"column":3}},{"start":{},"end":{}}],"line":413},"73":{"loc":{"start":{"line":418,"column":29},"end":{"line":418,"column":50}},"type":"binary-expr","locations":[{"start":{"line":418,"column":29},"end":{"line":418,"column":44}},{"start":{"line":418,"column":48},"end":{"line":418,"column":50}}],"line":418},"74":{"loc":{"start":{"line":419,"column":21},"end":{"line":419,"column":43}},"type":"binary-expr","locations":[{"start":{"line":419,"column":21},"end":{"line":419,"column":35}},{"start":{"line":419,"column":39},"end":{"line":419,"column":43}}],"line":419},"75":{"loc":{"start":{"line":420,"column":2},"end":{"line":424,"column":3}},"type":"if","locations":[{"start":{"line":420,"column":2},"end":{"line":424,"column":3}},{"start":{},"end":{}}],"line":420},"76":{"loc":{"start":{"line":425,"column":2},"end":{"line":429,"column":3}},"type":"if","locations":[{"start":{"line":425,"column":2},"end":{"line":429,"column":3}},{"start":{},"end":{}}],"line":425},"77":{"loc":{"start":{"line":430,"column":2},"end":{"line":434,"column":3}},"type":"if","locations":[{"start":{"line":430,"column":2},"end":{"line":434,"column":3}},{"start":{},"end":{}}],"line":430},"78":{"loc":{"start":{"line":430,"column":6},"end":{"line":430,"column":48}},"type":"binary-expr","locations":[{"start":{"line":430,"column":6},"end":{"line":430,"column":17}},{"start":{"line":430,"column":21},"end":{"line":430,"column":48}}],"line":430},"79":{"loc":{"start":{"line":443,"column":2},"end":{"line":447,"column":3}},"type":"if","locations":[{"start":{"line":443,"column":2},"end":{"line":447,"column":3}},{"start":{},"end":{}}],"line":443},"80":{"loc":{"start":{"line":449,"column":2},"end":{"line":453,"column":3}},"type":"if","locations":[{"start":{"line":449,"column":2},"end":{"line":453,"column":3}},{"start":{},"end":{}}],"line":449},"81":{"loc":{"start":{"line":468,"column":2},"end":{"line":472,"column":3}},"type":"if","locations":[{"start":{"line":468,"column":2},"end":{"line":472,"column":3}},{"start":{},"end":{}}],"line":468},"82":{"loc":{"start":{"line":474,"column":2},"end":{"line":478,"column":3}},"type":"if","locations":[{"start":{"line":474,"column":2},"end":{"line":478,"column":3}},{"start":{},"end":{}}],"line":474},"83":{"loc":{"start":{"line":474,"column":13},"end":{"line":474,"column":27}},"type":"binary-expr","locations":[{"start":{"line":474,"column":13},"end":{"line":474,"column":21}},{"start":{"line":474,"column":25},"end":{"line":474,"column":27}}],"line":474},"84":{"loc":{"start":{"line":479,"column":2},"end":{"line":502,"column":3}},"type":"if","locations":[{"start":{"line":479,"column":2},"end":{"line":502,"column":3}},{"start":{},"end":{}}],"line":479},"85":{"loc":{"start":{"line":479,"column":13},"end":{"line":479,"column":32}},"type":"binary-expr","locations":[{"start":{"line":479,"column":13},"end":{"line":479,"column":26}},{"start":{"line":479,"column":30},"end":{"line":479,"column":32}}],"line":479},"86":{"loc":{"start":{"line":480,"column":25},"end":{"line":480,"column":39}},"type":"binary-expr","locations":[{"start":{"line":480,"column":25},"end":{"line":480,"column":33}},{"start":{"line":480,"column":37},"end":{"line":480,"column":39}}],"line":480},"87":{"loc":{"start":{"line":481,"column":4},"end":{"line":485,"column":5}},"type":"if","locations":[{"start":{"line":481,"column":4},"end":{"line":485,"column":5}},{"start":{},"end":{}}],"line":481},"88":{"loc":{"start":{"line":481,"column":8},"end":{"line":481,"column":22}},"type":"binary-expr","locations":[{"start":{"line":481,"column":8},"end":{"line":481,"column":12}},{"start":{"line":481,"column":16},"end":{"line":481,"column":22}}],"line":481},"89":{"loc":{"start":{"line":497,"column":4},"end":{"line":501,"column":5}},"type":"if","locations":[{"start":{"line":497,"column":4},"end":{"line":501,"column":5}},{"start":{},"end":{}}],"line":497},"90":{"loc":{"start":{"line":504,"column":22},"end":{"line":504,"column":34}},"type":"binary-expr","locations":[{"start":{"line":504,"column":22},"end":{"line":504,"column":28}},{"start":{"line":504,"column":32},"end":{"line":504,"column":34}}],"line":504},"91":{"loc":{"start":{"line":505,"column":17},"end":{"line":505,"column":40}},"type":"binary-expr","locations":[{"start":{"line":505,"column":17},"end":{"line":505,"column":25}},{"start":{"line":505,"column":29},"end":{"line":505,"column":40}}],"line":505},"92":{"loc":{"start":{"line":508,"column":2},"end":{"line":556,"column":3}},"type":"if","locations":[{"start":{"line":508,"column":2},"end":{"line":556,"column":3}},{"start":{"line":528,"column":9},"end":{"line":556,"column":3}}],"line":508},"93":{"loc":{"start":{"line":509,"column":20},"end":{"line":509,"column":36}},"type":"binary-expr","locations":[{"start":{"line":509,"column":20},"end":{"line":509,"column":30}},{"start":{"line":509,"column":34},"end":{"line":509,"column":36}}],"line":509},"94":{"loc":{"start":{"line":512,"column":4},"end":{"line":519,"column":5}},"type":"if","locations":[{"start":{"line":512,"column":4},"end":{"line":519,"column":5}},{"start":{"line":514,"column":11},"end":{"line":519,"column":5}}],"line":512},"95":{"loc":{"start":{"line":514,"column":11},"end":{"line":519,"column":5}},"type":"if","locations":[{"start":{"line":514,"column":11},"end":{"line":519,"column":5}},{"start":{"line":516,"column":11},"end":{"line":519,"column":5}}],"line":514},"96":{"loc":{"start":{"line":528,"column":9},"end":{"line":556,"column":3}},"type":"if","locations":[{"start":{"line":528,"column":9},"end":{"line":556,"column":3}},{"start":{"line":552,"column":9},"end":{"line":556,"column":3}}],"line":528},"97":{"loc":{"start":{"line":529,"column":28},"end":{"line":529,"column":59}},"type":"binary-expr","locations":[{"start":{"line":529,"column":28},"end":{"line":529,"column":38}},{"start":{"line":529,"column":42},"end":{"line":529,"column":53}},{"start":{"line":529,"column":57},"end":{"line":529,"column":59}}],"line":529},"98":{"loc":{"start":{"line":530,"column":23},"end":{"line":530,"column":117}},"type":"cond-expr","locations":[{"start":{"line":530,"column":49},"end":{"line":530,"column":64}},{"start":{"line":530,"column":68},"end":{"line":530,"column":116}}],"line":530},"99":{"loc":{"start":{"line":530,"column":68},"end":{"line":530,"column":116}},"type":"cond-expr","locations":[{"start":{"line":530,"column":95},"end":{"line":530,"column":111}},{"start":{"line":530,"column":114},"end":{"line":530,"column":116}}],"line":530},"100":{"loc":{"start":{"line":531,"column":4},"end":{"line":535,"column":5}},"type":"if","locations":[{"start":{"line":531,"column":4},"end":{"line":535,"column":5}},{"start":{},"end":{}}],"line":531},"101":{"loc":{"start":{"line":536,"column":17},"end":{"line":536,"column":48}},"type":"binary-expr","locations":[{"start":{"line":536,"column":17},"end":{"line":536,"column":42}},{"start":{"line":536,"column":46},"end":{"line":536,"column":48}}],"line":536},"102":{"loc":{"start":{"line":538,"column":4},"end":{"line":542,"column":5}},"type":"if","locations":[{"start":{"line":538,"column":4},"end":{"line":542,"column":5}},{"start":{},"end":{}}],"line":538},"103":{"loc":{"start":{"line":544,"column":4},"end":{"line":550,"column":5}},"type":"if","locations":[{"start":{"line":544,"column":4},"end":{"line":550,"column":5}},{"start":{},"end":{}}],"line":544},"104":{"loc":{"start":{"line":546,"column":6},"end":{"line":549,"column":7}},"type":"if","locations":[{"start":{"line":546,"column":6},"end":{"line":549,"column":7}},{"start":{},"end":{}}],"line":546},"105":{"loc":{"start":{"line":559,"column":26},"end":{"line":559,"column":57}},"type":"binary-expr","locations":[{"start":{"line":559,"column":26},"end":{"line":559,"column":36}},{"start":{"line":559,"column":40},"end":{"line":559,"column":51}},{"start":{"line":559,"column":55},"end":{"line":559,"column":57}}],"line":559},"106":{"loc":{"start":{"line":560,"column":25},"end":{"line":562,"column":24}},"type":"cond-expr","locations":[{"start":{"line":561,"column":6},"end":{"line":561,"column":14}},{"start":{"line":562,"column":6},"end":{"line":562,"column":24}}],"line":560},"107":{"loc":{"start":{"line":560,"column":26},"end":{"line":560,"column":86}},"type":"binary-expr","locations":[{"start":{"line":560,"column":26},"end":{"line":560,"column":43}},{"start":{"line":560,"column":47},"end":{"line":560,"column":86}}],"line":560},"108":{"loc":{"start":{"line":567,"column":42},"end":{"line":567,"column":68}},"type":"default-arg","locations":[{"start":{"line":567,"column":66},"end":{"line":567,"column":68}}],"line":567},"109":{"loc":{"start":{"line":573,"column":2},"end":{"line":577,"column":3}},"type":"if","locations":[{"start":{"line":573,"column":2},"end":{"line":577,"column":3}},{"start":{},"end":{}}],"line":573},"110":{"loc":{"start":{"line":584,"column":2},"end":{"line":586,"column":3}},"type":"if","locations":[{"start":{"line":584,"column":2},"end":{"line":586,"column":3}},{"start":{},"end":{}}],"line":584},"111":{"loc":{"start":{"line":588,"column":28},"end":{"line":588,"column":56}},"type":"binary-expr","locations":[{"start":{"line":588,"column":28},"end":{"line":588,"column":50}},{"start":{"line":588,"column":54},"end":{"line":588,"column":56}}],"line":588},"112":{"loc":{"start":{"line":589,"column":29},"end":{"line":589,"column":86}},"type":"binary-expr","locations":[{"start":{"line":589,"column":29},"end":{"line":589,"column":34}},{"start":{"line":589,"column":38},"end":{"line":589,"column":48}},{"start":{"line":589,"column":52},"end":{"line":589,"column":80}},{"start":{"line":589,"column":84},"end":{"line":589,"column":86}}],"line":589},"113":{"loc":{"start":{"line":591,"column":2},"end":{"line":598,"column":3}},"type":"if","locations":[{"start":{"line":591,"column":2},"end":{"line":598,"column":3}},{"start":{},"end":{}}],"line":591},"114":{"loc":{"start":{"line":597,"column":27},"end":{"line":597,"column":48}},"type":"binary-expr","locations":[{"start":{"line":597,"column":27},"end":{"line":597,"column":42}},{"start":{"line":597,"column":46},"end":{"line":597,"column":48}}],"line":597},"115":{"loc":{"start":{"line":605,"column":11},"end":{"line":605,"column":32}},"type":"binary-expr","locations":[{"start":{"line":605,"column":11},"end":{"line":605,"column":24}},{"start":{"line":605,"column":28},"end":{"line":605,"column":32}}],"line":605}},"s":{"0":1,"1":1,"2":3,"3":3,"4":3,"5":1,"6":1,"7":1,"8":2,"9":2,"10":2,"11":2,"12":4,"13":1,"14":1,"15":1,"16":3,"17":3,"18":1,"19":1,"20":1,"21":2,"22":2,"23":1,"24":1,"25":1,"26":1,"27":1,"28":5,"29":1,"30":1,"31":1,"32":4,"33":4,"34":4,"35":4,"36":15,"37":15,"38":1,"39":1,"40":1,"41":14,"42":14,"43":14,"44":8,"45":1,"46":1,"47":1,"48":7,"49":1,"50":1,"51":1,"52":12,"53":12,"54":12,"55":12,"56":16,"57":12,"58":12,"59":12,"60":17,"61":17,"62":2,"63":12,"64":12,"65":1,"66":1,"67":1,"68":11,"69":7,"70":7,"71":1,"72":1,"73":1,"74":6,"75":6,"76":6,"77":4,"78":1,"79":1,"80":1,"81":3,"82":4,"83":2,"84":1,"85":1,"86":1,"87":1,"88":3,"89":3,"90":3,"91":1,"92":1,"93":1,"94":2,"95":11,"96":11,"97":1,"98":1,"99":1,"100":10,"101":10,"102":10,"103":5,"104":1,"105":1,"106":1,"107":4,"108":9,"109":5,"110":0,"111":0,"112":0,"113":5,"114":1,"115":1,"116":1,"117":4,"118":5,"119":5,"120":1,"121":1,"122":1,"123":4,"124":0,"125":0,"126":0,"127":0,"128":0,"129":0,"130":0,"131":0,"132":0,"133":0,"134":0,"135":0,"136":0,"137":0,"138":0,"139":0,"140":0,"141":0,"142":0,"143":0,"144":0,"145":0,"146":4,"147":4,"148":8,"149":1,"150":1,"151":1,"152":7,"153":7,"154":1,"155":1,"156":1,"157":6,"158":6,"159":6,"160":6,"161":6,"162":6,"163":6,"164":1,"165":1,"166":1,"167":5,"168":3,"169":1,"170":1,"171":1,"172":2,"173":2,"174":2,"175":1,"176":1,"177":1,"178":3,"179":0,"180":0,"181":0,"182":3,"183":3,"184":3,"185":1,"186":1,"187":1,"188":2,"189":2,"190":3,"191":0,"192":0,"193":0,"194":3,"195":3,"196":0,"197":0,"198":0,"199":3,"200":3,"201":3,"202":1,"203":1,"204":1,"205":2,"206":0,"207":0,"208":0,"209":2,"210":0,"211":0,"212":0,"213":2,"214":2,"215":1,"216":1,"217":1,"218":1,"219":1,"220":0,"221":0,"222":0,"223":1,"224":16,"225":16,"226":1,"227":1,"228":1,"229":15,"230":15,"231":1,"232":1,"233":1,"234":14,"235":2,"236":2,"237":1,"238":1,"239":1,"240":1,"241":1,"242":1,"243":1,"244":1,"245":12,"246":12,"247":12,"248":12,"249":12,"250":4,"251":4,"252":4,"253":1,"254":3,"255":1,"256":2,"257":3,"258":2,"259":4,"260":4,"261":4,"262":4,"263":4,"264":4,"265":4,"266":4,"267":8,"268":7,"269":7,"270":7,"271":1,"272":1,"273":1,"274":6,"275":6,"276":6,"277":1,"278":1,"279":1,"280":5,"281":5,"282":2,"283":1,"284":3,"285":1,"286":5,"287":1,"288":1,"289":1,"290":9,"291":9,"292":9,"293":5,"294":5,"295":1,"296":1,"297":1,"298":4,"299":4,"300":1,"301":3,"302":3,"303":3,"304":1,"305":1,"306":3,"307":3,"308":3,"309":1},"f":{"0":3,"1":4,"2":5,"3":15,"4":16,"5":7,"6":11,"7":0,"8":4,"9":8,"10":3,"11":16,"12":3,"13":3,"14":5},"b":{"0":[3,2],"1":[1,2],"2":[1,1],"3":[1,1],"4":[1,3],"5":[1,2],"6":[1,1],"7":[1,4],"8":[4,1],"9":[4,1],"10":[4,1,0],"11":[1,14],"12":[14,7],"13":[8,6],"14":[1,7],"15":[1,6],"16":[12,0],"17":[2,15],"18":[17,7],"19":[17,0],"20":[7,0],"21":[1,11],"22":[1,6],"23":[6,0],"24":[6,4],"25":[4,2],"26":[1,3],"27":[2,2],"28":[1,1],"29":[1,2],"30":[3,1],"31":[3,1],"32":[3,0,0,0],"33":[1,2],"34":[1,10],"35":[10,0],"36":[10,5],"37":[5,5],"38":[1,4],"39":[5,4],"40":[0,5],"41":[1,4],"42":[5,0],"43":[5,0,0,0],"44":[1,4],"45":[0,0],"46":[0,0],"47":[0,0],"48":[0,0],"49":[0,0],"50":[0,0],"51":[0,0],"52":[0,0],"53":[0,0],"54":[0,0],"55":[3,1],"56":[1,7],"57":[1,6],"58":[6,0],"59":[6,0],"60":[6,4],"61":[6,4],"62":[1,5],"63":[6,4],"64":[3,2],"65":[1,2],"66":[3,2],"67":[2,0],"68":[1,1],"69":[0,3],"70":[1,2],"71":[0,3],"72":[0,3],"73":[3,0],"74":[3,0],"75":[1,2],"76":[0,2],"77":[0,2],"78":[2,2],"79":[1,1],"80":[0,1],"81":[1,15],"82":[1,14],"83":[15,0],"84":[2,12],"85":[14,0],"86":[2,1],"87":[1,1],"88":[2,1],"89":[1,0],"90":[12,0],"91":[12,0],"92":[4,8],"93":[4,1],"94":[1,3],"95":[1,2],"96":[7,1],"97":[7,7,0],"98":[0,7],"99":[7,0],"100":[1,6],"101":[6,0],"102":[1,5],"103":[2,3],"104":[1,1],"105":[9,9,4],"106":[2,7],"107":[9,5],"108":[4],"109":[1,4],"110":[1,3],"111":[3,0],"112":[3,3,2,1],"113":[1,2],"114":[1,0],"115":[3,0]},"_coverageSchema":"1a1c01bbd47fc00a2c39e90264f33305004495a9","hash":"4e1f196dadb926c45c6d475b7954d7a0774799b6"}
,"C:\\Users\\lcmuniz\\Documents\\spe-projects\\spe-api\\services\\emailService.js": {"path":"C:\\Users\\lcmuniz\\Documents\\spe-projects\\spe-api\\services\\emailService.js","statementMap":{"0":{"start":{"line":1,"column":11},"end":{"line":1,"column":24}},"1":{"start":{"line":2,"column":13},"end":{"line":2,"column":28}},"2":{"start":{"line":3,"column":0},"end":{"line":3,"column":26}},"3":{"start":{"line":4,"column":67},"end":{"line":4,"column":88}},"4":{"start":{"line":6,"column":15},"end":{"line":6,"column":68}},"5":{"start":{"line":7,"column":0},"end":{"line":9,"column":1}},"6":{"start":{"line":8,"column":2},"end":{"line":8,"column":93}},"7":{"start":{"line":13,"column":2},"end":{"line":15,"column":3}},"8":{"start":{"line":14,"column":4},"end":{"line":14,"column":39}},"9":{"start":{"line":16,"column":2},"end":{"line":16,"column":15}},"10":{"start":{"line":20,"column":16},"end":{"line":20,"column":124}},"11":{"start":{"line":21,"column":15},"end":{"line":21,"column":108}},"12":{"start":{"line":22,"column":2},"end":{"line":22,"column":32}},"13":{"start":{"line":26,"column":14},"end":{"line":26,"column":67}},"14":{"start":{"line":27,"column":2},"end":{"line":34,"column":6}},"15":{"start":{"line":30,"column":6},"end":{"line":30,"column":42}},"16":{"start":{"line":30,"column":34},"end":{"line":30,"column":42}},"17":{"start":{"line":31,"column":6},"end":{"line":31,"column":73}},"18":{"start":{"line":31,"column":33},"end":{"line":31,"column":73}},"19":{"start":{"line":32,"column":6},"end":{"line":32,"column":81}},"20":{"start":{"line":32,"column":19},"end":{"line":32,"column":81}},"21":{"start":{"line":33,"column":6},"end":{"line":33,"column":43}},"22":{"start":{"line":38,"column":2},"end":{"line":38,"column":52}},"23":{"start":{"line":38,"column":43},"end":{"line":38,"column":52}},"24":{"start":{"line":39,"column":2},"end":{"line":47,"column":4}},"25":{"start":{"line":40,"column":4},"end":{"line":40,"column":45}},"26":{"start":{"line":40,"column":35},"end":{"line":40,"column":45}},"27":{"start":{"line":41,"column":4},"end":{"line":41,"column":95}},"28":{"start":{"line":41,"column":27},"end":{"line":41,"column":95}},"29":{"start":{"line":42,"column":4},"end":{"line":45,"column":5}},"30":{"start":{"line":43,"column":28},"end":{"line":43,"column":91}},"31":{"start":{"line":44,"column":6},"end":{"line":44,"column":83}},"32":{"start":{"line":46,"column":4},"end":{"line":46,"column":73}},"33":{"start":{"line":51,"column":21},"end":{"line":51,"column":44}},"34":{"start":{"line":52,"column":2},"end":{"line":56,"column":3}},"35":{"start":{"line":53,"column":16},"end":{"line":53,"column":64}},"36":{"start":{"line":54,"column":4},"end":{"line":54,"column":18}},"37":{"start":{"line":55,"column":4},"end":{"line":55,"column":13}},"38":{"start":{"line":57,"column":2},"end":{"line":61,"column":3}},"39":{"start":{"line":58,"column":16},"end":{"line":58,"column":50}},"40":{"start":{"line":59,"column":4},"end":{"line":59,"column":18}},"41":{"start":{"line":60,"column":4},"end":{"line":60,"column":13}},"42":{"start":{"line":62,"column":2},"end":{"line":66,"column":3}},"43":{"start":{"line":63,"column":16},"end":{"line":63,"column":55}},"44":{"start":{"line":64,"column":4},"end":{"line":64,"column":18}},"45":{"start":{"line":65,"column":4},"end":{"line":65,"column":13}},"46":{"start":{"line":67,"column":2},"end":{"line":71,"column":3}},"47":{"start":{"line":68,"column":16},"end":{"line":68,"column":52}},"48":{"start":{"line":69,"column":4},"end":{"line":69,"column":18}},"49":{"start":{"line":70,"column":4},"end":{"line":70,"column":13}},"50":{"start":{"line":73,"column":21},"end":{"line":73,"column":32}},"51":{"start":{"line":74,"column":19},"end":{"line":74,"column":38}},"52":{"start":{"line":75,"column":17},"end":{"line":78,"column":24}},"53":{"start":{"line":80,"column":2},"end":{"line":84,"column":3}},"54":{"start":{"line":81,"column":15},"end":{"line":81,"column":60}},"55":{"start":{"line":82,"column":27},"end":{"line":82,"column":53}},"56":{"start":{"line":83,"column":4},"end":{"line":83,"column":37}},"57":{"start":{"line":85,"column":2},"end":{"line":85,"column":60}},"58":{"start":{"line":85,"column":23},"end":{"line":85,"column":60}},"59":{"start":{"line":86,"column":2},"end":{"line":86,"column":64}},"60":{"start":{"line":86,"column":25},"end":{"line":86,"column":64}},"61":{"start":{"line":87,"column":2},"end":{"line":87,"column":32}},"62":{"start":{"line":87,"column":12},"end":{"line":87,"column":32}},"63":{"start":{"line":88,"column":2},"end":{"line":88,"column":32}},"64":{"start":{"line":88,"column":12},"end":{"line":88,"column":32}},"65":{"start":{"line":89,"column":15},"end":{"line":89,"column":48}},"66":{"start":{"line":90,"column":2},"end":{"line":90,"column":46}},"67":{"start":{"line":90,"column":19},"end":{"line":90,"column":46}},"68":{"start":{"line":92,"column":2},"end":{"line":110,"column":3}},"69":{"start":{"line":93,"column":21},"end":{"line":93,"column":56}},"70":{"start":{"line":94,"column":4},"end":{"line":94,"column":33}},"71":{"start":{"line":96,"column":19},"end":{"line":96,"column":99}},"72":{"start":{"line":97,"column":17},"end":{"line":97,"column":92}},"73":{"start":{"line":99,"column":4},"end":{"line":103,"column":5}},"74":{"start":{"line":100,"column":6},"end":{"line":100,"column":72}},"75":{"start":{"line":102,"column":6},"end":{"line":102,"column":30}},"76":{"start":{"line":104,"column":24},"end":{"line":104,"column":62}},"77":{"start":{"line":105,"column":16},"end":{"line":105,"column":104}},"78":{"start":{"line":106,"column":4},"end":{"line":106,"col
[...]
},"104":{"loc":{"start":{"line":658,"column":23},"end":{"line":658,"column":49}},"type":"binary-expr","locations":[{"start":{"line":658,"column":23},"end":{"line":658,"column":43}},{"start":{"line":658,"column":47},"end":{"line":658,"column":49}}],"line":658},"105":{"loc":{"start":{"line":659,"column":2},"end":{"line":682,"column":3}},"type":"if","locations":[{"start":{"line":659,"column":2},"end":{"line":682,"column":3}},{"start":{},"end":{}}],"line":659},"106":{"loc":{"start":{"line":659,"column":8},"end":{"line":659,"column":50}},"type":"binary-expr","locations":[{"start":{"line":659,"column":8},"end":{"line":659,"column":27}},{"start":{"line":659,"column":31},"end":{"line":659,"column":50}}],"line":659},"107":{"loc":{"start":{"line":661,"column":4},"end":{"line":665,"column":5}},"type":"if","locations":[{"start":{"line":661,"column":4},"end":{"line":665,"column":5}},{"start":{},"end":{}}],"line":661},"108":{"loc":{"start":{"line":661,"column":8},"end":{"line":661,"column":22}},"type":"binary-expr","locations":[{"start":{"line":661,"column":8},"end":{"line":661,"column":12}},{"start":{"line":661,"column":16},"end":{"line":661,"column":22}}],"line":661},"109":{"loc":{"start":{"line":677,"column":4},"end":{"line":681,"column":5}},"type":"if","locations":[{"start":{"line":677,"column":4},"end":{"line":681,"column":5}},{"start":{},"end":{}}],"line":677},"110":{"loc":{"start":{"line":748,"column":2},"end":{"line":752,"column":3}},"type":"if","locations":[{"start":{"line":748,"column":2},"end":{"line":752,"column":3}},{"start":{},"end":{}}],"line":748},"111":{"loc":{"start":{"line":758,"column":2},"end":{"line":762,"column":3}},"type":"if","locations":[{"start":{"line":758,"column":2},"end":{"line":762,"column":3}},{"start":{},"end":{}}],"line":758},"112":{"loc":{"start":{"line":765,"column":2},"end":{"line":769,"column":3}},"type":"if","locations":[{"start":{"line":765,"column":2},"end":{"line":769,"column":3}},{"start":{},"end":{}}],"line":765},"113":{"loc":{"start":{"line":765,"column":6},"end":{"line":765,"column":27}},"type":"binary-expr","locations":[{"start":{"line":765,"column":6},"end":{"line":765,"column":15}},{"start":{"line":765,"column":19},"end":{"line":765,"column":27}}],"line":765},"114":{"loc":{"start":{"line":772,"column":2},"end":{"line":776,"column":3}},"type":"if","locations":[{"start":{"line":772,"column":2},"end":{"line":776,"column":3}},{"start":{},"end":{}}],"line":772},"115":{"loc":{"start":{"line":777,"column":30},"end":{"line":777,"column":50}},"type":"binary-expr","locations":[{"start":{"line":777,"column":30},"end":{"line":777,"column":44}},{"start":{"line":777,"column":48},"end":{"line":777,"column":50}}],"line":777},"116":{"loc":{"start":{"line":778,"column":2},"end":{"line":782,"column":3}},"type":"if","locations":[{"start":{"line":778,"column":2},"end":{"line":782,"column":3}},{"start":{},"end":{}}],"line":778},"117":{"loc":{"start":{"line":809,"column":2},"end":{"line":813,"column":3}},"type":"if","locations":[{"start":{"line":809,"column":2},"end":{"line":813,"column":3}},{"start":{},"end":{}}],"line":809},"118":{"loc":{"start":{"line":814,"column":2},"end":{"line":818,"column":3}},"type":"if","locations":[{"start":{"line":814,"column":2},"end":{"line":818,"column":3}},{"start":{},"end":{}}],"line":814},"119":{"loc":{"start":{"line":824,"column":2},"end":{"line":828,"column":3}},"type":"if","locations":[{"start":{"line":824,"column":2},"end":{"line":828,"column":3}},{"start":{},"end":{}}],"line":824},"120":{"loc":{"start":{"line":832,"column":2},"end":{"line":836,"column":3}},"type":"if","locations":[{"start":{"line":832,"column":2},"end":{"line":836,"column":3}},{"start":{},"end":{}}],"line":832},"121":{"loc":{"start":{"line":832,"column":6},"end":{"line":832,"column":38}},"type":"binary-expr","locations":[{"start":{"line":832,"column":6},"end":{"line":832,"column":15}},{"start":{"line":832,"column":19},"end":{"line":832,"column":27}},{"start":{"line":832,"column":31},"end":{"line":832,"column":38}}],"line":832},"122":{"loc":{"start":{"line":839,"column":2},"end":{"line":843,"column":3}},"type":"if","locations":[{"start":{"line":839,"column":2},"end":{"line":843,"column":3}},{"start":{},"end":{}}],"line":839},"123":{"loc":{"start":{"line":844,"column":30},"end":{"line":844,"column":50}},"type":"binary-expr","locations":[{"start":{"line":844,"column":30},"end":{"line":844,"column":44}},{"start":{"line":844,"column":48},"end":{"line":844,"column":50}}],"line":844},"124":{"loc":{"start":{"line":845,"column":2},"end":{"line":849,"column":3}},"type":"if","locations":[{"start":{"line":845,"column":2},"end":{"line":849,"column":3}},{"start":{},"end":{}}],"line":845},"125":{"loc":{"start":{"line":878,"column":2},"end":{"line":882,"column":3}},"type":"if","locations":[{"start":{"line":878,"column":2},"end":{"line":882,"column":3}},{"start":{},"end":{}}],"line":878},"126":{"loc":{"start":{"line":887,"column":2},"end":{"line":891,"column":3}},"type":"if","locations":[{"start":{"line":887,"column":2},"end":{"line":891,"column":3}},{"start":{},"end":{}}],"line":887},"127":{"loc":{"start":{"line":893,"column":2},"end":{"line":897,"column":3}},"type":"if","locations":[{"start":{"line":893,"column":2},"end":{"line":897,"column":3}},{"start":{},"end":{}}],"line":893},"128":{"loc":{"start":{"line":898,"column":2},"end":{"line":902,"column":3}},"type":"if","locations":[{"start":{"line":898,"column":2},"end":{"line":902,"column":3}},{"start":{},"end":{}}],"line":898},"129":{"loc":{"start":{"line":898,"column":13},"end":{"line":898,"column":27}},"type":"binary-expr","locations":[{"start":{"line":898,"column":13},"end":{"line":898,"column":21}},{"start":{"line":898,"column":25},"end":{"line":898,"column":27}}],"line":898},"130":{"loc":{"start":{"line":903,"column":2},"end":{"line":907,"column":3}},"type":"if","locations":[{"start":{"line":903,"column":2},"end":{"line":907,"column":3}},{"start":{},"end":{}}],"line":903},"131":{"loc":{"start":{"line":903,"column":13},"end":{"line":903,"column":38}},"type":"binary-expr","locations":[{"start":{"line":903,"column":13},"end":{"line":903,"column":32}},{"start":{"line":903,"column":36},"end":{"line":903,"column":38}}],"line":903}},"s":{"0":2,"1":2,"2":2,"3":3,"4":3,"5":18,"6":3,"7":3,"8":3,"9":5,"10":5,"11":5,"12":2,"13":3,"14":3,"15":5,"16":1,"17":4,"18":1,"19":1,"20":1,"21":3,"22":3,"23":3,"24":3,"25":3,"26":3,"27":4,"28":4,"29":2,"30":2,"31":1,"32":1,"33":1,"34":1,"35":2,"36":2,"37":2,"38":2,"39":2,"40":2,"41":2,"42":2,"43":2,"44":2,"45":2,"46":2,"47":2,"48":3,"49":3,"50":1,"51":1,"52":1,"53":2,"54":1,"55":1,"56":1,"57":1,"58":1,"59":1,"60":1,"61":9,"62":1,"63":1,"64":1,"65":8,"66":1,"67":1,"68":1,"69":7,"70":7,"71":1,"72":1,"73":1,"74":6,"75":6,"76":6,"77":1,"78":1,"79":1,"80":5,"81":5,"82":1,"83":1,"84":1,"85":4,"86":4,"87":1,"88":1,"89":1,"90":3,"91":3,"92":1,"93":1,"94":1,"95":1,"96":1,"97":2,"98":2,"99":1,"100":1,"101":1,"102":1,"103":1,"104":5,"105":5,"106":1,"107":1,"108":1,"109":4,"110":1,"111":1,"112":1,"113":3,"114":3,"115":1,"116":1,"117":1,"118":2,"119":2,"120":1,"121":1,"122":1,"123":1,"124":1,"125":0,"126":0,"127":0,"128":1,"129":1,"130":6,"131":1,"132":1,"133":1,"134":5,"135":5,"136":1,"137":1,"138":1,"139":4,"140":4,"141":4,"142":1,"143":1,"144":1,"145":3,"146":3,"147":3,"148":3,"149":3,"150":3,"151":3,"152":4,"153":4,"154":4,"155":1,"156":1,"157":4,"158":1,"159":1,"160":4,"161":1,"162":1,"163":4,"164":1,"165":1,"166":4,"167":1,"168":1,"169":4,"170":1,"171":1,"172":4,"173":1,"174":1,"175":4,"176":1,"177":4,"178":1,"179":1,"180":4,"181":1,"182":1,"183":4,"184":4,"185":4,"186":4,"187":4,"188":4,"189":4,"190":4,"191":4,"192":6,"193":3,"194":3,"195":1,"196":1,"197":1,"198":2,"199":2,"200":1,"201":1,"202":1,"203":1,"204":1,"205":1,"206":1,"207":1,"208":3,"209":1,"210":1,"211":1,"212":2,"213":2,"214":1,"215":1,"216":1,"217":1,"218":1,"219":1,"220":1,"221":1,"222":1,"223":2,"224":2,"225":1,"226":1,"227":1,"228":1,"229":1,"230":2,"231":2,"232":10,"233":10,"234":10,"235":8,"236":8,"237":2,"238":2,"239":10,"240":2,"241":2,"242":2,"243":8,"244":8,"245":4,"246":2,"247":2,"248":2,"249":2,"250":2,"251":1,"252":1,"253":1,"254":5,"255":5,"256":5,"257":5,"258":5,"259":6,"260":1,"261":1,"262":1,"263":5,"264":5,"265":1,"266":1,"267":1,"268":4,"269":4,"270":4,"271":1,"272":1,"273":1,"274":3,"275":3,"276":1,"277":1,"278":1,"279":2,"280":2,"281":1,"282":1,"283":1,"284":1,"285":1,"286":1,"287":1,"288":1,"289":1,"290":1,"291":7,"292":1,"293":1,"294":1,"295":6,"296":1,"297":1,"298":1,"299":5,"300":5,"301":1,"302":1,"303":1,"304":4,"305":4,"306":4,"307":4,"308":1,"309":1,"310":1,"311":3,"312":3,"313":1,"314":1,"315":1,"316":2,"317":2,"318":1,"319":1,"320":1,"321":1,"322":1,"323":1,"324":1,"325":1,"326":1,"327":1,"328":6,"329":1,"330":1,"331":1,"332":5,"333":5,"334":1,"335":1,"336":1,"337":4,"338":4,"339":1,"340":1,"341":1,"342":3,"343":1,"344":1,"345":1,"346":2,"347":1,"348":1,"349":1,"350":1,"351":1,"352":1,"353":2},"f":{"0":3,"1":18,"2":3,"3":5,"4":5,"5":3,"6":9,"7":5,"8":6,"9":4,"10":6,"11":2,"12":2,"13":10,"14":6,"15":7,"16":6},"b":{"0":[15],"1":[2,3],"2":[2],"3":[3],"4":[1,4],"5":[1,3],"6":[4,3,1],"7":[3,0,0],"8":[3,1],"9":[3,3],"10":[3,3],"11":[3,0],"12":[3,3],"13":[2,2],"14":[1,1],"15":[1,0],"16":[2,0],"17":[2,0],"18":[2,0],"19":[2,0],"20":[2,0],"21":[2,0],"22":[2,1],"23":[2,1],"24":[2,2],"25":[2,2],"26":[2,0],"27":[2,0],"28":[1,2],"29":[1,1],"30":[2,2,1],"31":[1,0],"32":[1,0],"33":[1,0],"34":[1,0],"35":[1,1],"36":[1,1],"37":[1,8],"38":[1,7],"39":[1,6],"40":[6,0],"41":[6,0],"42":[1,5],"43":[6,6],"44":[1,4],"45":[4,0],"46":[1,3],"47":[3,1],"48":[1,2],"49":[3,2],"50":[1,0],"51":[2,0],"52":[1,1],"53":[1,0],"54":[1,4],"55":[5,5],"56":[1,3],"57":[1,2],"58":[2,0],"59":[1,1],"60":[2,2],"61":[0,1],"62":[1,5],"63":[1,4],"64":[1,3],"65":[4,0],"66":[3,1],"67":[3,1],"68":[3,1],"69":[3,1],"70":[3,1],"71":[3,1],"72":[3,1],"73":[3,1],"74":[0],"75":[1,3],"76":[1,3],"77":[1,3],"78":[1,3],"79":[1,3],"80":[1,3],"81":[1,3],"82":[1,3],"83":[1,3],"84":[1,3],"85":[4,1],"86":[4,0],"87":[4,0],"88":[3,1],"89":[4,0],"90":[3,1],"91":[3,3],"92":[1,2],"93":[1,1],"94":[1,0],"95":[1,2],"96":[1,1],"97":[1,0],"98":[1,0],"99":[1,0],"100":[1,1],"101":[10,0],"102":[8,2],"103":[2,8],"104":[8,0],"105":[4,4],"106":[8,4],"107":[2,2],"108":[4,2],"109":[1,1],"110":[1,5],"111":[1,4],"112":[1,3],"113":[4,3],"114":[1,2],"115":[2,0],"116":[1,1],"117":[1,6],"118":[1,5],"119":[1,4],"120":[1,3],"121":[4,3,3],"122":[1,2],"123":[2,0],"124":[1,1],"125":[1,5],"126":[1,4],"127":[1,3],"128":[1,2],"129":[3,0],"130":[1,1],"131":[2,0]},"_coverageSchema":"1a1c01bbd47fc00a2c39e90264f33305004495a9","hash":"b8394534aad826bae6f1dd451c16ba8e247c47f5"}
,"C:\\Users\\lcmuniz\\Documents\\spe-projects\\spe-api\\services\\transacoesService.js": {"path":"C:\\Users\\lcmuniz\\Documents\\spe-projects\\spe-api\\services\\transacoesService.js","statementMap":{"0":{"start":{"line":1,"column":18},"end":{"line":1,"column":34}},"1":{"start":{"line":4,"column":2},"end":{"line":8,"column":3}},"2":{"start":{"line":5,"column":4},"end":{"line":5,"column":27}},"3":{"start":{"line":12,"column":2},"end":{"line":12,"column":22}},"4":{"start":{"line":16,"column":2},"end":{"line":16,"column":23}},"5":{"start":{"line":19,"column":0},"end":{"line":19,"column":66}}},"fnMap":{"0":{"name":"rollback","decl":{"start":{"line":3,"column":15},"end":{"line":3,"column":23}},"loc":{"start":{"line":3,"column":26},"end":{"line":9,"column":1}},"line":3},"1":{"name":"beginTransaction","decl":{"start":{"line":11,"column":15},"end":{"line":11,"column":31}},"loc":{"start":{"line":11,"column":34},"end":{"line":13,"column":1}},"line":11},"2":{"name":"commitTransaction","decl":{"start":{"line":15,"column":15},"end":{"line":15,"column":32}},"loc":{"start":{"line":15,"column":35},"end":{"line":17,"column":1}},"line":15}},"branchMap":{},"s":{"0":3,"1":2,"2":2,"3":9,"4":8,"5":3},"f":{"0":2,"1":9,"2":8},"b":{},"_coverageSchema":"1a1c01bbd47fc00a2c39e90264f33305004495a9","hash":"ddcb4604f5e5f8748af4192d8843d06589cc2e62"}
,"C:\\Users\\lcmuniz\\Documents\\spe-projects\\spe-api\\services\\usuariosService.js": {"path":"C:\\Users\\lcmuniz\\Documents\\spe-projects\\spe-api\\services\\usuariosService.js","statementMap":{"0":{"start":{"line":1,"column":23},"end":{"line":1,"column":38}},"1":{"start":{"line":2,"column":18},"end":{"line":2,"column":34}},"2":{"start":{"line":5,"column":2},"end":{"line":20,"column":3}},"3":{"start":{"line":6,"column":21},"end":{"line":18,"column":5}},"4":{"start":{"line":19,"column":4},"end":{"line":19,"column":39}},"5":{"start":{"line":22,"column":17},"end":{"line":22,"column":19}},"6":{"start":{"line":23,"column":14},"end":{"line":23,"column":16}},"7":{"start":{"line":24,"column":2},"end":{"line":27,"column":3}},"8":{"start":{"line":25,"column":4},"end":{"line":25,"column":22}},"9":{"start":{"line":26,"column":4},"end":{"line":26,"column":32}},"10":{"start":{"line":28,"column":19},"end":{"line":41,"column":3}},"11":{"start":{"line":42,"column":2},"end":{"line":42,"column":13}},"12":{"start":{"line":46,"column":2},"end":{"line":50,"column":3}},"13":{"start":{"line":47,"column":16},"end":{"line":47,"column":58}},"14":{"start":{"line":48,"column":4},"end":{"line":48,"column":18}},"15":{"start":{"line":49,"column":4},"end":{"line":49,"column":13}},"16":{"start":{"line":52,"column":33},"end":{"line":52,"column":100}},"17":{"start":{"line":53,"column":19},"end":{"line":53,"column":59}},"18":{"start":{"line":54,"column":19},"end":{"line":54,"column":38}},"19":{"start":{"line":56,"column":2},"end":{"line":92,"column":3}},"20":{"start":{"line":57,"column":4},"end":{"line":77,"column":5}},"21":{"start":{"line":58,"column":6},"end":{"line":61,"column":7}},"22":{"start":{"line":62,"column":11},"end":{"line":77,"column":5}},"23":{"start":{"line":63,"column":6},"end":{"line":66,"column":7}},"24":{"start":{"line":67,"column":11},"end":{"line":77,"column":5}},"25":{"start":{"line":68,"column":6},"end":{"line":71,"column":7}},"26":{"start":{"line":73,"column":6},"end":{"line":76,"column":7}},"27":{"start":{"line":78,"column":21},"end":{"line":90,"column":5}},"28":{"start":{"line":91,"column":4},"end":{"line":91,"column":55}},"29":{"start":{"line":94,"column":21},"end":{"line":94,"column":51}},"30":{"start":{"line":95,"column":21},"end":{"line":95,"column":44}},"31":{"start":{"line":96,"column":2},"end":{"line":100,"column":3}},"32":{"start":{"line":101,"column":19},"end":{"line":113,"column":3}},"33":{"start":{"line":114,"column":2},"end":{"line":114,"column":52}},"34":{"start":{"line":118,"column":16},"end":{"line":118,"column":57}},"35":{"start":{"line":119,"column":2},"end":{"line":119,"column":23}},"36":{"start":{"line":119,"column":14},"end":{"line":119,"column":23}},"37":{"start":{"line":120,"column":19},"end":{"line":133,"column":3}},"38":{"start":{"line":134,"column":2},"end":{"line":134,"column":13}},"39":{"start":{"line":137,"column":0},"end":{"line":137,"column":68}}},"fnMap":{"0":{"name":"getUsuarios","decl":{"start":{"line":4,"column":15},"end":{"line":4,"column":26}},"loc":{"start":{"line":4,"column":45},"end":{"line":43,"column":1}},"line":4},"1":{"name":"upsertUsuario","decl":{"start":{"line":45,"column":15},"end":{"line":45,"column":28}},"loc":{"start":{"line":45,"column":60},"end":{"line":115,"column":1}},"line":45},"2":{"name":"getUsuariosPorSigla","decl":{"start":{"line":117,"column":15},"end":{"line":117,"column":34}},"loc":{"start":{"line":117,"column":50},"end":{"line":135,"column":1}},"line":117}},"branchMap":{"0":{"loc":{"start":{"line":5,"column":2},"end":{"line":20,"column":3}},"type":"if","locations":[{"start":{"line":5,"column":2},"end":{"line":20,"column":3}},{"start":{},"end":{}}],"line":5},"1":{"loc":{"start":{"line":19,"column":11},"end":{"line":19,"column":39}},"type":"cond-expr","locations":[{"start":{"line":19,"column":25},"end":{"line":19,"column":32}},{"start":{"line":19,"column":35},"end":{"line":19,"column":39}}],"line":19},"2":{"loc":{"start":{"line":24,"column":2},"end":{"line":27,"column":3}},"type":"if","locations":[{"start":{"line":24,"column":2},"end":{"line":27,"column":3}},{"start":{},"end":{}}],"line":24},"3":{"loc":{"start":{"line":46,"column":2},"end":{"line":50,"column":3}},"type":"if","locations":[{"start":{"line":46,"column":2},"end":{"line":50,"column":3}},{"start":{},"end":{}}],"line":46},"4":{"loc":{"start":{"line":46,"column":6},"end":{"line":46,"column":21}},"type":"binary-expr","locations":[{"start":{"line":46,"column":6},"end":{"line":46,"column":12}},{"start":{"line":46,"column":16},"end":{"line":46,"column":21}}],"line":46},"5":{"loc":{"start":{"line":53,"column":22},"end":{"line":53,"column":58}},"type":"binary-expr","locations":[{"start":{"line":53,"column":22},"end":{"line":53,"column":27}},{"start":{"line":53,"column":31},"end":{"line":53,"column":58}}],"line":53},"6":{"loc":{"start":{"line":56,"column":2},"end":{"line":92,"column":3}},"type":"if","locations":[{"start":{"line":56,"column":2},"end":{"line":92,"column":3}},{"start":{},"end":{}}],"line":56},"7":{"loc":{"start":{"line":57,"column":4},"end":{"line":77,"column":5}},"type":"if","locations":[{"start":{"line":57,"column":4},"end":{"line":77,"column":5}},{"start":{"line":62,"column":11},"end":{"line":77,"column":5}}],"line":57},"8":{"loc":{"start":{"line":57,"column":8},"end":{"line":57,"column":28}},"type":"binary-expr","locations":[{"start":{"line":57,"column":8},"end":{"line":57,"column":16}},{"start":{"line":57,"column":20},"end":{"line":57,"column":28}}],"line":57},"9":{"loc":{"start":{"line":62,"column":11},"end":{"line":77,"column":5}},"type":"if","locations":[{"start":{"line":62,"column":11},"end":{"line":77,"column":5}},{"start":{"line":67,"column":11},"end":{"line":77,"column":5}}],"line":62},"10":{"loc":{"start":{"line":62,"column":15},"end":{"line":62,"column":36}},"type":"binary-expr","locations":[{"start":{"line":62,"column":15},"end":{"line":62,"column":23}},{"start":{"line":62,"column":27},"end":{"line":62,"column":36}}],"line":62},"11":{"loc":{"start":{"line":67,"column":11},"end":{"line":77,"column":5}},"type":"if","locations":[{"start":{"line":67,"column":11},"end":{"line":77,"column":5}},{"start":{"line":72,"column":11},"end":{"line":77,"column":5}}],"line":67},"12":{"loc":{"start":{"line":67,"column":15},"end":{"line":67,"column":36}},"type":"binary-expr","locations":[{"start":{"line":67,"column":15},"end":{"line":67,"column":24}},{"start":{"line":67,"column":28},"end":{"line":67,"column":36}}],"line":67},"13":{"loc":{"start":{"line":94,"column":21},"end":{"line":94,"column":51}},"type":"cond-expr","locations":[{"start":{"line":94,"column":32},"end":{"line":94,"column":37}},{"start":{"line":94,"column":40},"end":{"line":94,"column":51}}],"line":94},"14":{"loc":{"start":{"line":95,"column":21},"end":{"line":95,"column":44}},"type":"cond-expr","locations":[{"start":{"line":95,"column":32},"end":{"line":95,"column":37}},{"start":{"line":95,"column":40},"end":{"line":95,"column":44}}],"line":95},"15":{"loc":{"start":{"line":118,"column":23},"end":{"line":118,"column":42}},"type":"binary-expr","locations":[{"start":{"line":118,"column":23},"end":{"line":118,"column":36}},{"start":{"line":118,"column":40},"end":{"line":118,"column":42}}],"line":118},"16":{"loc":{"start":{"line":119,"column":2},"end":{"line":119,"column":23}},"type":"if","locations":[{"start":{"line":119,"column":2},"end":{"line":119,"column":23}},{"start":{},"end":{}}],"line":119}},"s":{"0":1,"1":1,"2":6,"3":2,"4":2,"5":4,"6":4,"7":4,"8":2,"9":2,"10":4,"11":4,"12":7,"13":1,"14":1,"15":1,"16":6,"17":6,"18":6,"19":6,"20":4,"21":1,"22":3,"23":1,"24":2,"25":1,"26":1,"27":4,"28":4,"29":2,"30":2,"31":2,"32":2,"33":2,"34":4,"35":4,"36":2,"37":2,"38":2,"39":1},"f":{"0":6,"1":7,"2":4},"b":{"0":[2,4],"1":[1,1],"2":[2,2],"3":[1,6],"4":[7,6],"5":[6,3],"6":[4,2],"7":[1,3],"8":[4,2],"9":[1,2],"10":[3,1],"11":[1,1],"12":[2,2],"13":[1,1],"14":[1,1],"15":[4,2],"16":[2,2]},"_coverageSchema":"1a1c01bbd47fc00a2c39e90264f33305004495a9","hash":"4fe7ab769d309427b413e14c9a0fe765099fcddf"}
}
