TN:
SF:services\acessosService.js
FN:4,listAcessos
FN:23,addAcesso
FN:79,removeAcesso
FNF:3
FNH:3
FNDA:1,listAcessos
FNDA:13,addAcesso
FNDA:2,removeAcesso
DA:1,1
DA:2,1
DA:5,1
DA:20,1
DA:24,13
DA:25,13
DA:26,3
DA:27,3
DA:28,3
DA:30,10
DA:31,2
DA:32,2
DA:33,2
DA:35,8
DA:36,1
DA:37,1
DA:38,1
DA:41,7
DA:42,7
DA:43,2
DA:44,2
DA:45,2
DA:48,5
DA:50,5
DA:51,2
DA:57,2
DA:58,1
DA:59,1
DA:60,1
DA:62,1
DA:67,1
DA:70,3
DA:76,3
DA:80,2
DA:84,2
DA:85,1
DA:86,1
DA:87,1
DA:89,1
DA:92,1
LF:40
LH:40
BRDA:24,0,0,13
BRDA:24,0,1,2
BRDA:25,1,0,3
BRDA:25,1,1,10
BRDA:30,2,0,2
BRDA:30,2,1,8
BRDA:30,3,0,10
BRDA:30,3,1,8
BRDA:30,3,2,6
BRDA:35,4,0,1
BRDA:35,4,1,7
BRDA:35,5,0,8
BRDA:35,5,1,4
BRDA:42,6,0,2
BRDA:42,6,1,5
BRDA:50,7,0,2
BRDA:50,7,1,3
BRDA:57,8,0,1
BRDA:57,8,1,1
BRDA:84,9,0,1
BRDA:84,9,1,1
BRF:21
BRH:21
end_of_record
TN:
SF:services\auditoriaService.js
FN:4,auditLog
FNF:1
FNH:1
FNDA:3,auditLog
DA:1,1
DA:2,1
DA:5,3
DA:6,3
DA:7,3
DA:8,3
DA:9,3
DA:11,3
DA:12,3
DA:13,2
DA:14,2
DA:15,2
DA:17,2
DA:20,3
DA:36,1
DA:40,1
LF:16
LH:16
BRDA:7,0,0,3
BRDA:7,0,1,1
BRDA:7,0,2,0
BRDA:8,1,0,3
BRDA:8,1,1,2
BRDA:9,2,0,3
BRDA:9,2,1,2
BRDA:12,3,0,2
BRDA:12,3,1,1
BRDA:12,4,0,3
BRDA:12,4,1,3
BRDA:12,4,2,2
BRDA:14,5,0,2
BRDA:14,5,1,0
BRDA:14,6,0,2
BRDA:14,6,1,2
BRDA:14,6,2,1
BRDA:26,7,0,3
BRDA:26,7,1,1
BRDA:27,8,0,3
BRDA:27,8,1,0
BRDA:28,9,0,3
BRDA:28,9,1,0
BRDA:29,10,0,3
BRDA:29,10,1,0
BRF:25
BRH:20
end_of_record
TN:
SF:services\catalogService.js
FN:3,listSetores
FN:10,listAssuntos
FN:15,listTiposProcesso
FNF:3
FNH:3
FNDA:1,listSetores
FNDA:1,listAssuntos
FNDA:1,listTiposProcesso
DA:1,1
DA:4,1
DA:7,1
DA:11,1
DA:12,1
DA:16,1
DA:17,1
DA:20,1
LF:8
LH:8
BRF:0
BRH:0
end_of_record
TN:
SF:services\chavesService.js
FN:4,listChaves
FN:15,createChave
FN:50,revokeChave
FNF:3
FNH:3
FNDA:1,listChaves
FNDA:4,createChave
FNDA:2,revokeChave
DA:1,1
DA:2,1
DA:5,1
DA:12,1
DA:16,4
DA:17,1
DA:18,1
DA:19,1
DA:22,3
DA:23,3
DA:24,1
DA:25,1
DA:26,1
DA:29,2
DA:33,2
DA:34,1
DA:35,1
DA:36,1
DA:39,1
DA:40,1
DA:41,1
DA:47,1
DA:51,2
DA:55,2
DA:56,1
DA:57,1
DA:58,1
DA:60,1
DA:63,1
LF:29
LH:29
BRDA:16,0,0,1
BRDA:16,0,1,3
BRDA:23,1,0,1
BRDA:23,1,1,2
BRDA:33,2,0,1
BRDA:33,2,1,1
BRDA:55,3,0,1
BRDA:55,3,1,1
BRF:8
BRH:8
end_of_record
TN:
SF:services\documentosService.js
FN:4,listByProcesso
FN:46,linkDocumento
FN:71,createDocumento
FN:93,_validarPosicaoFimArvore
FN:132,(anonymous_4)
FN:152,uploadConteudo
FN:204,editorConteudo
FN:251,getDocumentoById
FN:279,assinar
FN:344,deletarRascunho
FN:397,gerarPdfPublico
FN:457,(anonymous_11)
FN:487,(anonymous_12)
FN:507,seedByProcesso
FNF:14
FNH:14
FNDA:3,listByProcesso
FNDA:4,linkDocumento
FNDA:5,createDocumento
FNDA:15,_validarPosicaoFimArvore
FNDA:16,(anonymous_4)
FNDA:7,uploadConteudo
FNDA:11,editorConteudo
FNDA:4,getDocumentoById
FNDA:8,assinar
FNDA:3,deletarRascunho
FNDA:16,gerarPdfPublico
FNDA:3,(anonymous_11)
FNDA:3,(anonymous_12)
FNDA:5,seedByProcesso
DA:1,1
DA:2,1
DA:5,3
DA:6,3
DA:9,3
DA:10,1
DA:11,1
DA:12,1
DA:15,2
DA:18,2
DA:20,2
DA:43,2
DA:47,4
DA:48,1
DA:49,1
DA:50,1
DA:52,3
DA:53,3
DA:54,1
DA:55,1
DA:56,1
DA:58,2
DA:59,2
DA:60,1
DA:61,1
DA:62,1
DA:64,1
DA:68,1
DA:72,5
DA:73,1
DA:74,1
DA:75,1
DA:77,4
DA:78,4
DA:82,4
DA:90,4
DA:94,15
DA:102,15
DA:103,1
DA:104,1
DA:105,1
DA:107,14
DA:108,14
DA:109,14
DA:110,8
DA:111,1
DA:112,1
DA:113,1
DA:115,7
DA:116,1
DA:117,1
DA:118,1
DA:121,12
DA:122,12
DA:123,12
DA:132,16
DA:133,12
DA:134,12
DA:135,17
DA:136,17
DA:140,2
DA:143,12
DA:144,12
DA:145,1
DA:146,1
DA:147,1
DA:149,11
DA:153,7
DA:157,7
DA:158,1
DA:159,1
DA:160,1
DA:162,6
DA:163,6
DA:164,6
DA:165,4
DA:166,1
DA:167,1
DA:168,1
DA:170,3
DA:172,4
DA:173,2
DA:174,1
DA:175,1
DA:176,1
DA:178,1
DA:186,3
DA:190,3
DA:196,3
DA:197,1
DA:198,1
DA:199,1
DA:201,2
DA:205,11
DA:209,11
DA:210,1
DA:211,1
DA:212,1
DA:214,10
DA:215,10
DA:217,10
DA:218,5
DA:219,1
DA:220,1
DA:221,1
DA:223,4
DA:225,9
DA:226,5
DA:227,0
DA:228,0
DA:229,0
DA:231,5
DA:232,1
DA:233,1
DA:234,1
DA:236,4
DA:239,5
DA:243,5
DA:244,1
DA:245,1
DA:246,1
DA:248,4
DA:252,4
DA:276,4
DA:280,8
DA:281,1
DA:282,1
DA:283,1
DA:285,7
DA:289,7
DA:290,1
DA:291,1
DA:292,1
DA:294,6
DA:295,6
DA:296,6
DA:297,6
DA:299,6
DA:300,6
DA:301,6
DA:302,1
DA:303,1
DA:304,1
DA:306,5
DA:307,3
DA:308,1
DA:309,1
DA:310,1
DA:312,2
DA:313,2
DA:314,2
DA:315,1
DA:316,1
DA:317,1
DA:320,3
DA:321,0
DA:322,0
DA:323,0
DA:325,3
DA:327,3
DA:335,3
DA:336,1
DA:337,1
DA:338,1
DA:340,2
DA:341,2
DA:345,3
DA:346,0
DA:347,0
DA:348,0
DA:350,3
DA:353,3
DA:354,0
DA:355,0
DA:356,0
DA:358,3
DA:359,3
DA:360,3
DA:361,1
DA:362,1
DA:363,1
DA:365,2
DA:366,0
DA:367,0
DA:368,0
DA:370,2
DA:371,0
DA:372,0
DA:373,0
DA:375,2
DA:383,2
DA:384,1
DA:385,1
DA:386,1
DA:388,1
DA:389,1
DA:390,0
DA:391,0
DA:392,0
DA:394,1
DA:398,16
DA:408,16
DA:409,1
DA:410,1
DA:411,1
DA:413,15
DA:414,15
DA:415,1
DA:416,1
DA:417,1
DA:419,14
DA:420,2
DA:421,2
DA:422,1
DA:423,1
DA:424,1
DA:426,1
DA:437,1
DA:438,1
DA:439,1
DA:440,1
DA:444,12
DA:445,12
DA:446,12
DA:447,12
DA:448,12
DA:449,4
DA:450,4
DA:452,4
DA:453,1
DA:454,3
DA:455,1
DA:457,3
DA:458,2
DA:460,4
DA:461,4
DA:462,4
DA:463,4
DA:464,4
DA:465,4
DA:466,4
DA:467,4
DA:468,8
DA:469,7
DA:470,7
DA:471,7
DA:472,1
DA:473,1
DA:474,1
DA:476,6
DA:477,6
DA:478,6
DA:479,1
DA:480,1
DA:481,1
DA:483,5
DA:484,5
DA:486,2
DA:487,3
DA:488,1
DA:491,5
DA:493,1
DA:494,1
DA:495,1
DA:499,9
DA:500,9
DA:504,9
DA:509,5
DA:513,5
DA:514,1
DA:515,1
DA:516,1
DA:520,4
DA:524,4
DA:525,1
DA:528,3
DA:529,3
DA:531,3
DA:533,1
DA:537,1
DA:541,3
DA:549,3
DA:554,3
DA:557,1
LF:284
LH:263
BRDA:5,0,0,3
BRDA:5,0,1,2
BRDA:9,1,0,1
BRDA:9,1,1,2
BRDA:15,2,0,1
BRDA:15,2,1,1
BRDA:18,3,0,1
BRDA:18,3,1,1
BRDA:47,4,0,1
BRDA:47,4,1,3
BRDA:53,5,0,1
BRDA:53,5,1,2
BRDA:59,6,0,1
BRDA:59,6,1,1
BRDA:72,7,0,1
BRDA:72,7,1,4
BRDA:80,8,0,4
BRDA:80,8,1,1
BRDA:80,9,0,4
BRDA:80,9,1,1
BRDA:80,10,0,4
BRDA:80,10,1,1
BRDA:80,10,2,0
BRDA:102,11,0,1
BRDA:102,11,1,14
BRDA:108,12,0,14
BRDA:108,12,1,7
BRDA:109,13,0,8
BRDA:109,13,1,6
BRDA:110,14,0,1
BRDA:110,14,1,7
BRDA:115,15,0,1
BRDA:115,15,1,6
BRDA:122,16,0,12
BRDA:122,16,1,0
BRDA:136,17,0,2
BRDA:136,17,1,15
BRDA:137,18,0,17
BRDA:137,18,1,7
BRDA:137,19,0,17
BRDA:137,19,1,0
BRDA:138,20,0,7
BRDA:138,20,1,0
BRDA:144,21,0,1
BRDA:144,21,1,11
BRDA:157,22,0,1
BRDA:157,22,1,6
BRDA:162,23,0,6
BRDA:162,23,1,0
BRDA:163,24,0,6
BRDA:163,24,1,4
BRDA:164,25,0,4
BRDA:164,25,1,2
BRDA:165,26,0,1
BRDA:165,26,1,3
BRDA:172,27,0,2
BRDA:172,27,1,2
BRDA:173,28,0,1
BRDA:173,28,1,1
BRDA:186,29,0,1
BRDA:186,29,1,2
BRDA:191,30,0,3
BRDA:191,30,1,1
BRDA:192,31,0,3
BRDA:192,31,1,1
BRDA:193,32,0,3
BRDA:193,32,1,0
BRDA:193,32,2,0
BRDA:193,32,3,0
BRDA:196,33,0,1
BRDA:196,33,1,2
BRDA:209,34,0,1
BRDA:209,34,1,10
BRDA:214,35,0,10
BRDA:214,35,1,0
BRDA:215,36,0,10
BRDA:215,36,1,5
BRDA:217,37,0,5
BRDA:217,37,1,5
BRDA:218,38,0,1
BRDA:218,38,1,4
BRDA:225,39,0,5
BRDA:225,39,1,4
BRDA:226,40,0,0
BRDA:226,40,1,5
BRDA:231,41,0,1
BRDA:231,41,1,4
BRDA:241,42,0,5
BRDA:241,42,1,0
BRDA:241,43,0,5
BRDA:241,43,1,0
BRDA:241,43,2,0
BRDA:241,43,3,0
BRDA:243,44,0,1
BRDA:243,44,1,4
BRDA:276,45,0,3
BRDA:276,45,1,1
BRDA:280,46,0,1
BRDA:280,46,1,7
BRDA:289,47,0,1
BRDA:289,47,1,6
BRDA:294,48,0,6
BRDA:294,48,1,0
BRDA:295,49,0,6
BRDA:295,49,1,0
BRDA:296,50,0,6
BRDA:296,50,1,4
BRDA:297,51,0,6
BRDA:297,51,1,4
BRDA:301,52,0,1
BRDA:301,52,1,5
BRDA:301,53,0,6
BRDA:301,53,1,4
BRDA:306,54,0,3
BRDA:306,54,1,2
BRDA:307,55,0,1
BRDA:307,55,1,2
BRDA:307,56,0,3
BRDA:307,56,1,2
BRDA:312,57,0,2
BRDA:312,57,1,0
BRDA:314,58,0,1
BRDA:314,58,1,1
BRDA:320,59,0,0
BRDA:320,59,1,3
BRDA:335,60,0,1
BRDA:335,60,1,2
BRDA:345,61,0,0
BRDA:345,61,1,3
BRDA:353,62,0,0
BRDA:353,62,1,3
BRDA:358,63,0,3
BRDA:358,63,1,0
BRDA:359,64,0,3
BRDA:359,64,1,0
BRDA:360,65,0,1
BRDA:360,65,1,2
BRDA:365,66,0,0
BRDA:365,66,1,2
BRDA:370,67,0,0
BRDA:370,67,1,2
BRDA:370,68,0,2
BRDA:370,68,1,2
BRDA:383,69,0,1
BRDA:383,69,1,1
BRDA:389,70,0,0
BRDA:389,70,1,1
BRDA:408,71,0,1
BRDA:408,71,1,15
BRDA:414,72,0,1
BRDA:414,72,1,14
BRDA:414,73,0,15
BRDA:414,73,1,0
BRDA:419,74,0,2
BRDA:419,74,1,12
BRDA:419,75,0,14
BRDA:419,75,1,0
BRDA:420,76,0,2
BRDA:420,76,1,1
BRDA:421,77,0,1
BRDA:421,77,1,1
BRDA:421,78,0,2
BRDA:421,78,1,1
BRDA:437,79,0,1
BRDA:437,79,1,0
BRDA:444,80,0,12
BRDA:444,80,1,0
BRDA:445,81,0,12
BRDA:445,81,1,0
BRDA:448,82,0,4
BRDA:448,82,1,8
BRDA:449,83,0,4
BRDA:449,83,1,1
BRDA:452,84,0,1
BRDA:452,84,1,3
BRDA:454,85,0,1
BRDA:454,85,1,2
BRDA:468,86,0,7
BRDA:468,86,1,1
BRDA:469,87,0,7
BRDA:469,87,1,7
BRDA:469,87,2,0
BRDA:470,88,0,0
BRDA:470,88,1,7
BRDA:470,89,0,7
BRDA:470,89,1,0
BRDA:471,90,0,1
BRDA:471,90,1,6
BRDA:476,91,0,6
BRDA:476,91,1,0
BRDA:478,92,0,1
BRDA:478,92,1,5
BRDA:484,93,0,2
BRDA:484,93,1,3
BRDA:486,94,0,1
BRDA:486,94,1,1
BRDA:499,95,0,9
BRDA:499,95,1,9
BRDA:499,95,2,4
BRDA:500,96,0,2
BRDA:500,96,1,7
BRDA:500,97,0,9
BRDA:500,97,1,5
BRDA:507,98,0,4
BRDA:513,99,0,1
BRDA:513,99,1,4
BRDA:524,100,0,1
BRDA:524,100,1,3
BRDA:528,101,0,3
BRDA:528,101,1,0
BRDA:529,102,0,3
BRDA:529,102,1,3
BRDA:529,102,2,2
BRDA:529,102,3,1
BRDA:531,103,0,1
BRDA:531,103,1,2
BRDA:537,104,0,1
BRDA:537,104,1,0
BRDA:545,105,0,3
BRDA:545,105,1,0
BRF:220
BRH:183
end_of_record
TN:
SF:services\partesCadastroService.js
FN:6,normalizeEstado
FN:14,sanitize
FN:32,listarPartesCadastro
FN:48,obterParteCadastro
FN:53,criarParteCadastro
FN:88,atualizarParteCadastro
FN:106,(anonymous_6)
FN:122,removerParteCadastro
FNF:8
FNH:8
FNDA:2,normalizeEstado
FNDA:2,sanitize
FNDA:2,listarPartesCadastro
FNDA:1,obterParteCadastro
FNDA:1,criarParteCadastro
FNDA:1,atualizarParteCadastro
FNDA:12,(anonymous_6)
FNDA:3,removerParteCadastro
DA:1,1
DA:2,1
DA:4,1
DA:7,2
DA:10,2
DA:11,2
DA:15,2
DA:33,2
DA:34,2
DA:35,2
DA:36,1
DA:37,1
DA:39,2
DA:40,2
DA:41,2
DA:42,2
DA:43,2
DA:44,2
DA:45,2
DA:49,1
DA:50,1
DA:54,1
DA:55,1
DA:56,1
DA:57,1
DA:68,1
DA:84,1
DA:85,1
DA:89,1
DA:90,1
DA:104,1
DA:105,1
DA:106,1
DA:107,12
DA:108,12
DA:109,12
DA:112,1
DA:113,0
DA:114,0
DA:116,1
DA:117,1
DA:118,1
DA:119,1
DA:124,3
DA:125,3
DA:126,1
DA:127,1
DA:128,1
DA:130,2
DA:131,2
DA:134,1
LF:51
LH:49
BRDA:7,0,0,2
BRDA:7,0,1,0
BRDA:10,1,0,0
BRDA:10,1,1,2
BRDA:14,2,0,0
BRDA:16,3,0,2
BRDA:16,3,1,2
BRDA:17,4,0,2
BRDA:17,4,1,0
BRDA:18,5,0,2
BRDA:18,5,1,0
BRDA:19,6,0,2
BRDA:19,6,1,1
BRDA:20,7,0,2
BRDA:20,7,1,1
BRDA:21,8,0,2
BRDA:21,8,1,1
BRDA:22,9,0,2
BRDA:22,9,1,1
BRDA:23,10,0,2
BRDA:23,10,1,1
BRDA:24,11,0,2
BRDA:24,11,1,2
BRDA:25,12,0,2
BRDA:25,12,1,1
BRDA:26,13,0,2
BRDA:26,13,1,1
BRDA:28,14,0,2
BRDA:28,14,1,1
BRDA:32,15,0,1
BRDA:32,16,0,1
BRDA:32,17,0,1
BRDA:35,18,0,1
BRDA:35,18,1,1
BRDA:45,19,0,2
BRDA:45,19,1,0
BRDA:50,20,0,1
BRDA:50,20,1,0
BRDA:53,21,0,0
BRDA:55,22,0,1
BRDA:55,22,1,1
BRDA:85,23,0,1
BRDA:85,23,1,0
BRDA:88,24,0,0
BRDA:107,25,0,12
BRDA:107,25,1,0
BRDA:112,26,0,0
BRDA:112,26,1,1
BRDA:119,27,0,1
BRDA:119,27,1,0
BRDA:125,28,0,1
BRDA:125,28,1,2
BRDA:125,29,0,3
BRDA:125,29,1,2
BRF:54
BRH:41
end_of_record
TN:
SF:services\processosService.js
FN:5,genNumero
FN:7,(anonymous_1)
FN:11,getProcessoById
FN:34,createProcesso
FN:169,updateDados
FN:205,atribuir
FN:280,priorizar
FN:327,tramitar
FN:395,listProcessos
FN:490,addParte
FN:565,deleteParte
FN:581,listTramites
FN:598,consultarPublico
FN:714,aceitarPendencia
FN:775,recusarPendencia
FN:844,arquivar
FNF:16
FNH:16
FNDA:3,genNumero
FNDA:18,(anonymous_1)
FNDA:2,getProcessoById
FNDA:5,createProcesso
FNDA:3,updateDados
FNDA:9,atribuir
FNDA:5,priorizar
FNDA:6,tramitar
FNDA:4,listProcessos
FNDA:6,addParte
FNDA:2,deleteParte
FNDA:2,listTramites
FNDA:10,consultarPublico
FNDA:6,aceitarPendencia
FNDA:7,recusarPendencia
FNDA:6,arquivar
DA:1,2
DA:2,2
DA:3,2
DA:6,3
DA:7,18
DA:8,3
DA:12,2
DA:17,2
DA:18,1
DA:31,1
DA:45,5
DA:46,4
DA:47,1
DA:48,1
DA:49,1
DA:51,3
DA:52,3
DA:53,3
DA:55,3
DA:56,3
DA:71,3
DA:72,4
DA:73,4
DA:75,2
DA:76,2
DA:77,1
DA:78,1
DA:79,1
DA:81,1
DA:93,2
DA:94,2
DA:99,2
DA:111,2
DA:112,2
DA:119,2
DA:123,2
DA:124,2
DA:125,2
DA:140,2
DA:142,2
DA:151,2
DA:166,2
DA:170,3
DA:174,3
DA:175,1
DA:176,1
DA:177,1
DA:179,2
DA:180,2
DA:181,2
DA:182,2
DA:184,2
DA:185,1
DA:186,1
DA:187,1
DA:189,1
DA:198,1
DA:202,1
DA:206,9
DA:207,1
DA:208,1
DA:209,1
DA:211,8
DA:212,1
DA:213,1
DA:214,1
DA:216,7
DA:219,7
DA:220,1
DA:221,1
DA:222,1
DA:224,6
DA:225,6
DA:226,6
DA:227,1
DA:228,1
DA:229,1
DA:231,5
DA:232,5
DA:233,1
DA:234,1
DA:235,1
DA:237,4
DA:238,4
DA:239,1
DA:240,1
DA:241,1
DA:245,3
DA:246,3
DA:247,1
DA:257,1
DA:258,1
DA:259,1
DA:260,1
DA:264,2
DA:268,2
DA:269,1
DA:270,1
DA:271,1
DA:273,1
DA:277,1
DA:281,5
DA:282,5
DA:283,1
DA:284,1
DA:285,1
DA:287,4
DA:288,1
DA:289,1
DA:290,1
DA:293,3
DA:296,3
DA:297,1
DA:298,1
DA:299,1
DA:301,2
DA:302,2
DA:303,1
DA:306,1
DA:307,1
DA:310,1
DA:314,1
DA:315,0
DA:316,0
DA:317,0
DA:320,1
DA:324,1
DA:328,6
DA:329,1
DA:330,1
DA:331,1
DA:333,5
DA:337,5
DA:338,1
DA:339,1
DA:340,1
DA:342,4
DA:343,4
DA:344,4
DA:345,1
DA:346,1
DA:347,1
DA:349,3
DA:350,3
DA:351,3
DA:365,3
DA:377,3
DA:378,3
DA:382,3
DA:396,4
DA:397,4
DA:399,4
DA:400,1
DA:401,1
DA:403,4
DA:404,1
DA:405,1
DA:407,4
DA:408,1
DA:409,1
DA:418,4
DA:419,1
DA:420,1
DA:422,4
DA:423,1
DA:424,1
DA:426,4
DA:427,1
DA:428,1
DA:430,4
DA:431,1
DA:432,1
DA:434,4
DA:435,1
DA:437,4
DA:438,1
DA:439,1
DA:441,4
DA:442,1
DA:443,1
DA:446,4
DA:447,4
DA:448,4
DA:450,4
DA:451,4
DA:452,4
DA:454,4
DA:486,4
DA:488,4
DA:492,6
DA:493,3
DA:494,3
DA:495,1
DA:496,1
DA:497,1
DA:499,2
DA:500,2
DA:501,1
DA:502,1
DA:503,1
DA:505,1
DA:506,1
DA:507,1
DA:512,1
DA:524,1
DA:528,3
DA:529,1
DA:530,1
DA:531,1
DA:533,2
DA:534,2
DA:535,1
DA:536,1
DA:537,1
DA:539,1
DA:540,1
DA:541,1
DA:546,1
DA:551,1
DA:563,1
DA:566,2
DA:573,2
DA:574,1
DA:575,1
DA:576,1
DA:578,1
DA:579,1
DA:582,2
DA:596,2
DA:599,10
DA:600,10
DA:603,10
DA:604,8
DA:610,8
DA:612,2
DA:618,2
DA:621,10
DA:622,2
DA:623,2
DA:624,2
DA:627,8
DA:628,8
DA:630,4
DA:631,2
DA:632,2
DA:633,2
DA:635,2
DA:646,2
DA:647,1
DA:648,1
DA:649,1
DA:653,5
DA:655,5
DA:675,5
DA:690,5
DA:702,5
DA:715,6
DA:716,1
DA:717,1
DA:718,1
DA:721,5
DA:725,5
DA:726,1
DA:727,1
DA:728,1
DA:730,4
DA:731,4
DA:732,4
DA:733,1
DA:734,1
DA:735,1
DA:738,3
DA:739,3
DA:740,1
DA:741,1
DA:742,1
DA:744,2
DA:745,2
DA:746,1
DA:747,1
DA:748,1
DA:752,1
DA:753,1
DA:755,1
DA:756,1
DA:767,1
DA:769,1
DA:773,1
DA:776,7
DA:777,1
DA:778,1
DA:779,1
DA:781,6
DA:782,1
DA:783,1
DA:784,1
DA:787,5
DA:791,5
DA:792,1
DA:793,1
DA:794,1
DA:796,4
DA:797,4
DA:798,4
DA:799,4
DA:800,1
DA:801,1
DA:802,1
DA:805,3
DA:806,3
DA:807,1
DA:808,1
DA:809,1
DA:811,2
DA:812,2
DA:813,1
DA:814,1
DA:815,1
DA:818,1
DA:819,1
DA:820,1
DA:825,1
DA:835,1
DA:837,1
DA:842,1
DA:845,6
DA:846,1
DA:847,1
DA:848,1
DA:850,5
DA:854,5
DA:855,1
DA:856,1
DA:857,1
DA:859,4
DA:860,4
DA:861,1
DA:862,1
DA:863,1
DA:865,3
DA:866,1
DA:867,1
DA:868,1
DA:870,2
DA:871,1
DA:872,1
DA:873,1
DA:876,1
DA:879,1
DA:883,1
DA:885,2
LF:351
LH:348
BRDA:7,0,0,15
BRDA:17,1,0,1
BRDA:17,1,1,1
BRDA:40,2,0,2
BRDA:41,3,0,3
BRDA:45,4,0,1
BRDA:45,4,1,4
BRDA:46,5,0,1
BRDA:46,5,1,3
BRDA:46,6,0,4
BRDA:46,6,1,3
BRDA:46,6,2,1
BRDA:53,7,0,3
BRDA:53,7,1,0
BRDA:53,7,2,0
BRDA:63,8,0,3
BRDA:63,8,1,2
BRDA:64,9,0,3
BRDA:64,9,1,1
BRDA:65,10,0,3
BRDA:65,10,1,3
BRDA:66,11,0,3
BRDA:66,11,1,3
BRDA:67,12,0,3
BRDA:67,12,1,0
BRDA:73,13,0,2
BRDA:73,13,1,2
BRDA:76,14,0,1
BRDA:76,14,1,1
BRDA:87,15,0,1
BRDA:87,15,1,0
BRDA:97,16,0,2
BRDA:97,16,1,0
BRDA:97,17,0,2
BRDA:97,17,1,0
BRDA:97,18,0,2
BRDA:97,18,1,0
BRDA:105,19,0,2
BRDA:105,19,1,0
BRDA:123,20,0,2
BRDA:123,20,1,0
BRDA:136,21,0,2
BRDA:136,21,1,0
BRDA:155,22,0,2
BRDA:155,22,1,1
BRDA:156,23,0,2
BRDA:156,23,1,1
BRDA:157,24,0,2
BRDA:157,24,1,2
BRDA:158,25,0,2
BRDA:158,25,1,2
BRDA:159,26,0,2
BRDA:159,26,1,0
BRDA:164,27,0,2
BRDA:164,27,1,0
BRDA:174,28,0,1
BRDA:174,28,1,2
BRDA:181,29,0,2
BRDA:181,29,1,0
BRDA:182,30,0,1
BRDA:182,30,1,1
BRDA:184,31,0,1
BRDA:184,31,1,1
BRDA:184,32,0,2
BRDA:184,32,1,1
BRDA:196,33,0,1
BRDA:196,33,1,0
BRDA:196,34,0,1
BRDA:196,34,1,0
BRDA:196,35,0,1
BRDA:196,35,1,0
BRDA:196,36,0,1
BRDA:196,36,1,1
BRDA:206,37,0,1
BRDA:206,37,1,8
BRDA:211,38,0,1
BRDA:211,38,1,7
BRDA:219,39,0,1
BRDA:219,39,1,6
BRDA:224,40,0,6
BRDA:224,40,1,0
BRDA:225,41,0,6
BRDA:225,41,1,0
BRDA:226,42,0,1
BRDA:226,42,1,5
BRDA:226,43,0,6
BRDA:226,43,1,6
BRDA:232,44,0,1
BRDA:232,44,1,4
BRDA:237,45,0,4
BRDA:237,45,1,0
BRDA:238,46,0,1
BRDA:238,46,1,3
BRDA:245,47,0,3
BRDA:245,47,1,1
BRDA:246,48,0,1
BRDA:246,48,1,2
BRDA:246,49,0,3
BRDA:246,49,1,2
BRDA:257,50,0,1
BRDA:257,50,1,0
BRDA:265,51,0,2
BRDA:265,51,1,0
BRDA:268,52,0,1
BRDA:268,52,1,1
BRDA:277,53,0,1
BRDA:277,53,1,0
BRDA:282,54,0,1
BRDA:282,54,1,4
BRDA:282,55,0,5
BRDA:282,55,1,5
BRDA:287,56,0,1
BRDA:287,56,1,3
BRDA:296,57,0,1
BRDA:296,57,1,2
BRDA:301,58,0,2
BRDA:301,58,1,0
BRDA:302,59,0,1
BRDA:302,59,1,1
BRDA:302,60,0,2
BRDA:302,60,1,2
BRDA:314,61,0,0
BRDA:314,61,1,1
BRDA:328,62,0,1
BRDA:328,62,1,5
BRDA:337,63,0,1
BRDA:337,63,1,4
BRDA:344,64,0,1
BRDA:344,64,1,3
BRDA:344,65,0,4
BRDA:344,65,1,0
BRDA:359,66,0,3
BRDA:359,66,1,1
BRDA:360,67,0,3
BRDA:360,67,1,1
BRDA:361,68,0,3
BRDA:361,68,1,1
BRDA:375,69,0,3
BRDA:375,69,1,1
BRDA:375,70,0,3
BRDA:375,70,1,1
BRDA:387,71,0,3
BRDA:387,71,1,1
BRDA:388,72,0,3
BRDA:388,72,1,1
BRDA:389,73,0,3
BRDA:389,73,1,1
BRDA:395,74,0,0
BRDA:399,75,0,1
BRDA:399,75,1,3
BRDA:403,76,0,1
BRDA:403,76,1,3
BRDA:407,77,0,1
BRDA:407,77,1,3
BRDA:418,78,0,1
BRDA:418,78,1,3
BRDA:422,79,0,1
BRDA:422,79,1,3
BRDA:426,80,0,1
BRDA:426,80,1,3
BRDA:430,81,0,1
BRDA:430,81,1,3
BRDA:434,82,0,1
BRDA:434,82,1,3
BRDA:437,83,0,1
BRDA:437,83,1,3
BRDA:441,84,0,1
BRDA:441,84,1,3
BRDA:441,85,0,4
BRDA:441,85,1,1
BRDA:446,86,0,4
BRDA:446,86,1,0
BRDA:447,87,0,4
BRDA:447,87,1,0
BRDA:450,88,0,3
BRDA:450,88,1,1
BRDA:452,89,0,4
BRDA:452,89,1,0
BRDA:481,90,0,3
BRDA:481,90,1,1
BRDA:492,91,0,3
BRDA:492,91,1,3
BRDA:494,92,0,1
BRDA:494,92,1,2
BRDA:500,93,0,1
BRDA:500,93,1,1
BRDA:510,94,0,1
BRDA:510,94,1,0
BRDA:528,95,0,1
BRDA:528,95,1,2
BRDA:534,96,0,1
BRDA:534,96,1,1
BRDA:544,97,0,1
BRDA:544,97,1,0
BRDA:544,98,0,1
BRDA:544,98,1,0
BRDA:549,99,0,1
BRDA:549,99,1,0
BRDA:573,100,0,1
BRDA:573,100,1,1
BRDA:599,101,0,10
BRDA:599,101,1,0
BRDA:603,102,0,8
BRDA:603,102,1,2
BRDA:621,103,0,2
BRDA:621,103,1,8
BRDA:627,104,0,8
BRDA:627,104,1,0
BRDA:628,105,0,4
BRDA:628,105,1,4
BRDA:628,106,0,8
BRDA:628,106,1,4
BRDA:630,107,0,2
BRDA:630,107,1,2
BRDA:630,108,0,4
BRDA:630,108,1,2
BRDA:646,109,0,1
BRDA:646,109,1,1
BRDA:715,110,0,1
BRDA:715,110,1,5
BRDA:725,111,0,1
BRDA:725,111,1,4
BRDA:732,112,0,1
BRDA:732,112,1,3
BRDA:732,113,0,4
BRDA:732,113,1,3
BRDA:739,114,0,1
BRDA:739,114,1,2
BRDA:744,115,0,2
BRDA:744,115,1,0
BRDA:745,116,0,1
BRDA:745,116,1,1
BRDA:776,117,0,1
BRDA:776,117,1,6
BRDA:781,118,0,1
BRDA:781,118,1,5
BRDA:791,119,0,1
BRDA:791,119,1,4
BRDA:799,120,0,1
BRDA:799,120,1,3
BRDA:799,121,0,4
BRDA:799,121,1,3
BRDA:799,121,2,3
BRDA:806,122,0,1
BRDA:806,122,1,2
BRDA:811,123,0,2
BRDA:811,123,1,0
BRDA:812,124,0,1
BRDA:812,124,1,1
BRDA:845,125,0,1
BRDA:845,125,1,5
BRDA:854,126,0,1
BRDA:854,126,1,4
BRDA:860,127,0,1
BRDA:860,127,1,3
BRDA:865,128,0,1
BRDA:865,128,1,2
BRDA:865,129,0,3
BRDA:865,129,1,0
BRDA:870,130,0,1
BRDA:870,130,1,1
BRDA:870,131,0,2
BRDA:870,131,1,0
BRF:263
BRH:224
end_of_record
TN:
SF:services\transacoesService.js
FN:3,rollback
FN:11,beginTransaction
FN:15,commitTransaction
FNF:3
FNH:3
FNDA:2,rollback
FNDA:9,beginTransaction
FNDA:8,commitTransaction
DA:1,3
DA:4,2
DA:5,2
DA:12,9
DA:16,8
DA:19,3
LF:6
LH:6
BRF:0
BRH:0
end_of_record
TN:
SF:services\usuariosService.js
FN:4,getUsuarios
FN:45,upsertUsuario
FN:117,getUsuariosPorSigla
FNF:3
FNH:3
FNDA:6,getUsuarios
FNDA:7,upsertUsuario
FNDA:4,getUsuariosPorSigla
DA:1,1
DA:2,1
DA:5,6
DA:6,2
DA:19,2
DA:22,4
DA:23,4
DA:24,4
DA:25,2
DA:26,2
DA:28,4
DA:42,4
DA:46,7
DA:47,1
DA:48,1
DA:49,1
DA:52,6
DA:53,6
DA:54,6
DA:56,6
DA:57,4
DA:58,1
DA:62,3
DA:63,1
DA:67,2
DA:68,1
DA:73,1
DA:78,4
DA:91,4
DA:94,2
DA:95,2
DA:96,2
DA:101,2
DA:114,2
DA:118,4
DA:119,4
DA:120,2
DA:134,2
DA:137,1
LF:39
LH:39
BRDA:5,0,0,2
BRDA:5,0,1,4
BRDA:19,1,0,1
BRDA:19,1,1,1
BRDA:24,2,0,2
BRDA:24,2,1,2
BRDA:46,3,0,1
BRDA:46,3,1,6
BRDA:46,4,0,7
BRDA:46,4,1,6
BRDA:53,5,0,6
BRDA:53,5,1,3
BRDA:56,6,0,4
BRDA:56,6,1,2
BRDA:57,7,0,1
BRDA:57,7,1,3
BRDA:57,8,0,4
BRDA:57,8,1,2
BRDA:62,9,0,1
BRDA:62,9,1,2
BRDA:62,10,0,3
BRDA:62,10,1,1
BRDA:67,11,0,1
BRDA:67,11,1,1
BRDA:67,12,0,2
BRDA:67,12,1,2
BRDA:94,13,0,1
BRDA:94,13,1,1
BRDA:95,14,0,1
BRDA:95,14,1,1
BRDA:118,15,0,4
BRDA:118,15,1,2
BRDA:119,16,0,2
BRDA:119,16,1,2
BRF:34
BRH:34
end_of_record
