TN:
SF:services\acessosService.js
FN:4,listAcessos
FN:23,addAcesso
FN:79,removeAcesso
FNF:3
FNH:3
FNDA:1,listAcessos
FNDA:13,addAcesso
FNDA:2,removeAcesso
DA:1,1
DA:2,1
DA:5,1
DA:20,1
DA:24,13
DA:25,13
DA:26,3
DA:27,3
DA:28,3
DA:30,10
DA:31,2
DA:32,2
DA:33,2
DA:35,8
DA:36,1
DA:37,1
DA:38,1
DA:41,7
DA:42,7
DA:43,2
DA:44,2
DA:45,2
DA:48,5
DA:50,5
DA:51,2
DA:57,2
DA:58,1
DA:59,1
DA:60,1
DA:62,1
DA:67,1
DA:70,3
DA:76,3
DA:80,2
DA:84,2
DA:85,1
DA:86,1
DA:87,1
DA:89,1
DA:92,1
LF:40
LH:40
BRDA:24,0,0,13
BRDA:24,0,1,2
BRDA:25,1,0,3
BRDA:25,1,1,10
BRDA:30,2,0,2
BRDA:30,2,1,8
BRDA:30,3,0,10
BRDA:30,3,1,8
BRDA:30,3,2,6
BRDA:35,4,0,1
BRDA:35,4,1,7
BRDA:35,5,0,8
BRDA:35,5,1,4
BRDA:42,6,0,2
BRDA:42,6,1,5
BRDA:50,7,0,2
BRDA:50,7,1,3
BRDA:57,8,0,1
BRDA:57,8,1,1
BRDA:84,9,0,1
BRDA:84,9,1,1
BRF:21
BRH:21
end_of_record
TN:
SF:services\auditoriaService.js
FN:4,auditLog
FNF:1
FNH:1
FNDA:3,auditLog
DA:1,1
DA:2,1
DA:5,3
DA:6,3
DA:7,3
DA:8,3
DA:9,3
DA:11,3
DA:12,3
DA:13,2
DA:14,2
DA:15,2
DA:17,2
DA:20,3
DA:36,1
DA:40,1
LF:16
LH:16
BRDA:7,0,0,3
BRDA:7,0,1,1
BRDA:7,0,2,0
BRDA:8,1,0,3
BRDA:8,1,1,2
BRDA:9,2,0,3
BRDA:9,2,1,2
BRDA:12,3,0,2
BRDA:12,3,1,1
BRDA:12,4,0,3
BRDA:12,4,1,3
BRDA:12,4,2,2
BRDA:14,5,0,2
BRDA:14,5,1,0
BRDA:14,6,0,2
BRDA:14,6,1,2
BRDA:14,6,2,1
BRDA:26,7,0,3
BRDA:26,7,1,1
BRDA:27,8,0,3
BRDA:27,8,1,0
BRDA:28,9,0,3
BRDA:28,9,1,0
BRDA:29,10,0,3
BRDA:29,10,1,0
BRF:25
BRH:20
end_of_record
TN:
SF:services\catalogService.js
FN:3,listSetores
FN:10,listAssuntos
FN:15,listTiposProcesso
FN:20,listTiposDocumento
FNF:4
FNH:3
FNDA:1,listSetores
FNDA:1,listAssuntos
FNDA:1,listTiposProcesso
FNDA:0,listTiposDocumento
DA:1,1
DA:4,1
DA:7,1
DA:11,1
DA:12,1
DA:16,1
DA:17,1
DA:21,0
DA:22,0
DA:25,1
LF:10
LH:8
BRF:0
BRH:0
end_of_record
TN:
SF:services\chavesService.js
FN:4,listChaves
FN:15,createChave
FN:50,revokeChave
FNF:3
FNH:3
FNDA:1,listChaves
FNDA:4,createChave
FNDA:2,revokeChave
DA:1,1
DA:2,1
DA:5,1
DA:12,1
DA:16,4
DA:17,1
DA:18,1
DA:19,1
DA:22,3
DA:23,3
DA:24,1
DA:25,1
DA:26,1
DA:29,2
DA:33,2
DA:34,1
DA:35,1
DA:36,1
DA:39,1
DA:40,1
DA:41,1
DA:47,1
DA:51,2
DA:55,2
DA:56,1
DA:57,1
DA:58,1
DA:60,1
DA:63,1
LF:29
LH:29
BRDA:16,0,0,1
BRDA:16,0,1,3
BRDA:23,1,0,1
BRDA:23,1,1,2
BRDA:33,2,0,1
BRDA:33,2,1,1
BRDA:55,3,0,1
BRDA:55,3,1,1
BRF:8
BRH:8
end_of_record
TN:
SF:services\documentosModelosService.js
FN:3,listModelos
FN:26,getModeloById
FNF:2
FNH:2
FNDA:2,listModelos
FNDA:2,getModeloById
DA:1,1
DA:4,2
DA:5,2
DA:6,2
DA:7,1
DA:8,1
DA:10,2
DA:23,2
DA:27,2
DA:39,2
DA:42,1
LF:11
LH:11
BRDA:3,0,0,1
BRDA:6,1,0,1
BRDA:6,1,1,1
BRDA:39,2,0,1
BRDA:39,2,1,1
BRF:5
BRH:5
end_of_record
TN:
SF:services\documentosService.js
FN:4,listByProcesso
FN:48,linkDocumento
FN:73,createDocumento
FN:104,_validarPosicaoFimArvore
FN:143,(anonymous_4)
FN:163,uploadConteudo
FN:215,editorConteudo
FN:262,editarDados
FN:309,getDocumentoById
FN:339,assinar
FN:404,deletarRascunho
FN:457,gerarPdfPublico
FN:517,(anonymous_12)
FN:547,(anonymous_13)
FN:567,seedByProcesso
FNF:15
FNH:14
FNDA:3,listByProcesso
FNDA:4,linkDocumento
FNDA:5,createDocumento
FNDA:15,_validarPosicaoFimArvore
FNDA:16,(anonymous_4)
FNDA:7,uploadConteudo
FNDA:11,editorConteudo
FNDA:0,editarDados
FNDA:4,getDocumentoById
FNDA:8,assinar
FNDA:3,deletarRascunho
FNDA:16,gerarPdfPublico
FNDA:3,(anonymous_12)
FNDA:3,(anonymous_13)
FNDA:5,seedByProcesso
DA:1,1
DA:2,1
DA:5,3
DA:6,3
DA:9,3
DA:10,1
DA:11,1
DA:12,1
DA:15,2
DA:18,2
DA:20,2
DA:45,2
DA:49,4
DA:50,1
DA:51,1
DA:52,1
DA:54,3
DA:55,3
DA:56,1
DA:57,1
DA:58,1
DA:60,2
DA:61,2
DA:62,1
DA:63,1
DA:64,1
DA:66,1
DA:70,1
DA:74,5
DA:75,1
DA:76,1
DA:77,1
DA:79,4
DA:80,4
DA:84,4
DA:101,4
DA:105,15
DA:113,15
DA:114,1
DA:115,1
DA:116,1
DA:118,14
DA:119,14
DA:120,14
DA:121,8
DA:122,1
DA:123,1
DA:124,1
DA:126,7
DA:127,1
DA:128,1
DA:129,1
DA:132,12
DA:133,12
DA:134,12
DA:143,16
DA:144,12
DA:145,12
DA:146,17
DA:147,17
DA:151,2
DA:154,12
DA:155,12
DA:156,1
DA:157,1
DA:158,1
DA:160,11
DA:164,7
DA:168,7
DA:169,1
DA:170,1
DA:171,1
DA:173,6
DA:174,6
DA:175,6
DA:176,4
DA:177,1
DA:178,1
DA:179,1
DA:181,3
DA:183,4
DA:184,2
DA:185,1
DA:186,1
DA:187,1
DA:189,1
DA:197,3
DA:201,3
DA:207,3
DA:208,1
DA:209,1
DA:210,1
DA:212,2
DA:216,11
DA:220,11
DA:221,1
DA:222,1
DA:223,1
DA:225,10
DA:226,10
DA:228,10
DA:229,5
DA:230,1
DA:231,1
DA:232,1
DA:234,4
DA:236,9
DA:237,5
DA:238,0
DA:239,0
DA:240,0
DA:242,5
DA:243,1
DA:244,1
DA:245,1
DA:247,4
DA:250,5
DA:254,5
DA:255,1
DA:256,1
DA:257,1
DA:259,4
DA:263,0
DA:267,0
DA:268,0
DA:269,0
DA:270,0
DA:272,0
DA:273,0
DA:274,0
DA:275,0
DA:277,0
DA:278,0
DA:280,0
DA:281,0
DA:282,0
DA:283,0
DA:287,0
DA:300,0
DA:301,0
DA:302,0
DA:303,0
DA:304,0
DA:306,0
DA:310,4
DA:336,4
DA:340,8
DA:341,1
DA:342,1
DA:343,1
DA:345,7
DA:349,7
DA:350,1
DA:351,1
DA:352,1
DA:354,6
DA:355,6
DA:356,6
DA:357,6
DA:359,6
DA:360,6
DA:361,6
DA:362,1
DA:363,1
DA:364,1
DA:366,5
DA:367,3
DA:368,1
DA:369,1
DA:370,1
DA:372,2
DA:373,2
DA:374,2
DA:375,1
DA:376,1
DA:377,1
DA:380,3
DA:381,0
DA:382,0
DA:383,0
DA:385,3
DA:387,3
DA:395,3
DA:396,1
DA:397,1
DA:398,1
DA:400,2
DA:401,2
DA:405,3
DA:406,0
DA:407,0
DA:408,0
DA:410,3
DA:413,3
DA:414,0
DA:415,0
DA:416,0
DA:418,3
DA:419,3
DA:420,3
DA:421,1
DA:422,1
DA:423,1
DA:425,2
DA:426,0
DA:427,0
DA:428,0
DA:430,2
DA:431,0
DA:432,0
DA:433,0
DA:435,2
DA:443,2
DA:444,1
DA:445,1
DA:446,1
DA:448,1
DA:449,1
DA:450,0
DA:451,0
DA:452,0
DA:454,1
DA:458,16
DA:468,16
DA:469,1
DA:470,1
DA:471,1
DA:473,15
DA:474,15
DA:475,1
DA:476,1
DA:477,1
DA:479,14
DA:480,2
DA:481,2
DA:482,1
DA:483,1
DA:484,1
DA:486,1
DA:497,1
DA:498,1
DA:499,1
DA:500,1
DA:504,12
DA:505,12
DA:506,12
DA:507,12
DA:508,12
DA:509,4
DA:510,4
DA:512,4
DA:513,1
DA:514,3
DA:515,1
DA:517,3
DA:518,2
DA:520,4
DA:521,4
DA:522,4
DA:523,4
DA:524,4
DA:525,4
DA:526,4
DA:527,4
DA:528,8
DA:529,7
DA:530,7
DA:531,7
DA:532,1
DA:533,1
DA:534,1
DA:536,6
DA:537,6
DA:538,6
DA:539,1
DA:540,1
DA:541,1
DA:543,5
DA:544,5
DA:546,2
DA:547,3
DA:548,1
DA:551,5
DA:553,1
DA:554,1
DA:555,1
DA:559,9
DA:560,9
DA:564,9
DA:569,5
DA:573,5
DA:574,1
DA:575,1
DA:576,1
DA:580,4
DA:584,4
DA:585,1
DA:588,3
DA:589,3
DA:591,3
DA:593,1
DA:597,1
DA:601,3
DA:609,3
DA:614,3
DA:617,1
LF:306
LH:263
BRDA:5,0,0,3
BRDA:5,0,1,2
BRDA:9,1,0,1
BRDA:9,1,1,2
BRDA:15,2,0,1
BRDA:15,2,1,1
BRDA:18,3,0,1
BRDA:18,3,1,1
BRDA:49,4,0,1
BRDA:49,4,1,3
BRDA:55,5,0,1
BRDA:55,5,1,2
BRDA:61,6,0,1
BRDA:61,6,1,1
BRDA:74,7,0,1
BRDA:74,7,1,4
BRDA:82,8,0,4
BRDA:82,8,1,1
BRDA:82,9,0,4
BRDA:82,9,1,1
BRDA:82,10,0,4
BRDA:82,10,1,1
BRDA:82,10,2,0
BRDA:113,11,0,1
BRDA:113,11,1,14
BRDA:119,12,0,14
BRDA:119,12,1,7
BRDA:120,13,0,8
BRDA:120,13,1,6
BRDA:121,14,0,1
BRDA:121,14,1,7
BRDA:126,15,0,1
BRDA:126,15,1,6
BRDA:133,16,0,12
BRDA:133,16,1,0
BRDA:147,17,0,2
BRDA:147,17,1,15
BRDA:148,18,0,17
BRDA:148,18,1,7
BRDA:148,19,0,17
BRDA:148,19,1,0
BRDA:149,20,0,7
BRDA:149,20,1,0
BRDA:155,21,0,1
BRDA:155,21,1,11
BRDA:168,22,0,1
BRDA:168,22,1,6
BRDA:173,23,0,6
BRDA:173,23,1,0
BRDA:174,24,0,6
BRDA:174,24,1,4
BRDA:175,25,0,4
BRDA:175,25,1,2
BRDA:176,26,0,1
BRDA:176,26,1,3
BRDA:183,27,0,2
BRDA:183,27,1,2
BRDA:184,28,0,1
BRDA:184,28,1,1
BRDA:197,29,0,1
BRDA:197,29,1,2
BRDA:202,30,0,3
BRDA:202,30,1,1
BRDA:203,31,0,3
BRDA:203,31,1,1
BRDA:204,32,0,3
BRDA:204,32,1,0
BRDA:204,32,2,0
BRDA:204,32,3,0
BRDA:207,33,0,1
BRDA:207,33,1,2
BRDA:220,34,0,1
BRDA:220,34,1,10
BRDA:225,35,0,10
BRDA:225,35,1,0
BRDA:226,36,0,10
BRDA:226,36,1,5
BRDA:228,37,0,5
BRDA:228,37,1,5
BRDA:229,38,0,1
BRDA:229,38,1,4
BRDA:236,39,0,5
BRDA:236,39,1,4
BRDA:237,40,0,0
BRDA:237,40,1,5
BRDA:242,41,0,1
BRDA:242,41,1,4
BRDA:252,42,0,5
BRDA:252,42,1,0
BRDA:252,43,0,5
BRDA:252,43,1,0
BRDA:252,43,2,0
BRDA:252,43,3,0
BRDA:254,44,0,1
BRDA:254,44,1,4
BRDA:267,45,0,0
BRDA:267,45,1,0
BRDA:272,46,0,0
BRDA:272,46,1,0
BRDA:277,47,0,0
BRDA:277,47,1,0
BRDA:278,48,0,0
BRDA:278,48,1,0
BRDA:280,49,0,0
BRDA:280,49,1,0
BRDA:282,50,0,0
BRDA:282,50,1,0
BRDA:287,51,0,0
BRDA:287,51,1,0
BRDA:300,52,0,0
BRDA:300,52,1,0
BRDA:300,53,0,0
BRDA:300,53,1,0
BRDA:301,54,0,0
BRDA:301,54,1,0
BRDA:336,55,0,3
BRDA:336,55,1,1
BRDA:340,56,0,1
BRDA:340,56,1,7
BRDA:349,57,0,1
BRDA:349,57,1,6
BRDA:354,58,0,6
BRDA:354,58,1,0
BRDA:355,59,0,6
BRDA:355,59,1,0
BRDA:356,60,0,6
BRDA:356,60,1,4
BRDA:357,61,0,6
BRDA:357,61,1,4
BRDA:361,62,0,1
BRDA:361,62,1,5
BRDA:361,63,0,6
BRDA:361,63,1,4
BRDA:366,64,0,3
BRDA:366,64,1,2
BRDA:367,65,0,1
BRDA:367,65,1,2
BRDA:367,66,0,3
BRDA:367,66,1,2
BRDA:372,67,0,2
BRDA:372,67,1,0
BRDA:374,68,0,1
BRDA:374,68,1,1
BRDA:380,69,0,0
BRDA:380,69,1,3
BRDA:395,70,0,1
BRDA:395,70,1,2
BRDA:405,71,0,0
BRDA:405,71,1,3
BRDA:413,72,0,0
BRDA:413,72,1,3
BRDA:418,73,0,3
BRDA:418,73,1,0
BRDA:419,74,0,3
BRDA:419,74,1,0
BRDA:420,75,0,1
BRDA:420,75,1,2
BRDA:425,76,0,0
BRDA:425,76,1,2
BRDA:430,77,0,0
BRDA:430,77,1,2
BRDA:430,78,0,2
BRDA:430,78,1,2
BRDA:443,79,0,1
BRDA:443,79,1,1
BRDA:449,80,0,0
BRDA:449,80,1,1
BRDA:468,81,0,1
BRDA:468,81,1,15
BRDA:474,82,0,1
BRDA:474,82,1,14
BRDA:474,83,0,15
BRDA:474,83,1,0
BRDA:479,84,0,2
BRDA:479,84,1,12
BRDA:479,85,0,14
BRDA:479,85,1,0
BRDA:480,86,0,2
BRDA:480,86,1,1
BRDA:481,87,0,1
BRDA:481,87,1,1
BRDA:481,88,0,2
BRDA:481,88,1,1
BRDA:497,89,0,1
BRDA:497,89,1,0
BRDA:504,90,0,12
BRDA:504,90,1,0
BRDA:505,91,0,12
BRDA:505,91,1,0
BRDA:508,92,0,4
BRDA:508,92,1,8
BRDA:509,93,0,4
BRDA:509,93,1,1
BRDA:512,94,0,1
BRDA:512,94,1,3
BRDA:514,95,0,1
BRDA:514,95,1,2
BRDA:528,96,0,7
BRDA:528,96,1,1
BRDA:529,97,0,7
BRDA:529,97,1,7
BRDA:529,97,2,0
BRDA:530,98,0,0
BRDA:530,98,1,7
BRDA:530,99,0,7
BRDA:530,99,1,0
BRDA:531,100,0,1
BRDA:531,100,1,6
BRDA:536,101,0,6
BRDA:536,101,1,0
BRDA:538,102,0,1
BRDA:538,102,1,5
BRDA:544,103,0,2
BRDA:544,103,1,3
BRDA:546,104,0,1
BRDA:546,104,1,1
BRDA:559,105,0,9
BRDA:559,105,1,9
BRDA:559,105,2,4
BRDA:560,106,0,2
BRDA:560,106,1,7
BRDA:560,107,0,9
BRDA:560,107,1,5
BRDA:567,108,0,4
BRDA:573,109,0,1
BRDA:573,109,1,4
BRDA:584,110,0,1
BRDA:584,110,1,3
BRDA:588,111,0,3
BRDA:588,111,1,0
BRDA:589,112,0,3
BRDA:589,112,1,3
BRDA:589,112,2,2
BRDA:589,112,3,1
BRDA:591,113,0,1
BRDA:591,113,1,2
BRDA:597,114,0,1
BRDA:597,114,1,0
BRDA:605,115,0,3
BRDA:605,115,1,0
BRF:240
BRH:183
end_of_record
TN:
SF:services\emailService.js
FN:12,getMailer
FN:19,resolveSender
FN:25,normalizeRecipients
FN:29,(anonymous_3)
FN:37,normalizeAttachments
FN:39,(anonymous_5)
FN:50,sendEmail
FN:113,sendToUsuarios
FN:122,(anonymous_8)
FN:129,sendToExternos
FNF:10
FNH:10
FNDA:14,getMailer
FNDA:14,resolveSender
FNDA:22,normalizeRecipients
FNDA:25,(anonymous_3)
FNDA:14,normalizeAttachments
FNDA:3,(anonymous_5)
FNDA:19,sendEmail
FNDA:3,sendToUsuarios
FNDA:3,(anonymous_8)
FNDA:1,sendToExternos
DA:1,19
DA:2,19
DA:3,19
DA:4,19
DA:6,19
DA:7,19
DA:8,1
DA:13,14
DA:14,13
DA:16,14
DA:20,14
DA:21,14
DA:22,14
DA:26,22
DA:27,22
DA:30,25
DA:31,24
DA:32,6
DA:33,1
DA:38,14
DA:39,2
DA:40,3
DA:41,3
DA:42,2
DA:43,1
DA:44,1
DA:46,1
DA:51,19
DA:52,18
DA:53,1
DA:54,1
DA:55,1
DA:57,17
DA:58,1
DA:59,1
DA:60,1
DA:62,16
DA:63,1
DA:64,1
DA:65,1
DA:67,15
DA:68,1
DA:69,1
DA:70,1
DA:73,14
DA:74,14
DA:75,14
DA:80,14
DA:81,1
DA:82,1
DA:83,1
DA:85,14
DA:86,14
DA:87,14
DA:88,14
DA:89,14
DA:90,13
DA:92,13
DA:93,13
DA:94,9
DA:96,4
DA:97,4
DA:99,4
DA:100,4
DA:102,1
DA:104,4
DA:105,4
DA:106,4
DA:107,4
DA:108,4
DA:109,4
DA:114,3
DA:115,3
DA:116,1
DA:117,1
DA:118,1
DA:120,2
DA:122,3
DA:126,2
DA:130,1
DA:131,1
DA:134,19
LF:82
LH:82
BRDA:6,0,0,19
BRDA:6,0,1,1
BRDA:7,1,0,1
BRDA:7,1,1,18
BRDA:13,2,0,13
BRDA:13,2,1,1
BRDA:20,3,0,14
BRDA:20,3,1,1
BRDA:20,3,2,13
BRDA:20,3,3,1
BRDA:20,3,4,1
BRDA:21,4,0,14
BRDA:21,4,1,1
BRDA:21,4,2,13
BRDA:21,4,3,1
BRDA:21,4,4,1
BRDA:26,5,0,7
BRDA:26,5,1,15
BRDA:30,6,0,1
BRDA:30,6,1,24
BRDA:31,7,0,18
BRDA:31,7,1,6
BRDA:32,8,0,5
BRDA:32,8,1,1
BRDA:32,9,0,5
BRDA:32,9,1,0
BRDA:38,10,0,12
BRDA:38,10,1,2
BRDA:38,11,0,14
BRDA:38,11,1,2
BRDA:40,12,0,0
BRDA:40,12,1,3
BRDA:41,13,0,1
BRDA:41,13,1,2
BRDA:41,14,0,1
BRDA:41,14,1,0
BRDA:42,15,0,1
BRDA:42,15,1,1
BRDA:44,16,0,1
BRDA:44,16,1,0
BRDA:50,17,0,0
BRDA:52,18,0,1
BRDA:52,18,1,17
BRDA:57,19,0,1
BRDA:57,19,1,16
BRDA:62,20,0,1
BRDA:62,20,1,15
BRDA:62,21,0,16
BRDA:62,21,1,4
BRDA:67,22,0,1
BRDA:67,22,1,14
BRDA:80,23,0,1
BRDA:80,23,1,13
BRDA:81,24,0,1
BRDA:81,24,1,0
BRDA:85,25,0,1
BRDA:85,25,1,13
BRDA:85,26,0,14
BRDA:85,26,1,1
BRDA:86,27,0,1
BRDA:86,27,1,13
BRDA:86,28,0,14
BRDA:86,28,1,1
BRDA:87,29,0,11
BRDA:87,29,1,3
BRDA:88,30,0,3
BRDA:88,30,1,11
BRDA:90,31,0,1
BRDA:90,31,1,12
BRDA:96,32,0,4
BRDA:96,32,1,4
BRDA:96,32,2,3
BRDA:96,32,3,3
BRDA:96,32,4,2
BRDA:96,32,5,2
BRDA:96,32,6,2
BRDA:97,33,0,4
BRDA:97,33,1,4
BRDA:97,33,2,4
BRDA:97,33,3,0
BRDA:97,33,4,0
BRDA:97,33,5,0
BRDA:97,33,6,0
BRDA:97,33,7,0
BRDA:100,34,0,1
BRDA:100,34,1,3
BRDA:104,35,0,1
BRDA:104,35,1,3
BRDA:104,36,0,4
BRDA:104,36,1,4
BRDA:105,37,0,3
BRDA:105,37,1,1
BRDA:107,38,0,3
BRDA:107,38,1,1
BRDA:113,39,0,0
BRDA:114,40,0,3
BRDA:114,40,1,1
BRDA:115,41,0,1
BRDA:115,41,1,2
BRDA:120,42,0,2
BRDA:120,42,1,0
BRDA:129,43,0,0
BRDA:130,44,0,1
BRDA:130,44,1,0
BRF:104
BRH:89
end_of_record
TN:
SF:services\externoService.js
FN:5,listProcessosPorParteCredencial
FN:41,_validarParteProcesso
FN:70,listarDocumentosExternosTemporarios
FN:88,anexarDocumentoExternoTemporario
FN:117,listarDocumentosExternosPorProcesso
FN:148,getDocumentoTemporario
FN:183,aceitarDocumentoTemporario
FN:219,rejeitarDocumentoTemporario
FN:240,criarProcessoExterno
FNF:9
FNH:9
FNDA:2,listProcessosPorParteCredencial
FNDA:3,_validarParteProcesso
FNDA:1,listarDocumentosExternosTemporarios
FNDA:2,anexarDocumentoExternoTemporario
FNDA:3,listarDocumentosExternosPorProcesso
FNDA:8,getDocumentoTemporario
FNDA:2,aceitarDocumentoTemporario
FNDA:3,rejeitarDocumentoTemporario
FNDA:3,criarProcessoExterno
DA:1,1
DA:2,1
DA:3,1
DA:6,2
DA:7,2
DA:8,2
DA:9,1
DA:10,1
DA:11,1
DA:14,1
DA:38,1
DA:42,3
DA:43,3
DA:44,3
DA:45,3
DA:46,0
DA:47,0
DA:48,0
DA:50,3
DA:62,3
DA:63,0
DA:64,0
DA:65,0
DA:67,3
DA:71,1
DA:72,1
DA:85,1
DA:89,2
DA:90,2
DA:91,2
DA:92,2
DA:93,1
DA:94,1
DA:95,1
DA:97,1
DA:98,1
DA:103,1
DA:114,1
DA:118,3
DA:119,3
DA:120,1
DA:121,1
DA:122,1
DA:124,2
DA:125,2
DA:126,2
DA:127,2
DA:128,2
DA:144,2
DA:149,8
DA:150,8
DA:151,8
DA:152,1
DA:153,1
DA:154,1
DA:156,7
DA:174,7
DA:175,1
DA:176,1
DA:177,1
DA:179,6
DA:184,2
DA:185,2
DA:186,2
DA:187,1
DA:188,1
DA:189,1
DA:191,1
DA:193,1
DA:206,1
DA:211,1
DA:215,1
DA:220,3
DA:221,3
DA:222,3
DA:223,1
DA:224,1
DA:225,1
DA:227,2
DA:228,2
DA:229,1
DA:230,1
DA:231,1
DA:233,1
DA:237,1
DA:241,3
DA:242,3
DA:243,3
DA:244,1
DA:245,1
DA:246,1
DA:248,2
DA:249,0
DA:250,0
DA:251,0
DA:254,2
DA:258,2
DA:259,1
DA:260,1
DA:261,1
DA:263,1
DA:265,1
DA:278,1
DA:290,1
DA:292,1
LF:105
LH:96
BRDA:6,0,0,2
BRDA:6,0,1,1
BRDA:7,1,0,2
BRDA:7,1,1,1
BRDA:8,2,0,1
BRDA:8,2,1,1
BRDA:8,3,0,2
BRDA:8,3,1,1
BRDA:42,4,0,3
BRDA:42,4,1,0
BRDA:43,5,0,3
BRDA:43,5,1,0
BRDA:44,6,0,3
BRDA:44,6,1,0
BRDA:45,7,0,0
BRDA:45,7,1,3
BRDA:45,8,0,3
BRDA:45,8,1,3
BRDA:45,8,2,3
BRDA:62,9,0,0
BRDA:62,9,1,3
BRDA:90,10,0,2
BRDA:90,10,1,1
BRDA:91,11,0,2
BRDA:91,11,1,1
BRDA:92,12,0,1
BRDA:92,12,1,1
BRDA:92,13,0,2
BRDA:92,13,1,1
BRDA:101,14,0,1
BRDA:101,14,1,0
BRDA:117,15,0,1
BRDA:118,16,0,3
BRDA:118,16,1,1
BRDA:119,17,0,1
BRDA:119,17,1,2
BRDA:125,18,0,2
BRDA:125,18,1,1
BRDA:126,19,0,1
BRDA:126,19,1,1
BRDA:127,20,0,1
BRDA:127,20,1,1
BRDA:149,21,0,8
BRDA:149,21,1,1
BRDA:150,22,0,8
BRDA:150,22,1,1
BRDA:151,23,0,1
BRDA:151,23,1,7
BRDA:151,24,0,8
BRDA:151,24,1,7
BRDA:174,25,0,1
BRDA:174,25,1,6
BRDA:185,26,0,2
BRDA:185,26,1,0
BRDA:186,27,0,1
BRDA:186,27,1,1
BRDA:198,28,0,1
BRDA:198,28,1,0
BRDA:198,28,2,0
BRDA:202,29,0,1
BRDA:202,29,1,0
BRDA:221,30,0,3
BRDA:221,30,1,0
BRDA:222,31,0,1
BRDA:222,31,1,2
BRDA:227,32,0,2
BRDA:227,32,1,1
BRDA:228,33,0,1
BRDA:228,33,1,1
BRDA:241,34,0,3
BRDA:241,34,1,1
BRDA:242,35,0,3
BRDA:242,35,1,1
BRDA:243,36,0,1
BRDA:243,36,1,2
BRDA:243,37,0,3
BRDA:243,37,1,2
BRDA:248,38,0,0
BRDA:248,38,1,2
BRDA:258,39,0,1
BRDA:258,39,1,1
BRDA:268,40,0,1
BRDA:268,40,1,0
BRDA:271,41,0,1
BRDA:271,41,1,0
BRF:85
BRH:71
end_of_record
TN:
SF:services\partesCadastroService.js
FN:6,normalizeEstado
FN:14,sanitize
FN:32,listarPartesCadastro
FN:48,obterParteCadastro
FN:53,criarParteCadastro
FN:88,atualizarParteCadastro
FN:106,(anonymous_6)
FN:122,removerParteCadastro
FNF:8
FNH:8
FNDA:2,normalizeEstado
FNDA:2,sanitize
FNDA:2,listarPartesCadastro
FNDA:1,obterParteCadastro
FNDA:1,criarParteCadastro
FNDA:1,atualizarParteCadastro
FNDA:12,(anonymous_6)
FNDA:3,removerParteCadastro
DA:1,1
DA:2,1
DA:4,1
DA:7,2
DA:10,2
DA:11,2
DA:15,2
DA:33,2
DA:34,2
DA:35,2
DA:36,1
DA:37,1
DA:39,2
DA:40,2
DA:41,2
DA:42,2
DA:43,2
DA:44,2
DA:45,2
DA:49,1
DA:50,1
DA:54,1
DA:55,1
DA:56,1
DA:57,1
DA:68,1
DA:84,1
DA:85,1
DA:89,1
DA:90,1
DA:104,1
DA:105,1
DA:106,1
DA:107,12
DA:108,12
DA:109,12
DA:112,1
DA:113,0
DA:114,0
DA:116,1
DA:117,1
DA:118,1
DA:119,1
DA:124,3
DA:125,3
DA:126,1
DA:127,1
DA:128,1
DA:130,2
DA:131,2
DA:134,1
LF:51
LH:49
BRDA:7,0,0,2
BRDA:7,0,1,0
BRDA:10,1,0,0
BRDA:10,1,1,2
BRDA:14,2,0,0
BRDA:16,3,0,2
BRDA:16,3,1,2
BRDA:17,4,0,2
BRDA:17,4,1,0
BRDA:18,5,0,2
BRDA:18,5,1,0
BRDA:19,6,0,2
BRDA:19,6,1,1
BRDA:20,7,0,2
BRDA:20,7,1,1
BRDA:21,8,0,2
BRDA:21,8,1,1
BRDA:22,9,0,2
BRDA:22,9,1,1
BRDA:23,10,0,2
BRDA:23,10,1,1
BRDA:24,11,0,2
BRDA:24,11,1,2
BRDA:25,12,0,2
BRDA:25,12,1,1
BRDA:26,13,0,2
BRDA:26,13,1,1
BRDA:28,14,0,2
BRDA:28,14,1,1
BRDA:32,15,0,1
BRDA:32,16,0,1
BRDA:32,17,0,1
BRDA:35,18,0,1
BRDA:35,18,1,1
BRDA:45,19,0,2
BRDA:45,19,1,0
BRDA:50,20,0,1
BRDA:50,20,1,0
BRDA:53,21,0,0
BRDA:55,22,0,1
BRDA:55,22,1,1
BRDA:85,23,0,1
BRDA:85,23,1,0
BRDA:88,24,0,0
BRDA:107,25,0,12
BRDA:107,25,1,0
BRDA:112,26,0,0
BRDA:112,26,1,1
BRDA:119,27,0,1
BRDA:119,27,1,0
BRDA:125,28,0,1
BRDA:125,28,1,2
BRDA:125,29,0,3
BRDA:125,29,1,2
BRF:54
BRH:41
end_of_record
TN:
SF:services\processosService.js
FN:5,genNumero
FN:7,(anonymous_1)
FN:11,listarPartesDoProcesso
FN:28,getProcessoById
FN:55,createProcesso
FN:169,updateDados
FN:228,atribuir
FN:304,priorizar
FN:351,tramitar
FN:419,listProcessos
FN:515,addParte
FN:592,deleteParte
FN:608,listTramites
FN:625,consultarPublico
FN:747,aceitarPendencia
FN:808,recusarPendencia
FN:877,arquivar
FNF:17
FNH:17
FNDA:3,genNumero
FNDA:18,(anonymous_1)
FNDA:3,listarPartesDoProcesso
FNDA:5,getProcessoById
FNDA:5,createProcesso
FNDA:3,updateDados
FNDA:9,atribuir
FNDA:5,priorizar
FNDA:6,tramitar
FNDA:4,listProcessos
FNDA:6,addParte
FNDA:2,deleteParte
FNDA:2,listTramites
FNDA:10,consultarPublico
FNDA:6,aceitarPendencia
FNDA:7,recusarPendencia
FNDA:6,arquivar
DA:1,2
DA:2,2
DA:3,2
DA:6,3
DA:7,18
DA:8,3
DA:12,3
DA:25,3
DA:29,5
DA:49,5
DA:50,5
DA:51,3
DA:52,3
DA:67,5
DA:68,4
DA:69,1
DA:70,1
DA:71,1
DA:73,3
DA:74,3
DA:75,3
DA:77,3
DA:78,3
DA:93,3
DA:94,4
DA:95,4
DA:97,2
DA:98,2
DA:99,1
DA:100,1
DA:101,1
DA:103,1
DA:110,2
DA:111,2
DA:116,2
DA:123,2
DA:124,2
DA:131,2
DA:132,2
DA:133,2
DA:134,2
DA:140,2
DA:142,2
DA:151,2
DA:166,2
DA:170,3
DA:171,3
DA:172,1
DA:173,1
DA:174,1
DA:177,2
DA:178,1
DA:179,1
DA:180,1
DA:183,1
DA:185,1
DA:203,1
DA:225,1
DA:229,9
DA:230,1
DA:231,1
DA:232,1
DA:234,8
DA:235,1
DA:236,1
DA:237,1
DA:239,7
DA:243,7
DA:244,1
DA:245,1
DA:246,1
DA:248,6
DA:249,6
DA:250,6
DA:251,1
DA:252,1
DA:253,1
DA:255,5
DA:256,5
DA:257,1
DA:258,1
DA:259,1
DA:261,4
DA:262,4
DA:263,1
DA:264,1
DA:265,1
DA:269,3
DA:270,3
DA:271,1
DA:281,1
DA:282,1
DA:283,1
DA:284,1
DA:288,2
DA:292,2
DA:293,1
DA:294,1
DA:295,1
DA:297,1
DA:301,1
DA:305,5
DA:306,5
DA:307,1
DA:308,1
DA:309,1
DA:311,4
DA:312,1
DA:313,1
DA:314,1
DA:317,3
DA:320,3
DA:321,1
DA:322,1
DA:323,1
DA:325,2
DA:326,2
DA:327,1
DA:330,1
DA:331,1
DA:334,1
DA:338,1
DA:339,0
DA:340,0
DA:341,0
DA:344,1
DA:348,1
DA:352,6
DA:353,1
DA:354,1
DA:355,1
DA:357,5
DA:361,5
DA:362,1
DA:363,1
DA:364,1
DA:366,4
DA:367,4
DA:368,4
DA:369,1
DA:370,1
DA:371,1
DA:373,3
DA:374,3
DA:375,3
DA:389,3
DA:401,3
DA:402,3
DA:406,3
DA:420,4
DA:421,4
DA:423,4
DA:424,1
DA:425,1
DA:427,4
DA:428,1
DA:429,1
DA:431,4
DA:432,1
DA:433,1
DA:442,4
DA:443,1
DA:444,1
DA:446,4
DA:447,1
DA:448,1
DA:450,4
DA:451,1
DA:452,1
DA:454,4
DA:455,1
DA:456,1
DA:458,4
DA:459,1
DA:461,4
DA:462,1
DA:463,1
DA:465,4
DA:466,1
DA:467,1
DA:470,4
DA:471,4
DA:472,4
DA:474,4
DA:475,4
DA:476,4
DA:478,4
DA:511,4
DA:513,4
DA:517,6
DA:518,3
DA:519,3
DA:520,1
DA:521,1
DA:522,1
DA:524,2
DA:527,2
DA:528,1
DA:529,1
DA:530,1
DA:532,1
DA:533,1
DA:534,1
DA:539,1
DA:551,1
DA:555,3
DA:556,1
DA:557,1
DA:558,1
DA:560,2
DA:561,2
DA:562,1
DA:563,1
DA:564,1
DA:566,1
DA:567,1
DA:568,1
DA:573,1
DA:578,1
DA:590,1
DA:593,2
DA:600,2
DA:601,1
DA:602,1
DA:603,1
DA:605,1
DA:606,1
DA:609,2
DA:623,2
DA:626,10
DA:627,10
DA:630,10
DA:631,8
DA:639,8
DA:641,2
DA:649,2
DA:652,10
DA:653,2
DA:654,2
DA:655,2
DA:658,8
DA:659,8
DA:661,4
DA:662,2
DA:663,2
DA:664,2
DA:666,2
DA:677,2
DA:678,1
DA:679,1
DA:680,1
DA:684,5
DA:686,5
DA:708,5
DA:723,5
DA:735,5
DA:748,6
DA:749,1
DA:750,1
DA:751,1
DA:754,5
DA:758,5
DA:759,1
DA:760,1
DA:761,1
DA:763,4
DA:764,4
DA:765,4
DA:766,1
DA:767,1
DA:768,1
DA:771,3
DA:772,3
DA:773,1
DA:774,1
DA:775,1
DA:777,2
DA:778,2
DA:779,1
DA:780,1
DA:781,1
DA:785,1
DA:786,1
DA:788,1
DA:789,1
DA:800,1
DA:802,1
DA:806,1
DA:809,7
DA:810,1
DA:811,1
DA:812,1
DA:814,6
DA:815,1
DA:816,1
DA:817,1
DA:820,5
DA:824,5
DA:825,1
DA:826,1
DA:827,1
DA:829,4
DA:830,4
DA:831,4
DA:832,4
DA:833,1
DA:834,1
DA:835,1
DA:838,3
DA:839,3
DA:840,1
DA:841,1
DA:842,1
DA:844,2
DA:845,2
DA:846,1
DA:847,1
DA:848,1
DA:851,1
DA:852,1
DA:853,1
DA:858,1
DA:868,1
DA:870,1
DA:875,1
DA:878,6
DA:879,1
DA:880,1
DA:881,1
DA:883,5
DA:887,5
DA:888,1
DA:889,1
DA:890,1
DA:892,4
DA:893,4
DA:894,1
DA:895,1
DA:896,1
DA:898,3
DA:899,1
DA:900,1
DA:901,1
DA:903,2
DA:904,1
DA:905,1
DA:906,1
DA:909,1
DA:912,1
DA:916,1
DA:918,2
LF:351
LH:348
BRDA:7,0,0,15
BRDA:50,1,0,2
BRDA:50,1,1,3
BRDA:62,2,0,2
BRDA:63,3,0,3
BRDA:67,4,0,1
BRDA:67,4,1,4
BRDA:68,5,0,1
BRDA:68,5,1,3
BRDA:68,6,0,4
BRDA:68,6,1,3
BRDA:68,6,2,1
BRDA:75,7,0,3
BRDA:75,7,1,0
BRDA:75,7,2,0
BRDA:85,8,0,3
BRDA:85,8,1,1
BRDA:86,9,0,3
BRDA:86,9,1,3
BRDA:87,10,0,3
BRDA:87,10,1,3
BRDA:88,11,0,3
BRDA:88,11,1,0
BRDA:89,12,0,3
BRDA:89,12,1,3
BRDA:95,13,0,2
BRDA:95,13,1,2
BRDA:98,14,0,1
BRDA:98,14,1,1
BRDA:106,15,0,1
BRDA:106,15,1,0
BRDA:114,16,0,2
BRDA:114,16,1,0
BRDA:114,17,0,2
BRDA:114,17,1,0
BRDA:114,18,0,2
BRDA:114,18,1,0
BRDA:119,19,0,2
BRDA:119,19,1,0
BRDA:132,20,0,2
BRDA:132,20,1,0
BRDA:137,21,0,2
BRDA:137,21,1,0
BRDA:155,22,0,2
BRDA:155,22,1,1
BRDA:156,23,0,2
BRDA:156,23,1,1
BRDA:157,24,0,2
BRDA:157,24,1,2
BRDA:158,25,0,2
BRDA:158,25,1,2
BRDA:159,26,0,2
BRDA:159,26,1,0
BRDA:164,27,0,2
BRDA:164,27,1,0
BRDA:171,28,0,1
BRDA:171,28,1,2
BRDA:177,29,0,1
BRDA:177,29,1,1
BRDA:177,30,0,2
BRDA:177,30,1,2
BRDA:177,30,2,1
BRDA:183,31,0,1
BRDA:183,31,1,0
BRDA:195,32,0,1
BRDA:195,32,1,0
BRDA:196,33,0,1
BRDA:196,33,1,0
BRDA:197,34,0,1
BRDA:197,34,1,0
BRDA:198,35,0,1
BRDA:198,35,1,1
BRDA:199,36,0,1
BRDA:199,36,1,1
BRDA:229,37,0,1
BRDA:229,37,1,8
BRDA:234,38,0,1
BRDA:234,38,1,7
BRDA:243,39,0,1
BRDA:243,39,1,6
BRDA:248,40,0,6
BRDA:248,40,1,0
BRDA:249,41,0,6
BRDA:249,41,1,0
BRDA:250,42,0,1
BRDA:250,42,1,5
BRDA:250,43,0,6
BRDA:250,43,1,6
BRDA:256,44,0,1
BRDA:256,44,1,4
BRDA:261,45,0,4
BRDA:261,45,1,0
BRDA:262,46,0,1
BRDA:262,46,1,3
BRDA:269,47,0,3
BRDA:269,47,1,1
BRDA:270,48,0,1
BRDA:270,48,1,2
BRDA:270,49,0,3
BRDA:270,49,1,2
BRDA:281,50,0,1
BRDA:281,50,1,0
BRDA:289,51,0,2
BRDA:289,51,1,0
BRDA:292,52,0,1
BRDA:292,52,1,1
BRDA:301,53,0,1
BRDA:301,53,1,0
BRDA:306,54,0,1
BRDA:306,54,1,4
BRDA:306,55,0,5
BRDA:306,55,1,5
BRDA:311,56,0,1
BRDA:311,56,1,3
BRDA:320,57,0,1
BRDA:320,57,1,2
BRDA:325,58,0,2
BRDA:325,58,1,0
BRDA:326,59,0,1
BRDA:326,59,1,1
BRDA:326,60,0,2
BRDA:326,60,1,2
BRDA:338,61,0,0
BRDA:338,61,1,1
BRDA:352,62,0,1
BRDA:352,62,1,5
BRDA:361,63,0,1
BRDA:361,63,1,4
BRDA:368,64,0,1
BRDA:368,64,1,3
BRDA:368,65,0,4
BRDA:368,65,1,0
BRDA:383,66,0,3
BRDA:383,66,1,1
BRDA:384,67,0,3
BRDA:384,67,1,1
BRDA:385,68,0,3
BRDA:385,68,1,1
BRDA:399,69,0,3
BRDA:399,69,1,1
BRDA:399,70,0,3
BRDA:399,70,1,1
BRDA:411,71,0,3
BRDA:411,71,1,1
BRDA:412,72,0,3
BRDA:412,72,1,1
BRDA:413,73,0,3
BRDA:413,73,1,1
BRDA:419,74,0,0
BRDA:423,75,0,1
BRDA:423,75,1,3
BRDA:427,76,0,1
BRDA:427,76,1,3
BRDA:431,77,0,1
BRDA:431,77,1,3
BRDA:442,78,0,1
BRDA:442,78,1,3
BRDA:446,79,0,1
BRDA:446,79,1,3
BRDA:450,80,0,1
BRDA:450,80,1,3
BRDA:454,81,0,1
BRDA:454,81,1,3
BRDA:458,82,0,1
BRDA:458,82,1,3
BRDA:461,83,0,1
BRDA:461,83,1,3
BRDA:465,84,0,1
BRDA:465,84,1,3
BRDA:465,85,0,4
BRDA:465,85,1,1
BRDA:470,86,0,4
BRDA:470,86,1,0
BRDA:471,87,0,4
BRDA:471,87,1,0
BRDA:474,88,0,3
BRDA:474,88,1,1
BRDA:476,89,0,4
BRDA:476,89,1,0
BRDA:506,90,0,3
BRDA:506,90,1,1
BRDA:517,91,0,3
BRDA:517,91,1,3
BRDA:519,92,0,1
BRDA:519,92,1,2
BRDA:527,93,0,1
BRDA:527,93,1,1
BRDA:537,94,0,1
BRDA:537,94,1,0
BRDA:555,95,0,1
BRDA:555,95,1,2
BRDA:561,96,0,1
BRDA:561,96,1,1
BRDA:571,97,0,1
BRDA:571,97,1,0
BRDA:571,98,0,1
BRDA:571,98,1,0
BRDA:576,99,0,1
BRDA:576,99,1,0
BRDA:600,100,0,1
BRDA:600,100,1,1
BRDA:626,101,0,10
BRDA:626,101,1,0
BRDA:630,102,0,8
BRDA:630,102,1,2
BRDA:652,103,0,2
BRDA:652,103,1,8
BRDA:658,104,0,8
BRDA:658,104,1,0
BRDA:659,105,0,4
BRDA:659,105,1,4
BRDA:659,106,0,8
BRDA:659,106,1,4
BRDA:661,107,0,2
BRDA:661,107,1,2
BRDA:661,108,0,4
BRDA:661,108,1,2
BRDA:677,109,0,1
BRDA:677,109,1,1
BRDA:748,110,0,1
BRDA:748,110,1,5
BRDA:758,111,0,1
BRDA:758,111,1,4
BRDA:765,112,0,1
BRDA:765,112,1,3
BRDA:765,113,0,4
BRDA:765,113,1,3
BRDA:772,114,0,1
BRDA:772,114,1,2
BRDA:777,115,0,2
BRDA:777,115,1,0
BRDA:778,116,0,1
BRDA:778,116,1,1
BRDA:809,117,0,1
BRDA:809,117,1,6
BRDA:814,118,0,1
BRDA:814,118,1,5
BRDA:824,119,0,1
BRDA:824,119,1,4
BRDA:832,120,0,1
BRDA:832,120,1,3
BRDA:832,121,0,4
BRDA:832,121,1,3
BRDA:832,121,2,3
BRDA:839,122,0,1
BRDA:839,122,1,2
BRDA:844,123,0,2
BRDA:844,123,1,0
BRDA:845,124,0,1
BRDA:845,124,1,1
BRDA:878,125,0,1
BRDA:878,125,1,5
BRDA:887,126,0,1
BRDA:887,126,1,4
BRDA:893,127,0,1
BRDA:893,127,1,3
BRDA:898,128,0,1
BRDA:898,128,1,2
BRDA:898,129,0,3
BRDA:898,129,1,0
BRDA:903,130,0,1
BRDA:903,130,1,1
BRDA:903,131,0,2
BRDA:903,131,1,0
BRF:264
BRH:225
end_of_record
TN:
SF:services\transacoesService.js
FN:3,rollback
FN:11,beginTransaction
FN:15,commitTransaction
FNF:3
FNH:3
FNDA:2,rollback
FNDA:9,beginTransaction
FNDA:8,commitTransaction
DA:1,3
DA:4,2
DA:5,2
DA:12,9
DA:16,8
DA:19,3
LF:6
LH:6
BRF:0
BRH:0
end_of_record
TN:
SF:services\usuariosService.js
FN:4,getUsuarios
FN:45,upsertUsuario
FN:117,getUsuariosPorSigla
FNF:3
FNH:3
FNDA:6,getUsuarios
FNDA:7,upsertUsuario
FNDA:4,getUsuariosPorSigla
DA:1,1
DA:2,1
DA:5,6
DA:6,2
DA:19,2
DA:22,4
DA:23,4
DA:24,4
DA:25,2
DA:26,2
DA:28,4
DA:42,4
DA:46,7
DA:47,1
DA:48,1
DA:49,1
DA:52,6
DA:53,6
DA:54,6
DA:56,6
DA:57,4
DA:58,1
DA:62,3
DA:63,1
DA:67,2
DA:68,1
DA:73,1
DA:78,4
DA:91,4
DA:94,2
DA:95,2
DA:96,2
DA:101,2
DA:114,2
DA:118,4
DA:119,4
DA:120,2
DA:134,2
DA:137,1
LF:39
LH:39
BRDA:5,0,0,2
BRDA:5,0,1,4
BRDA:19,1,0,1
BRDA:19,1,1,1
BRDA:24,2,0,2
BRDA:24,2,1,2
BRDA:46,3,0,1
BRDA:46,3,1,6
BRDA:46,4,0,7
BRDA:46,4,1,6
BRDA:53,5,0,6
BRDA:53,5,1,3
BRDA:56,6,0,4
BRDA:56,6,1,2
BRDA:57,7,0,1
BRDA:57,7,1,3
BRDA:57,8,0,4
BRDA:57,8,1,2
BRDA:62,9,0,1
BRDA:62,9,1,2
BRDA:62,10,0,3
BRDA:62,10,1,1
BRDA:67,11,0,1
BRDA:67,11,1,1
BRDA:67,12,0,2
BRDA:67,12,1,2
BRDA:94,13,0,1
BRDA:94,13,1,1
BRDA:95,14,0,1
BRDA:95,14,1,1
BRDA:118,15,0,4
BRDA:118,15,1,2
BRDA:119,16,0,2
BRDA:119,16,1,2
BRF:34
BRH:34
end_of_record
